1.9336 	WARNING 	We strongly recommend you activate the PTB sound engine in PsychoPy prefs as the preferred audio engine. Its timing is vastly superior. Your prefs are currently set to use ['sounddevice', 'PTB', 'pyo', 'pygame'] (in that order).
27.3329 	EXP 	Created window1 = Window(allowGUI=False, allowStencil=False, args=UNKNOWN, autoLog=True, bitsMode=UNKNOWN, blendMode='avg', bpc=(8, 8, 8), color=array([0., 0., 0.]), colorSpace='rgb', depthBits=8, fullscr=<method-wrapper '__getattribute__' of attributeSetter object at 0x7f3c48959320>, gamma=None, gammaErrorPolicy='raise', kwargs=UNKNOWN, lms=UNKNOWN, monitor=<psychopy.monitors.calibTools.Monitor object at 0x7f3c461b0908>, multiSample=False, name='window1', numSamples=2, pos=[0.0, 0.0], screen=0, size=array([1024,  768]), stencilBits=0, stereo=False, units='height', useFBO=True, useRetina=False, viewOri=0.0, viewPos=None, viewScale=None, waitBlanking=True, winType='pyglet')
27.3330 	EXP 	window1: mouseVisible = True
27.3330 	EXP 	window1: recordFrameIntervals = False
27.4991 	EXP 	window1: recordFrameIntervals = True
27.6825 	EXP 	window1: recordFrameIntervals = False
27.7742 	EXP 	Created Welcome_text = TextStim(__class__=<class 'psychopy.visual.text.TextStim'>, alignHoriz=method-wrapper(...), alignText='center', alignVert=method-wrapper(...), anchorHoriz='center', anchorVert='center', antialias=True, autoLog=True, bold=False, color='white', colorSpace='named', contrast=1.0, depth=0.0, flipHoriz=False, flipVert=False, font='Arial', fontFiles=[], height=0.05, italic=False, languageStyle='LTR', name='Welcome_text', opacity=1.0, ori=0, pos=array([0., 0.]), rgb=array([255., 255., 255.]), text=str(...), units='height', win=Window(...), wrapWidth=1)
27.7769 	EXP 	Created Instruction_text = TextStim(__class__=<class 'psychopy.visual.text.TextStim'>, alignHoriz=method-wrapper(...), alignText='center', alignVert=method-wrapper(...), anchorHoriz='center', anchorVert='center', antialias=True, autoLog=True, bold=False, color='white', colorSpace='named', contrast=1.0, depth=0.0, flipHoriz=False, flipVert=False, font='Arial', fontFiles=[], height=0.05, italic=False, languageStyle='LTR', name='Instruction_text', opacity=1.0, ori=0, pos=array([0., 0.]), rgb=array([255., 255., 255.]), text='default text', units='height', win=Window(...), wrapWidth=1)
27.7786 	EXP 	Created stim1_inst = ImageStim(__class__=<class 'psychopy.visual.image.ImageStim'>, autoLog=True, color=array([1., 1., 1.]), colorSpace='rgb', contrast=1.0, depth=0.0, flipHoriz=False, flipVert=False, image='sin', interpolate=True, mask=None, maskParams=None, name='stim1_inst', opacity=1.0, ori=0.0, pos=array([-0.11,  0.11]), size=array([0.2, 0.2]), texRes=512, units='height', win=Window(...))
27.7798 	EXP 	Created stim2_inst = ImageStim(__class__=<class 'psychopy.visual.image.ImageStim'>, autoLog=True, color=array([1., 1., 1.]), colorSpace='rgb', contrast=1.0, depth=-1.0, flipHoriz=False, flipVert=False, image='sin', interpolate=True, mask=None, maskParams=None, name='stim2_inst', opacity=1.0, ori=0.0, pos=array([0.11, 0.11]), size=array([0.2, 0.2]), texRes=512, units='height', win=Window(...))
27.7809 	EXP 	Created stim3_inst = ImageStim(__class__=<class 'psychopy.visual.image.ImageStim'>, autoLog=True, color=array([1., 1., 1.]), colorSpace='rgb', contrast=1.0, depth=-2.0, flipHoriz=False, flipVert=False, image='sin', interpolate=True, mask=None, maskParams=None, name='stim3_inst', opacity=1.0, ori=0.0, pos=array([ 0.11, -0.11]), size=array([0.2, 0.2]), texRes=128, units='height', win=Window(...))
27.7820 	EXP 	Created stim4_inst = ImageStim(__class__=<class 'psychopy.visual.image.ImageStim'>, autoLog=True, color=array([1., 1., 1.]), colorSpace='rgb', contrast=1.0, depth=-3.0, flipHoriz=False, flipVert=False, image='sin', interpolate=True, mask=None, maskParams=None, name='stim4_inst', opacity=1.0, ori=0.0, pos=array([-0.11, -0.11]), size=array([0.2, 0.2]), texRes=128, units='height', win=Window(...))
27.7864 	EXP 	Created trialExplanation = TextStim(__class__=<class 'psychopy.visual.text.TextStim'>, alignHoriz=method-wrapper(...), alignText='center', alignVert=method-wrapper(...), anchorHoriz='center', anchorVert='center', antialias=True, autoLog=True, bold=False, color='white', colorSpace='named', contrast=1.0, depth=-4.0, flipHoriz=False, flipVert=False, font='Arial', fontFiles=[], height=0.05, italic=False, languageStyle='LTR', name='trialExplanation', opacity=1.0, ori=0, pos=array([0. , 0.3]), rgb=array([255., 255., 255.]), text=str(...), units='height', win=Window(...), wrapWidth=1)
27.7878 	EXP 	Created mask1_inst = ImageStim(__class__=<class 'psychopy.visual.image.ImageStim'>, autoLog=True, color=array([1., 1., 1.]), colorSpace='rgb', contrast=1.0, depth=0.0, flipHoriz=False, flipVert=False, image='sin', interpolate=True, mask=None, maskParams=None, name='mask1_inst', opacity=1.0, ori=0.0, pos=array([-0.11,  0.11]), size=array([0.2, 0.2]), texRes=512, units='height', win=Window(...))
27.7889 	EXP 	Created mask2_inst = ImageStim(__class__=<class 'psychopy.visual.image.ImageStim'>, autoLog=True, color=array([1., 1., 1.]), colorSpace='rgb', contrast=1.0, depth=-1.0, flipHoriz=False, flipVert=False, image='sin', interpolate=True, mask=None, maskParams=None, name='mask2_inst', opacity=1.0, ori=0.0, pos=array([0.11, 0.11]), size=array([0.2, 0.2]), texRes=512, units='height', win=Window(...))
27.7900 	EXP 	Created mask3_inst = ImageStim(__class__=<class 'psychopy.visual.image.ImageStim'>, autoLog=True, color=array([1., 1., 1.]), colorSpace='rgb', contrast=1.0, depth=-2.0, flipHoriz=False, flipVert=False, image='sin', interpolate=True, mask=None, maskParams=None, name='mask3_inst', opacity=1.0, ori=0.0, pos=array([ 0.11, -0.11]), size=array([0.2, 0.2]), texRes=128, units='height', win=Window(...))
27.7911 	EXP 	Created mask4_inst = ImageStim(__class__=<class 'psychopy.visual.image.ImageStim'>, autoLog=True, color=array([1., 1., 1.]), colorSpace='rgb', contrast=1.0, depth=-3.0, flipHoriz=False, flipVert=False, image='sin', interpolate=True, mask=None, maskParams=None, name='mask4_inst', opacity=1.0, ori=0.0, pos=array([-0.11, -0.11]), size=array([0.2, 0.2]), texRes=128, units='height', win=Window(...))
27.7925 	EXP 	Created fixDelay_2 = ShapeStim(__class__=<class 'psychopy.visual.shape.ShapeStim'>, autoDraw=False, autoLog=True, closeShape=True, contrast=1.0, depth=0.0, fillColor=array([1., 0., 0.]), fillColorSpace='rgb', interpolate=True, lineColor=array([1., 0., 0.]), lineColorSpace='rgb', lineWidth=1, name='fixDelay_2', opacity=1.0, ori=array(0.), pos=array([0., 0.]), size=array([0.01, 0.01]), units='height', vertices=ndarray(...), win=Window(...), windingRule=None)
27.7999 	EXP 	Created delayExplanation = TextStim(__class__=<class 'psychopy.visual.text.TextStim'>, alignHoriz=method-wrapper(...), alignText='center', alignVert=method-wrapper(...), anchorHoriz='center', anchorVert='center', antialias=True, autoLog=True, bold=False, color='white', colorSpace='named', contrast=1.0, depth=-1.0, flipHoriz=False, flipVert=False, font='Arial', fontFiles=[], height=0.05, italic=False, languageStyle='LTR', name='delayExplanation', opacity=1.0, ori=0, pos=array([0. , 0.3]), rgb=array([255., 255., 255.]), text=str(...), units='height', win=Window(...), wrapWidth=1)
27.8025 	EXP 	Created probe_inst = ImageStim(__class__=<class 'psychopy.visual.image.ImageStim'>, autoLog=True, color=array([1., 1., 1.]), colorSpace='rgb', contrast=1.0, depth=0.0, flipHoriz=False, flipVert=False, image='sin', interpolate=True, mask=None, maskParams=None, name='probe_inst', opacity=1.0, ori=0.0, pos=array([0., 0.]), size=array([0.2, 0.2]), texRes=512, units='height', win=Window(...))
27.8038 	EXP 	Created fixProbe_inst = ShapeStim(__class__=<class 'psychopy.visual.shape.ShapeStim'>, autoDraw=False, autoLog=True, closeShape=True, contrast=1.0, depth=-1.0, fillColor=array([0., 1., 0.]), fillColorSpace='rgb', interpolate=True, lineColor=array([0., 1., 0.]), lineColorSpace='rgb', lineWidth=1, name='fixProbe_inst', opacity=1.0, ori=array(0.), pos=array([0., 0.]), size=array([0.01, 0.01]), units='height', vertices=ndarray(...), win=Window(...), windingRule=None)
27.8122 	EXP 	Created probeInst = TextStim(__class__=<class 'psychopy.visual.text.TextStim'>, alignHoriz=method-wrapper(...), alignText='center', alignVert=method-wrapper(...), anchorHoriz='center', anchorVert='center', antialias=True, autoLog=True, bold=False, color='white', colorSpace='named', contrast=1.0, depth=-3.0, flipHoriz=False, flipVert=False, font='Arial', fontFiles=[], height=0.05, italic=False, languageStyle='LTR', name='probeInst', opacity=1.0, ori=0, pos=array([0.  , 0.25]), rgb=array([255., 255., 255.]), text=str(...), units='height', win=Window(...), wrapWidth=1)
27.8189 	EXP 	Created rewardInst = TextStim(__class__=<class 'psychopy.visual.text.TextStim'>, alignHoriz=method-wrapper(...), alignText='center', alignVert=method-wrapper(...), anchorHoriz='center', anchorVert='center', antialias=True, autoLog=True, bold=False, color='white', colorSpace='named', contrast=1.0, depth=0.0, flipHoriz=False, flipVert=False, font='Arial', fontFiles=[], height=0.05, italic=False, languageStyle='LTR', name='rewardInst', opacity=1.0, ori=0, pos=array([0., 0.]), rgb=array([255., 255., 255.]), text=str(...), units='height', win=Window(...), wrapWidth=1)
27.8272 	EXP 	Created Button_reminder = TextStim(__class__=<class 'psychopy.visual.text.TextStim'>, alignHoriz=method-wrapper(...), alignText='center', alignVert=method-wrapper(...), anchorHoriz='center', anchorVert='center', antialias=True, autoLog=True, bold=False, color='white', colorSpace='named', contrast=1.0, depth=0.0, flipHoriz=False, flipVert=False, font='Arial', fontFiles=[], height=0.05, italic=False, languageStyle='LTR', name='Button_reminder', opacity=1.0, ori=0, pos=array([0., 0.]), rgb=array([255., 255., 255.]), text=str(...), units='height', win=Window(...), wrapWidth=1)
27.8286 	EXP 	Created fixStartTrial_2 = ShapeStim(__class__=<class 'psychopy.visual.shape.ShapeStim'>, autoDraw=False, autoLog=True, closeShape=True, contrast=1.0, depth=0.0, fillColor=array([1., 1., 1.]), fillColorSpace='rgb', interpolate=True, lineColor=array([1., 1., 1.]), lineColorSpace='rgb', lineWidth=1, name='fixStartTrial_2', opacity=1.0, ori=array(0.), pos=array([0., 0.]), size=array([0.01, 0.01]), units='height', vertices=ndarray(...), win=Window(...), windingRule=None)
27.8299 	EXP 	Created stim1_Practice = ImageStim(__class__=<class 'psychopy.visual.image.ImageStim'>, autoLog=True, color=array([1., 1., 1.]), colorSpace='rgb', contrast=1.0, depth=0.0, flipHoriz=False, flipVert=False, image='sin', interpolate=True, mask=None, maskParams=None, name='stim1_Practice', opacity=1.0, ori=0.0, pos=array([-0.11,  0.11]), size=array([0.2, 0.2]), texRes=512, units='height', win=Window(...))
27.8310 	EXP 	Created stim2_Practice = ImageStim(__class__=<class 'psychopy.visual.image.ImageStim'>, autoLog=True, color=array([1., 1., 1.]), colorSpace='rgb', contrast=1.0, depth=-1.0, flipHoriz=False, flipVert=False, image='sin', interpolate=True, mask=None, maskParams=None, name='stim2_Practice', opacity=1.0, ori=0.0, pos=array([0.11, 0.11]), size=array([0.2, 0.2]), texRes=512, units='height', win=Window(...))
27.8322 	EXP 	Created stim3_Practice = ImageStim(__class__=<class 'psychopy.visual.image.ImageStim'>, autoLog=True, color=array([1., 1., 1.]), colorSpace='rgb', contrast=1.0, depth=-2.0, flipHoriz=False, flipVert=False, image='sin', interpolate=True, mask=None, maskParams=None, name='stim3_Practice', opacity=1.0, ori=0.0, pos=array([ 0.11, -0.11]), size=array([0.2, 0.2]), texRes=128, units='height', win=Window(...))
27.8333 	EXP 	Created stim4_Practice = ImageStim(__class__=<class 'psychopy.visual.image.ImageStim'>, autoLog=True, color=array([1., 1., 1.]), colorSpace='rgb', contrast=1.0, depth=-3.0, flipHoriz=False, flipVert=False, image='sin', interpolate=True, mask=None, maskParams=None, name='stim4_Practice', opacity=1.0, ori=0.0, pos=array([-0.11, -0.11]), size=array([0.2, 0.2]), texRes=128, units='height', win=Window(...))
27.8344 	EXP 	Created fixDelay_Practice = ShapeStim(__class__=<class 'psychopy.visual.shape.ShapeStim'>, autoDraw=False, autoLog=True, closeShape=True, contrast=1.0, depth=-4.0, fillColor=array([1., 0., 0.]), fillColorSpace='rgb', interpolate=True, lineColor=array([1., 0., 0.]), lineColorSpace='rgb', lineWidth=1, name='fixDelay_Practice', opacity=1.0, ori=array(0.), pos=array([0., 0.]), size=array([0.01, 0.01]), units='height', vertices=ndarray(...), win=Window(...), windingRule=None)
27.8355 	EXP 	Created probe_Practice = ImageStim(__class__=<class 'psychopy.visual.image.ImageStim'>, autoLog=True, color=array([1., 1., 1.]), colorSpace='rgb', contrast=1.0, depth=-5.0, flipHoriz=False, flipVert=False, image='sin', interpolate=True, mask=None, maskParams=None, name='probe_Practice', opacity=1.0, ori=0.0, pos=array([0., 0.]), size=array([0.2, 0.2]), texRes=512, units='height', win=Window(...))
27.8367 	EXP 	Created fixProbe_Practice = ShapeStim(__class__=<class 'psychopy.visual.shape.ShapeStim'>, autoDraw=False, autoLog=True, closeShape=True, contrast=1.0, depth=-6.0, fillColor=array([0., 1., 0.]), fillColorSpace='rgb', interpolate=True, lineColor=array([0., 1., 0.]), lineColorSpace='rgb', lineWidth=1, name='fixProbe_Practice', opacity=1.0, ori=array(0.), pos=array([0., 0.]), size=array([0.01, 0.01]), units='height', vertices=ndarray(...), win=Window(...), windingRule=None)
27.8380 	EXP 	Created mask1_prac = ImageStim(__class__=<class 'psychopy.visual.image.ImageStim'>, autoLog=True, color=array([1., 1., 1.]), colorSpace='rgb', contrast=1.0, depth=-8.0, flipHoriz=False, flipVert=False, image='sin', interpolate=True, mask=None, maskParams=None, name='mask1_prac', opacity=1.0, ori=0.0, pos=array([-0.11,  0.11]), size=array([0.2, 0.2]), texRes=512, units='height', win=Window(...))
27.8391 	EXP 	Created mask2_prac = ImageStim(__class__=<class 'psychopy.visual.image.ImageStim'>, autoLog=True, color=array([1., 1., 1.]), colorSpace='rgb', contrast=1.0, depth=-9.0, flipHoriz=False, flipVert=False, image='sin', interpolate=True, mask=None, maskParams=None, name='mask2_prac', opacity=1.0, ori=0.0, pos=array([0.11, 0.11]), size=array([0.2, 0.2]), texRes=512, units='height', win=Window(...))
27.8402 	EXP 	Created mask3_prac = ImageStim(__class__=<class 'psychopy.visual.image.ImageStim'>, autoLog=True, color=array([1., 1., 1.]), colorSpace='rgb', contrast=1.0, depth=-10.0, flipHoriz=False, flipVert=False, image='sin', interpolate=True, mask=None, maskParams=None, name='mask3_prac', opacity=1.0, ori=0.0, pos=array([ 0.11, -0.11]), size=array([0.2, 0.2]), texRes=128, units='height', win=Window(...))
27.8413 	EXP 	Created mask4_prac = ImageStim(__class__=<class 'psychopy.visual.image.ImageStim'>, autoLog=True, color=array([1., 1., 1.]), colorSpace='rgb', contrast=1.0, depth=-11.0, flipHoriz=False, flipVert=False, image='sin', interpolate=True, mask=None, maskParams=None, name='mask4_prac', opacity=1.0, ori=0.0, pos=array([-0.11, -0.11]), size=array([0.2, 0.2]), texRes=128, units='height', win=Window(...))
27.8432 	EXP 	Created feedbackText = TextStim(__class__=<class 'psychopy.visual.text.TextStim'>, alignHoriz=method-wrapper(...), alignText='center', alignVert=method-wrapper(...), anchorHoriz='center', anchorVert='center', antialias=True, autoLog=True, bold=False, color='white', colorSpace='named', contrast=1.0, depth=-1.0, flipHoriz=False, flipVert=False, font='Arial', fontFiles=[], height=0.05, italic=False, languageStyle='LTR', name='feedbackText', opacity=1.0, ori=0, pos=array([0., 0.]), rgb=array([255., 255., 255.]), text='default text', units='height', win=Window(...), wrapWidth=1)
27.8450 	EXP 	Created text_7 = TextStim(__class__=<class 'psychopy.visual.text.TextStim'>, alignHoriz=method-wrapper(...), alignText='center', alignVert=method-wrapper(...), anchorHoriz='center', anchorVert='center', antialias=True, autoLog=True, bold=False, color='white', colorSpace='named', contrast=1.0, depth=-1.0, flipHoriz=False, flipVert=False, font='Arial', fontFiles=[], height=0.05, italic=False, languageStyle='LTR', name='text_7', opacity=1.0, ori=0, pos=array([0., 0.]), rgb=array([255., 255., 255.]), text='default text', units='height', win=Window(...), wrapWidth=1)
27.8467 	EXP 	Created text_run = TextStim(__class__=<class 'psychopy.visual.text.TextStim'>, alignHoriz=method-wrapper(...), alignText='center', alignVert=method-wrapper(...), anchorHoriz='center', anchorVert='center', antialias=True, autoLog=True, bold=False, color='white', colorSpace='named', contrast=1.0, depth=0.0, flipHoriz=False, flipVert=False, font='Arial', fontFiles=[], height=0.05, italic=False, languageStyle='LTR', name='text_run', opacity=1.0, ori=0, pos=array([0., 0.]), rgb=array([255., 255., 255.]), text='default text', units='height', win=Window(...), wrapWidth=1)
27.8481 	EXP 	Created fixStart = ShapeStim(__class__=<class 'psychopy.visual.shape.ShapeStim'>, autoDraw=False, autoLog=True, closeShape=True, contrast=1.0, depth=0.0, fillColor=array([1., 1., 1.]), fillColorSpace='rgb', interpolate=True, lineColor=array([1., 1., 1.]), lineColorSpace='rgb', lineWidth=1, name='fixStart', opacity=1.0, ori=array(0.), pos=array([0., 0.]), size=array([0.01, 0.01]), units='height', vertices=ndarray(...), win=Window(...), windingRule=None)
27.8493 	EXP 	Created stim1 = ImageStim(__class__=<class 'psychopy.visual.image.ImageStim'>, autoLog=True, color=array([1., 1., 1.]), colorSpace='rgb', contrast=1.0, depth=0.0, flipHoriz=False, flipVert=False, image='sin', interpolate=True, mask=None, maskParams=None, name='stim1', opacity=1.0, ori=0.0, pos=array([-0.11,  0.11]), size=array([0.2, 0.2]), texRes=512, units='height', win=Window(...))
27.8504 	EXP 	Created stim2 = ImageStim(__class__=<class 'psychopy.visual.image.ImageStim'>, autoLog=True, color=array([1., 1., 1.]), colorSpace='rgb', contrast=1.0, depth=-1.0, flipHoriz=False, flipVert=False, image='sin', interpolate=True, mask=None, maskParams=None, name='stim2', opacity=1.0, ori=0.0, pos=array([0.11, 0.11]), size=array([0.2, 0.2]), texRes=512, units='height', win=Window(...))
27.8515 	EXP 	Created stim3 = ImageStim(__class__=<class 'psychopy.visual.image.ImageStim'>, autoLog=True, color=array([1., 1., 1.]), colorSpace='rgb', contrast=1.0, depth=-2.0, flipHoriz=False, flipVert=False, image='sin', interpolate=True, mask=None, maskParams=None, name='stim3', opacity=1.0, ori=0.0, pos=array([ 0.11, -0.11]), size=array([0.2, 0.2]), texRes=128, units='height', win=Window(...))
27.8526 	EXP 	Created stim4 = ImageStim(__class__=<class 'psychopy.visual.image.ImageStim'>, autoLog=True, color=array([1., 1., 1.]), colorSpace='rgb', contrast=1.0, depth=-3.0, flipHoriz=False, flipVert=False, image='sin', interpolate=True, mask=None, maskParams=None, name='stim4', opacity=1.0, ori=0.0, pos=array([-0.11, -0.11]), size=array([0.2, 0.2]), texRes=128, units='height', win=Window(...))
27.8538 	EXP 	Created fixDelay = ShapeStim(__class__=<class 'psychopy.visual.shape.ShapeStim'>, autoDraw=False, autoLog=True, closeShape=True, contrast=1.0, depth=-4.0, fillColor=array([1., 0., 0.]), fillColorSpace='rgb', interpolate=True, lineColor=array([1., 0., 0.]), lineColorSpace='rgb', lineWidth=1, name='fixDelay', opacity=1.0, ori=array(0.), pos=array([0., 0.]), size=array([0.01, 0.01]), units='height', vertices=ndarray(...), win=Window(...), windingRule=None)
27.8549 	EXP 	Created probe = ImageStim(__class__=<class 'psychopy.visual.image.ImageStim'>, autoLog=True, color=array([1., 1., 1.]), colorSpace='rgb', contrast=1.0, depth=-5.0, flipHoriz=False, flipVert=False, image='sin', interpolate=True, mask=None, maskParams=None, name='probe', opacity=1.0, ori=0.0, pos=array([0., 0.]), size=array([0.2, 0.2]), texRes=512, units='height', win=Window(...))
27.8560 	EXP 	Created fixProbe = ShapeStim(__class__=<class 'psychopy.visual.shape.ShapeStim'>, autoDraw=False, autoLog=True, closeShape=True, contrast=1.0, depth=-6.0, fillColor=array([0., 1., 0.]), fillColorSpace='rgb', interpolate=True, lineColor=array([0., 1., 0.]), lineColorSpace='rgb', lineWidth=1, name='fixProbe', opacity=1.0, ori=array(0.), pos=array([0., 0.]), size=array([0.01, 0.01]), units='height', vertices=ndarray(...), win=Window(...), windingRule=None)
27.8577 	EXP 	Created mask1_run = ImageStim(__class__=<class 'psychopy.visual.image.ImageStim'>, autoLog=True, color=array([1., 1., 1.]), colorSpace='rgb', contrast=1.0, depth=-9.0, flipHoriz=False, flipVert=False, image='sin', interpolate=True, mask=None, maskParams=None, name='mask1_run', opacity=1.0, ori=0.0, pos=array([-0.11,  0.11]), size=array([0.2, 0.2]), texRes=512, units='height', win=Window(...))
27.8588 	EXP 	Created mask2_prac_2 = ImageStim(__class__=<class 'psychopy.visual.image.ImageStim'>, autoLog=True, color=array([1., 1., 1.]), colorSpace='rgb', contrast=1.0, depth=-10.0, flipHoriz=False, flipVert=False, image='sin', interpolate=True, mask=None, maskParams=None, name='mask2_prac_2', opacity=1.0, ori=0.0, pos=array([0.11, 0.11]), size=array([0.2, 0.2]), texRes=512, units='height', win=Window(...))
27.8599 	EXP 	Created mask3_run = ImageStim(__class__=<class 'psychopy.visual.image.ImageStim'>, autoLog=True, color=array([1., 1., 1.]), colorSpace='rgb', contrast=1.0, depth=-11.0, flipHoriz=False, flipVert=False, image='sin', interpolate=True, mask=None, maskParams=None, name='mask3_run', opacity=1.0, ori=0.0, pos=array([ 0.11, -0.11]), size=array([0.2, 0.2]), texRes=128, units='height', win=Window(...))
27.8610 	EXP 	Created mask4_run = ImageStim(__class__=<class 'psychopy.visual.image.ImageStim'>, autoLog=True, color=array([1., 1., 1.]), colorSpace='rgb', contrast=1.0, depth=-12.0, flipHoriz=False, flipVert=False, image='sin', interpolate=True, mask=None, maskParams=None, name='mask4_run', opacity=1.0, ori=0.0, pos=array([-0.11, -0.11]), size=array([0.2, 0.2]), texRes=128, units='height', win=Window(...))
27.8622 	EXP 	Created fixStartTrial = ShapeStim(__class__=<class 'psychopy.visual.shape.ShapeStim'>, autoDraw=False, autoLog=True, closeShape=True, contrast=1.0, depth=0.0, fillColor=array([1., 1., 1.]), fillColorSpace='rgb', interpolate=True, lineColor=array([1., 1., 1.]), lineColorSpace='rgb', lineWidth=1, name='fixStartTrial', opacity=1.0, ori=array(0.), pos=array([0., 0.]), size=array([0.01, 0.01]), units='height', vertices=ndarray(...), win=Window(...), windingRule=None)
27.8633 	EXP 	Created fixEnd = ShapeStim(__class__=<class 'psychopy.visual.shape.ShapeStim'>, autoDraw=False, autoLog=True, closeShape=True, contrast=1.0, depth=0.0, fillColor=array([1., 1., 1.]), fillColorSpace='rgb', interpolate=True, lineColor=array([1., 1., 1.]), lineColorSpace='rgb', lineWidth=1, name='fixEnd', opacity=1.0, ori=array(0.), pos=array([0., 0.]), size=array([0.01, 0.01]), units='height', vertices=ndarray(...), win=Window(...), windingRule=None)
27.8652 	EXP 	Created feedbackTxtRun = TextStim(__class__=<class 'psychopy.visual.text.TextStim'>, alignHoriz=method-wrapper(...), alignText='center', alignVert=method-wrapper(...), anchorHoriz='center', anchorVert='center', antialias=True, autoLog=True, bold=False, color='white', colorSpace='named', contrast=1.0, depth=-1.0, flipHoriz=False, flipVert=False, font='Arial', fontFiles=[], height=0.05, italic=False, languageStyle='LTR', name='feedbackTxtRun', opacity=1.0, ori=0, pos=array([0., 0.]), rgb=array([255., 255., 255.]), text='default text', units='height', win=Window(...), wrapWidth=1)
27.8655 	EXP 	Created sequence: random, trialTypes=1, nReps=0, seed=None
27.8658 	EXP 	Created sequence: random, trialTypes=1, nReps=1, seed=None
27.8660 	EXP 	New trial (rep=0, index=0): None
27.8819 	EXP 	text_run: text = 'Der nächste Durchgang startet gleich ...'
27.8819 	EXP 	text_run: autoDraw = True
31.8738 	DATA 	Keypress: t
31.9144 	EXP 	text_run: autoDraw = False
31.9144 	EXP 	fixStart: autoDraw = True
41.9253 	EXP 	Imported trials_4.csv as conditions, 16 conditions, 14 params
41.9255 	EXP 	Created sequence: sequential, trialTypes=16, nReps=1, seed=None
41.9258 	EXP 	New trial (rep=0, index=0): OrderedDict([('stimulus1', 'scrambles/id112_v1_so.jpg'), ('stimulus2', 'scrambles/id113_v1_so.jpg'), ('stimulus3', 'images/id129_v1_so.jpg'), ('stimulus4', 'scrambles/id115_v1_so.jpg'), ('probeIm', 'images/id132_v1_so.jpg'), ('probeCon', 0), ('load', 1), ('category', 'so'), ('correctResp', 'None'), ('arrowDir', '<'), ('mask1', 'scrambles/id030_v1_fm.jpg'), ('mask2', 'scrambles/id023_v1_fm.jpg'), ('mask3', 'scrambles/id078_v1_si.jpg'), ('mask4', 'scrambles/id053_v1_ff.jpg')])
42.1309 	EXP 	fixStart: autoDraw = False
42.1309 	EXP 	stim1: image = 'scrambles/id112_v1_so.jpg'
42.1309 	EXP 	stim2: image = 'scrambles/id113_v1_so.jpg'
42.1309 	EXP 	stim3: image = 'images/id129_v1_so.jpg'
42.1309 	EXP 	stim4: image = 'scrambles/id115_v1_so.jpg'
42.1309 	EXP 	probe: image = 'images/id132_v1_so.jpg'
42.1309 	EXP 	mask1_run: image = 'scrambles/id030_v1_fm.jpg'
42.1309 	EXP 	mask2_prac_2: image = 'scrambles/id023_v1_fm.jpg'
42.1309 	EXP 	mask3_run: image = 'scrambles/id078_v1_si.jpg'
42.1309 	EXP 	mask4_run: image = 'scrambles/id053_v1_ff.jpg'
42.1309 	EXP 	stim1: autoDraw = True
42.1309 	EXP 	stim2: autoDraw = True
42.1309 	EXP 	stim3: autoDraw = True
42.1309 	EXP 	stim4: autoDraw = True
45.4145 	EXP 	mask1_run: autoDraw = True
45.4145 	EXP 	mask2_prac_2: autoDraw = True
45.4145 	EXP 	mask3_run: autoDraw = True
45.4145 	EXP 	mask4_run: autoDraw = True
45.4312 	EXP 	stim1: autoDraw = False
45.4312 	EXP 	stim2: autoDraw = False
45.4312 	EXP 	stim3: autoDraw = False
45.4312 	EXP 	stim4: autoDraw = False
45.6145 	EXP 	fixDelay: autoDraw = True
45.6145 	EXP 	mask1_run: autoDraw = False
45.6145 	EXP 	mask2_prac_2: autoDraw = False
45.6145 	EXP 	mask3_run: autoDraw = False
45.6145 	EXP 	mask4_run: autoDraw = False
58.6136 	EXP 	fixDelay: autoDraw = False
58.6136 	EXP 	probe: autoDraw = True
59.8135 	EXP 	probe: autoDraw = False
59.8135 	EXP 	fixProbe: autoDraw = True
62.6134 	EXP 	stim1: autoDraw = False
62.6134 	EXP 	stim2: autoDraw = False
62.6134 	EXP 	stim3: autoDraw = False
62.6134 	EXP 	stim4: autoDraw = False
62.6134 	EXP 	fixDelay: autoDraw = False
62.6134 	EXP 	probe: autoDraw = False
62.6134 	EXP 	fixProbe: autoDraw = False
62.6134 	EXP 	mask1_run: autoDraw = False
62.6134 	EXP 	mask2_prac_2: autoDraw = False
62.6134 	EXP 	mask3_run: autoDraw = False
62.6134 	EXP 	mask4_run: autoDraw = False
62.6134 	EXP 	fixStartTrial: autoDraw = True
72.5965 	EXP 	New trial (rep=0, index=1): OrderedDict([('stimulus1', 'images/id006_v1_fm.jpg'), ('stimulus2', 'images/id033_v1_fm.jpg'), ('stimulus3', 'images/id020_v1_fm.jpg'), ('stimulus4', 'images/id014_v1_fm.jpg'), ('probeIm', 'images/id023_v1_fm.jpg'), ('probeCon', 0), ('load', 4), ('category', 'fm'), ('correctResp', 'None'), ('arrowDir', '>'), ('mask1', 'scrambles/id036_v1_ff.jpg'), ('mask2', 'scrambles/id082_v1_si.jpg'), ('mask3', 'scrambles/id061_v1_ff.jpg'), ('mask4', 'scrambles/id078_v1_si.jpg')])
72.7619 	EXP 	fixStartTrial: autoDraw = False
72.7619 	EXP 	stim1: image = 'images/id006_v1_fm.jpg'
72.7619 	EXP 	stim2: image = 'images/id033_v1_fm.jpg'
72.7619 	EXP 	stim3: image = 'images/id020_v1_fm.jpg'
72.7619 	EXP 	stim4: image = 'images/id014_v1_fm.jpg'
72.7619 	EXP 	probe: image = 'images/id023_v1_fm.jpg'
72.7619 	EXP 	mask1_run: image = 'scrambles/id036_v1_ff.jpg'
72.7619 	EXP 	mask2_prac_2: image = 'scrambles/id082_v1_si.jpg'
72.7619 	EXP 	mask3_run: image = 'scrambles/id061_v1_ff.jpg'
72.7619 	EXP 	mask4_run: image = 'scrambles/id078_v1_si.jpg'
72.7619 	EXP 	stim1: autoDraw = True
72.7619 	EXP 	stim2: autoDraw = True
72.7619 	EXP 	stim3: autoDraw = True
72.7619 	EXP 	stim4: autoDraw = True
76.0458 	EXP 	mask1_run: autoDraw = True
76.0458 	EXP 	mask2_prac_2: autoDraw = True
76.0458 	EXP 	mask3_run: autoDraw = True
76.0458 	EXP 	mask4_run: autoDraw = True
76.0625 	EXP 	stim1: autoDraw = False
76.0625 	EXP 	stim2: autoDraw = False
76.0625 	EXP 	stim3: autoDraw = False
76.0625 	EXP 	stim4: autoDraw = False
76.2460 	EXP 	fixDelay: autoDraw = True
76.2460 	EXP 	mask1_run: autoDraw = False
76.2460 	EXP 	mask2_prac_2: autoDraw = False
76.2460 	EXP 	mask3_run: autoDraw = False
76.2460 	EXP 	mask4_run: autoDraw = False
89.2449 	EXP 	fixDelay: autoDraw = False
89.2449 	EXP 	probe: autoDraw = True
90.4449 	EXP 	probe: autoDraw = False
90.4449 	EXP 	fixProbe: autoDraw = True
93.3114 	EXP 	stim1: autoDraw = False
93.3114 	EXP 	stim2: autoDraw = False
93.3114 	EXP 	stim3: autoDraw = False
93.3114 	EXP 	stim4: autoDraw = False
93.3114 	EXP 	fixDelay: autoDraw = False
93.3114 	EXP 	probe: autoDraw = False
93.3114 	EXP 	fixProbe: autoDraw = False
93.3114 	EXP 	mask1_run: autoDraw = False
93.3114 	EXP 	mask2_prac_2: autoDraw = False
93.3114 	EXP 	mask3_run: autoDraw = False
93.3114 	EXP 	mask4_run: autoDraw = False
93.3114 	EXP 	fixStartTrial: autoDraw = True
103.2945 	EXP 	New trial (rep=0, index=2): OrderedDict([('stimulus1', 'images/id131_v1_so.jpg'), ('stimulus2', 'images/id115_v1_so.jpg'), ('stimulus3', 'images/id114_v1_so.jpg'), ('stimulus4', 'images/id112_v1_so.jpg'), ('probeIm', 'images/id131_v1_so.jpg'), ('probeCon', 1), ('load', 4), ('category', 'so'), ('correctResp', 'b'), ('arrowDir', '<'), ('mask1', 'scrambles/id053_v1_ff.jpg'), ('mask2', 'scrambles/id078_v1_si.jpg'), ('mask3', 'scrambles/id078_v1_si.jpg'), ('mask4', 'scrambles/id006_v1_fm.jpg')])
103.4267 	EXP 	fixStartTrial: autoDraw = False
103.4267 	EXP 	stim1: image = 'images/id131_v1_so.jpg'
103.4267 	EXP 	stim2: image = 'images/id115_v1_so.jpg'
103.4267 	EXP 	stim3: image = 'images/id114_v1_so.jpg'
103.4267 	EXP 	stim4: image = 'images/id112_v1_so.jpg'
103.4267 	EXP 	probe: image = 'images/id131_v1_so.jpg'
103.4267 	EXP 	mask1_run: image = 'scrambles/id053_v1_ff.jpg'
103.4267 	EXP 	mask2_prac_2: image = 'scrambles/id078_v1_si.jpg'
103.4267 	EXP 	mask3_run: image = 'scrambles/id078_v1_si.jpg'
103.4267 	EXP 	mask4_run: image = 'scrambles/id006_v1_fm.jpg'
103.4267 	EXP 	stim1: autoDraw = True
103.4267 	EXP 	stim2: autoDraw = True
103.4267 	EXP 	stim3: autoDraw = True
103.4267 	EXP 	stim4: autoDraw = True
106.7104 	EXP 	mask1_run: autoDraw = True
106.7104 	EXP 	mask2_prac_2: autoDraw = True
106.7104 	EXP 	mask3_run: autoDraw = True
106.7104 	EXP 	mask4_run: autoDraw = True
106.7272 	EXP 	stim1: autoDraw = False
106.7272 	EXP 	stim2: autoDraw = False
106.7272 	EXP 	stim3: autoDraw = False
106.7272 	EXP 	stim4: autoDraw = False
106.9105 	EXP 	fixDelay: autoDraw = True
106.9105 	EXP 	mask1_run: autoDraw = False
106.9105 	EXP 	mask2_prac_2: autoDraw = False
106.9105 	EXP 	mask3_run: autoDraw = False
106.9105 	EXP 	mask4_run: autoDraw = False
119.9095 	EXP 	probe: autoDraw = True
119.9255 	EXP 	fixDelay: autoDraw = False
121.1095 	EXP 	probe: autoDraw = False
121.1095 	EXP 	fixProbe: autoDraw = True
124.0092 	EXP 	stim1: autoDraw = False
124.0092 	EXP 	stim2: autoDraw = False
124.0092 	EXP 	stim3: autoDraw = False
124.0092 	EXP 	stim4: autoDraw = False
124.0092 	EXP 	fixDelay: autoDraw = False
124.0092 	EXP 	probe: autoDraw = False
124.0092 	EXP 	fixProbe: autoDraw = False
124.0092 	EXP 	mask1_run: autoDraw = False
124.0092 	EXP 	mask2_prac_2: autoDraw = False
124.0092 	EXP 	mask3_run: autoDraw = False
124.0092 	EXP 	mask4_run: autoDraw = False
124.0092 	EXP 	fixStartTrial: autoDraw = True
133.9924 	EXP 	New trial (rep=0, index=3): OrderedDict([('stimulus1', 'scrambles/id053_v1_ff.jpg'), ('stimulus2', 'scrambles/id036_v1_ff.jpg'), ('stimulus3', 'images/id045_v1_ff.jpg'), ('stimulus4', 'scrambles/id055_v1_ff.jpg'), ('probeIm', 'images/id043_v1_ff.jpg'), ('probeCon', 0), ('load', 1), ('category', 'ff'), ('correctResp', 'None'), ('arrowDir', '<'), ('mask1', 'scrambles/id082_v1_si.jpg'), ('mask2', 'scrambles/id053_v1_ff.jpg'), ('mask3', 'scrambles/id022_v1_fm.jpg'), ('mask4', 'scrambles/id082_v1_si.jpg')])
134.0912 	EXP 	fixStartTrial: autoDraw = False
134.0912 	EXP 	stim1: image = 'scrambles/id053_v1_ff.jpg'
134.0912 	EXP 	stim2: image = 'scrambles/id036_v1_ff.jpg'
134.0912 	EXP 	stim3: image = 'images/id045_v1_ff.jpg'
134.0912 	EXP 	stim4: image = 'scrambles/id055_v1_ff.jpg'
134.0912 	EXP 	probe: image = 'images/id043_v1_ff.jpg'
134.0912 	EXP 	mask1_run: image = 'scrambles/id082_v1_si.jpg'
134.0912 	EXP 	mask2_prac_2: image = 'scrambles/id053_v1_ff.jpg'
134.0912 	EXP 	mask3_run: image = 'scrambles/id022_v1_fm.jpg'
134.0912 	EXP 	mask4_run: image = 'scrambles/id082_v1_si.jpg'
134.0912 	EXP 	stim1: autoDraw = True
134.0912 	EXP 	stim2: autoDraw = True
134.0912 	EXP 	stim3: autoDraw = True
134.0912 	EXP 	stim4: autoDraw = True
137.3750 	EXP 	mask1_run: autoDraw = True
137.3750 	EXP 	mask2_prac_2: autoDraw = True
137.3750 	EXP 	mask3_run: autoDraw = True
137.3750 	EXP 	mask4_run: autoDraw = True
137.3917 	EXP 	stim1: autoDraw = False
137.3917 	EXP 	stim2: autoDraw = False
137.3917 	EXP 	stim3: autoDraw = False
137.3917 	EXP 	stim4: autoDraw = False
137.5750 	EXP 	fixDelay: autoDraw = True
137.5750 	EXP 	mask1_run: autoDraw = False
137.5750 	EXP 	mask2_prac_2: autoDraw = False
137.5750 	EXP 	mask3_run: autoDraw = False
137.5750 	EXP 	mask4_run: autoDraw = False
150.5742 	EXP 	fixDelay: autoDraw = False
150.5742 	EXP 	probe: autoDraw = True
151.7742 	EXP 	probe: autoDraw = False
151.7742 	EXP 	fixProbe: autoDraw = True
154.7239 	EXP 	stim1: autoDraw = False
154.7239 	EXP 	stim2: autoDraw = False
154.7239 	EXP 	stim3: autoDraw = False
154.7239 	EXP 	stim4: autoDraw = False
154.7239 	EXP 	fixDelay: autoDraw = False
154.7239 	EXP 	probe: autoDraw = False
154.7239 	EXP 	fixProbe: autoDraw = False
154.7239 	EXP 	mask1_run: autoDraw = False
154.7239 	EXP 	mask2_prac_2: autoDraw = False
154.7239 	EXP 	mask3_run: autoDraw = False
154.7239 	EXP 	mask4_run: autoDraw = False
154.7239 	EXP 	fixStartTrial: autoDraw = True
164.7071 	EXP 	New trial (rep=0, index=4): OrderedDict([('stimulus1', 'scrambles/id022_v1_fm.jpg'), ('stimulus2', 'scrambles/id030_v1_fm.jpg'), ('stimulus3', 'scrambles/id006_v1_fm.jpg'), ('stimulus4', 'images/id022_v1_fm.jpg'), ('probeIm', 'images/id022_v1_fm.jpg'), ('probeCon', 1), ('load', 1), ('category', 'fm'), ('correctResp', 'b'), ('arrowDir', '<'), ('mask1', 'scrambles/id061_v1_ff.jpg'), ('mask2', 'scrambles/id112_v1_so.jpg'), ('mask3', 'scrambles/id061_v1_ff.jpg'), ('mask4', 'scrambles/id061_v1_ff.jpg')])
164.7558 	EXP 	fixStartTrial: autoDraw = False
164.7558 	EXP 	stim1: image = 'scrambles/id022_v1_fm.jpg'
164.7558 	EXP 	stim2: image = 'scrambles/id030_v1_fm.jpg'
164.7558 	EXP 	stim3: image = 'scrambles/id006_v1_fm.jpg'
164.7558 	EXP 	stim4: image = 'images/id022_v1_fm.jpg'
164.7558 	EXP 	probe: image = 'images/id022_v1_fm.jpg'
164.7558 	EXP 	mask1_run: image = 'scrambles/id061_v1_ff.jpg'
164.7558 	EXP 	mask2_prac_2: image = 'scrambles/id112_v1_so.jpg'
164.7558 	EXP 	mask3_run: image = 'scrambles/id061_v1_ff.jpg'
164.7558 	EXP 	mask4_run: image = 'scrambles/id061_v1_ff.jpg'
164.7558 	EXP 	stim1: autoDraw = True
164.7558 	EXP 	stim2: autoDraw = True
164.7558 	EXP 	stim3: autoDraw = True
164.7558 	EXP 	stim4: autoDraw = True
168.0397 	EXP 	mask1_run: autoDraw = True
168.0397 	EXP 	mask2_prac_2: autoDraw = True
168.0397 	EXP 	mask3_run: autoDraw = True
168.0397 	EXP 	mask4_run: autoDraw = True
168.0563 	EXP 	stim1: autoDraw = False
168.0563 	EXP 	stim2: autoDraw = False
168.0563 	EXP 	stim3: autoDraw = False
168.0563 	EXP 	stim4: autoDraw = False
168.2397 	EXP 	fixDelay: autoDraw = True
168.2397 	EXP 	mask1_run: autoDraw = False
168.2397 	EXP 	mask2_prac_2: autoDraw = False
168.2397 	EXP 	mask3_run: autoDraw = False
168.2397 	EXP 	mask4_run: autoDraw = False
181.2388 	EXP 	fixDelay: autoDraw = False
181.2388 	EXP 	probe: autoDraw = True
182.4387 	EXP 	probe: autoDraw = False
182.4387 	EXP 	fixProbe: autoDraw = True
185.4218 	EXP 	stim1: autoDraw = False
185.4218 	EXP 	stim2: autoDraw = False
185.4218 	EXP 	stim3: autoDraw = False
185.4218 	EXP 	stim4: autoDraw = False
185.4218 	EXP 	fixDelay: autoDraw = False
185.4218 	EXP 	probe: autoDraw = False
185.4218 	EXP 	fixProbe: autoDraw = False
185.4218 	EXP 	mask1_run: autoDraw = False
185.4218 	EXP 	mask2_prac_2: autoDraw = False
185.4218 	EXP 	mask3_run: autoDraw = False
185.4218 	EXP 	mask4_run: autoDraw = False
185.4218 	EXP 	fixStartTrial: autoDraw = True
195.4053 	EXP 	New trial (rep=0, index=5): OrderedDict([('stimulus1', 'scrambles/id061_v1_ff.jpg'), ('stimulus2', 'images/id064_v1_ff.jpg'), ('stimulus3', 'scrambles/id052_v1_ff.jpg'), ('stimulus4', 'scrambles/id069_v1_ff.jpg'), ('probeIm', 'images/id064_v1_ff.jpg'), ('probeCon', 1), ('load', 1), ('category', 'ff'), ('correctResp', 'y'), ('arrowDir', '>'), ('mask1', 'scrambles/id113_v1_so.jpg'), ('mask2', 'scrambles/id081_v1_si.jpg'), ('mask3', 'scrambles/id112_v1_so.jpg'), ('mask4', 'scrambles/id036_v1_ff.jpg')])
195.5038 	EXP 	fixStartTrial: autoDraw = False
195.5038 	EXP 	stim1: image = 'scrambles/id061_v1_ff.jpg'
195.5038 	EXP 	stim2: image = 'images/id064_v1_ff.jpg'
195.5038 	EXP 	stim3: image = 'scrambles/id052_v1_ff.jpg'
195.5038 	EXP 	stim4: image = 'scrambles/id069_v1_ff.jpg'
195.5038 	EXP 	probe: image = 'images/id064_v1_ff.jpg'
195.5038 	EXP 	mask1_run: image = 'scrambles/id113_v1_so.jpg'
195.5038 	EXP 	mask2_prac_2: image = 'scrambles/id081_v1_si.jpg'
195.5038 	EXP 	mask3_run: image = 'scrambles/id112_v1_so.jpg'
195.5038 	EXP 	mask4_run: image = 'scrambles/id036_v1_ff.jpg'
195.5038 	EXP 	stim1: autoDraw = True
195.5038 	EXP 	stim2: autoDraw = True
195.5038 	EXP 	stim3: autoDraw = True
195.5038 	EXP 	stim4: autoDraw = True
198.7880 	EXP 	mask1_run: autoDraw = True
198.7880 	EXP 	mask2_prac_2: autoDraw = True
198.7880 	EXP 	mask3_run: autoDraw = True
198.7880 	EXP 	mask4_run: autoDraw = True
198.8043 	EXP 	stim1: autoDraw = False
198.8043 	EXP 	stim2: autoDraw = False
198.8043 	EXP 	stim3: autoDraw = False
198.8043 	EXP 	stim4: autoDraw = False
198.9877 	EXP 	fixDelay: autoDraw = True
198.9877 	EXP 	mask1_run: autoDraw = False
198.9877 	EXP 	mask2_prac_2: autoDraw = False
198.9877 	EXP 	mask3_run: autoDraw = False
198.9877 	EXP 	mask4_run: autoDraw = False
211.9867 	EXP 	fixDelay: autoDraw = False
211.9867 	EXP 	probe: autoDraw = True
213.1867 	EXP 	probe: autoDraw = False
213.1867 	EXP 	fixProbe: autoDraw = True
216.1202 	EXP 	stim1: autoDraw = False
216.1202 	EXP 	stim2: autoDraw = False
216.1202 	EXP 	stim3: autoDraw = False
216.1202 	EXP 	stim4: autoDraw = False
216.1202 	EXP 	fixDelay: autoDraw = False
216.1202 	EXP 	probe: autoDraw = False
216.1202 	EXP 	fixProbe: autoDraw = False
216.1202 	EXP 	mask1_run: autoDraw = False
216.1202 	EXP 	mask2_prac_2: autoDraw = False
216.1202 	EXP 	mask3_run: autoDraw = False
216.1202 	EXP 	mask4_run: autoDraw = False
216.1202 	EXP 	fixStartTrial: autoDraw = True
226.1029 	EXP 	New trial (rep=0, index=6): OrderedDict([('stimulus1', 'images/id036_v1_ff.jpg'), ('stimulus2', 'images/id041_v1_ff.jpg'), ('stimulus3', 'images/id070_v1_ff.jpg'), ('stimulus4', 'images/id040_v1_ff.jpg'), ('probeIm', 'images/id070_v1_ff.jpg'), ('probeCon', 1), ('load', 4), ('category', 'ff'), ('correctResp', 'b'), ('arrowDir', '<'), ('mask1', 'scrambles/id081_v1_si.jpg'), ('mask2', 'scrambles/id061_v1_ff.jpg'), ('mask3', 'scrambles/id061_v1_ff.jpg'), ('mask4', 'scrambles/id053_v1_ff.jpg')])
226.2184 	EXP 	fixStartTrial: autoDraw = False
226.2184 	EXP 	stim1: image = 'images/id036_v1_ff.jpg'
226.2184 	EXP 	stim2: image = 'images/id041_v1_ff.jpg'
226.2184 	EXP 	stim3: image = 'images/id070_v1_ff.jpg'
226.2184 	EXP 	stim4: image = 'images/id040_v1_ff.jpg'
226.2184 	EXP 	probe: image = 'images/id070_v1_ff.jpg'
226.2184 	EXP 	mask1_run: image = 'scrambles/id081_v1_si.jpg'
226.2184 	EXP 	mask2_prac_2: image = 'scrambles/id061_v1_ff.jpg'
226.2184 	EXP 	mask3_run: image = 'scrambles/id061_v1_ff.jpg'
226.2184 	EXP 	mask4_run: image = 'scrambles/id053_v1_ff.jpg'
226.2184 	EXP 	stim1: autoDraw = True
226.2184 	EXP 	stim2: autoDraw = True
226.2184 	EXP 	stim3: autoDraw = True
226.2184 	EXP 	stim4: autoDraw = True
229.5023 	EXP 	mask1_run: autoDraw = True
229.5023 	EXP 	mask2_prac_2: autoDraw = True
229.5023 	EXP 	mask3_run: autoDraw = True
229.5023 	EXP 	mask4_run: autoDraw = True
229.5190 	EXP 	stim1: autoDraw = False
229.5190 	EXP 	stim2: autoDraw = False
229.5190 	EXP 	stim3: autoDraw = False
229.5190 	EXP 	stim4: autoDraw = False
229.7023 	EXP 	fixDelay: autoDraw = True
229.7023 	EXP 	mask1_run: autoDraw = False
229.7023 	EXP 	mask2_prac_2: autoDraw = False
229.7023 	EXP 	mask3_run: autoDraw = False
229.7023 	EXP 	mask4_run: autoDraw = False
242.7014 	EXP 	fixDelay: autoDraw = False
242.7014 	EXP 	probe: autoDraw = True
243.9013 	EXP 	probe: autoDraw = False
243.9013 	EXP 	fixProbe: autoDraw = True
246.8178 	EXP 	stim1: autoDraw = False
246.8178 	EXP 	stim2: autoDraw = False
246.8178 	EXP 	stim3: autoDraw = False
246.8178 	EXP 	stim4: autoDraw = False
246.8178 	EXP 	fixDelay: autoDraw = False
246.8178 	EXP 	probe: autoDraw = False
246.8178 	EXP 	fixProbe: autoDraw = False
246.8178 	EXP 	mask1_run: autoDraw = False
246.8178 	EXP 	mask2_prac_2: autoDraw = False
246.8178 	EXP 	mask3_run: autoDraw = False
246.8178 	EXP 	mask4_run: autoDraw = False
246.8178 	EXP 	fixStartTrial: autoDraw = True
256.8010 	EXP 	New trial (rep=0, index=7): OrderedDict([('stimulus1', 'scrambles/id078_v1_si.jpg'), ('stimulus2', 'images/id078_v1_si.jpg'), ('stimulus3', 'scrambles/id084_v1_si.jpg'), ('stimulus4', 'scrambles/id091_v1_si.jpg'), ('probeIm', 'images/id078_v1_si.jpg'), ('probeCon', 1), ('load', 1), ('category', 'si'), ('correctResp', 'y'), ('arrowDir', '>'), ('mask1', 'scrambles/id118_v1_so.jpg'), ('mask2', 'scrambles/id023_v1_fm.jpg'), ('mask3', 'scrambles/id061_v1_ff.jpg'), ('mask4', 'scrambles/id061_v1_ff.jpg')])
257.0006 	EXP 	fixStartTrial: autoDraw = False
257.0006 	EXP 	stim1: image = 'scrambles/id078_v1_si.jpg'
257.0006 	EXP 	stim2: image = 'images/id078_v1_si.jpg'
257.0006 	EXP 	stim3: image = 'scrambles/id084_v1_si.jpg'
257.0006 	EXP 	stim4: image = 'scrambles/id091_v1_si.jpg'
257.0006 	EXP 	probe: image = 'images/id078_v1_si.jpg'
257.0006 	EXP 	mask1_run: image = 'scrambles/id118_v1_so.jpg'
257.0006 	EXP 	mask2_prac_2: image = 'scrambles/id023_v1_fm.jpg'
257.0006 	EXP 	mask3_run: image = 'scrambles/id061_v1_ff.jpg'
257.0006 	EXP 	mask4_run: image = 'scrambles/id061_v1_ff.jpg'
257.0006 	EXP 	stim1: autoDraw = True
257.0006 	EXP 	stim2: autoDraw = True
257.0006 	EXP 	stim3: autoDraw = True
257.0006 	EXP 	stim4: autoDraw = True
260.2836 	EXP 	mask1_run: autoDraw = True
260.2836 	EXP 	mask2_prac_2: autoDraw = True
260.2836 	EXP 	mask3_run: autoDraw = True
260.2836 	EXP 	mask4_run: autoDraw = True
260.3002 	EXP 	stim1: autoDraw = False
260.3002 	EXP 	stim2: autoDraw = False
260.3002 	EXP 	stim3: autoDraw = False
260.3002 	EXP 	stim4: autoDraw = False
260.4836 	EXP 	fixDelay: autoDraw = True
260.4836 	EXP 	mask1_run: autoDraw = False
260.4836 	EXP 	mask2_prac_2: autoDraw = False
260.4836 	EXP 	mask3_run: autoDraw = False
260.4836 	EXP 	mask4_run: autoDraw = False
273.4827 	EXP 	fixDelay: autoDraw = False
273.4827 	EXP 	probe: autoDraw = True
274.6826 	EXP 	probe: autoDraw = False
274.6826 	EXP 	fixProbe: autoDraw = True
277.5158 	EXP 	stim1: autoDraw = False
277.5158 	EXP 	stim2: autoDraw = False
277.5158 	EXP 	stim3: autoDraw = False
277.5158 	EXP 	stim4: autoDraw = False
277.5158 	EXP 	fixDelay: autoDraw = False
277.5158 	EXP 	probe: autoDraw = False
277.5158 	EXP 	fixProbe: autoDraw = False
277.5158 	EXP 	mask1_run: autoDraw = False
277.5158 	EXP 	mask2_prac_2: autoDraw = False
277.5158 	EXP 	mask3_run: autoDraw = False
277.5158 	EXP 	mask4_run: autoDraw = False
277.5158 	EXP 	fixStartTrial: autoDraw = True
287.4990 	EXP 	New trial (rep=0, index=8): OrderedDict([('stimulus1', 'scrambles/id082_v1_si.jpg'), ('stimulus2', 'scrambles/id081_v1_si.jpg'), ('stimulus3', 'scrambles/id087_v1_si.jpg'), ('stimulus4', 'images/id097_v1_si.jpg'), ('probeIm', 'images/id072_v1_si.jpg'), ('probeCon', 0), ('load', 1), ('category', 'si'), ('correctResp', 'None'), ('arrowDir', '<'), ('mask1', 'scrambles/id061_v1_ff.jpg'), ('mask2', 'scrambles/id061_v1_ff.jpg'), ('mask3', 'scrambles/id061_v1_ff.jpg'), ('mask4', 'scrambles/id078_v1_si.jpg')])
287.5979 	EXP 	fixStartTrial: autoDraw = False
287.5979 	EXP 	stim1: image = 'scrambles/id082_v1_si.jpg'
287.5979 	EXP 	stim2: image = 'scrambles/id081_v1_si.jpg'
287.5979 	EXP 	stim3: image = 'scrambles/id087_v1_si.jpg'
287.5979 	EXP 	stim4: image = 'images/id097_v1_si.jpg'
287.5979 	EXP 	probe: image = 'images/id072_v1_si.jpg'
287.5979 	EXP 	mask1_run: image = 'scrambles/id061_v1_ff.jpg'
287.5979 	EXP 	mask2_prac_2: image = 'scrambles/id061_v1_ff.jpg'
287.5979 	EXP 	mask3_run: image = 'scrambles/id061_v1_ff.jpg'
287.5979 	EXP 	mask4_run: image = 'scrambles/id078_v1_si.jpg'
287.5979 	EXP 	stim1: autoDraw = True
287.5979 	EXP 	stim2: autoDraw = True
287.5979 	EXP 	stim3: autoDraw = True
287.5979 	EXP 	stim4: autoDraw = True
290.8816 	EXP 	mask1_run: autoDraw = True
290.8816 	EXP 	mask2_prac_2: autoDraw = True
290.8816 	EXP 	mask3_run: autoDraw = True
290.8816 	EXP 	mask4_run: autoDraw = True
290.8984 	EXP 	stim1: autoDraw = False
290.8984 	EXP 	stim2: autoDraw = False
290.8984 	EXP 	stim3: autoDraw = False
290.8984 	EXP 	stim4: autoDraw = False
291.0816 	EXP 	fixDelay: autoDraw = True
291.0816 	EXP 	mask1_run: autoDraw = False
291.0816 	EXP 	mask2_prac_2: autoDraw = False
291.0816 	EXP 	mask3_run: autoDraw = False
291.0816 	EXP 	mask4_run: autoDraw = False
304.0807 	EXP 	fixDelay: autoDraw = False
304.0807 	EXP 	probe: autoDraw = True
305.2806 	EXP 	probe: autoDraw = False
305.2973 	EXP 	fixProbe: autoDraw = True
308.2138 	EXP 	stim1: autoDraw = False
308.2138 	EXP 	stim2: autoDraw = False
308.2138 	EXP 	stim3: autoDraw = False
308.2138 	EXP 	stim4: autoDraw = False
308.2138 	EXP 	fixDelay: autoDraw = False
308.2138 	EXP 	probe: autoDraw = False
308.2138 	EXP 	fixProbe: autoDraw = False
308.2138 	EXP 	mask1_run: autoDraw = False
308.2138 	EXP 	mask2_prac_2: autoDraw = False
308.2138 	EXP 	mask3_run: autoDraw = False
308.2138 	EXP 	mask4_run: autoDraw = False
308.2138 	EXP 	fixStartTrial: autoDraw = True
318.1968 	EXP 	New trial (rep=0, index=9): OrderedDict([('stimulus1', 'images/id017_v1_fm.jpg'), ('stimulus2', 'images/id016_v1_fm.jpg'), ('stimulus3', 'images/id010_v1_fm.jpg'), ('stimulus4', 'images/id021_v1_fm.jpg'), ('probeIm', 'images/id016_v1_fm.jpg'), ('probeCon', 1), ('load', 4), ('category', 'fm'), ('correctResp', 'b'), ('arrowDir', '<'), ('mask1', 'scrambles/id082_v1_si.jpg'), ('mask2', 'scrambles/id081_v1_si.jpg'), ('mask3', 'scrambles/id036_v1_ff.jpg'), ('mask4', 'scrambles/id052_v1_ff.jpg')])
318.2623 	EXP 	fixStartTrial: autoDraw = False
318.2623 	EXP 	stim1: image = 'images/id017_v1_fm.jpg'
318.2623 	EXP 	stim2: image = 'images/id016_v1_fm.jpg'
318.2623 	EXP 	stim3: image = 'images/id010_v1_fm.jpg'
318.2623 	EXP 	stim4: image = 'images/id021_v1_fm.jpg'
318.2623 	EXP 	probe: image = 'images/id016_v1_fm.jpg'
318.2623 	EXP 	mask1_run: image = 'scrambles/id082_v1_si.jpg'
318.2623 	EXP 	mask2_prac_2: image = 'scrambles/id081_v1_si.jpg'
318.2623 	EXP 	mask3_run: image = 'scrambles/id036_v1_ff.jpg'
318.2623 	EXP 	mask4_run: image = 'scrambles/id052_v1_ff.jpg'
318.2623 	EXP 	stim1: autoDraw = True
318.2623 	EXP 	stim2: autoDraw = True
318.2623 	EXP 	stim3: autoDraw = True
318.2623 	EXP 	stim4: autoDraw = True
321.5462 	EXP 	mask1_run: autoDraw = True
321.5462 	EXP 	mask2_prac_2: autoDraw = True
321.5462 	EXP 	mask3_run: autoDraw = True
321.5462 	EXP 	mask4_run: autoDraw = True
321.5628 	EXP 	stim1: autoDraw = False
321.5628 	EXP 	stim2: autoDraw = False
321.5628 	EXP 	stim3: autoDraw = False
321.5628 	EXP 	stim4: autoDraw = False
321.7462 	EXP 	fixDelay: autoDraw = True
321.7462 	EXP 	mask1_run: autoDraw = False
321.7462 	EXP 	mask2_prac_2: autoDraw = False
321.7462 	EXP 	mask3_run: autoDraw = False
321.7462 	EXP 	mask4_run: autoDraw = False
334.7453 	EXP 	fixDelay: autoDraw = False
334.7453 	EXP 	probe: autoDraw = True
335.9452 	EXP 	probe: autoDraw = False
335.9452 	EXP 	fixProbe: autoDraw = True
338.9117 	EXP 	stim1: autoDraw = False
338.9117 	EXP 	stim2: autoDraw = False
338.9117 	EXP 	stim3: autoDraw = False
338.9117 	EXP 	stim4: autoDraw = False
338.9117 	EXP 	fixDelay: autoDraw = False
338.9117 	EXP 	probe: autoDraw = False
338.9117 	EXP 	fixProbe: autoDraw = False
338.9117 	EXP 	mask1_run: autoDraw = False
338.9117 	EXP 	mask2_prac_2: autoDraw = False
338.9117 	EXP 	mask3_run: autoDraw = False
338.9117 	EXP 	mask4_run: autoDraw = False
338.9117 	EXP 	fixStartTrial: autoDraw = True
348.8949 	EXP 	New trial (rep=0, index=10): OrderedDict([('stimulus1', 'images/id071_v1_si.jpg'), ('stimulus2', 'images/id103_v1_si.jpg'), ('stimulus3', 'images/id079_v1_si.jpg'), ('stimulus4', 'images/id087_v1_si.jpg'), ('probeIm', 'images/id082_v1_si.jpg'), ('probeCon', 0), ('load', 4), ('category', 'si'), ('correctResp', 'None'), ('arrowDir', '>'), ('mask1', 'scrambles/id006_v1_fm.jpg'), ('mask2', 'scrambles/id118_v1_so.jpg'), ('mask3', 'scrambles/id078_v1_si.jpg'), ('mask4', 'scrambles/id006_v1_fm.jpg')])
349.0769 	EXP 	fixStartTrial: autoDraw = False
349.0769 	EXP 	stim1: image = 'images/id071_v1_si.jpg'
349.0769 	EXP 	stim2: image = 'images/id103_v1_si.jpg'
349.0769 	EXP 	stim3: image = 'images/id079_v1_si.jpg'
349.0769 	EXP 	stim4: image = 'images/id087_v1_si.jpg'
349.0769 	EXP 	probe: image = 'images/id082_v1_si.jpg'
349.0769 	EXP 	mask1_run: image = 'scrambles/id006_v1_fm.jpg'
349.0769 	EXP 	mask2_prac_2: image = 'scrambles/id118_v1_so.jpg'
349.0769 	EXP 	mask3_run: image = 'scrambles/id078_v1_si.jpg'
349.0769 	EXP 	mask4_run: image = 'scrambles/id006_v1_fm.jpg'
349.0769 	EXP 	stim1: autoDraw = True
349.0769 	EXP 	stim2: autoDraw = True
349.0769 	EXP 	stim3: autoDraw = True
349.0769 	EXP 	stim4: autoDraw = True
352.3608 	EXP 	mask1_run: autoDraw = True
352.3608 	EXP 	mask2_prac_2: autoDraw = True
352.3608 	EXP 	mask3_run: autoDraw = True
352.3608 	EXP 	mask4_run: autoDraw = True
352.3774 	EXP 	stim1: autoDraw = False
352.3774 	EXP 	stim2: autoDraw = False
352.3774 	EXP 	stim3: autoDraw = False
352.3774 	EXP 	stim4: autoDraw = False
352.5608 	EXP 	fixDelay: autoDraw = True
352.5608 	EXP 	mask1_run: autoDraw = False
352.5608 	EXP 	mask2_prac_2: autoDraw = False
352.5608 	EXP 	mask3_run: autoDraw = False
352.5608 	EXP 	mask4_run: autoDraw = False
365.5599 	EXP 	fixDelay: autoDraw = False
365.5599 	EXP 	probe: autoDraw = True
366.7598 	EXP 	probe: autoDraw = False
366.7598 	EXP 	fixProbe: autoDraw = True
369.6096 	EXP 	stim1: autoDraw = False
369.6096 	EXP 	stim2: autoDraw = False
369.6096 	EXP 	stim3: autoDraw = False
369.6096 	EXP 	stim4: autoDraw = False
369.6096 	EXP 	fixDelay: autoDraw = False
369.6096 	EXP 	probe: autoDraw = False
369.6096 	EXP 	fixProbe: autoDraw = False
369.6096 	EXP 	mask1_run: autoDraw = False
369.6096 	EXP 	mask2_prac_2: autoDraw = False
369.6096 	EXP 	mask3_run: autoDraw = False
369.6096 	EXP 	mask4_run: autoDraw = False
369.6096 	EXP 	fixStartTrial: autoDraw = True
379.5927 	EXP 	New trial (rep=0, index=11): OrderedDict([('stimulus1', 'images/id018_v1_fm.jpg'), ('stimulus2', 'scrambles/id023_v1_fm.jpg'), ('stimulus3', 'scrambles/id010_v1_fm.jpg'), ('stimulus4', 'scrambles/id017_v1_fm.jpg'), ('probeIm', 'images/id005_v1_fm.jpg'), ('probeCon', 0), ('load', 1), ('category', 'fm'), ('correctResp', 'None'), ('arrowDir', '<'), ('mask1', 'scrambles/id030_v1_fm.jpg'), ('mask2', 'scrambles/id118_v1_so.jpg'), ('mask3', 'scrambles/id053_v1_ff.jpg'), ('mask4', 'scrambles/id061_v1_ff.jpg')])
379.7249 	EXP 	fixStartTrial: autoDraw = False
379.7249 	EXP 	stim1: image = 'images/id018_v1_fm.jpg'
379.7249 	EXP 	stim2: image = 'scrambles/id023_v1_fm.jpg'
379.7249 	EXP 	stim3: image = 'scrambles/id010_v1_fm.jpg'
379.7249 	EXP 	stim4: image = 'scrambles/id017_v1_fm.jpg'
379.7249 	EXP 	probe: image = 'images/id005_v1_fm.jpg'
379.7249 	EXP 	mask1_run: image = 'scrambles/id030_v1_fm.jpg'
379.7249 	EXP 	mask2_prac_2: image = 'scrambles/id118_v1_so.jpg'
379.7249 	EXP 	mask3_run: image = 'scrambles/id053_v1_ff.jpg'
379.7249 	EXP 	mask4_run: image = 'scrambles/id061_v1_ff.jpg'
379.7249 	EXP 	stim1: autoDraw = True
379.7249 	EXP 	stim2: autoDraw = True
379.7249 	EXP 	stim3: autoDraw = True
379.7249 	EXP 	stim4: autoDraw = True
382.9921 	EXP 	mask1_run: autoDraw = True
382.9921 	EXP 	mask2_prac_2: autoDraw = True
382.9921 	EXP 	mask3_run: autoDraw = True
382.9921 	EXP 	mask4_run: autoDraw = True
383.0254 	EXP 	stim1: autoDraw = False
383.0254 	EXP 	stim2: autoDraw = False
383.0254 	EXP 	stim3: autoDraw = False
383.0254 	EXP 	stim4: autoDraw = False
383.1932 	EXP 	fixDelay: autoDraw = True
383.1932 	EXP 	mask1_run: autoDraw = False
383.1932 	EXP 	mask2_prac_2: autoDraw = False
383.1932 	EXP 	mask3_run: autoDraw = False
383.1932 	EXP 	mask4_run: autoDraw = False
396.2079 	EXP 	fixDelay: autoDraw = False
396.2079 	EXP 	probe: autoDraw = True
397.4078 	EXP 	probe: autoDraw = False
397.4078 	EXP 	fixProbe: autoDraw = True
400.3243 	EXP 	stim1: autoDraw = False
400.3243 	EXP 	stim2: autoDraw = False
400.3243 	EXP 	stim3: autoDraw = False
400.3243 	EXP 	stim4: autoDraw = False
400.3243 	EXP 	fixDelay: autoDraw = False
400.3243 	EXP 	probe: autoDraw = False
400.3243 	EXP 	fixProbe: autoDraw = False
400.3243 	EXP 	mask1_run: autoDraw = False
400.3243 	EXP 	mask2_prac_2: autoDraw = False
400.3243 	EXP 	mask3_run: autoDraw = False
400.3243 	EXP 	mask4_run: autoDraw = False
400.3243 	EXP 	fixStartTrial: autoDraw = True
410.3073 	EXP 	New trial (rep=0, index=12): OrderedDict([('stimulus1', 'images/id139_v1_so.jpg'), ('stimulus2', 'scrambles/id118_v1_so.jpg'), ('stimulus3', 'scrambles/id132_v1_so.jpg'), ('stimulus4', 'scrambles/id131_v1_so.jpg'), ('probeIm', 'images/id139_v1_so.jpg'), ('probeCon', 1), ('load', 1), ('category', 'so'), ('correctResp', 'y'), ('arrowDir', '>'), ('mask1', 'scrambles/id118_v1_so.jpg'), ('mask2', 'scrambles/id078_v1_si.jpg'), ('mask3', 'scrambles/id052_v1_ff.jpg'), ('mask4', 'scrambles/id112_v1_so.jpg')])
410.4062 	EXP 	fixStartTrial: autoDraw = False
410.4062 	EXP 	stim1: image = 'images/id139_v1_so.jpg'
410.4062 	EXP 	stim2: image = 'scrambles/id118_v1_so.jpg'
410.4062 	EXP 	stim3: image = 'scrambles/id132_v1_so.jpg'
410.4062 	EXP 	stim4: image = 'scrambles/id131_v1_so.jpg'
410.4062 	EXP 	probe: image = 'images/id139_v1_so.jpg'
410.4062 	EXP 	mask1_run: image = 'scrambles/id118_v1_so.jpg'
410.4062 	EXP 	mask2_prac_2: image = 'scrambles/id078_v1_si.jpg'
410.4062 	EXP 	mask3_run: image = 'scrambles/id052_v1_ff.jpg'
410.4062 	EXP 	mask4_run: image = 'scrambles/id112_v1_so.jpg'
410.4062 	EXP 	stim1: autoDraw = True
410.4062 	EXP 	stim2: autoDraw = True
410.4062 	EXP 	stim3: autoDraw = True
410.4062 	EXP 	stim4: autoDraw = True
413.6901 	EXP 	mask1_run: autoDraw = True
413.6901 	EXP 	mask2_prac_2: autoDraw = True
413.6901 	EXP 	mask3_run: autoDraw = True
413.6901 	EXP 	mask4_run: autoDraw = True
413.7067 	EXP 	stim1: autoDraw = False
413.7067 	EXP 	stim2: autoDraw = False
413.7067 	EXP 	stim3: autoDraw = False
413.7067 	EXP 	stim4: autoDraw = False
413.8900 	EXP 	fixDelay: autoDraw = True
413.8900 	EXP 	mask1_run: autoDraw = False
413.8900 	EXP 	mask2_prac_2: autoDraw = False
413.8900 	EXP 	mask3_run: autoDraw = False
413.8900 	EXP 	mask4_run: autoDraw = False
426.8892 	EXP 	fixDelay: autoDraw = False
426.8892 	EXP 	probe: autoDraw = True
428.0892 	EXP 	probe: autoDraw = False
428.0892 	EXP 	fixProbe: autoDraw = True
431.0222 	EXP 	stim1: autoDraw = False
431.0222 	EXP 	stim2: autoDraw = False
431.0222 	EXP 	stim3: autoDraw = False
431.0222 	EXP 	stim4: autoDraw = False
431.0222 	EXP 	fixDelay: autoDraw = False
431.0222 	EXP 	probe: autoDraw = False
431.0222 	EXP 	fixProbe: autoDraw = False
431.0222 	EXP 	mask1_run: autoDraw = False
431.0222 	EXP 	mask2_prac_2: autoDraw = False
431.0222 	EXP 	mask3_run: autoDraw = False
431.0222 	EXP 	mask4_run: autoDraw = False
431.0222 	EXP 	fixStartTrial: autoDraw = True
441.0053 	EXP 	New trial (rep=0, index=13): OrderedDict([('stimulus1', 'images/id111_v1_so.jpg'), ('stimulus2', 'images/id127_v1_so.jpg'), ('stimulus3', 'images/id107_v1_so.jpg'), ('stimulus4', 'images/id118_v1_so.jpg'), ('probeIm', 'images/id113_v1_so.jpg'), ('probeCon', 0), ('load', 4), ('category', 'so'), ('correctResp', 'None'), ('arrowDir', '>'), ('mask1', 'scrambles/id023_v1_fm.jpg'), ('mask2', 'scrambles/id053_v1_ff.jpg'), ('mask3', 'scrambles/id081_v1_si.jpg'), ('mask4', 'scrambles/id030_v1_fm.jpg')])
441.1708 	EXP 	fixStartTrial: autoDraw = False
441.1708 	EXP 	stim1: image = 'images/id111_v1_so.jpg'
441.1708 	EXP 	stim2: image = 'images/id127_v1_so.jpg'
441.1708 	EXP 	stim3: image = 'images/id107_v1_so.jpg'
441.1708 	EXP 	stim4: image = 'images/id118_v1_so.jpg'
441.1708 	EXP 	probe: image = 'images/id113_v1_so.jpg'
441.1708 	EXP 	mask1_run: image = 'scrambles/id023_v1_fm.jpg'
441.1708 	EXP 	mask2_prac_2: image = 'scrambles/id053_v1_ff.jpg'
441.1708 	EXP 	mask3_run: image = 'scrambles/id081_v1_si.jpg'
441.1708 	EXP 	mask4_run: image = 'scrambles/id030_v1_fm.jpg'
441.1708 	EXP 	stim1: autoDraw = True
441.1708 	EXP 	stim2: autoDraw = True
441.1708 	EXP 	stim3: autoDraw = True
441.1708 	EXP 	stim4: autoDraw = True
444.4547 	EXP 	mask1_run: autoDraw = True
444.4547 	EXP 	mask2_prac_2: autoDraw = True
444.4547 	EXP 	mask3_run: autoDraw = True
444.4547 	EXP 	mask4_run: autoDraw = True
444.4714 	EXP 	stim1: autoDraw = False
444.4714 	EXP 	stim2: autoDraw = False
444.4714 	EXP 	stim3: autoDraw = False
444.4714 	EXP 	stim4: autoDraw = False
444.6547 	EXP 	fixDelay: autoDraw = True
444.6547 	EXP 	mask1_run: autoDraw = False
444.6547 	EXP 	mask2_prac_2: autoDraw = False
444.6547 	EXP 	mask3_run: autoDraw = False
444.6547 	EXP 	mask4_run: autoDraw = False
457.6539 	EXP 	fixDelay: autoDraw = False
457.6539 	EXP 	probe: autoDraw = True
458.8539 	EXP 	probe: autoDraw = False
458.8539 	EXP 	fixProbe: autoDraw = True
461.7202 	EXP 	stim1: autoDraw = False
461.7202 	EXP 	stim2: autoDraw = False
461.7202 	EXP 	stim3: autoDraw = False
461.7202 	EXP 	stim4: autoDraw = False
461.7202 	EXP 	fixDelay: autoDraw = False
461.7202 	EXP 	probe: autoDraw = False
461.7202 	EXP 	fixProbe: autoDraw = False
461.7202 	EXP 	mask1_run: autoDraw = False
461.7202 	EXP 	mask2_prac_2: autoDraw = False
461.7202 	EXP 	mask3_run: autoDraw = False
461.7202 	EXP 	mask4_run: autoDraw = False
461.7202 	EXP 	fixStartTrial: autoDraw = True
462.9079 	DATA 	Keypress: b
471.7035 	EXP 	New trial (rep=0, index=14): OrderedDict([('stimulus1', 'images/id091_v1_si.jpg'), ('stimulus2', 'images/id105_v1_si.jpg'), ('stimulus3', 'images/id081_v1_si.jpg'), ('stimulus4', 'images/id086_v1_si.jpg'), ('probeIm', 'images/id091_v1_si.jpg'), ('probeCon', 1), ('load', 4), ('category', 'si'), ('correctResp', 'y'), ('arrowDir', '>'), ('mask1', 'scrambles/id112_v1_so.jpg'), ('mask2', 'scrambles/id036_v1_ff.jpg'), ('mask3', 'scrambles/id078_v1_si.jpg'), ('mask4', 'scrambles/id061_v1_ff.jpg')])
471.8024 	EXP 	fixStartTrial: autoDraw = False
471.8024 	EXP 	stim1: image = 'images/id091_v1_si.jpg'
471.8024 	EXP 	stim2: image = 'images/id105_v1_si.jpg'
471.8024 	EXP 	stim3: image = 'images/id081_v1_si.jpg'
471.8024 	EXP 	stim4: image = 'images/id086_v1_si.jpg'
471.8024 	EXP 	probe: image = 'images/id091_v1_si.jpg'
471.8024 	EXP 	mask1_run: image = 'scrambles/id112_v1_so.jpg'
471.8024 	EXP 	mask2_prac_2: image = 'scrambles/id036_v1_ff.jpg'
471.8024 	EXP 	mask3_run: image = 'scrambles/id078_v1_si.jpg'
471.8024 	EXP 	mask4_run: image = 'scrambles/id061_v1_ff.jpg'
471.8024 	EXP 	stim1: autoDraw = True
471.8024 	EXP 	stim2: autoDraw = True
471.8024 	EXP 	stim3: autoDraw = True
471.8024 	EXP 	stim4: autoDraw = True
475.0861 	EXP 	mask1_run: autoDraw = True
475.0861 	EXP 	mask2_prac_2: autoDraw = True
475.0861 	EXP 	mask3_run: autoDraw = True
475.0861 	EXP 	mask4_run: autoDraw = True
475.1027 	EXP 	stim1: autoDraw = False
475.1027 	EXP 	stim2: autoDraw = False
475.1027 	EXP 	stim3: autoDraw = False
475.1027 	EXP 	stim4: autoDraw = False
475.2860 	EXP 	fixDelay: autoDraw = True
475.2860 	EXP 	mask1_run: autoDraw = False
475.2860 	EXP 	mask2_prac_2: autoDraw = False
475.2860 	EXP 	mask3_run: autoDraw = False
475.2860 	EXP 	mask4_run: autoDraw = False
488.2854 	EXP 	fixDelay: autoDraw = False
488.2854 	EXP 	probe: autoDraw = True
489.4843 	EXP 	probe: autoDraw = False
489.4843 	EXP 	fixProbe: autoDraw = True
492.4182 	EXP 	stim1: autoDraw = False
492.4182 	EXP 	stim2: autoDraw = False
492.4182 	EXP 	stim3: autoDraw = False
492.4182 	EXP 	stim4: autoDraw = False
492.4182 	EXP 	fixDelay: autoDraw = False
492.4182 	EXP 	probe: autoDraw = False
492.4182 	EXP 	fixProbe: autoDraw = False
492.4182 	EXP 	mask1_run: autoDraw = False
492.4182 	EXP 	mask2_prac_2: autoDraw = False
492.4182 	EXP 	mask3_run: autoDraw = False
492.4182 	EXP 	mask4_run: autoDraw = False
492.4182 	EXP 	fixStartTrial: autoDraw = True
502.4026 	EXP 	New trial (rep=0, index=15): OrderedDict([('stimulus1', 'images/id053_v1_ff.jpg'), ('stimulus2', 'images/id051_v1_ff.jpg'), ('stimulus3', 'images/id052_v1_ff.jpg'), ('stimulus4', 'images/id055_v1_ff.jpg'), ('probeIm', 'images/id069_v1_ff.jpg'), ('probeCon', 0), ('load', 4), ('category', 'ff'), ('correctResp', 'None'), ('arrowDir', '>'), ('mask1', 'scrambles/id036_v1_ff.jpg'), ('mask2', 'scrambles/id061_v1_ff.jpg'), ('mask3', 'scrambles/id022_v1_fm.jpg'), ('mask4', 'scrambles/id036_v1_ff.jpg')])
502.5336 	EXP 	fixStartTrial: autoDraw = False
502.5336 	EXP 	stim1: image = 'images/id053_v1_ff.jpg'
502.5336 	EXP 	stim2: image = 'images/id051_v1_ff.jpg'
502.5336 	EXP 	stim3: image = 'images/id052_v1_ff.jpg'
502.5336 	EXP 	stim4: image = 'images/id055_v1_ff.jpg'
502.5336 	EXP 	probe: image = 'images/id069_v1_ff.jpg'
502.5336 	EXP 	mask1_run: image = 'scrambles/id036_v1_ff.jpg'
502.5336 	EXP 	mask2_prac_2: image = 'scrambles/id061_v1_ff.jpg'
502.5336 	EXP 	mask3_run: image = 'scrambles/id022_v1_fm.jpg'
502.5336 	EXP 	mask4_run: image = 'scrambles/id036_v1_ff.jpg'
502.5336 	EXP 	stim1: autoDraw = True
502.5336 	EXP 	stim2: autoDraw = True
502.5336 	EXP 	stim3: autoDraw = True
502.5336 	EXP 	stim4: autoDraw = True
505.8007 	EXP 	mask1_run: autoDraw = True
505.8007 	EXP 	mask2_prac_2: autoDraw = True
505.8007 	EXP 	mask3_run: autoDraw = True
505.8007 	EXP 	mask4_run: autoDraw = True
505.8341 	EXP 	stim1: autoDraw = False
505.8341 	EXP 	stim2: autoDraw = False
505.8341 	EXP 	stim3: autoDraw = False
505.8341 	EXP 	stim4: autoDraw = False
506.0008 	EXP 	fixDelay: autoDraw = True
506.0008 	EXP 	mask1_run: autoDraw = False
506.0008 	EXP 	mask2_prac_2: autoDraw = False
506.0008 	EXP 	mask3_run: autoDraw = False
506.0008 	EXP 	mask4_run: autoDraw = False
518.9998 	EXP 	fixDelay: autoDraw = False
518.9998 	EXP 	probe: autoDraw = True
520.1989 	EXP 	probe: autoDraw = False
520.1989 	EXP 	fixProbe: autoDraw = True
523.1162 	EXP 	stim1: autoDraw = False
523.1162 	EXP 	stim2: autoDraw = False
523.1162 	EXP 	stim3: autoDraw = False
523.1162 	EXP 	stim4: autoDraw = False
523.1162 	EXP 	fixDelay: autoDraw = False
523.1162 	EXP 	probe: autoDraw = False
523.1162 	EXP 	fixProbe: autoDraw = False
523.1162 	EXP 	mask1_run: autoDraw = False
523.1162 	EXP 	mask2_prac_2: autoDraw = False
523.1162 	EXP 	mask3_run: autoDraw = False
523.1162 	EXP 	mask4_run: autoDraw = False
523.1162 	EXP 	fixStartTrial: autoDraw = True
533.1155 	EXP 	fixStartTrial: autoDraw = False
533.1155 	EXP 	fixEnd: autoDraw = True
533.9155 	EXP 	fixEnd: autoDraw = False
533.9155 	EXP 	feedbackTxtRun: text = 'Du hattest 50.0% richtig.'
533.9155 	EXP 	feedbackTxtRun: autoDraw = True
731.8639 	DATA 	Keypress: escape
731.9774 	EXP 	window1: mouseVisible = True
