1.9386 	WARNING 	We strongly recommend you activate the PTB sound engine in PsychoPy prefs as the preferred audio engine. Its timing is vastly superior. Your prefs are currently set to use ['sounddevice', 'PTB', 'pyo', 'pygame'] (in that order).
13.1320 	EXP 	Created window1 = Window(allowGUI=False, allowStencil=False, args=UNKNOWN, autoLog=True, bitsMode=UNKNOWN, blendMode='avg', bpc=(8, 8, 8), color=array([0., 0., 0.]), colorSpace='rgb', depthBits=8, fullscr=<method-wrapper '__getattribute__' of attributeSetter object at 0x7fcfd0ef2358>, gamma=None, gammaErrorPolicy='raise', kwargs=UNKNOWN, lms=UNKNOWN, monitor=<psychopy.monitors.calibTools.Monitor object at 0x7fcfce749908>, multiSample=False, name='window1', numSamples=2, pos=[0.0, 0.0], screen=0, size=array([1024,  768]), stencilBits=0, stereo=False, units='height', useFBO=True, useRetina=False, viewOri=0.0, viewPos=None, viewScale=None, waitBlanking=True, winType='pyglet')
13.1321 	EXP 	window1: mouseVisible = True
13.1321 	EXP 	window1: recordFrameIntervals = False
13.2981 	EXP 	window1: recordFrameIntervals = True
13.4816 	EXP 	window1: recordFrameIntervals = False
13.5659 	EXP 	Created Welcome_text = TextStim(__class__=<class 'psychopy.visual.text.TextStim'>, alignHoriz=method-wrapper(...), alignText='center', alignVert=method-wrapper(...), anchorHoriz='center', anchorVert='center', antialias=True, autoLog=True, bold=False, color='white', colorSpace='named', contrast=1.0, depth=0.0, flipHoriz=False, flipVert=False, font='Arial', fontFiles=[], height=0.05, italic=False, languageStyle='LTR', name='Welcome_text', opacity=1.0, ori=0, pos=array([0., 0.]), rgb=array([255., 255., 255.]), text=str(...), units='height', win=Window(...), wrapWidth=1)
13.5686 	EXP 	Created Instruction_text = TextStim(__class__=<class 'psychopy.visual.text.TextStim'>, alignHoriz=method-wrapper(...), alignText='center', alignVert=method-wrapper(...), anchorHoriz='center', anchorVert='center', antialias=True, autoLog=True, bold=False, color='white', colorSpace='named', contrast=1.0, depth=0.0, flipHoriz=False, flipVert=False, font='Arial', fontFiles=[], height=0.05, italic=False, languageStyle='LTR', name='Instruction_text', opacity=1.0, ori=0, pos=array([0., 0.]), rgb=array([255., 255., 255.]), text='default text', units='height', win=Window(...), wrapWidth=1)
13.5705 	EXP 	Created stim1_inst = ImageStim(__class__=<class 'psychopy.visual.image.ImageStim'>, autoLog=True, color=array([1., 1., 1.]), colorSpace='rgb', contrast=1.0, depth=0.0, flipHoriz=False, flipVert=False, image='sin', interpolate=True, mask=None, maskParams=None, name='stim1_inst', opacity=1.0, ori=0.0, pos=array([-0.11,  0.11]), size=array([0.2, 0.2]), texRes=512, units='height', win=Window(...))
13.5717 	EXP 	Created stim2_inst = ImageStim(__class__=<class 'psychopy.visual.image.ImageStim'>, autoLog=True, color=array([1., 1., 1.]), colorSpace='rgb', contrast=1.0, depth=-1.0, flipHoriz=False, flipVert=False, image='sin', interpolate=True, mask=None, maskParams=None, name='stim2_inst', opacity=1.0, ori=0.0, pos=array([0.11, 0.11]), size=array([0.2, 0.2]), texRes=512, units='height', win=Window(...))
13.5728 	EXP 	Created stim3_inst = ImageStim(__class__=<class 'psychopy.visual.image.ImageStim'>, autoLog=True, color=array([1., 1., 1.]), colorSpace='rgb', contrast=1.0, depth=-2.0, flipHoriz=False, flipVert=False, image='sin', interpolate=True, mask=None, maskParams=None, name='stim3_inst', opacity=1.0, ori=0.0, pos=array([ 0.11, -0.11]), size=array([0.2, 0.2]), texRes=128, units='height', win=Window(...))
13.5740 	EXP 	Created stim4_inst = ImageStim(__class__=<class 'psychopy.visual.image.ImageStim'>, autoLog=True, color=array([1., 1., 1.]), colorSpace='rgb', contrast=1.0, depth=-3.0, flipHoriz=False, flipVert=False, image='sin', interpolate=True, mask=None, maskParams=None, name='stim4_inst', opacity=1.0, ori=0.0, pos=array([-0.11, -0.11]), size=array([0.2, 0.2]), texRes=128, units='height', win=Window(...))
13.5783 	EXP 	Created trialExplanation = TextStim(__class__=<class 'psychopy.visual.text.TextStim'>, alignHoriz=method-wrapper(...), alignText='center', alignVert=method-wrapper(...), anchorHoriz='center', anchorVert='center', antialias=True, autoLog=True, bold=False, color='white', colorSpace='named', contrast=1.0, depth=-4.0, flipHoriz=False, flipVert=False, font='Arial', fontFiles=[], height=0.05, italic=False, languageStyle='LTR', name='trialExplanation', opacity=1.0, ori=0, pos=array([0. , 0.3]), rgb=array([255., 255., 255.]), text=str(...), units='height', win=Window(...), wrapWidth=1)
13.5797 	EXP 	Created mask1_inst = ImageStim(__class__=<class 'psychopy.visual.image.ImageStim'>, autoLog=True, color=array([1., 1., 1.]), colorSpace='rgb', contrast=1.0, depth=0.0, flipHoriz=False, flipVert=False, image='sin', interpolate=True, mask=None, maskParams=None, name='mask1_inst', opacity=1.0, ori=0.0, pos=array([-0.11,  0.11]), size=array([0.2, 0.2]), texRes=512, units='height', win=Window(...))
13.5808 	EXP 	Created mask2_inst = ImageStim(__class__=<class 'psychopy.visual.image.ImageStim'>, autoLog=True, color=array([1., 1., 1.]), colorSpace='rgb', contrast=1.0, depth=-1.0, flipHoriz=False, flipVert=False, image='sin', interpolate=True, mask=None, maskParams=None, name='mask2_inst', opacity=1.0, ori=0.0, pos=array([0.11, 0.11]), size=array([0.2, 0.2]), texRes=512, units='height', win=Window(...))
13.5819 	EXP 	Created mask3_inst = ImageStim(__class__=<class 'psychopy.visual.image.ImageStim'>, autoLog=True, color=array([1., 1., 1.]), colorSpace='rgb', contrast=1.0, depth=-2.0, flipHoriz=False, flipVert=False, image='sin', interpolate=True, mask=None, maskParams=None, name='mask3_inst', opacity=1.0, ori=0.0, pos=array([ 0.11, -0.11]), size=array([0.2, 0.2]), texRes=128, units='height', win=Window(...))
13.5830 	EXP 	Created mask4_inst = ImageStim(__class__=<class 'psychopy.visual.image.ImageStim'>, autoLog=True, color=array([1., 1., 1.]), colorSpace='rgb', contrast=1.0, depth=-3.0, flipHoriz=False, flipVert=False, image='sin', interpolate=True, mask=None, maskParams=None, name='mask4_inst', opacity=1.0, ori=0.0, pos=array([-0.11, -0.11]), size=array([0.2, 0.2]), texRes=128, units='height', win=Window(...))
13.5844 	EXP 	Created fixDelay_2 = ShapeStim(__class__=<class 'psychopy.visual.shape.ShapeStim'>, autoDraw=False, autoLog=True, closeShape=True, contrast=1.0, depth=0.0, fillColor=array([1., 0., 0.]), fillColorSpace='rgb', interpolate=True, lineColor=array([1., 0., 0.]), lineColorSpace='rgb', lineWidth=1, name='fixDelay_2', opacity=1.0, ori=array(0.), pos=array([0., 0.]), size=array([0.01, 0.01]), units='height', vertices=ndarray(...), win=Window(...), windingRule=None)
13.5916 	EXP 	Created delayExplanation = TextStim(__class__=<class 'psychopy.visual.text.TextStim'>, alignHoriz=method-wrapper(...), alignText='center', alignVert=method-wrapper(...), anchorHoriz='center', anchorVert='center', antialias=True, autoLog=True, bold=False, color='white', colorSpace='named', contrast=1.0, depth=-1.0, flipHoriz=False, flipVert=False, font='Arial', fontFiles=[], height=0.05, italic=False, languageStyle='LTR', name='delayExplanation', opacity=1.0, ori=0, pos=array([0. , 0.3]), rgb=array([255., 255., 255.]), text=str(...), units='height', win=Window(...), wrapWidth=1)
13.5944 	EXP 	Created probe_inst = ImageStim(__class__=<class 'psychopy.visual.image.ImageStim'>, autoLog=True, color=array([1., 1., 1.]), colorSpace='rgb', contrast=1.0, depth=0.0, flipHoriz=False, flipVert=False, image='sin', interpolate=True, mask=None, maskParams=None, name='probe_inst', opacity=1.0, ori=0.0, pos=array([0., 0.]), size=array([0.2, 0.2]), texRes=512, units='height', win=Window(...))
13.5957 	EXP 	Created fixProbe_inst = ShapeStim(__class__=<class 'psychopy.visual.shape.ShapeStim'>, autoDraw=False, autoLog=True, closeShape=True, contrast=1.0, depth=-1.0, fillColor=array([0., 1., 0.]), fillColorSpace='rgb', interpolate=True, lineColor=array([0., 1., 0.]), lineColorSpace='rgb', lineWidth=1, name='fixProbe_inst', opacity=1.0, ori=array(0.), pos=array([0., 0.]), size=array([0.01, 0.01]), units='height', vertices=ndarray(...), win=Window(...), windingRule=None)
13.6038 	EXP 	Created probeInst = TextStim(__class__=<class 'psychopy.visual.text.TextStim'>, alignHoriz=method-wrapper(...), alignText='center', alignVert=method-wrapper(...), anchorHoriz='center', anchorVert='center', antialias=True, autoLog=True, bold=False, color='white', colorSpace='named', contrast=1.0, depth=-3.0, flipHoriz=False, flipVert=False, font='Arial', fontFiles=[], height=0.05, italic=False, languageStyle='LTR', name='probeInst', opacity=1.0, ori=0, pos=array([0.  , 0.25]), rgb=array([255., 255., 255.]), text=str(...), units='height', win=Window(...), wrapWidth=1)
13.6104 	EXP 	Created rewardInst = TextStim(__class__=<class 'psychopy.visual.text.TextStim'>, alignHoriz=method-wrapper(...), alignText='center', alignVert=method-wrapper(...), anchorHoriz='center', anchorVert='center', antialias=True, autoLog=True, bold=False, color='white', colorSpace='named', contrast=1.0, depth=0.0, flipHoriz=False, flipVert=False, font='Arial', fontFiles=[], height=0.05, italic=False, languageStyle='LTR', name='rewardInst', opacity=1.0, ori=0, pos=array([0., 0.]), rgb=array([255., 255., 255.]), text=str(...), units='height', win=Window(...), wrapWidth=1)
13.6184 	EXP 	Created Button_reminder = TextStim(__class__=<class 'psychopy.visual.text.TextStim'>, alignHoriz=method-wrapper(...), alignText='center', alignVert=method-wrapper(...), anchorHoriz='center', anchorVert='center', antialias=True, autoLog=True, bold=False, color='white', colorSpace='named', contrast=1.0, depth=0.0, flipHoriz=False, flipVert=False, font='Arial', fontFiles=[], height=0.05, italic=False, languageStyle='LTR', name='Button_reminder', opacity=1.0, ori=0, pos=array([0., 0.]), rgb=array([255., 255., 255.]), text=str(...), units='height', win=Window(...), wrapWidth=1)
13.6199 	EXP 	Created fixStartTrial_2 = ShapeStim(__class__=<class 'psychopy.visual.shape.ShapeStim'>, autoDraw=False, autoLog=True, closeShape=True, contrast=1.0, depth=0.0, fillColor=array([1., 1., 1.]), fillColorSpace='rgb', interpolate=True, lineColor=array([1., 1., 1.]), lineColorSpace='rgb', lineWidth=1, name='fixStartTrial_2', opacity=1.0, ori=array(0.), pos=array([0., 0.]), size=array([0.01, 0.01]), units='height', vertices=ndarray(...), win=Window(...), windingRule=None)
13.6212 	EXP 	Created stim1_Practice = ImageStim(__class__=<class 'psychopy.visual.image.ImageStim'>, autoLog=True, color=array([1., 1., 1.]), colorSpace='rgb', contrast=1.0, depth=0.0, flipHoriz=False, flipVert=False, image='sin', interpolate=True, mask=None, maskParams=None, name='stim1_Practice', opacity=1.0, ori=0.0, pos=array([-0.11,  0.11]), size=array([0.2, 0.2]), texRes=512, units='height', win=Window(...))
13.6224 	EXP 	Created stim2_Practice = ImageStim(__class__=<class 'psychopy.visual.image.ImageStim'>, autoLog=True, color=array([1., 1., 1.]), colorSpace='rgb', contrast=1.0, depth=-1.0, flipHoriz=False, flipVert=False, image='sin', interpolate=True, mask=None, maskParams=None, name='stim2_Practice', opacity=1.0, ori=0.0, pos=array([0.11, 0.11]), size=array([0.2, 0.2]), texRes=512, units='height', win=Window(...))
13.6235 	EXP 	Created stim3_Practice = ImageStim(__class__=<class 'psychopy.visual.image.ImageStim'>, autoLog=True, color=array([1., 1., 1.]), colorSpace='rgb', contrast=1.0, depth=-2.0, flipHoriz=False, flipVert=False, image='sin', interpolate=True, mask=None, maskParams=None, name='stim3_Practice', opacity=1.0, ori=0.0, pos=array([ 0.11, -0.11]), size=array([0.2, 0.2]), texRes=128, units='height', win=Window(...))
13.6246 	EXP 	Created stim4_Practice = ImageStim(__class__=<class 'psychopy.visual.image.ImageStim'>, autoLog=True, color=array([1., 1., 1.]), colorSpace='rgb', contrast=1.0, depth=-3.0, flipHoriz=False, flipVert=False, image='sin', interpolate=True, mask=None, maskParams=None, name='stim4_Practice', opacity=1.0, ori=0.0, pos=array([-0.11, -0.11]), size=array([0.2, 0.2]), texRes=128, units='height', win=Window(...))
13.6258 	EXP 	Created fixDelay_Practice = ShapeStim(__class__=<class 'psychopy.visual.shape.ShapeStim'>, autoDraw=False, autoLog=True, closeShape=True, contrast=1.0, depth=-4.0, fillColor=array([1., 0., 0.]), fillColorSpace='rgb', interpolate=True, lineColor=array([1., 0., 0.]), lineColorSpace='rgb', lineWidth=1, name='fixDelay_Practice', opacity=1.0, ori=array(0.), pos=array([0., 0.]), size=array([0.01, 0.01]), units='height', vertices=ndarray(...), win=Window(...), windingRule=None)
13.6269 	EXP 	Created probe_Practice = ImageStim(__class__=<class 'psychopy.visual.image.ImageStim'>, autoLog=True, color=array([1., 1., 1.]), colorSpace='rgb', contrast=1.0, depth=-5.0, flipHoriz=False, flipVert=False, image='sin', interpolate=True, mask=None, maskParams=None, name='probe_Practice', opacity=1.0, ori=0.0, pos=array([0., 0.]), size=array([0.2, 0.2]), texRes=512, units='height', win=Window(...))
13.6280 	EXP 	Created fixProbe_Practice = ShapeStim(__class__=<class 'psychopy.visual.shape.ShapeStim'>, autoDraw=False, autoLog=True, closeShape=True, contrast=1.0, depth=-6.0, fillColor=array([0., 1., 0.]), fillColorSpace='rgb', interpolate=True, lineColor=array([0., 1., 0.]), lineColorSpace='rgb', lineWidth=1, name='fixProbe_Practice', opacity=1.0, ori=array(0.), pos=array([0., 0.]), size=array([0.01, 0.01]), units='height', vertices=ndarray(...), win=Window(...), windingRule=None)
13.6293 	EXP 	Created mask1_prac = ImageStim(__class__=<class 'psychopy.visual.image.ImageStim'>, autoLog=True, color=array([1., 1., 1.]), colorSpace='rgb', contrast=1.0, depth=-8.0, flipHoriz=False, flipVert=False, image='sin', interpolate=True, mask=None, maskParams=None, name='mask1_prac', opacity=1.0, ori=0.0, pos=array([-0.11,  0.11]), size=array([0.2, 0.2]), texRes=512, units='height', win=Window(...))
13.6304 	EXP 	Created mask2_prac = ImageStim(__class__=<class 'psychopy.visual.image.ImageStim'>, autoLog=True, color=array([1., 1., 1.]), colorSpace='rgb', contrast=1.0, depth=-9.0, flipHoriz=False, flipVert=False, image='sin', interpolate=True, mask=None, maskParams=None, name='mask2_prac', opacity=1.0, ori=0.0, pos=array([0.11, 0.11]), size=array([0.2, 0.2]), texRes=512, units='height', win=Window(...))
13.6315 	EXP 	Created mask3_prac = ImageStim(__class__=<class 'psychopy.visual.image.ImageStim'>, autoLog=True, color=array([1., 1., 1.]), colorSpace='rgb', contrast=1.0, depth=-10.0, flipHoriz=False, flipVert=False, image='sin', interpolate=True, mask=None, maskParams=None, name='mask3_prac', opacity=1.0, ori=0.0, pos=array([ 0.11, -0.11]), size=array([0.2, 0.2]), texRes=128, units='height', win=Window(...))
13.6326 	EXP 	Created mask4_prac = ImageStim(__class__=<class 'psychopy.visual.image.ImageStim'>, autoLog=True, color=array([1., 1., 1.]), colorSpace='rgb', contrast=1.0, depth=-11.0, flipHoriz=False, flipVert=False, image='sin', interpolate=True, mask=None, maskParams=None, name='mask4_prac', opacity=1.0, ori=0.0, pos=array([-0.11, -0.11]), size=array([0.2, 0.2]), texRes=128, units='height', win=Window(...))
13.6345 	EXP 	Created feedbackText = TextStim(__class__=<class 'psychopy.visual.text.TextStim'>, alignHoriz=method-wrapper(...), alignText='center', alignVert=method-wrapper(...), anchorHoriz='center', anchorVert='center', antialias=True, autoLog=True, bold=False, color='white', colorSpace='named', contrast=1.0, depth=-1.0, flipHoriz=False, flipVert=False, font='Arial', fontFiles=[], height=0.05, italic=False, languageStyle='LTR', name='feedbackText', opacity=1.0, ori=0, pos=array([0., 0.]), rgb=array([255., 255., 255.]), text='default text', units='height', win=Window(...), wrapWidth=1)
13.6362 	EXP 	Created text_7 = TextStim(__class__=<class 'psychopy.visual.text.TextStim'>, alignHoriz=method-wrapper(...), alignText='center', alignVert=method-wrapper(...), anchorHoriz='center', anchorVert='center', antialias=True, autoLog=True, bold=False, color='white', colorSpace='named', contrast=1.0, depth=-1.0, flipHoriz=False, flipVert=False, font='Arial', fontFiles=[], height=0.05, italic=False, languageStyle='LTR', name='text_7', opacity=1.0, ori=0, pos=array([0., 0.]), rgb=array([255., 255., 255.]), text='default text', units='height', win=Window(...), wrapWidth=1)
13.6380 	EXP 	Created text_run = TextStim(__class__=<class 'psychopy.visual.text.TextStim'>, alignHoriz=method-wrapper(...), alignText='center', alignVert=method-wrapper(...), anchorHoriz='center', anchorVert='center', antialias=True, autoLog=True, bold=False, color='white', colorSpace='named', contrast=1.0, depth=0.0, flipHoriz=False, flipVert=False, font='Arial', fontFiles=[], height=0.05, italic=False, languageStyle='LTR', name='text_run', opacity=1.0, ori=0, pos=array([0., 0.]), rgb=array([255., 255., 255.]), text='default text', units='height', win=Window(...), wrapWidth=1)
13.6393 	EXP 	Created fixStart = ShapeStim(__class__=<class 'psychopy.visual.shape.ShapeStim'>, autoDraw=False, autoLog=True, closeShape=True, contrast=1.0, depth=0.0, fillColor=array([1., 1., 1.]), fillColorSpace='rgb', interpolate=True, lineColor=array([1., 1., 1.]), lineColorSpace='rgb', lineWidth=1, name='fixStart', opacity=1.0, ori=array(0.), pos=array([0., 0.]), size=array([0.01, 0.01]), units='height', vertices=ndarray(...), win=Window(...), windingRule=None)
13.6405 	EXP 	Created stim1 = ImageStim(__class__=<class 'psychopy.visual.image.ImageStim'>, autoLog=True, color=array([1., 1., 1.]), colorSpace='rgb', contrast=1.0, depth=0.0, flipHoriz=False, flipVert=False, image='sin', interpolate=True, mask=None, maskParams=None, name='stim1', opacity=1.0, ori=0.0, pos=array([-0.11,  0.11]), size=array([0.2, 0.2]), texRes=512, units='height', win=Window(...))
13.6416 	EXP 	Created stim2 = ImageStim(__class__=<class 'psychopy.visual.image.ImageStim'>, autoLog=True, color=array([1., 1., 1.]), colorSpace='rgb', contrast=1.0, depth=-1.0, flipHoriz=False, flipVert=False, image='sin', interpolate=True, mask=None, maskParams=None, name='stim2', opacity=1.0, ori=0.0, pos=array([0.11, 0.11]), size=array([0.2, 0.2]), texRes=512, units='height', win=Window(...))
13.6427 	EXP 	Created stim3 = ImageStim(__class__=<class 'psychopy.visual.image.ImageStim'>, autoLog=True, color=array([1., 1., 1.]), colorSpace='rgb', contrast=1.0, depth=-2.0, flipHoriz=False, flipVert=False, image='sin', interpolate=True, mask=None, maskParams=None, name='stim3', opacity=1.0, ori=0.0, pos=array([ 0.11, -0.11]), size=array([0.2, 0.2]), texRes=128, units='height', win=Window(...))
13.6439 	EXP 	Created stim4 = ImageStim(__class__=<class 'psychopy.visual.image.ImageStim'>, autoLog=True, color=array([1., 1., 1.]), colorSpace='rgb', contrast=1.0, depth=-3.0, flipHoriz=False, flipVert=False, image='sin', interpolate=True, mask=None, maskParams=None, name='stim4', opacity=1.0, ori=0.0, pos=array([-0.11, -0.11]), size=array([0.2, 0.2]), texRes=128, units='height', win=Window(...))
13.6450 	EXP 	Created fixDelay = ShapeStim(__class__=<class 'psychopy.visual.shape.ShapeStim'>, autoDraw=False, autoLog=True, closeShape=True, contrast=1.0, depth=-4.0, fillColor=array([1., 0., 0.]), fillColorSpace='rgb', interpolate=True, lineColor=array([1., 0., 0.]), lineColorSpace='rgb', lineWidth=1, name='fixDelay', opacity=1.0, ori=array(0.), pos=array([0., 0.]), size=array([0.01, 0.01]), units='height', vertices=ndarray(...), win=Window(...), windingRule=None)
13.6461 	EXP 	Created probe = ImageStim(__class__=<class 'psychopy.visual.image.ImageStim'>, autoLog=True, color=array([1., 1., 1.]), colorSpace='rgb', contrast=1.0, depth=-5.0, flipHoriz=False, flipVert=False, image='sin', interpolate=True, mask=None, maskParams=None, name='probe', opacity=1.0, ori=0.0, pos=array([0., 0.]), size=array([0.2, 0.2]), texRes=512, units='height', win=Window(...))
13.6473 	EXP 	Created fixProbe = ShapeStim(__class__=<class 'psychopy.visual.shape.ShapeStim'>, autoDraw=False, autoLog=True, closeShape=True, contrast=1.0, depth=-6.0, fillColor=array([0., 1., 0.]), fillColorSpace='rgb', interpolate=True, lineColor=array([0., 1., 0.]), lineColorSpace='rgb', lineWidth=1, name='fixProbe', opacity=1.0, ori=array(0.), pos=array([0., 0.]), size=array([0.01, 0.01]), units='height', vertices=ndarray(...), win=Window(...), windingRule=None)
13.6488 	EXP 	Created mask1_run = ImageStim(__class__=<class 'psychopy.visual.image.ImageStim'>, autoLog=True, color=array([1., 1., 1.]), colorSpace='rgb', contrast=1.0, depth=-9.0, flipHoriz=False, flipVert=False, image='sin', interpolate=True, mask=None, maskParams=None, name='mask1_run', opacity=1.0, ori=0.0, pos=array([-0.11,  0.11]), size=array([0.2, 0.2]), texRes=512, units='height', win=Window(...))
13.6499 	EXP 	Created mask2_prac_2 = ImageStim(__class__=<class 'psychopy.visual.image.ImageStim'>, autoLog=True, color=array([1., 1., 1.]), colorSpace='rgb', contrast=1.0, depth=-10.0, flipHoriz=False, flipVert=False, image='sin', interpolate=True, mask=None, maskParams=None, name='mask2_prac_2', opacity=1.0, ori=0.0, pos=array([0.11, 0.11]), size=array([0.2, 0.2]), texRes=512, units='height', win=Window(...))
13.6510 	EXP 	Created mask3_run = ImageStim(__class__=<class 'psychopy.visual.image.ImageStim'>, autoLog=True, color=array([1., 1., 1.]), colorSpace='rgb', contrast=1.0, depth=-11.0, flipHoriz=False, flipVert=False, image='sin', interpolate=True, mask=None, maskParams=None, name='mask3_run', opacity=1.0, ori=0.0, pos=array([ 0.11, -0.11]), size=array([0.2, 0.2]), texRes=128, units='height', win=Window(...))
13.6521 	EXP 	Created mask4_run = ImageStim(__class__=<class 'psychopy.visual.image.ImageStim'>, autoLog=True, color=array([1., 1., 1.]), colorSpace='rgb', contrast=1.0, depth=-12.0, flipHoriz=False, flipVert=False, image='sin', interpolate=True, mask=None, maskParams=None, name='mask4_run', opacity=1.0, ori=0.0, pos=array([-0.11, -0.11]), size=array([0.2, 0.2]), texRes=128, units='height', win=Window(...))
13.6532 	EXP 	Created fixStartTrial = ShapeStim(__class__=<class 'psychopy.visual.shape.ShapeStim'>, autoDraw=False, autoLog=True, closeShape=True, contrast=1.0, depth=0.0, fillColor=array([1., 1., 1.]), fillColorSpace='rgb', interpolate=True, lineColor=array([1., 1., 1.]), lineColorSpace='rgb', lineWidth=1, name='fixStartTrial', opacity=1.0, ori=array(0.), pos=array([0., 0.]), size=array([0.01, 0.01]), units='height', vertices=ndarray(...), win=Window(...), windingRule=None)
13.6544 	EXP 	Created fixEnd = ShapeStim(__class__=<class 'psychopy.visual.shape.ShapeStim'>, autoDraw=False, autoLog=True, closeShape=True, contrast=1.0, depth=0.0, fillColor=array([1., 1., 1.]), fillColorSpace='rgb', interpolate=True, lineColor=array([1., 1., 1.]), lineColorSpace='rgb', lineWidth=1, name='fixEnd', opacity=1.0, ori=array(0.), pos=array([0., 0.]), size=array([0.01, 0.01]), units='height', vertices=ndarray(...), win=Window(...), windingRule=None)
13.6563 	EXP 	Created feedbackTxtRun = TextStim(__class__=<class 'psychopy.visual.text.TextStim'>, alignHoriz=method-wrapper(...), alignText='center', alignVert=method-wrapper(...), anchorHoriz='center', anchorVert='center', antialias=True, autoLog=True, bold=False, color='white', colorSpace='named', contrast=1.0, depth=-1.0, flipHoriz=False, flipVert=False, font='Arial', fontFiles=[], height=0.05, italic=False, languageStyle='LTR', name='feedbackTxtRun', opacity=1.0, ori=0, pos=array([0., 0.]), rgb=array([255., 255., 255.]), text='default text', units='height', win=Window(...), wrapWidth=1)
13.6566 	EXP 	Created sequence: random, trialTypes=1, nReps=0, seed=None
13.6568 	EXP 	Created sequence: random, trialTypes=1, nReps=1, seed=None
13.6570 	EXP 	New trial (rep=0, index=0): None
13.6807 	EXP 	text_run: text = 'Der nächste Durchgang startet gleich ...'
13.6807 	EXP 	text_run: autoDraw = True
18.2237 	DATA 	Keypress: space
20.6786 	DATA 	Keypress: t
20.6970 	EXP 	text_run: autoDraw = False
20.6970 	EXP 	fixStart: autoDraw = True
30.6913 	EXP 	Imported trials_1.csv as conditions, 16 conditions, 13 params
30.6915 	EXP 	Created sequence: sequential, trialTypes=16, nReps=1, seed=None
30.6918 	EXP 	New trial (rep=0, index=0): OrderedDict([('stimulus1', 'images/id017_v1_fm.jpg'), ('stimulus2', 'images/id022_v1_fm.jpg'), ('stimulus3', 'images/id015_v1_fm.jpg'), ('stimulus4', 'images/id027_v1_fm.jpg'), ('probeIm', 'images/id011_v1_fm.jpg'), ('probeCon', 0), ('load', 4), ('category', 'fm'), ('correctResp', 'y'), ('mask1', 'scrambles/id028_v1_fm.jpg'), ('mask2', 'scrambles/id015_v1_fm.jpg'), ('mask3', 'scrambles/id028_v1_fm.jpg'), ('mask4', 'scrambles/id074_v1_si.jpg')])
30.7635 	EXP 	fixStart: autoDraw = False
30.7635 	EXP 	stim1: image = 'images/id017_v1_fm.jpg'
30.7635 	EXP 	stim2: image = 'images/id022_v1_fm.jpg'
30.7635 	EXP 	stim3: image = 'images/id015_v1_fm.jpg'
30.7635 	EXP 	stim4: image = 'images/id027_v1_fm.jpg'
30.7635 	EXP 	probe: image = 'images/id011_v1_fm.jpg'
30.7635 	EXP 	mask1_run: image = 'scrambles/id028_v1_fm.jpg'
30.7635 	EXP 	mask2_prac_2: image = 'scrambles/id015_v1_fm.jpg'
30.7635 	EXP 	mask3_run: image = 'scrambles/id028_v1_fm.jpg'
30.7635 	EXP 	mask4_run: image = 'scrambles/id074_v1_si.jpg'
30.7635 	EXP 	stim1: autoDraw = True
30.7635 	EXP 	stim2: autoDraw = True
30.7635 	EXP 	stim3: autoDraw = True
30.7635 	EXP 	stim4: autoDraw = True
34.0468 	EXP 	mask1_run: autoDraw = True
34.0468 	EXP 	mask2_prac_2: autoDraw = True
34.0468 	EXP 	mask3_run: autoDraw = True
34.0468 	EXP 	mask4_run: autoDraw = True
34.0634 	EXP 	stim1: autoDraw = False
34.0634 	EXP 	stim2: autoDraw = False
34.0634 	EXP 	stim3: autoDraw = False
34.0634 	EXP 	stim4: autoDraw = False
34.2468 	EXP 	fixDelay: autoDraw = True
34.2468 	EXP 	mask1_run: autoDraw = False
34.2468 	EXP 	mask2_prac_2: autoDraw = False
34.2468 	EXP 	mask3_run: autoDraw = False
34.2468 	EXP 	mask4_run: autoDraw = False
47.2459 	EXP 	fixDelay: autoDraw = False
47.2459 	EXP 	probe: autoDraw = True
48.4458 	EXP 	probe: autoDraw = False
48.4458 	EXP 	fixProbe: autoDraw = True
51.3956 	EXP 	stim1: autoDraw = False
51.3956 	EXP 	stim2: autoDraw = False
51.3956 	EXP 	stim3: autoDraw = False
51.3956 	EXP 	stim4: autoDraw = False
51.3956 	EXP 	fixDelay: autoDraw = False
51.3956 	EXP 	probe: autoDraw = False
51.3956 	EXP 	fixProbe: autoDraw = False
51.3956 	EXP 	mask1_run: autoDraw = False
51.3956 	EXP 	mask2_prac_2: autoDraw = False
51.3956 	EXP 	mask3_run: autoDraw = False
51.3956 	EXP 	mask4_run: autoDraw = False
51.3956 	EXP 	fixStartTrial: autoDraw = True
61.3788 	EXP 	New trial (rep=0, index=1): OrderedDict([('stimulus1', 'images/id010_v1_fm.jpg'), ('stimulus2', 'scrambles/id003_v1_fm.jpg'), ('stimulus3', 'scrambles/id028_v1_fm.jpg'), ('stimulus4', 'scrambles/id027_v1_fm.jpg'), ('probeIm', 'images/id030_v1_fm.jpg'), ('probeCon', 0), ('load', 1), ('category', 'fm'), ('correctResp', 'y'), ('mask1', 'scrambles/id139_v1_so.jpg'), ('mask2', 'scrambles/id078_v1_si.jpg'), ('mask3', 'scrambles/id039_v1_ff.jpg'), ('mask4', 'scrambles/id028_v1_fm.jpg')])
61.4442 	EXP 	fixStartTrial: autoDraw = False
61.4442 	EXP 	stim1: image = 'images/id010_v1_fm.jpg'
61.4442 	EXP 	stim2: image = 'scrambles/id003_v1_fm.jpg'
61.4442 	EXP 	stim3: image = 'scrambles/id028_v1_fm.jpg'
61.4442 	EXP 	stim4: image = 'scrambles/id027_v1_fm.jpg'
61.4442 	EXP 	probe: image = 'images/id030_v1_fm.jpg'
61.4442 	EXP 	mask1_run: image = 'scrambles/id139_v1_so.jpg'
61.4442 	EXP 	mask2_prac_2: image = 'scrambles/id078_v1_si.jpg'
61.4442 	EXP 	mask3_run: image = 'scrambles/id039_v1_ff.jpg'
61.4442 	EXP 	mask4_run: image = 'scrambles/id028_v1_fm.jpg'
61.4442 	EXP 	stim1: autoDraw = True
61.4442 	EXP 	stim2: autoDraw = True
61.4442 	EXP 	stim3: autoDraw = True
61.4442 	EXP 	stim4: autoDraw = True
64.7282 	EXP 	mask1_run: autoDraw = True
64.7282 	EXP 	mask2_prac_2: autoDraw = True
64.7282 	EXP 	mask3_run: autoDraw = True
64.7282 	EXP 	mask4_run: autoDraw = True
64.7448 	EXP 	stim1: autoDraw = False
64.7448 	EXP 	stim2: autoDraw = False
64.7448 	EXP 	stim3: autoDraw = False
64.7448 	EXP 	stim4: autoDraw = False
64.9282 	EXP 	fixDelay: autoDraw = True
64.9282 	EXP 	mask1_run: autoDraw = False
64.9282 	EXP 	mask2_prac_2: autoDraw = False
64.9282 	EXP 	mask3_run: autoDraw = False
64.9282 	EXP 	mask4_run: autoDraw = False
77.9272 	EXP 	fixDelay: autoDraw = False
77.9272 	EXP 	probe: autoDraw = True
79.1272 	EXP 	probe: autoDraw = False
79.1272 	EXP 	fixProbe: autoDraw = True
82.0938 	EXP 	stim1: autoDraw = False
82.0938 	EXP 	stim2: autoDraw = False
82.0938 	EXP 	stim3: autoDraw = False
82.0938 	EXP 	stim4: autoDraw = False
82.0938 	EXP 	fixDelay: autoDraw = False
82.0938 	EXP 	probe: autoDraw = False
82.0938 	EXP 	fixProbe: autoDraw = False
82.0938 	EXP 	mask1_run: autoDraw = False
82.0938 	EXP 	mask2_prac_2: autoDraw = False
82.0938 	EXP 	mask3_run: autoDraw = False
82.0938 	EXP 	mask4_run: autoDraw = False
82.0938 	EXP 	fixStartTrial: autoDraw = True
92.0768 	EXP 	New trial (rep=0, index=2): OrderedDict([('stimulus1', 'images/id087_v1_si.jpg'), ('stimulus2', 'images/id086_v1_si.jpg'), ('stimulus3', 'images/id104_v1_si.jpg'), ('stimulus4', 'images/id088_v1_si.jpg'), ('probeIm', 'images/id096_v1_si.jpg'), ('probeCon', 0), ('load', 4), ('category', 'si'), ('correctResp', 'y'), ('mask1', 'scrambles/id108_v1_so.jpg'), ('mask2', 'scrambles/id058_v1_ff.jpg'), ('mask3', 'scrambles/id045_v1_ff.jpg'), ('mask4', 'scrambles/id078_v1_si.jpg')])
92.1423 	EXP 	fixStartTrial: autoDraw = False
92.1423 	EXP 	stim1: image = 'images/id087_v1_si.jpg'
92.1423 	EXP 	stim2: image = 'images/id086_v1_si.jpg'
92.1423 	EXP 	stim3: image = 'images/id104_v1_si.jpg'
92.1423 	EXP 	stim4: image = 'images/id088_v1_si.jpg'
92.1423 	EXP 	probe: image = 'images/id096_v1_si.jpg'
92.1423 	EXP 	mask1_run: image = 'scrambles/id108_v1_so.jpg'
92.1423 	EXP 	mask2_prac_2: image = 'scrambles/id058_v1_ff.jpg'
92.1423 	EXP 	mask3_run: image = 'scrambles/id045_v1_ff.jpg'
92.1423 	EXP 	mask4_run: image = 'scrambles/id078_v1_si.jpg'
92.1423 	EXP 	stim1: autoDraw = True
92.1423 	EXP 	stim2: autoDraw = True
92.1423 	EXP 	stim3: autoDraw = True
92.1423 	EXP 	stim4: autoDraw = True
95.4261 	EXP 	mask1_run: autoDraw = True
95.4261 	EXP 	mask2_prac_2: autoDraw = True
95.4261 	EXP 	mask3_run: autoDraw = True
95.4261 	EXP 	mask4_run: autoDraw = True
95.4428 	EXP 	stim1: autoDraw = False
95.4428 	EXP 	stim2: autoDraw = False
95.4428 	EXP 	stim3: autoDraw = False
95.4428 	EXP 	stim4: autoDraw = False
95.6261 	EXP 	fixDelay: autoDraw = True
95.6261 	EXP 	mask1_run: autoDraw = False
95.6261 	EXP 	mask2_prac_2: autoDraw = False
95.6261 	EXP 	mask3_run: autoDraw = False
95.6261 	EXP 	mask4_run: autoDraw = False
108.6252 	EXP 	fixDelay: autoDraw = False
108.6252 	EXP 	probe: autoDraw = True
109.8252 	EXP 	probe: autoDraw = False
109.8252 	EXP 	fixProbe: autoDraw = True
112.7917 	EXP 	stim1: autoDraw = False
112.7917 	EXP 	stim2: autoDraw = False
112.7917 	EXP 	stim3: autoDraw = False
112.7917 	EXP 	stim4: autoDraw = False
112.7917 	EXP 	fixDelay: autoDraw = False
112.7917 	EXP 	probe: autoDraw = False
112.7917 	EXP 	fixProbe: autoDraw = False
112.7917 	EXP 	mask1_run: autoDraw = False
112.7917 	EXP 	mask2_prac_2: autoDraw = False
112.7917 	EXP 	mask3_run: autoDraw = False
112.7917 	EXP 	mask4_run: autoDraw = False
112.7917 	EXP 	fixStartTrial: autoDraw = True
122.7748 	EXP 	New trial (rep=0, index=3): OrderedDict([('stimulus1', 'images/id135_v1_so.jpg'), ('stimulus2', 'scrambles/id108_v1_so.jpg'), ('stimulus3', 'scrambles/id139_v1_so.jpg'), ('stimulus4', 'scrambles/id135_v1_so.jpg'), ('probeIm', 'images/id135_v1_so.jpg'), ('probeCon', 1), ('load', 1), ('category', 'so'), ('correctResp', 'b'), ('mask1', 'scrambles/id139_v1_so.jpg'), ('mask2', 'scrambles/id030_v1_fm.jpg'), ('mask3', 'scrambles/id074_v1_si.jpg'), ('mask4', 'scrambles/id003_v1_fm.jpg')])
122.8403 	EXP 	fixStartTrial: autoDraw = False
122.8403 	EXP 	stim1: image = 'images/id135_v1_so.jpg'
122.8403 	EXP 	stim2: image = 'scrambles/id108_v1_so.jpg'
122.8403 	EXP 	stim3: image = 'scrambles/id139_v1_so.jpg'
122.8403 	EXP 	stim4: image = 'scrambles/id135_v1_so.jpg'
122.8403 	EXP 	probe: image = 'images/id135_v1_so.jpg'
122.8403 	EXP 	mask1_run: image = 'scrambles/id139_v1_so.jpg'
122.8403 	EXP 	mask2_prac_2: image = 'scrambles/id030_v1_fm.jpg'
122.8403 	EXP 	mask3_run: image = 'scrambles/id074_v1_si.jpg'
122.8403 	EXP 	mask4_run: image = 'scrambles/id003_v1_fm.jpg'
122.8403 	EXP 	stim1: autoDraw = True
122.8403 	EXP 	stim2: autoDraw = True
122.8403 	EXP 	stim3: autoDraw = True
122.8403 	EXP 	stim4: autoDraw = True
126.1241 	EXP 	mask1_run: autoDraw = True
126.1241 	EXP 	mask2_prac_2: autoDraw = True
126.1241 	EXP 	mask3_run: autoDraw = True
126.1241 	EXP 	mask4_run: autoDraw = True
126.1407 	EXP 	stim1: autoDraw = False
126.1407 	EXP 	stim2: autoDraw = False
126.1407 	EXP 	stim3: autoDraw = False
126.1407 	EXP 	stim4: autoDraw = False
126.3241 	EXP 	fixDelay: autoDraw = True
126.3241 	EXP 	mask1_run: autoDraw = False
126.3241 	EXP 	mask2_prac_2: autoDraw = False
126.3241 	EXP 	mask3_run: autoDraw = False
126.3241 	EXP 	mask4_run: autoDraw = False
139.3233 	EXP 	fixDelay: autoDraw = False
139.3233 	EXP 	probe: autoDraw = True
140.5232 	EXP 	probe: autoDraw = False
140.5232 	EXP 	fixProbe: autoDraw = True
143.5064 	EXP 	stim1: autoDraw = False
143.5064 	EXP 	stim2: autoDraw = False
143.5064 	EXP 	stim3: autoDraw = False
143.5064 	EXP 	stim4: autoDraw = False
143.5064 	EXP 	fixDelay: autoDraw = False
143.5064 	EXP 	probe: autoDraw = False
143.5064 	EXP 	fixProbe: autoDraw = False
143.5064 	EXP 	mask1_run: autoDraw = False
143.5064 	EXP 	mask2_prac_2: autoDraw = False
143.5064 	EXP 	mask3_run: autoDraw = False
143.5064 	EXP 	mask4_run: autoDraw = False
143.5064 	EXP 	fixStartTrial: autoDraw = True
153.4895 	EXP 	New trial (rep=0, index=4): OrderedDict([('stimulus1', 'images/id053_v1_ff.jpg'), ('stimulus2', 'images/id038_v1_ff.jpg'), ('stimulus3', 'images/id064_v1_ff.jpg'), ('stimulus4', 'images/id070_v1_ff.jpg'), ('probeIm', 'images/id038_v1_ff.jpg'), ('probeCon', 1), ('load', 4), ('category', 'ff'), ('correctResp', 'b'), ('mask1', 'scrambles/id058_v1_ff.jpg'), ('mask2', 'scrambles/id045_v1_ff.jpg'), ('mask3', 'scrambles/id015_v1_fm.jpg'), ('mask4', 'scrambles/id003_v1_fm.jpg')])
153.5550 	EXP 	fixStartTrial: autoDraw = False
153.5550 	EXP 	stim1: image = 'images/id053_v1_ff.jpg'
153.5550 	EXP 	stim2: image = 'images/id038_v1_ff.jpg'
153.5550 	EXP 	stim3: image = 'images/id064_v1_ff.jpg'
153.5550 	EXP 	stim4: image = 'images/id070_v1_ff.jpg'
153.5550 	EXP 	probe: image = 'images/id038_v1_ff.jpg'
153.5550 	EXP 	mask1_run: image = 'scrambles/id058_v1_ff.jpg'
153.5550 	EXP 	mask2_prac_2: image = 'scrambles/id045_v1_ff.jpg'
153.5550 	EXP 	mask3_run: image = 'scrambles/id015_v1_fm.jpg'
153.5550 	EXP 	mask4_run: image = 'scrambles/id003_v1_fm.jpg'
153.5550 	EXP 	stim1: autoDraw = True
153.5550 	EXP 	stim2: autoDraw = True
153.5550 	EXP 	stim3: autoDraw = True
153.5550 	EXP 	stim4: autoDraw = True
156.8388 	EXP 	mask1_run: autoDraw = True
156.8388 	EXP 	mask2_prac_2: autoDraw = True
156.8388 	EXP 	mask3_run: autoDraw = True
156.8388 	EXP 	mask4_run: autoDraw = True
156.8554 	EXP 	stim1: autoDraw = False
156.8554 	EXP 	stim2: autoDraw = False
156.8554 	EXP 	stim3: autoDraw = False
156.8554 	EXP 	stim4: autoDraw = False
157.0388 	EXP 	fixDelay: autoDraw = True
157.0388 	EXP 	mask1_run: autoDraw = False
157.0388 	EXP 	mask2_prac_2: autoDraw = False
157.0388 	EXP 	mask3_run: autoDraw = False
157.0388 	EXP 	mask4_run: autoDraw = False
170.0380 	EXP 	fixDelay: autoDraw = False
170.0380 	EXP 	probe: autoDraw = True
171.2378 	EXP 	probe: autoDraw = False
171.2378 	EXP 	fixProbe: autoDraw = True
174.2043 	EXP 	stim1: autoDraw = False
174.2043 	EXP 	stim2: autoDraw = False
174.2043 	EXP 	stim3: autoDraw = False
174.2043 	EXP 	stim4: autoDraw = False
174.2043 	EXP 	fixDelay: autoDraw = False
174.2043 	EXP 	probe: autoDraw = False
174.2043 	EXP 	fixProbe: autoDraw = False
174.2043 	EXP 	mask1_run: autoDraw = False
174.2043 	EXP 	mask2_prac_2: autoDraw = False
174.2043 	EXP 	mask3_run: autoDraw = False
174.2043 	EXP 	mask4_run: autoDraw = False
174.2043 	EXP 	fixStartTrial: autoDraw = True
184.1873 	EXP 	New trial (rep=0, index=5): OrderedDict([('stimulus1', 'scrambles/id038_v1_ff.jpg'), ('stimulus2', 'scrambles/id045_v1_ff.jpg'), ('stimulus3', 'images/id039_v1_ff.jpg'), ('stimulus4', 'scrambles/id049_v1_ff.jpg'), ('probeIm', 'images/id039_v1_ff.jpg'), ('probeCon', 1), ('load', 1), ('category', 'ff'), ('correctResp', 'b'), ('mask1', 'scrambles/id078_v1_si.jpg'), ('mask2', 'scrambles/id109_v1_so.jpg'), ('mask3', 'scrambles/id045_v1_ff.jpg'), ('mask4', 'scrambles/id058_v1_ff.jpg')])
184.2528 	EXP 	fixStartTrial: autoDraw = False
184.2528 	EXP 	stim1: image = 'scrambles/id038_v1_ff.jpg'
184.2528 	EXP 	stim2: image = 'scrambles/id045_v1_ff.jpg'
184.2528 	EXP 	stim3: image = 'images/id039_v1_ff.jpg'
184.2528 	EXP 	stim4: image = 'scrambles/id049_v1_ff.jpg'
184.2528 	EXP 	probe: image = 'images/id039_v1_ff.jpg'
184.2528 	EXP 	mask1_run: image = 'scrambles/id078_v1_si.jpg'
184.2528 	EXP 	mask2_prac_2: image = 'scrambles/id109_v1_so.jpg'
184.2528 	EXP 	mask3_run: image = 'scrambles/id045_v1_ff.jpg'
184.2528 	EXP 	mask4_run: image = 'scrambles/id058_v1_ff.jpg'
184.2528 	EXP 	stim1: autoDraw = True
184.2528 	EXP 	stim2: autoDraw = True
184.2528 	EXP 	stim3: autoDraw = True
184.2528 	EXP 	stim4: autoDraw = True
187.5367 	EXP 	mask1_run: autoDraw = True
187.5367 	EXP 	mask2_prac_2: autoDraw = True
187.5367 	EXP 	mask3_run: autoDraw = True
187.5367 	EXP 	mask4_run: autoDraw = True
187.5535 	EXP 	stim1: autoDraw = False
187.5535 	EXP 	stim2: autoDraw = False
187.5535 	EXP 	stim3: autoDraw = False
187.5535 	EXP 	stim4: autoDraw = False
187.7367 	EXP 	fixDelay: autoDraw = True
187.7367 	EXP 	mask1_run: autoDraw = False
187.7367 	EXP 	mask2_prac_2: autoDraw = False
187.7367 	EXP 	mask3_run: autoDraw = False
187.7367 	EXP 	mask4_run: autoDraw = False
200.7359 	EXP 	fixDelay: autoDraw = False
200.7359 	EXP 	probe: autoDraw = True
201.9358 	EXP 	probe: autoDraw = False
201.9358 	EXP 	fixProbe: autoDraw = True
204.9023 	EXP 	stim1: autoDraw = False
204.9023 	EXP 	stim2: autoDraw = False
204.9023 	EXP 	stim3: autoDraw = False
204.9023 	EXP 	stim4: autoDraw = False
204.9023 	EXP 	fixDelay: autoDraw = False
204.9023 	EXP 	probe: autoDraw = False
204.9023 	EXP 	fixProbe: autoDraw = False
204.9023 	EXP 	mask1_run: autoDraw = False
204.9023 	EXP 	mask2_prac_2: autoDraw = False
204.9023 	EXP 	mask3_run: autoDraw = False
204.9023 	EXP 	mask4_run: autoDraw = False
204.9023 	EXP 	fixStartTrial: autoDraw = True
214.8855 	EXP 	New trial (rep=0, index=6): OrderedDict([('stimulus1', 'scrambles/id030_v1_fm.jpg'), ('stimulus2', 'images/id033_v1_fm.jpg'), ('stimulus3', 'scrambles/id015_v1_fm.jpg'), ('stimulus4', 'scrambles/id022_v1_fm.jpg'), ('probeIm', 'images/id033_v1_fm.jpg'), ('probeCon', 1), ('load', 1), ('category', 'fm'), ('correctResp', 'b'), ('mask1', 'scrambles/id039_v1_ff.jpg'), ('mask2', 'scrambles/id086_v1_si.jpg'), ('mask3', 'scrambles/id058_v1_ff.jpg'), ('mask4', 'scrambles/id039_v1_ff.jpg')])
214.9341 	EXP 	fixStartTrial: autoDraw = False
214.9341 	EXP 	stim1: image = 'scrambles/id030_v1_fm.jpg'
214.9341 	EXP 	stim2: image = 'images/id033_v1_fm.jpg'
214.9341 	EXP 	stim3: image = 'scrambles/id015_v1_fm.jpg'
214.9341 	EXP 	stim4: image = 'scrambles/id022_v1_fm.jpg'
214.9341 	EXP 	probe: image = 'images/id033_v1_fm.jpg'
214.9341 	EXP 	mask1_run: image = 'scrambles/id039_v1_ff.jpg'
214.9341 	EXP 	mask2_prac_2: image = 'scrambles/id086_v1_si.jpg'
214.9341 	EXP 	mask3_run: image = 'scrambles/id058_v1_ff.jpg'
214.9341 	EXP 	mask4_run: image = 'scrambles/id039_v1_ff.jpg'
214.9341 	EXP 	stim1: autoDraw = True
214.9341 	EXP 	stim2: autoDraw = True
214.9341 	EXP 	stim3: autoDraw = True
214.9341 	EXP 	stim4: autoDraw = True
218.2181 	EXP 	mask1_run: autoDraw = True
218.2181 	EXP 	mask2_prac_2: autoDraw = True
218.2181 	EXP 	mask3_run: autoDraw = True
218.2181 	EXP 	mask4_run: autoDraw = True
218.2348 	EXP 	stim1: autoDraw = False
218.2348 	EXP 	stim2: autoDraw = False
218.2348 	EXP 	stim3: autoDraw = False
218.2348 	EXP 	stim4: autoDraw = False
218.4181 	EXP 	fixDelay: autoDraw = True
218.4181 	EXP 	mask1_run: autoDraw = False
218.4181 	EXP 	mask2_prac_2: autoDraw = False
218.4181 	EXP 	mask3_run: autoDraw = False
218.4181 	EXP 	mask4_run: autoDraw = False
231.4172 	EXP 	fixDelay: autoDraw = False
231.4172 	EXP 	probe: autoDraw = True
232.6163 	EXP 	probe: autoDraw = False
232.6163 	EXP 	fixProbe: autoDraw = True
235.6005 	EXP 	stim1: autoDraw = False
235.6005 	EXP 	stim2: autoDraw = False
235.6005 	EXP 	stim3: autoDraw = False
235.6005 	EXP 	stim4: autoDraw = False
235.6005 	EXP 	fixDelay: autoDraw = False
235.6005 	EXP 	probe: autoDraw = False
235.6005 	EXP 	fixProbe: autoDraw = False
235.6005 	EXP 	mask1_run: autoDraw = False
235.6005 	EXP 	mask2_prac_2: autoDraw = False
235.6005 	EXP 	mask3_run: autoDraw = False
235.6005 	EXP 	mask4_run: autoDraw = False
235.6005 	EXP 	fixStartTrial: autoDraw = True
245.5833 	EXP 	New trial (rep=0, index=7): OrderedDict([('stimulus1', 'images/id129_v1_so.jpg'), ('stimulus2', 'images/id110_v1_so.jpg'), ('stimulus3', 'images/id109_v1_so.jpg'), ('stimulus4', 'images/id121_v1_so.jpg'), ('probeIm', 'images/id123_v1_so.jpg'), ('probeCon', 0), ('load', 4), ('category', 'so'), ('correctResp', 'y'), ('mask1', 'scrambles/id039_v1_ff.jpg'), ('mask2', 'scrambles/id039_v1_ff.jpg'), ('mask3', 'scrambles/id108_v1_so.jpg'), ('mask4', 'scrambles/id086_v1_si.jpg')])
245.6323 	EXP 	fixStartTrial: autoDraw = False
245.6323 	EXP 	stim1: image = 'images/id129_v1_so.jpg'
245.6323 	EXP 	stim2: image = 'images/id110_v1_so.jpg'
245.6323 	EXP 	stim3: image = 'images/id109_v1_so.jpg'
245.6323 	EXP 	stim4: image = 'images/id121_v1_so.jpg'
245.6323 	EXP 	probe: image = 'images/id123_v1_so.jpg'
245.6323 	EXP 	mask1_run: image = 'scrambles/id039_v1_ff.jpg'
245.6323 	EXP 	mask2_prac_2: image = 'scrambles/id039_v1_ff.jpg'
245.6323 	EXP 	mask3_run: image = 'scrambles/id108_v1_so.jpg'
245.6323 	EXP 	mask4_run: image = 'scrambles/id086_v1_si.jpg'
245.6323 	EXP 	stim1: autoDraw = True
245.6323 	EXP 	stim2: autoDraw = True
245.6323 	EXP 	stim3: autoDraw = True
245.6323 	EXP 	stim4: autoDraw = True
248.9162 	EXP 	mask1_run: autoDraw = True
248.9162 	EXP 	mask2_prac_2: autoDraw = True
248.9162 	EXP 	mask3_run: autoDraw = True
248.9162 	EXP 	mask4_run: autoDraw = True
248.9328 	EXP 	stim1: autoDraw = False
248.9328 	EXP 	stim2: autoDraw = False
248.9328 	EXP 	stim3: autoDraw = False
248.9328 	EXP 	stim4: autoDraw = False
249.1161 	EXP 	fixDelay: autoDraw = True
249.1161 	EXP 	mask1_run: autoDraw = False
249.1161 	EXP 	mask2_prac_2: autoDraw = False
249.1161 	EXP 	mask3_run: autoDraw = False
249.1161 	EXP 	mask4_run: autoDraw = False
262.1155 	EXP 	fixDelay: autoDraw = False
262.1155 	EXP 	probe: autoDraw = True
263.3152 	EXP 	probe: autoDraw = False
263.3152 	EXP 	fixProbe: autoDraw = True
266.2985 	EXP 	stim1: autoDraw = False
266.2985 	EXP 	stim2: autoDraw = False
266.2985 	EXP 	stim3: autoDraw = False
266.2985 	EXP 	stim4: autoDraw = False
266.2985 	EXP 	fixDelay: autoDraw = False
266.2985 	EXP 	probe: autoDraw = False
266.2985 	EXP 	fixProbe: autoDraw = False
266.2985 	EXP 	mask1_run: autoDraw = False
266.2985 	EXP 	mask2_prac_2: autoDraw = False
266.2985 	EXP 	mask3_run: autoDraw = False
266.2985 	EXP 	mask4_run: autoDraw = False
266.2985 	EXP 	fixStartTrial: autoDraw = True
276.2815 	EXP 	New trial (rep=0, index=8): OrderedDict([('stimulus1', 'images/id108_v1_so.jpg'), ('stimulus2', 'images/id140_v1_so.jpg'), ('stimulus3', 'images/id139_v1_so.jpg'), ('stimulus4', 'images/id126_v1_so.jpg'), ('probeIm', 'images/id140_v1_so.jpg'), ('probeCon', 1), ('load', 4), ('category', 'so'), ('correctResp', 'b'), ('mask1', 'scrambles/id028_v1_fm.jpg'), ('mask2', 'scrambles/id108_v1_so.jpg'), ('mask3', 'scrambles/id108_v1_so.jpg'), ('mask4', 'scrambles/id003_v1_fm.jpg')])
276.3469 	EXP 	fixStartTrial: autoDraw = False
276.3469 	EXP 	stim1: image = 'images/id108_v1_so.jpg'
276.3469 	EXP 	stim2: image = 'images/id140_v1_so.jpg'
276.3469 	EXP 	stim3: image = 'images/id139_v1_so.jpg'
276.3469 	EXP 	stim4: image = 'images/id126_v1_so.jpg'
276.3469 	EXP 	probe: image = 'images/id140_v1_so.jpg'
276.3469 	EXP 	mask1_run: image = 'scrambles/id028_v1_fm.jpg'
276.3469 	EXP 	mask2_prac_2: image = 'scrambles/id108_v1_so.jpg'
276.3469 	EXP 	mask3_run: image = 'scrambles/id108_v1_so.jpg'
276.3469 	EXP 	mask4_run: image = 'scrambles/id003_v1_fm.jpg'
276.3469 	EXP 	stim1: autoDraw = True
276.3469 	EXP 	stim2: autoDraw = True
276.3469 	EXP 	stim3: autoDraw = True
276.3469 	EXP 	stim4: autoDraw = True
279.6143 	EXP 	mask1_run: autoDraw = True
279.6143 	EXP 	mask2_prac_2: autoDraw = True
279.6143 	EXP 	mask3_run: autoDraw = True
279.6143 	EXP 	mask4_run: autoDraw = True
279.6475 	EXP 	stim1: autoDraw = False
279.6475 	EXP 	stim2: autoDraw = False
279.6475 	EXP 	stim3: autoDraw = False
279.6475 	EXP 	stim4: autoDraw = False
279.8141 	EXP 	fixDelay: autoDraw = True
279.8141 	EXP 	mask1_run: autoDraw = False
279.8141 	EXP 	mask2_prac_2: autoDraw = False
279.8141 	EXP 	mask3_run: autoDraw = False
279.8141 	EXP 	mask4_run: autoDraw = False
292.8134 	EXP 	fixDelay: autoDraw = False
292.8134 	EXP 	probe: autoDraw = True
294.0125 	EXP 	probe: autoDraw = False
294.0125 	EXP 	fixProbe: autoDraw = True
296.9965 	EXP 	stim1: autoDraw = False
296.9965 	EXP 	stim2: autoDraw = False
296.9965 	EXP 	stim3: autoDraw = False
296.9965 	EXP 	stim4: autoDraw = False
296.9965 	EXP 	fixDelay: autoDraw = False
296.9965 	EXP 	probe: autoDraw = False
296.9965 	EXP 	fixProbe: autoDraw = False
296.9965 	EXP 	mask1_run: autoDraw = False
296.9965 	EXP 	mask2_prac_2: autoDraw = False
296.9965 	EXP 	mask3_run: autoDraw = False
296.9965 	EXP 	mask4_run: autoDraw = False
296.9965 	EXP 	fixStartTrial: autoDraw = True
306.9793 	EXP 	New trial (rep=0, index=9): OrderedDict([('stimulus1', 'images/id066_v1_ff.jpg'), ('stimulus2', 'images/id049_v1_ff.jpg'), ('stimulus3', 'images/id046_v1_ff.jpg'), ('stimulus4', 'images/id047_v1_ff.jpg'), ('probeIm', 'images/id040_v1_ff.jpg'), ('probeCon', 0), ('load', 4), ('category', 'ff'), ('correctResp', 'y'), ('mask1', 'scrambles/id086_v1_si.jpg'), ('mask2', 'scrambles/id139_v1_so.jpg'), ('mask3', 'scrambles/id015_v1_fm.jpg'), ('mask4', 'scrambles/id086_v1_si.jpg')])
307.0449 	EXP 	fixStartTrial: autoDraw = False
307.0449 	EXP 	stim1: image = 'images/id066_v1_ff.jpg'
307.0449 	EXP 	stim2: image = 'images/id049_v1_ff.jpg'
307.0449 	EXP 	stim3: image = 'images/id046_v1_ff.jpg'
307.0449 	EXP 	stim4: image = 'images/id047_v1_ff.jpg'
307.0449 	EXP 	probe: image = 'images/id040_v1_ff.jpg'
307.0449 	EXP 	mask1_run: image = 'scrambles/id086_v1_si.jpg'
307.0449 	EXP 	mask2_prac_2: image = 'scrambles/id139_v1_so.jpg'
307.0449 	EXP 	mask3_run: image = 'scrambles/id015_v1_fm.jpg'
307.0449 	EXP 	mask4_run: image = 'scrambles/id086_v1_si.jpg'
307.0449 	EXP 	stim1: autoDraw = True
307.0449 	EXP 	stim2: autoDraw = True
307.0449 	EXP 	stim3: autoDraw = True
307.0449 	EXP 	stim4: autoDraw = True
310.3287 	EXP 	mask1_run: autoDraw = True
310.3287 	EXP 	mask2_prac_2: autoDraw = True
310.3287 	EXP 	mask3_run: autoDraw = True
310.3287 	EXP 	mask4_run: autoDraw = True
310.3454 	EXP 	stim1: autoDraw = False
310.3454 	EXP 	stim2: autoDraw = False
310.3454 	EXP 	stim3: autoDraw = False
310.3454 	EXP 	stim4: autoDraw = False
310.5287 	EXP 	fixDelay: autoDraw = True
310.5287 	EXP 	mask1_run: autoDraw = False
310.5287 	EXP 	mask2_prac_2: autoDraw = False
310.5287 	EXP 	mask3_run: autoDraw = False
310.5287 	EXP 	mask4_run: autoDraw = False
323.5279 	EXP 	fixDelay: autoDraw = False
323.5279 	EXP 	probe: autoDraw = True
324.7270 	EXP 	probe: autoDraw = False
324.7270 	EXP 	fixProbe: autoDraw = True
327.6944 	EXP 	stim1: autoDraw = False
327.6944 	EXP 	stim2: autoDraw = False
327.6944 	EXP 	stim3: autoDraw = False
327.6944 	EXP 	stim4: autoDraw = False
327.6944 	EXP 	fixDelay: autoDraw = False
327.6944 	EXP 	probe: autoDraw = False
327.6944 	EXP 	fixProbe: autoDraw = False
327.6944 	EXP 	mask1_run: autoDraw = False
327.6944 	EXP 	mask2_prac_2: autoDraw = False
327.6944 	EXP 	mask3_run: autoDraw = False
327.6944 	EXP 	mask4_run: autoDraw = False
327.6944 	EXP 	fixStartTrial: autoDraw = True
337.6775 	EXP 	New trial (rep=0, index=10): OrderedDict([('stimulus1', 'scrambles/id074_v1_si.jpg'), ('stimulus2', 'scrambles/id078_v1_si.jpg'), ('stimulus3', 'images/id074_v1_si.jpg'), ('stimulus4', 'scrambles/id077_v1_si.jpg'), ('probeIm', 'images/id074_v1_si.jpg'), ('probeCon', 1), ('load', 1), ('category', 'si'), ('correctResp', 'b'), ('mask1', 'scrambles/id028_v1_fm.jpg'), ('mask2', 'scrambles/id030_v1_fm.jpg'), ('mask3', 'scrambles/id086_v1_si.jpg'), ('mask4', 'scrambles/id038_v1_ff.jpg')])
337.7429 	EXP 	fixStartTrial: autoDraw = False
337.7429 	EXP 	stim1: image = 'scrambles/id074_v1_si.jpg'
337.7429 	EXP 	stim2: image = 'scrambles/id078_v1_si.jpg'
337.7429 	EXP 	stim3: image = 'images/id074_v1_si.jpg'
337.7429 	EXP 	stim4: image = 'scrambles/id077_v1_si.jpg'
337.7429 	EXP 	probe: image = 'images/id074_v1_si.jpg'
337.7429 	EXP 	mask1_run: image = 'scrambles/id028_v1_fm.jpg'
337.7429 	EXP 	mask2_prac_2: image = 'scrambles/id030_v1_fm.jpg'
337.7429 	EXP 	mask3_run: image = 'scrambles/id086_v1_si.jpg'
337.7429 	EXP 	mask4_run: image = 'scrambles/id038_v1_ff.jpg'
337.7429 	EXP 	stim1: autoDraw = True
337.7429 	EXP 	stim2: autoDraw = True
337.7429 	EXP 	stim3: autoDraw = True
337.7429 	EXP 	stim4: autoDraw = True
341.0100 	EXP 	mask1_run: autoDraw = True
341.0100 	EXP 	mask2_prac_2: autoDraw = True
341.0100 	EXP 	mask3_run: autoDraw = True
341.0100 	EXP 	mask4_run: autoDraw = True
341.0434 	EXP 	stim1: autoDraw = False
341.0434 	EXP 	stim2: autoDraw = False
341.0434 	EXP 	stim3: autoDraw = False
341.0434 	EXP 	stim4: autoDraw = False
341.2101 	EXP 	fixDelay: autoDraw = True
341.2101 	EXP 	mask1_run: autoDraw = False
341.2101 	EXP 	mask2_prac_2: autoDraw = False
341.2101 	EXP 	mask3_run: autoDraw = False
341.2101 	EXP 	mask4_run: autoDraw = False
354.2092 	EXP 	fixDelay: autoDraw = False
354.2092 	EXP 	probe: autoDraw = True
355.4418 	EXP 	probe: autoDraw = False
355.4418 	EXP 	fixProbe: autoDraw = True
358.3925 	EXP 	stim1: autoDraw = False
358.3925 	EXP 	stim2: autoDraw = False
358.3925 	EXP 	stim3: autoDraw = False
358.3925 	EXP 	stim4: autoDraw = False
358.3925 	EXP 	fixDelay: autoDraw = False
358.3925 	EXP 	probe: autoDraw = False
358.3925 	EXP 	fixProbe: autoDraw = False
358.3925 	EXP 	mask1_run: autoDraw = False
358.3925 	EXP 	mask2_prac_2: autoDraw = False
358.3925 	EXP 	mask3_run: autoDraw = False
358.3925 	EXP 	mask4_run: autoDraw = False
358.3925 	EXP 	fixStartTrial: autoDraw = True
368.3756 	EXP 	New trial (rep=0, index=11): OrderedDict([('stimulus1', 'scrambles/id058_v1_ff.jpg'), ('stimulus2', 'scrambles/id039_v1_ff.jpg'), ('stimulus3', 'scrambles/id059_v1_ff.jpg'), ('stimulus4', 'images/id069_v1_ff.jpg'), ('probeIm', 'images/id045_v1_ff.jpg'), ('probeCon', 0), ('load', 1), ('category', 'ff'), ('correctResp', 'y'), ('mask1', 'scrambles/id028_v1_fm.jpg'), ('mask2', 'scrambles/id045_v1_ff.jpg'), ('mask3', 'scrambles/id038_v1_ff.jpg'), ('mask4', 'scrambles/id109_v1_so.jpg')])
368.4409 	EXP 	fixStartTrial: autoDraw = False
368.4409 	EXP 	stim1: image = 'scrambles/id058_v1_ff.jpg'
368.4409 	EXP 	stim2: image = 'scrambles/id039_v1_ff.jpg'
368.4409 	EXP 	stim3: image = 'scrambles/id059_v1_ff.jpg'
368.4409 	EXP 	stim4: image = 'images/id069_v1_ff.jpg'
368.4409 	EXP 	probe: image = 'images/id045_v1_ff.jpg'
368.4409 	EXP 	mask1_run: image = 'scrambles/id028_v1_fm.jpg'
368.4409 	EXP 	mask2_prac_2: image = 'scrambles/id045_v1_ff.jpg'
368.4409 	EXP 	mask3_run: image = 'scrambles/id038_v1_ff.jpg'
368.4409 	EXP 	mask4_run: image = 'scrambles/id109_v1_so.jpg'
368.4409 	EXP 	stim1: autoDraw = True
368.4409 	EXP 	stim2: autoDraw = True
368.4409 	EXP 	stim3: autoDraw = True
368.4409 	EXP 	stim4: autoDraw = True
371.7248 	EXP 	mask1_run: autoDraw = True
371.7248 	EXP 	mask2_prac_2: autoDraw = True
371.7248 	EXP 	mask3_run: autoDraw = True
371.7248 	EXP 	mask4_run: autoDraw = True
371.7416 	EXP 	stim1: autoDraw = False
371.7416 	EXP 	stim2: autoDraw = False
371.7416 	EXP 	stim3: autoDraw = False
371.7416 	EXP 	stim4: autoDraw = False
371.9251 	EXP 	fixDelay: autoDraw = True
371.9251 	EXP 	mask1_run: autoDraw = False
371.9251 	EXP 	mask2_prac_2: autoDraw = False
371.9251 	EXP 	mask3_run: autoDraw = False
371.9251 	EXP 	mask4_run: autoDraw = False
384.9239 	EXP 	probe: autoDraw = True
384.9565 	EXP 	fixDelay: autoDraw = False
386.1564 	EXP 	probe: autoDraw = False
386.1564 	EXP 	fixProbe: autoDraw = True
389.1073 	EXP 	stim1: autoDraw = False
389.1073 	EXP 	stim2: autoDraw = False
389.1073 	EXP 	stim3: autoDraw = False
389.1073 	EXP 	stim4: autoDraw = False
389.1073 	EXP 	fixDelay: autoDraw = False
389.1073 	EXP 	probe: autoDraw = False
389.1073 	EXP 	fixProbe: autoDraw = False
389.1073 	EXP 	mask1_run: autoDraw = False
389.1073 	EXP 	mask2_prac_2: autoDraw = False
389.1073 	EXP 	mask3_run: autoDraw = False
389.1073 	EXP 	mask4_run: autoDraw = False
389.1073 	EXP 	fixStartTrial: autoDraw = True
399.0902 	EXP 	New trial (rep=0, index=12): OrderedDict([('stimulus1', 'scrambles/id086_v1_si.jpg'), ('stimulus2', 'scrambles/id100_v1_si.jpg'), ('stimulus3', 'scrambles/id088_v1_si.jpg'), ('stimulus4', 'images/id078_v1_si.jpg'), ('probeIm', 'images/id085_v1_si.jpg'), ('probeCon', 0), ('load', 1), ('category', 'si'), ('correctResp', 'y'), ('mask1', 'scrambles/id078_v1_si.jpg'), ('mask2', 'scrambles/id045_v1_ff.jpg'), ('mask3', 'scrambles/id086_v1_si.jpg'), ('mask4', 'scrambles/id139_v1_so.jpg')])
399.2056 	EXP 	fixStartTrial: autoDraw = False
399.2056 	EXP 	stim1: image = 'scrambles/id086_v1_si.jpg'
399.2056 	EXP 	stim2: image = 'scrambles/id100_v1_si.jpg'
399.2056 	EXP 	stim3: image = 'scrambles/id088_v1_si.jpg'
399.2056 	EXP 	stim4: image = 'images/id078_v1_si.jpg'
399.2056 	EXP 	probe: image = 'images/id085_v1_si.jpg'
399.2056 	EXP 	mask1_run: image = 'scrambles/id078_v1_si.jpg'
399.2056 	EXP 	mask2_prac_2: image = 'scrambles/id045_v1_ff.jpg'
399.2056 	EXP 	mask3_run: image = 'scrambles/id086_v1_si.jpg'
399.2056 	EXP 	mask4_run: image = 'scrambles/id139_v1_so.jpg'
399.2056 	EXP 	stim1: autoDraw = True
399.2056 	EXP 	stim2: autoDraw = True
399.2056 	EXP 	stim3: autoDraw = True
399.2056 	EXP 	stim4: autoDraw = True
402.4896 	EXP 	mask1_run: autoDraw = True
402.4896 	EXP 	mask2_prac_2: autoDraw = True
402.4896 	EXP 	mask3_run: autoDraw = True
402.4896 	EXP 	mask4_run: autoDraw = True
402.5062 	EXP 	stim1: autoDraw = False
402.5062 	EXP 	stim2: autoDraw = False
402.5062 	EXP 	stim3: autoDraw = False
402.5062 	EXP 	stim4: autoDraw = False
402.6895 	EXP 	fixDelay: autoDraw = True
402.6895 	EXP 	mask1_run: autoDraw = False
402.6895 	EXP 	mask2_prac_2: autoDraw = False
402.6895 	EXP 	mask3_run: autoDraw = False
402.6895 	EXP 	mask4_run: autoDraw = False
415.6885 	EXP 	fixDelay: autoDraw = False
415.6885 	EXP 	probe: autoDraw = True
416.9221 	EXP 	probe: autoDraw = False
416.9221 	EXP 	fixProbe: autoDraw = True
419.8050 	EXP 	stim1: autoDraw = False
419.8050 	EXP 	stim2: autoDraw = False
419.8050 	EXP 	stim3: autoDraw = False
419.8050 	EXP 	stim4: autoDraw = False
419.8050 	EXP 	fixDelay: autoDraw = False
419.8050 	EXP 	probe: autoDraw = False
419.8050 	EXP 	fixProbe: autoDraw = False
419.8050 	EXP 	mask1_run: autoDraw = False
419.8050 	EXP 	mask2_prac_2: autoDraw = False
419.8050 	EXP 	mask3_run: autoDraw = False
419.8050 	EXP 	mask4_run: autoDraw = False
419.8050 	EXP 	fixStartTrial: autoDraw = True
429.7882 	EXP 	New trial (rep=0, index=13): OrderedDict([('stimulus1', 'images/id003_v1_fm.jpg'), ('stimulus2', 'images/id007_v1_fm.jpg'), ('stimulus3', 'images/id034_v1_fm.jpg'), ('stimulus4', 'images/id018_v1_fm.jpg'), ('probeIm', 'images/id034_v1_fm.jpg'), ('probeCon', 1), ('load', 4), ('category', 'fm'), ('correctResp', 'b'), ('mask1', 'scrambles/id028_v1_fm.jpg'), ('mask2', 'scrambles/id108_v1_so.jpg'), ('mask3', 'scrambles/id074_v1_si.jpg'), ('mask4', 'scrambles/id086_v1_si.jpg')])
429.9036 	EXP 	fixStartTrial: autoDraw = False
429.9036 	EXP 	stim1: image = 'images/id003_v1_fm.jpg'
429.9036 	EXP 	stim2: image = 'images/id007_v1_fm.jpg'
429.9036 	EXP 	stim3: image = 'images/id034_v1_fm.jpg'
429.9036 	EXP 	stim4: image = 'images/id018_v1_fm.jpg'
429.9036 	EXP 	probe: image = 'images/id034_v1_fm.jpg'
429.9036 	EXP 	mask1_run: image = 'scrambles/id028_v1_fm.jpg'
429.9036 	EXP 	mask2_prac_2: image = 'scrambles/id108_v1_so.jpg'
429.9036 	EXP 	mask3_run: image = 'scrambles/id074_v1_si.jpg'
429.9036 	EXP 	mask4_run: image = 'scrambles/id086_v1_si.jpg'
429.9036 	EXP 	stim1: autoDraw = True
429.9036 	EXP 	stim2: autoDraw = True
429.9036 	EXP 	stim3: autoDraw = True
429.9036 	EXP 	stim4: autoDraw = True
433.1875 	EXP 	mask1_run: autoDraw = True
433.1875 	EXP 	mask2_prac_2: autoDraw = True
433.1875 	EXP 	mask3_run: autoDraw = True
433.1875 	EXP 	mask4_run: autoDraw = True
433.2041 	EXP 	stim1: autoDraw = False
433.2041 	EXP 	stim2: autoDraw = False
433.2041 	EXP 	stim3: autoDraw = False
433.2041 	EXP 	stim4: autoDraw = False
433.3874 	EXP 	fixDelay: autoDraw = True
433.3874 	EXP 	mask1_run: autoDraw = False
433.3874 	EXP 	mask2_prac_2: autoDraw = False
433.3874 	EXP 	mask3_run: autoDraw = False
433.3874 	EXP 	mask4_run: autoDraw = False
446.3866 	EXP 	fixDelay: autoDraw = False
446.3866 	EXP 	probe: autoDraw = True
447.6192 	EXP 	probe: autoDraw = False
447.6192 	EXP 	fixProbe: autoDraw = True
450.5022 	EXP 	stim1: autoDraw = False
450.5022 	EXP 	stim2: autoDraw = False
450.5022 	EXP 	stim3: autoDraw = False
450.5022 	EXP 	stim4: autoDraw = False
450.5022 	EXP 	fixDelay: autoDraw = False
450.5022 	EXP 	probe: autoDraw = False
450.5022 	EXP 	fixProbe: autoDraw = False
450.5022 	EXP 	mask1_run: autoDraw = False
450.5022 	EXP 	mask2_prac_2: autoDraw = False
450.5022 	EXP 	mask3_run: autoDraw = False
450.5022 	EXP 	mask4_run: autoDraw = False
450.5022 	EXP 	fixStartTrial: autoDraw = True
460.4862 	EXP 	New trial (rep=0, index=14): OrderedDict([('stimulus1', 'scrambles/id109_v1_so.jpg'), ('stimulus2', 'images/id114_v1_so.jpg'), ('stimulus3', 'scrambles/id121_v1_so.jpg'), ('stimulus4', 'scrambles/id114_v1_so.jpg'), ('probeIm', 'images/id138_v1_so.jpg'), ('probeCon', 0), ('load', 1), ('category', 'so'), ('correctResp', 'y'), ('mask1', 'scrambles/id038_v1_ff.jpg'), ('mask2', 'scrambles/id038_v1_ff.jpg'), ('mask3', 'scrambles/id003_v1_fm.jpg'), ('mask4', 'scrambles/id030_v1_fm.jpg')])
460.6349 	EXP 	fixStartTrial: autoDraw = False
460.6349 	EXP 	stim1: image = 'scrambles/id109_v1_so.jpg'
460.6349 	EXP 	stim2: image = 'images/id114_v1_so.jpg'
460.6349 	EXP 	stim3: image = 'scrambles/id121_v1_so.jpg'
460.6349 	EXP 	stim4: image = 'scrambles/id114_v1_so.jpg'
460.6349 	EXP 	probe: image = 'images/id138_v1_so.jpg'
460.6349 	EXP 	mask1_run: image = 'scrambles/id038_v1_ff.jpg'
460.6349 	EXP 	mask2_prac_2: image = 'scrambles/id038_v1_ff.jpg'
460.6349 	EXP 	mask3_run: image = 'scrambles/id003_v1_fm.jpg'
460.6349 	EXP 	mask4_run: image = 'scrambles/id030_v1_fm.jpg'
460.6349 	EXP 	stim1: autoDraw = True
460.6349 	EXP 	stim2: autoDraw = True
460.6349 	EXP 	stim3: autoDraw = True
460.6349 	EXP 	stim4: autoDraw = True
463.9022 	EXP 	mask1_run: autoDraw = True
463.9022 	EXP 	mask2_prac_2: autoDraw = True
463.9022 	EXP 	mask3_run: autoDraw = True
463.9022 	EXP 	mask4_run: autoDraw = True
463.9354 	EXP 	stim1: autoDraw = False
463.9354 	EXP 	stim2: autoDraw = False
463.9354 	EXP 	stim3: autoDraw = False
463.9354 	EXP 	stim4: autoDraw = False
464.1022 	EXP 	fixDelay: autoDraw = True
464.1022 	EXP 	mask1_run: autoDraw = False
464.1022 	EXP 	mask2_prac_2: autoDraw = False
464.1022 	EXP 	mask3_run: autoDraw = False
464.1022 	EXP 	mask4_run: autoDraw = False
477.1012 	EXP 	fixDelay: autoDraw = False
477.1012 	EXP 	probe: autoDraw = True
478.3337 	EXP 	probe: autoDraw = False
478.3337 	EXP 	fixProbe: autoDraw = True
481.2169 	EXP 	stim1: autoDraw = False
481.2169 	EXP 	stim2: autoDraw = False
481.2169 	EXP 	stim3: autoDraw = False
481.2169 	EXP 	stim4: autoDraw = False
481.2169 	EXP 	fixDelay: autoDraw = False
481.2169 	EXP 	probe: autoDraw = False
481.2169 	EXP 	fixProbe: autoDraw = False
481.2169 	EXP 	mask1_run: autoDraw = False
481.2169 	EXP 	mask2_prac_2: autoDraw = False
481.2169 	EXP 	mask3_run: autoDraw = False
481.2169 	EXP 	mask4_run: autoDraw = False
481.2169 	EXP 	fixStartTrial: autoDraw = True
491.1841 	EXP 	New trial (rep=0, index=15): OrderedDict([('stimulus1', 'images/id099_v1_si.jpg'), ('stimulus2', 'images/id077_v1_si.jpg'), ('stimulus3', 'images/id092_v1_si.jpg'), ('stimulus4', 'images/id100_v1_si.jpg'), ('probeIm', 'images/id077_v1_si.jpg'), ('probeCon', 1), ('load', 4), ('category', 'si'), ('correctResp', 'b'), ('mask1', 'scrambles/id108_v1_so.jpg'), ('mask2', 'scrambles/id058_v1_ff.jpg'), ('mask3', 'scrambles/id108_v1_so.jpg'), ('mask4', 'scrambles/id039_v1_ff.jpg')])
491.3502 	EXP 	fixStartTrial: autoDraw = False
491.3502 	EXP 	stim1: image = 'images/id099_v1_si.jpg'
491.3502 	EXP 	stim2: image = 'images/id077_v1_si.jpg'
491.3502 	EXP 	stim3: image = 'images/id092_v1_si.jpg'
491.3502 	EXP 	stim4: image = 'images/id100_v1_si.jpg'
491.3502 	EXP 	probe: image = 'images/id077_v1_si.jpg'
491.3502 	EXP 	mask1_run: image = 'scrambles/id108_v1_so.jpg'
491.3502 	EXP 	mask2_prac_2: image = 'scrambles/id058_v1_ff.jpg'
491.3502 	EXP 	mask3_run: image = 'scrambles/id108_v1_so.jpg'
491.3502 	EXP 	mask4_run: image = 'scrambles/id039_v1_ff.jpg'
491.3502 	EXP 	stim1: autoDraw = True
491.3502 	EXP 	stim2: autoDraw = True
491.3502 	EXP 	stim3: autoDraw = True
491.3502 	EXP 	stim4: autoDraw = True
494.6335 	EXP 	mask1_run: autoDraw = True
494.6335 	EXP 	mask2_prac_2: autoDraw = True
494.6335 	EXP 	mask3_run: autoDraw = True
494.6335 	EXP 	mask4_run: autoDraw = True
494.6503 	EXP 	stim1: autoDraw = False
494.6503 	EXP 	stim2: autoDraw = False
494.6503 	EXP 	stim3: autoDraw = False
494.6503 	EXP 	stim4: autoDraw = False
494.8336 	EXP 	fixDelay: autoDraw = True
494.8336 	EXP 	mask1_run: autoDraw = False
494.8336 	EXP 	mask2_prac_2: autoDraw = False
494.8336 	EXP 	mask3_run: autoDraw = False
494.8336 	EXP 	mask4_run: autoDraw = False
507.8326 	EXP 	fixDelay: autoDraw = False
507.8326 	EXP 	probe: autoDraw = True
509.0651 	EXP 	probe: autoDraw = False
509.0651 	EXP 	fixProbe: autoDraw = True
511.9149 	EXP 	stim1: autoDraw = False
511.9149 	EXP 	stim2: autoDraw = False
511.9149 	EXP 	stim3: autoDraw = False
511.9149 	EXP 	stim4: autoDraw = False
511.9149 	EXP 	fixDelay: autoDraw = False
511.9149 	EXP 	probe: autoDraw = False
511.9149 	EXP 	fixProbe: autoDraw = False
511.9149 	EXP 	mask1_run: autoDraw = False
511.9149 	EXP 	mask2_prac_2: autoDraw = False
511.9149 	EXP 	mask3_run: autoDraw = False
511.9149 	EXP 	mask4_run: autoDraw = False
511.9149 	EXP 	fixStartTrial: autoDraw = True
521.8986 	EXP 	fixStartTrial: autoDraw = False
521.8986 	EXP 	fixEnd: autoDraw = True
522.6974 	EXP 	fixEnd: autoDraw = False
522.6974 	EXP 	feedbackTxtRun: text = 'Du hattest 0.0% richtig.'
522.6974 	EXP 	feedbackTxtRun: autoDraw = True
621.2578 	EXP 	feedbackTxtRun: autoDraw = False
621.2797 	EXP 	window1: mouseVisible = True
