3.0765 	WARNING 	We strongly recommend you activate the PTB sound engine in PsychoPy prefs as the preferred audio engine. Its timing is vastly superior. Your prefs are currently set to use ['sounddevice', 'PTB', 'pyo', 'pygame'] (in that order).
17.5014 	WARNING 	User requested fullscreen with size [1536  864], but screen is actually [1920, 1080]. Using actual size
21.1300 	EXP 	Created window1 = Window(allowGUI=False, allowStencil=False, args=UNKNOWN, autoLog=True, bitsMode=UNKNOWN, blendMode='avg', bpc=(8, 8, 8), color=array([0., 0., 0.]), colorSpace='rgb', depthBits=8, fullscr=<method-wrapper '__getattribute__' of attributeSetter object at 0x000001BD2F038CF8>, gamma=None, gammaErrorPolicy='raise', kwargs=UNKNOWN, lms=UNKNOWN, monitor=<psychopy.monitors.calibTools.Monitor object at 0x000001BD2F08F588>, multiSample=False, name='window1', numSamples=2, pos=[0.0, 0.0], screen=0, size=array([1920, 1080]), stencilBits=0, stereo=False, units='height', useFBO=True, useRetina=False, viewOri=0.0, viewPos=None, viewScale=None, waitBlanking=True, winType='pyglet')
21.1307 	EXP 	window1: mouseVisible = True
21.1308 	EXP 	window1: recordFrameIntervals = False
21.2937 	EXP 	window1: recordFrameIntervals = True
21.4771 	EXP 	window1: recordFrameIntervals = False
22.1301 	EXP 	Created Welcome_text = TextStim(__class__=<class 'psychopy.visual.text.TextStim'>, alignHoriz=method-wrapper(...), alignText='center', alignVert=method-wrapper(...), anchorHoriz='center', anchorVert='center', antialias=True, autoLog=True, bold=False, color='white', colorSpace='named', contrast=1.0, depth=0.0, flipHoriz=False, flipVert=False, font='Arial', fontFiles=[], height=0.05, italic=False, languageStyle='LTR', name='Welcome_text', opacity=1.0, ori=0, pos=array([0., 0.]), rgb=array([255., 255., 255.]), text=str(...), units='height', win=Window(...), wrapWidth=1)
22.1513 	EXP 	Created Instruction_text = TextStim(__class__=<class 'psychopy.visual.text.TextStim'>, alignHoriz=method-wrapper(...), alignText='center', alignVert=method-wrapper(...), anchorHoriz='center', anchorVert='center', antialias=True, autoLog=True, bold=False, color='white', colorSpace='named', contrast=1.0, depth=0.0, flipHoriz=False, flipVert=False, font='Arial', fontFiles=[], height=0.05, italic=False, languageStyle='LTR', name='Instruction_text', opacity=1.0, ori=0, pos=array([0., 0.]), rgb=array([255., 255., 255.]), text='default text', units='height', win=Window(...), wrapWidth=1)
22.1648 	EXP 	Created stim1_inst = ImageStim(__class__=<class 'psychopy.visual.image.ImageStim'>, autoLog=True, color=array([1., 1., 1.]), colorSpace='rgb', contrast=1.0, depth=0.0, flipHoriz=False, flipVert=False, image='sin', interpolate=True, mask=None, maskParams=None, name='stim1_inst', opacity=1.0, ori=0.0, pos=array([-0.11,  0.11]), size=array([0.2, 0.2]), texRes=512, units='height', win=Window(...))
22.1709 	EXP 	Created stim2_inst = ImageStim(__class__=<class 'psychopy.visual.image.ImageStim'>, autoLog=True, color=array([1., 1., 1.]), colorSpace='rgb', contrast=1.0, depth=-1.0, flipHoriz=False, flipVert=False, image='sin', interpolate=True, mask=None, maskParams=None, name='stim2_inst', opacity=1.0, ori=0.0, pos=array([0.11, 0.11]), size=array([0.2, 0.2]), texRes=512, units='height', win=Window(...))
22.1772 	EXP 	Created stim3_inst = ImageStim(__class__=<class 'psychopy.visual.image.ImageStim'>, autoLog=True, color=array([1., 1., 1.]), colorSpace='rgb', contrast=1.0, depth=-2.0, flipHoriz=False, flipVert=False, image='sin', interpolate=True, mask=None, maskParams=None, name='stim3_inst', opacity=1.0, ori=0.0, pos=array([ 0.11, -0.11]), size=array([0.2, 0.2]), texRes=128, units='height', win=Window(...))
22.1838 	EXP 	Created stim4_inst = ImageStim(__class__=<class 'psychopy.visual.image.ImageStim'>, autoLog=True, color=array([1., 1., 1.]), colorSpace='rgb', contrast=1.0, depth=-3.0, flipHoriz=False, flipVert=False, image='sin', interpolate=True, mask=None, maskParams=None, name='stim4_inst', opacity=1.0, ori=0.0, pos=array([-0.11, -0.11]), size=array([0.2, 0.2]), texRes=128, units='height', win=Window(...))
22.2386 	EXP 	Created trialExplanation = TextStim(__class__=<class 'psychopy.visual.text.TextStim'>, alignHoriz=method-wrapper(...), alignText='center', alignVert=method-wrapper(...), anchorHoriz='center', anchorVert='center', antialias=True, autoLog=True, bold=False, color='white', colorSpace='named', contrast=1.0, depth=-4.0, flipHoriz=False, flipVert=False, font='Arial', fontFiles=[], height=0.05, italic=False, languageStyle='LTR', name='trialExplanation', opacity=1.0, ori=0, pos=array([0. , 0.3]), rgb=array([255., 255., 255.]), text=str(...), units='height', win=Window(...), wrapWidth=1)
22.2451 	EXP 	Created mask1_inst = ImageStim(__class__=<class 'psychopy.visual.image.ImageStim'>, autoLog=True, color=array([1., 1., 1.]), colorSpace='rgb', contrast=1.0, depth=0.0, flipHoriz=False, flipVert=False, image='sin', interpolate=True, mask=None, maskParams=None, name='mask1_inst', opacity=1.0, ori=0.0, pos=array([-0.11,  0.11]), size=array([0.2, 0.2]), texRes=512, units='height', win=Window(...))
22.2509 	EXP 	Created mask2_inst = ImageStim(__class__=<class 'psychopy.visual.image.ImageStim'>, autoLog=True, color=array([1., 1., 1.]), colorSpace='rgb', contrast=1.0, depth=-1.0, flipHoriz=False, flipVert=False, image='sin', interpolate=True, mask=None, maskParams=None, name='mask2_inst', opacity=1.0, ori=0.0, pos=array([0.11, 0.11]), size=array([0.2, 0.2]), texRes=512, units='height', win=Window(...))
22.2568 	EXP 	Created mask3_inst = ImageStim(__class__=<class 'psychopy.visual.image.ImageStim'>, autoLog=True, color=array([1., 1., 1.]), colorSpace='rgb', contrast=1.0, depth=-2.0, flipHoriz=False, flipVert=False, image='sin', interpolate=True, mask=None, maskParams=None, name='mask3_inst', opacity=1.0, ori=0.0, pos=array([ 0.11, -0.11]), size=array([0.2, 0.2]), texRes=128, units='height', win=Window(...))
22.2633 	EXP 	Created mask4_inst = ImageStim(__class__=<class 'psychopy.visual.image.ImageStim'>, autoLog=True, color=array([1., 1., 1.]), colorSpace='rgb', contrast=1.0, depth=-3.0, flipHoriz=False, flipVert=False, image='sin', interpolate=True, mask=None, maskParams=None, name='mask4_inst', opacity=1.0, ori=0.0, pos=array([-0.11, -0.11]), size=array([0.2, 0.2]), texRes=128, units='height', win=Window(...))
22.2687 	EXP 	Created fixDelay_2 = ShapeStim(__class__=<class 'psychopy.visual.shape.ShapeStim'>, autoDraw=False, autoLog=True, closeShape=True, contrast=1.0, depth=0.0, fillColor=array([1., 0., 0.]), fillColorSpace='rgb', interpolate=True, lineColor=array([1., 0., 0.]), lineColorSpace='rgb', lineWidth=1, name='fixDelay_2', opacity=1.0, ori=array(0.), pos=array([0., 0.]), size=array([0.01, 0.01]), units='height', vertices=ndarray(...), win=Window(...), windingRule=None)
22.3324 	EXP 	Created delayExplanation = TextStim(__class__=<class 'psychopy.visual.text.TextStim'>, alignHoriz=method-wrapper(...), alignText='center', alignVert=method-wrapper(...), anchorHoriz='center', anchorVert='center', antialias=True, autoLog=True, bold=False, color='white', colorSpace='named', contrast=1.0, depth=-1.0, flipHoriz=False, flipVert=False, font='Arial', fontFiles=[], height=0.05, italic=False, languageStyle='LTR', name='delayExplanation', opacity=1.0, ori=0, pos=array([0. , 0.3]), rgb=array([255., 255., 255.]), text=str(...), units='height', win=Window(...), wrapWidth=1)
22.3370 	EXP 	Created probe_inst = ImageStim(__class__=<class 'psychopy.visual.image.ImageStim'>, autoLog=True, color=array([1., 1., 1.]), colorSpace='rgb', contrast=1.0, depth=0.0, flipHoriz=False, flipVert=False, image='sin', interpolate=True, mask=None, maskParams=None, name='probe_inst', opacity=1.0, ori=0.0, pos=array([0., 0.]), size=array([0.2, 0.2]), texRes=512, units='height', win=Window(...))
22.3825 	EXP 	Created probeIndicator_inst = TextStim(__class__=<class 'psychopy.visual.text.TextStim'>, alignHoriz=method-wrapper(...), alignText='center', alignVert=method-wrapper(...), anchorHoriz='center', anchorVert='center', antialias=True, autoLog=True, bold=False, color='white', colorSpace='named', contrast=1.0, depth=-1.0, flipHoriz=False, flipVert=False, font='Arial', fontFiles=[], height=0.1, italic=False, languageStyle='LTR', name='probeIndicator_inst', opacity=1.0, ori=0, pos=array([0. , 0.2]), rgb=array([255., 255., 255.]), text='default text', units='height', win=Window(...), wrapWidth=1)
22.3862 	EXP 	Created fixProbe_inst = ShapeStim(__class__=<class 'psychopy.visual.shape.ShapeStim'>, autoDraw=False, autoLog=True, closeShape=True, contrast=1.0, depth=-2.0, fillColor=array([0., 1., 0.]), fillColorSpace='rgb', interpolate=True, lineColor=array([0., 1., 0.]), lineColorSpace='rgb', lineWidth=1, name='fixProbe_inst', opacity=1.0, ori=array(0.), pos=array([0., 0.]), size=array([0.01, 0.01]), units='height', vertices=ndarray(...), win=Window(...), windingRule=None)
22.4413 	EXP 	Created probeInst = TextStim(__class__=<class 'psychopy.visual.text.TextStim'>, alignHoriz=method-wrapper(...), alignText='center', alignVert=method-wrapper(...), anchorHoriz='center', anchorVert='center', antialias=True, autoLog=True, bold=False, color='white', colorSpace='named', contrast=1.0, depth=-4.0, flipHoriz=False, flipVert=False, font='Arial', fontFiles=[], height=0.05, italic=False, languageStyle='LTR', name='probeInst', opacity=1.0, ori=0, pos=array([0.  , 0.25]), rgb=array([255., 255., 255.]), text=str(...), units='height', win=Window(...), wrapWidth=1)
22.4764 	EXP 	Created rewardInst = TextStim(__class__=<class 'psychopy.visual.text.TextStim'>, alignHoriz=method-wrapper(...), alignText='center', alignVert=method-wrapper(...), anchorHoriz='center', anchorVert='center', antialias=True, autoLog=True, bold=False, color='white', colorSpace='named', contrast=1.0, depth=0.0, flipHoriz=False, flipVert=False, font='Arial', fontFiles=[], height=0.05, italic=False, languageStyle='LTR', name='rewardInst', opacity=1.0, ori=0, pos=array([0., 0.]), rgb=array([255., 255., 255.]), text=str(...), units='height', win=Window(...), wrapWidth=1)
22.5497 	EXP 	Created Button_reminder = TextStim(__class__=<class 'psychopy.visual.text.TextStim'>, alignHoriz=method-wrapper(...), alignText='center', alignVert=method-wrapper(...), anchorHoriz='center', anchorVert='center', antialias=True, autoLog=True, bold=False, color='white', colorSpace='named', contrast=1.0, depth=0.0, flipHoriz=False, flipVert=False, font='Arial', fontFiles=[], height=0.05, italic=False, languageStyle='LTR', name='Button_reminder', opacity=1.0, ori=0, pos=array([0., 0.]), rgb=array([255., 255., 255.]), text=str(...), units='height', win=Window(...), wrapWidth=1)
22.5550 	EXP 	Created fixStartTrial_2 = ShapeStim(__class__=<class 'psychopy.visual.shape.ShapeStim'>, autoDraw=False, autoLog=True, closeShape=True, contrast=1.0, depth=0.0, fillColor=array([1., 1., 1.]), fillColorSpace='rgb', interpolate=True, lineColor=array([1., 1., 1.]), lineColorSpace='rgb', lineWidth=1, name='fixStartTrial_2', opacity=1.0, ori=array(0.), pos=array([0., 0.]), size=array([0.01, 0.01]), units='height', vertices=ndarray(...), win=Window(...), windingRule=None)
22.5611 	EXP 	Created stim1_Practice = ImageStim(__class__=<class 'psychopy.visual.image.ImageStim'>, autoLog=True, color=array([1., 1., 1.]), colorSpace='rgb', contrast=1.0, depth=0.0, flipHoriz=False, flipVert=False, image='sin', interpolate=True, mask=None, maskParams=None, name='stim1_Practice', opacity=1.0, ori=0.0, pos=array([-0.11,  0.11]), size=array([0.2, 0.2]), texRes=512, units='height', win=Window(...))
22.5667 	EXP 	Created stim2_Practice = ImageStim(__class__=<class 'psychopy.visual.image.ImageStim'>, autoLog=True, color=array([1., 1., 1.]), colorSpace='rgb', contrast=1.0, depth=-1.0, flipHoriz=False, flipVert=False, image='sin', interpolate=True, mask=None, maskParams=None, name='stim2_Practice', opacity=1.0, ori=0.0, pos=array([0.11, 0.11]), size=array([0.2, 0.2]), texRes=512, units='height', win=Window(...))
22.5711 	EXP 	Created stim3_Practice = ImageStim(__class__=<class 'psychopy.visual.image.ImageStim'>, autoLog=True, color=array([1., 1., 1.]), colorSpace='rgb', contrast=1.0, depth=-2.0, flipHoriz=False, flipVert=False, image='sin', interpolate=True, mask=None, maskParams=None, name='stim3_Practice', opacity=1.0, ori=0.0, pos=array([ 0.11, -0.11]), size=array([0.2, 0.2]), texRes=128, units='height', win=Window(...))
22.5754 	EXP 	Created stim4_Practice = ImageStim(__class__=<class 'psychopy.visual.image.ImageStim'>, autoLog=True, color=array([1., 1., 1.]), colorSpace='rgb', contrast=1.0, depth=-3.0, flipHoriz=False, flipVert=False, image='sin', interpolate=True, mask=None, maskParams=None, name='stim4_Practice', opacity=1.0, ori=0.0, pos=array([-0.11, -0.11]), size=array([0.2, 0.2]), texRes=128, units='height', win=Window(...))
22.5782 	EXP 	Created fixDelay_Practice = ShapeStim(__class__=<class 'psychopy.visual.shape.ShapeStim'>, autoDraw=False, autoLog=True, closeShape=True, contrast=1.0, depth=-4.0, fillColor=array([1., 0., 0.]), fillColorSpace='rgb', interpolate=True, lineColor=array([1., 0., 0.]), lineColorSpace='rgb', lineWidth=1, name='fixDelay_Practice', opacity=1.0, ori=array(0.), pos=array([0., 0.]), size=array([0.01, 0.01]), units='height', vertices=ndarray(...), win=Window(...), windingRule=None)
22.5822 	EXP 	Created probe_Practice = ImageStim(__class__=<class 'psychopy.visual.image.ImageStim'>, autoLog=True, color=array([1., 1., 1.]), colorSpace='rgb', contrast=1.0, depth=-5.0, flipHoriz=False, flipVert=False, image='sin', interpolate=True, mask=None, maskParams=None, name='probe_Practice', opacity=1.0, ori=0.0, pos=array([0., 0.]), size=array([0.2, 0.2]), texRes=512, units='height', win=Window(...))
22.5864 	EXP 	Created probeIndicator_Practice = TextStim(__class__=<class 'psychopy.visual.text.TextStim'>, alignHoriz=method-wrapper(...), alignText='center', alignVert=method-wrapper(...), anchorHoriz='center', anchorVert='center', antialias=True, autoLog=True, bold=False, color='white', colorSpace='named', contrast=1.0, depth=-6.0, flipHoriz=False, flipVert=False, font='Arial', fontFiles=[], height=0.1, italic=False, languageStyle='LTR', name='probeIndicator_Practice', opacity=1.0, ori=0, pos=array([0. , 0.2]), rgb=array([255., 255., 255.]), text='default text', units='height', win=Window(...), wrapWidth=1)
22.5887 	EXP 	Created fixProbe_Practice = ShapeStim(__class__=<class 'psychopy.visual.shape.ShapeStim'>, autoDraw=False, autoLog=True, closeShape=True, contrast=1.0, depth=-7.0, fillColor=array([0., 1., 0.]), fillColorSpace='rgb', interpolate=True, lineColor=array([0., 1., 0.]), lineColorSpace='rgb', lineWidth=1, name='fixProbe_Practice', opacity=1.0, ori=array(0.), pos=array([0., 0.]), size=array([0.01, 0.01]), units='height', vertices=ndarray(...), win=Window(...), windingRule=None)
22.5925 	EXP 	Created mask1_prac = ImageStim(__class__=<class 'psychopy.visual.image.ImageStim'>, autoLog=True, color=array([1., 1., 1.]), colorSpace='rgb', contrast=1.0, depth=-9.0, flipHoriz=False, flipVert=False, image='sin', interpolate=True, mask=None, maskParams=None, name='mask1_prac', opacity=1.0, ori=0.0, pos=array([-0.11,  0.11]), size=array([0.2, 0.2]), texRes=512, units='height', win=Window(...))
22.5956 	EXP 	Created mask2_prac = ImageStim(__class__=<class 'psychopy.visual.image.ImageStim'>, autoLog=True, color=array([1., 1., 1.]), colorSpace='rgb', contrast=1.0, depth=-10.0, flipHoriz=False, flipVert=False, image='sin', interpolate=True, mask=None, maskParams=None, name='mask2_prac', opacity=1.0, ori=0.0, pos=array([0.11, 0.11]), size=array([0.2, 0.2]), texRes=512, units='height', win=Window(...))
22.5985 	EXP 	Created mask3_prac = ImageStim(__class__=<class 'psychopy.visual.image.ImageStim'>, autoLog=True, color=array([1., 1., 1.]), colorSpace='rgb', contrast=1.0, depth=-11.0, flipHoriz=False, flipVert=False, image='sin', interpolate=True, mask=None, maskParams=None, name='mask3_prac', opacity=1.0, ori=0.0, pos=array([ 0.11, -0.11]), size=array([0.2, 0.2]), texRes=128, units='height', win=Window(...))
22.6007 	EXP 	Created mask4_prac = ImageStim(__class__=<class 'psychopy.visual.image.ImageStim'>, autoLog=True, color=array([1., 1., 1.]), colorSpace='rgb', contrast=1.0, depth=-12.0, flipHoriz=False, flipVert=False, image='sin', interpolate=True, mask=None, maskParams=None, name='mask4_prac', opacity=1.0, ori=0.0, pos=array([-0.11, -0.11]), size=array([0.2, 0.2]), texRes=128, units='height', win=Window(...))
22.6036 	EXP 	Created feedbackText = TextStim(__class__=<class 'psychopy.visual.text.TextStim'>, alignHoriz=method-wrapper(...), alignText='center', alignVert=method-wrapper(...), anchorHoriz='center', anchorVert='center', antialias=True, autoLog=True, bold=False, color='white', colorSpace='named', contrast=1.0, depth=-1.0, flipHoriz=False, flipVert=False, font='Arial', fontFiles=[], height=0.05, italic=False, languageStyle='LTR', name='feedbackText', opacity=1.0, ori=0, pos=array([0., 0.]), rgb=array([255., 255., 255.]), text='default text', units='height', win=Window(...), wrapWidth=1)
22.6065 	EXP 	Created text_7 = TextStim(__class__=<class 'psychopy.visual.text.TextStim'>, alignHoriz=method-wrapper(...), alignText='center', alignVert=method-wrapper(...), anchorHoriz='center', anchorVert='center', antialias=True, autoLog=True, bold=False, color='white', colorSpace='named', contrast=1.0, depth=-1.0, flipHoriz=False, flipVert=False, font='Arial', fontFiles=[], height=0.05, italic=False, languageStyle='LTR', name='text_7', opacity=1.0, ori=0, pos=array([0., 0.]), rgb=array([255., 255., 255.]), text='default text', units='height', win=Window(...), wrapWidth=1)
22.6095 	EXP 	Created text_run = TextStim(__class__=<class 'psychopy.visual.text.TextStim'>, alignHoriz=method-wrapper(...), alignText='center', alignVert=method-wrapper(...), anchorHoriz='center', anchorVert='center', antialias=True, autoLog=True, bold=False, color='white', colorSpace='named', contrast=1.0, depth=0.0, flipHoriz=False, flipVert=False, font='Arial', fontFiles=[], height=0.05, italic=False, languageStyle='LTR', name='text_run', opacity=1.0, ori=0, pos=array([0., 0.]), rgb=array([255., 255., 255.]), text='default text', units='height', win=Window(...), wrapWidth=1)
22.6113 	EXP 	Created fixStart = ShapeStim(__class__=<class 'psychopy.visual.shape.ShapeStim'>, autoDraw=False, autoLog=True, closeShape=True, contrast=1.0, depth=0.0, fillColor=array([1., 1., 1.]), fillColorSpace='rgb', interpolate=True, lineColor=array([1., 1., 1.]), lineColorSpace='rgb', lineWidth=1, name='fixStart', opacity=1.0, ori=array(0.), pos=array([0., 0.]), size=array([0.01, 0.01]), units='height', vertices=ndarray(...), win=Window(...), windingRule=None)
22.6142 	EXP 	Created stim1 = ImageStim(__class__=<class 'psychopy.visual.image.ImageStim'>, autoLog=True, color=array([1., 1., 1.]), colorSpace='rgb', contrast=1.0, depth=0.0, flipHoriz=False, flipVert=False, image='sin', interpolate=True, mask=None, maskParams=None, name='stim1', opacity=1.0, ori=0.0, pos=array([-0.11,  0.11]), size=array([0.2, 0.2]), texRes=512, units='height', win=Window(...))
22.6168 	EXP 	Created stim2 = ImageStim(__class__=<class 'psychopy.visual.image.ImageStim'>, autoLog=True, color=array([1., 1., 1.]), colorSpace='rgb', contrast=1.0, depth=-1.0, flipHoriz=False, flipVert=False, image='sin', interpolate=True, mask=None, maskParams=None, name='stim2', opacity=1.0, ori=0.0, pos=array([0.11, 0.11]), size=array([0.2, 0.2]), texRes=512, units='height', win=Window(...))
22.6187 	EXP 	Created stim3 = ImageStim(__class__=<class 'psychopy.visual.image.ImageStim'>, autoLog=True, color=array([1., 1., 1.]), colorSpace='rgb', contrast=1.0, depth=-2.0, flipHoriz=False, flipVert=False, image='sin', interpolate=True, mask=None, maskParams=None, name='stim3', opacity=1.0, ori=0.0, pos=array([ 0.11, -0.11]), size=array([0.2, 0.2]), texRes=128, units='height', win=Window(...))
22.6207 	EXP 	Created stim4 = ImageStim(__class__=<class 'psychopy.visual.image.ImageStim'>, autoLog=True, color=array([1., 1., 1.]), colorSpace='rgb', contrast=1.0, depth=-3.0, flipHoriz=False, flipVert=False, image='sin', interpolate=True, mask=None, maskParams=None, name='stim4', opacity=1.0, ori=0.0, pos=array([-0.11, -0.11]), size=array([0.2, 0.2]), texRes=128, units='height', win=Window(...))
22.6224 	EXP 	Created fixDelay = ShapeStim(__class__=<class 'psychopy.visual.shape.ShapeStim'>, autoDraw=False, autoLog=True, closeShape=True, contrast=1.0, depth=-4.0, fillColor=array([1., 0., 0.]), fillColorSpace='rgb', interpolate=True, lineColor=array([1., 0., 0.]), lineColorSpace='rgb', lineWidth=1, name='fixDelay', opacity=1.0, ori=array(0.), pos=array([0., 0.]), size=array([0.01, 0.01]), units='height', vertices=ndarray(...), win=Window(...), windingRule=None)
22.6251 	EXP 	Created probe = ImageStim(__class__=<class 'psychopy.visual.image.ImageStim'>, autoLog=True, color=array([1., 1., 1.]), colorSpace='rgb', contrast=1.0, depth=-5.0, flipHoriz=False, flipVert=False, image='sin', interpolate=True, mask=None, maskParams=None, name='probe', opacity=1.0, ori=0.0, pos=array([0., 0.]), size=array([0.2, 0.2]), texRes=512, units='height', win=Window(...))
22.6281 	EXP 	Created probeIndicator = TextStim(__class__=<class 'psychopy.visual.text.TextStim'>, alignHoriz=method-wrapper(...), alignText='center', alignVert=method-wrapper(...), anchorHoriz='center', anchorVert='center', antialias=True, autoLog=True, bold=False, color='white', colorSpace='named', contrast=1.0, depth=-6.0, flipHoriz=False, flipVert=False, font='Arial', fontFiles=[], height=0.1, italic=False, languageStyle='LTR', name='probeIndicator', opacity=1.0, ori=0, pos=array([0. , 0.2]), rgb=array([255., 255., 255.]), text='default text', units='height', win=Window(...), wrapWidth=1)
22.6298 	EXP 	Created fixProbe = ShapeStim(__class__=<class 'psychopy.visual.shape.ShapeStim'>, autoDraw=False, autoLog=True, closeShape=True, contrast=1.0, depth=-7.0, fillColor=array([0., 1., 0.]), fillColorSpace='rgb', interpolate=True, lineColor=array([0., 1., 0.]), lineColorSpace='rgb', lineWidth=1, name='fixProbe', opacity=1.0, ori=array(0.), pos=array([0., 0.]), size=array([0.01, 0.01]), units='height', vertices=ndarray(...), win=Window(...), windingRule=None)
22.6327 	EXP 	Created mask1_run = ImageStim(__class__=<class 'psychopy.visual.image.ImageStim'>, autoLog=True, color=array([1., 1., 1.]), colorSpace='rgb', contrast=1.0, depth=-10.0, flipHoriz=False, flipVert=False, image='sin', interpolate=True, mask=None, maskParams=None, name='mask1_run', opacity=1.0, ori=0.0, pos=array([-0.11,  0.11]), size=array([0.2, 0.2]), texRes=512, units='height', win=Window(...))
22.6354 	EXP 	Created mask2_prac_2 = ImageStim(__class__=<class 'psychopy.visual.image.ImageStim'>, autoLog=True, color=array([1., 1., 1.]), colorSpace='rgb', contrast=1.0, depth=-11.0, flipHoriz=False, flipVert=False, image='sin', interpolate=True, mask=None, maskParams=None, name='mask2_prac_2', opacity=1.0, ori=0.0, pos=array([0.11, 0.11]), size=array([0.2, 0.2]), texRes=512, units='height', win=Window(...))
22.6373 	EXP 	Created mask3_run = ImageStim(__class__=<class 'psychopy.visual.image.ImageStim'>, autoLog=True, color=array([1., 1., 1.]), colorSpace='rgb', contrast=1.0, depth=-12.0, flipHoriz=False, flipVert=False, image='sin', interpolate=True, mask=None, maskParams=None, name='mask3_run', opacity=1.0, ori=0.0, pos=array([ 0.11, -0.11]), size=array([0.2, 0.2]), texRes=128, units='height', win=Window(...))
22.6394 	EXP 	Created mask4_run = ImageStim(__class__=<class 'psychopy.visual.image.ImageStim'>, autoLog=True, color=array([1., 1., 1.]), colorSpace='rgb', contrast=1.0, depth=-13.0, flipHoriz=False, flipVert=False, image='sin', interpolate=True, mask=None, maskParams=None, name='mask4_run', opacity=1.0, ori=0.0, pos=array([-0.11, -0.11]), size=array([0.2, 0.2]), texRes=128, units='height', win=Window(...))
22.6410 	EXP 	Created fixStartTrial = ShapeStim(__class__=<class 'psychopy.visual.shape.ShapeStim'>, autoDraw=False, autoLog=True, closeShape=True, contrast=1.0, depth=0.0, fillColor=array([1., 1., 1.]), fillColorSpace='rgb', interpolate=True, lineColor=array([1., 1., 1.]), lineColorSpace='rgb', lineWidth=1, name='fixStartTrial', opacity=1.0, ori=array(0.), pos=array([0., 0.]), size=array([0.01, 0.01]), units='height', vertices=ndarray(...), win=Window(...), windingRule=None)
22.6427 	EXP 	Created fixEnd = ShapeStim(__class__=<class 'psychopy.visual.shape.ShapeStim'>, autoDraw=False, autoLog=True, closeShape=True, contrast=1.0, depth=0.0, fillColor=array([1., 1., 1.]), fillColorSpace='rgb', interpolate=True, lineColor=array([1., 1., 1.]), lineColorSpace='rgb', lineWidth=1, name='fixEnd', opacity=1.0, ori=array(0.), pos=array([0., 0.]), size=array([0.01, 0.01]), units='height', vertices=ndarray(...), win=Window(...), windingRule=None)
22.6458 	EXP 	Created feedbackTxtRun = TextStim(__class__=<class 'psychopy.visual.text.TextStim'>, alignHoriz=method-wrapper(...), alignText='center', alignVert=method-wrapper(...), anchorHoriz='center', anchorVert='center', antialias=True, autoLog=True, bold=False, color='white', colorSpace='named', contrast=1.0, depth=-1.0, flipHoriz=False, flipVert=False, font='Arial', fontFiles=[], height=0.05, italic=False, languageStyle='LTR', name='feedbackTxtRun', opacity=1.0, ori=0, pos=array([0., 0.]), rgb=array([255., 255., 255.]), text='default text', units='height', win=Window(...), wrapWidth=1)
22.6545 	EXP 	Created txt_final = TextStim(__class__=<class 'psychopy.visual.text.TextStim'>, alignHoriz=method-wrapper(...), alignText='center', alignVert=method-wrapper(...), anchorHoriz='center', anchorVert='center', antialias=True, autoLog=True, bold=False, color='white', colorSpace='named', contrast=1.0, depth=-1.0, flipHoriz=False, flipVert=False, font='Arial', fontFiles=[], height=0.05, italic=False, languageStyle='LTR', name='txt_final', opacity=1.0, ori=0, pos=array([0., 0.]), rgb=array([255., 255., 255.]), text=str(...), units='height', win=Window(...), wrapWidth=1)
22.6968 	EXP 	Welcome_text: autoDraw = True
24.2582 	EXP 	Imported instructionTxt.xlsx as conditions, 6 conditions, 1 params
24.2590 	EXP 	Created sequence: sequential, trialTypes=6, nReps=1, seed=None
24.2598 	EXP 	New trial (rep=0, index=0): OrderedDict([('instructions', "On each trial, your task will be to remember images that are presented to you. The images will consist of either faces or scenes and there can be anywhere from one to four images per trial.  (Press 'space')")])
24.2852 	DATA 	Keypress: space
24.2885 	EXP 	Welcome_text: autoDraw = False
24.2885 	EXP 	Instruction_text: text = "On each trial, your task will be to remember images that are presented to you. The images will consist of either faces or scenes and there can be anywhere from one to four images per trial.  (Press 'space')"
24.2885 	EXP 	Instruction_text: autoDraw = True
26.3997 	DATA 	Keypress: space
26.4184 	EXP 	New trial (rep=0, index=1): OrderedDict([('instructions', "At the end of a trial you will have to indicate whether a test image presented after a short delay was part of the items that you remembered. (Press 'space')")])
26.4665 	EXP 	Instruction_text: autoDraw = False
26.4665 	EXP 	Instruction_text: text = "At the end of a trial you will have to indicate whether a test image presented after a short delay was part of the items that you remembered. (Press 'space')"
26.4665 	EXP 	Instruction_text: autoDraw = True
31.8825 	EXP 	New trial (rep=0, index=2): OrderedDict([('instructions', 'Possible answers: if the test image was part of the memory images, then you have to either press the left arrow key if "<" is presented with the test image or right arrow key if ">" is presented (Press \'space\') ')])
31.9310 	DATA 	Keypress: space
31.9347 	EXP 	Instruction_text: autoDraw = False
31.9347 	EXP 	Instruction_text: text = 'Possible answers: if the test image was part of the memory images, then you have to either press the left arrow key if "<" is presented with the test image or right arrow key if ">" is presented (Press \'space\') '
31.9347 	EXP 	Instruction_text: autoDraw = True
37.6657 	EXP 	New trial (rep=0, index=3): OrderedDict([('instructions', "If the image is NOT part of the memorized images, then NO response is needed (Press 'space')")])
37.6975 	DATA 	Keypress: space
37.7009 	EXP 	Instruction_text: autoDraw = False
37.7009 	EXP 	Instruction_text: text = "If the image is NOT part of the memorized images, then NO response is needed (Press 'space')"
37.7009 	EXP 	Instruction_text: autoDraw = True
41.6313 	DATA 	Keypress: space
41.6482 	EXP 	New trial (rep=0, index=4): OrderedDict([('instructions', "During the short remembering period, try to actively keep the images in your mind's eye. (Press 'space')")])
41.6927 	EXP 	Instruction_text: autoDraw = False
41.6927 	EXP 	Instruction_text: text = "During the short remembering period, try to actively keep the images in your mind's eye. (Press 'space')"
41.6927 	EXP 	Instruction_text: autoDraw = True
45.4651 	EXP 	New trial (rep=0, index=5): OrderedDict([('instructions', "Now we will see an example of a trial. (Press 'space')")])
45.4911 	DATA 	Keypress: space
45.4943 	EXP 	Instruction_text: autoDraw = False
45.4943 	EXP 	Instruction_text: text = "Now we will see an example of a trial. (Press 'space')"
45.4943 	EXP 	Instruction_text: autoDraw = True
47.4741 	EXP 	Imported trials_Int.xlsx as conditions, 1 conditions, 14 params
47.4749 	EXP 	Created sequence: sequential, trialTypes=1, nReps=1, seed=None
47.4764 	EXP 	New trial (rep=0, index=0): OrderedDict([('stimulus1', 'scrambles/id064_v1_ff.jpg'), ('stimulus2', 'scrambles/id054_v1_ff.jpg'), ('stimulus3', 'scrambles/id043_v1_ff.jpg'), ('stimulus4', 'images/id052_v1_ff.jpg'), ('probeIm', 'images/id064_v1_ff.jpg'), ('probeCon', 0), ('load', 1), ('category', 'ff'), ('correctResp', 'None'), ('arrowDir', '>'), ('mask1', 'scrambles/id025_v1_fm.jpg'), ('mask2', 'scrambles/id112_v1_so.jpg'), ('mask3', 'scrambles/id082_v1_si.jpg'), ('mask4', 'scrambles/id055_v1_ff.jpg')])
47.5621 	DATA 	Keypress: space
47.5662 	EXP 	Instruction_text: autoDraw = False
47.5662 	EXP 	stim1_inst: image = 'scrambles/id064_v1_ff.jpg'
47.5662 	EXP 	stim2_inst: image = 'scrambles/id054_v1_ff.jpg'
47.5662 	EXP 	stim3_inst: image = 'scrambles/id043_v1_ff.jpg'
47.5662 	EXP 	stim4_inst: image = 'images/id052_v1_ff.jpg'
47.5662 	EXP 	stim1_inst: autoDraw = True
47.5662 	EXP 	stim2_inst: autoDraw = True
47.5662 	EXP 	stim3_inst: autoDraw = True
47.5662 	EXP 	stim4_inst: autoDraw = True
47.5662 	EXP 	trialExplanation: autoDraw = True
53.5489 	DATA 	Keypress: space
53.5527 	EXP 	stim1_inst: autoDraw = False
53.5527 	EXP 	stim2_inst: autoDraw = False
53.5527 	EXP 	stim3_inst: autoDraw = False
53.5527 	EXP 	stim4_inst: autoDraw = False
53.5527 	EXP 	trialExplanation: autoDraw = False
53.5527 	EXP 	mask1_inst: image = 'scrambles/id025_v1_fm.jpg'
53.5527 	EXP 	mask2_inst: image = 'scrambles/id112_v1_so.jpg'
53.5527 	EXP 	mask3_inst: image = 'scrambles/id082_v1_si.jpg'
53.5527 	EXP 	mask4_inst: image = 'scrambles/id055_v1_ff.jpg'
53.5527 	EXP 	mask1_inst: autoDraw = True
53.5527 	EXP 	mask2_inst: autoDraw = True
53.5527 	EXP 	mask3_inst: autoDraw = True
53.5527 	EXP 	mask4_inst: autoDraw = True
53.7409 	EXP 	mask1_inst: autoDraw = False
53.7409 	EXP 	mask2_inst: autoDraw = False
53.7409 	EXP 	mask3_inst: autoDraw = False
53.7409 	EXP 	mask4_inst: autoDraw = False
53.7409 	EXP 	fixDelay_2: autoDraw = True
53.7409 	EXP 	delayExplanation: autoDraw = True
57.3899 	DATA 	Keypress: space
57.3932 	EXP 	fixDelay_2: autoDraw = False
57.3932 	EXP 	delayExplanation: autoDraw = False
57.3932 	EXP 	probe_inst: image = 'images/id064_v1_ff.jpg'
57.3932 	EXP 	probeIndicator_inst: text = '>'
57.3932 	EXP 	probe_inst: autoDraw = True
57.3932 	EXP 	probeIndicator_inst: autoDraw = True
59.8904 	EXP 	fixProbe_inst: autoDraw = True
59.8904 	EXP 	probeInst: autoDraw = True
59.9069 	EXP 	probe_inst: autoDraw = False
59.9069 	EXP 	probeIndicator_inst: autoDraw = False
62.7307 	DATA 	Keypress: right
65.7969 	DATA 	Keypress: space
66.7392 	DATA 	Keypress: left
66.7423 	EXP 	probe_inst: autoDraw = False
66.7423 	EXP 	probeIndicator_inst: autoDraw = False
66.7423 	EXP 	fixProbe_inst: autoDraw = False
66.7423 	EXP 	probeInst: autoDraw = False
66.7423 	EXP 	rewardInst: autoDraw = True
73.6296 	DATA 	Keypress: space
73.7960 	EXP 	Created sequence: random, trialTypes=1, nReps=999, seed=None
73.8003 	EXP 	New trial (rep=0, index=0): None
73.8070 	EXP 	rewardInst: autoDraw = False
73.8070 	EXP 	Button_reminder: autoDraw = True
78.5306 	DATA 	Keypress: space
78.6315 	EXP 	Imported trials_Int.xlsx as conditions, 8 conditions, 14 params
78.6337 	EXP 	Created sequence: random, trialTypes=8, nReps=1, seed=None
78.6351 	EXP 	New trial (rep=0, index=0): OrderedDict([('stimulus1', 'scrambles/id032_v1_fm.jpg'), ('stimulus2', 'scrambles/id010_v1_fm.jpg'), ('stimulus3', 'scrambles/id005_v1_fm.jpg'), ('stimulus4', 'images/id010_v1_fm.jpg'), ('probeIm', 'images/id032_v1_fm.jpg'), ('probeCon', 0), ('load', 1), ('category', 'fm'), ('correctResp', 'None'), ('arrowDir', '<'), ('mask1', 'scrambles/id115_v1_so.jpg'), ('mask2', 'scrambles/id082_v1_si.jpg'), ('mask3', 'scrambles/id025_v1_fm.jpg'), ('mask4', 'scrambles/id068_v1_ff.jpg')])
78.6418 	EXP 	Button_reminder: autoDraw = False
78.6418 	EXP 	fixStartTrial_2: autoDraw = True
84.6481 	EXP 	fixStartTrial_2: autoDraw = False
84.6481 	EXP 	stim1_Practice: image = 'scrambles/id032_v1_fm.jpg'
84.6481 	EXP 	stim2_Practice: image = 'scrambles/id010_v1_fm.jpg'
84.6481 	EXP 	stim3_Practice: image = 'scrambles/id005_v1_fm.jpg'
84.6481 	EXP 	stim4_Practice: image = 'images/id010_v1_fm.jpg'
84.6481 	EXP 	probe_Practice: image = 'images/id032_v1_fm.jpg'
84.6481 	EXP 	probeIndicator_Practice: text = '<'
84.6481 	EXP 	mask1_prac: image = 'scrambles/id115_v1_so.jpg'
84.6481 	EXP 	mask2_prac: image = 'scrambles/id082_v1_si.jpg'
84.6481 	EXP 	mask3_prac: image = 'scrambles/id025_v1_fm.jpg'
84.6481 	EXP 	mask4_prac: image = 'scrambles/id068_v1_ff.jpg'
84.6481 	EXP 	stim1_Practice: autoDraw = True
84.6481 	EXP 	stim2_Practice: autoDraw = True
84.6481 	EXP 	stim3_Practice: autoDraw = True
84.6481 	EXP 	stim4_Practice: autoDraw = True
87.9378 	EXP 	mask1_prac: autoDraw = True
87.9378 	EXP 	mask2_prac: autoDraw = True
87.9378 	EXP 	mask3_prac: autoDraw = True
87.9378 	EXP 	mask4_prac: autoDraw = True
87.9541 	EXP 	stim1_Practice: autoDraw = False
87.9541 	EXP 	stim2_Practice: autoDraw = False
87.9541 	EXP 	stim3_Practice: autoDraw = False
87.9541 	EXP 	stim4_Practice: autoDraw = False
88.1369 	EXP 	fixDelay_Practice: autoDraw = True
88.1369 	EXP 	mask1_prac: autoDraw = False
88.1369 	EXP 	mask2_prac: autoDraw = False
88.1369 	EXP 	mask3_prac: autoDraw = False
88.1369 	EXP 	mask4_prac: autoDraw = False
98.1359 	EXP 	fixDelay_Practice: autoDraw = False
98.1359 	EXP 	probe_Practice: autoDraw = True
98.1359 	EXP 	probeIndicator_Practice: autoDraw = True
99.3356 	EXP 	probe_Practice: autoDraw = False
99.3356 	EXP 	probeIndicator_Practice: autoDraw = False
99.3356 	EXP 	fixProbe_Practice: autoDraw = True
102.3287 	EXP 	stim1_Practice: autoDraw = False
102.3287 	EXP 	stim2_Practice: autoDraw = False
102.3287 	EXP 	stim3_Practice: autoDraw = False
102.3287 	EXP 	stim4_Practice: autoDraw = False
102.3287 	EXP 	fixDelay_Practice: autoDraw = False
102.3287 	EXP 	probe_Practice: autoDraw = False
102.3287 	EXP 	probeIndicator_Practice: autoDraw = False
102.3287 	EXP 	fixProbe_Practice: autoDraw = False
102.3287 	EXP 	mask1_prac: autoDraw = False
102.3287 	EXP 	mask2_prac: autoDraw = False
102.3287 	EXP 	mask3_prac: autoDraw = False
102.3287 	EXP 	mask4_prac: autoDraw = False
102.3287 	EXP 	feedbackText: text = 'Correct'
102.3287 	EXP 	feedbackText: autoDraw = True
103.1044 	EXP 	New trial (rep=0, index=1): OrderedDict([('stimulus1', 'scrambles/id068_v1_ff.jpg'), ('stimulus2', 'images/id061_v1_ff.jpg'), ('stimulus3', 'scrambles/id055_v1_ff.jpg'), ('stimulus4', 'scrambles/id044_v1_ff.jpg'), ('probeIm', 'images/id061_v1_ff.jpg'), ('probeCon', 1), ('load', 1), ('category', 'ff'), ('correctResp', 'right'), ('arrowDir', '>'), ('mask1', 'scrambles/id104_v1_si.jpg'), ('mask2', 'scrambles/id115_v1_so.jpg'), ('mask3', 'scrambles/id055_v1_ff.jpg'), ('mask4', 'scrambles/id054_v1_ff.jpg')])
103.1186 	EXP 	feedbackText: autoDraw = False
103.1186 	EXP 	fixStartTrial_2: autoDraw = True
109.1694 	EXP 	fixStartTrial_2: autoDraw = False
109.1694 	EXP 	stim1_Practice: image = 'scrambles/id068_v1_ff.jpg'
109.1694 	EXP 	stim2_Practice: image = 'images/id061_v1_ff.jpg'
109.1694 	EXP 	stim3_Practice: image = 'scrambles/id055_v1_ff.jpg'
109.1694 	EXP 	stim4_Practice: image = 'scrambles/id044_v1_ff.jpg'
109.1694 	EXP 	probe_Practice: image = 'images/id061_v1_ff.jpg'
109.1694 	EXP 	probeIndicator_Practice: text = '>'
109.1694 	EXP 	mask1_prac: image = 'scrambles/id104_v1_si.jpg'
109.1694 	EXP 	mask2_prac: image = 'scrambles/id115_v1_so.jpg'
109.1694 	EXP 	mask3_prac: image = 'scrambles/id055_v1_ff.jpg'
109.1694 	EXP 	mask4_prac: image = 'scrambles/id054_v1_ff.jpg'
109.1694 	EXP 	stim1_Practice: autoDraw = True
109.1694 	EXP 	stim2_Practice: autoDraw = True
109.1694 	EXP 	stim3_Practice: autoDraw = True
109.1694 	EXP 	stim4_Practice: autoDraw = True
112.4688 	EXP 	mask1_prac: autoDraw = True
112.4688 	EXP 	mask2_prac: autoDraw = True
112.4688 	EXP 	mask3_prac: autoDraw = True
112.4688 	EXP 	mask4_prac: autoDraw = True
112.4849 	EXP 	stim1_Practice: autoDraw = False
112.4849 	EXP 	stim2_Practice: autoDraw = False
112.4849 	EXP 	stim3_Practice: autoDraw = False
112.4849 	EXP 	stim4_Practice: autoDraw = False
112.6676 	EXP 	fixDelay_Practice: autoDraw = True
112.6676 	EXP 	mask1_prac: autoDraw = False
112.6676 	EXP 	mask2_prac: autoDraw = False
112.6676 	EXP 	mask3_prac: autoDraw = False
112.6676 	EXP 	mask4_prac: autoDraw = False
122.6668 	EXP 	fixDelay_Practice: autoDraw = False
122.6668 	EXP 	probe_Practice: autoDraw = True
122.6668 	EXP 	probeIndicator_Practice: autoDraw = True
123.4738 	DATA 	Keypress: right
123.8664 	EXP 	probe_Practice: autoDraw = False
123.8664 	EXP 	probeIndicator_Practice: autoDraw = False
123.8664 	EXP 	fixProbe_Practice: autoDraw = True
126.8164 	EXP 	stim1_Practice: autoDraw = False
126.8164 	EXP 	stim2_Practice: autoDraw = False
126.8164 	EXP 	stim3_Practice: autoDraw = False
126.8164 	EXP 	stim4_Practice: autoDraw = False
126.8164 	EXP 	fixDelay_Practice: autoDraw = False
126.8164 	EXP 	probe_Practice: autoDraw = False
126.8164 	EXP 	probeIndicator_Practice: autoDraw = False
126.8164 	EXP 	fixProbe_Practice: autoDraw = False
126.8164 	EXP 	mask1_prac: autoDraw = False
126.8164 	EXP 	mask2_prac: autoDraw = False
126.8164 	EXP 	mask3_prac: autoDraw = False
126.8164 	EXP 	mask4_prac: autoDraw = False
126.8164 	EXP 	feedbackText: text = 'Correct'
126.8164 	EXP 	feedbackText: autoDraw = True
127.6015 	EXP 	New trial (rep=0, index=2): OrderedDict([('stimulus1', 'scrambles/id104_v1_si.jpg'), ('stimulus2', 'images/id073_v1_si.jpg'), ('stimulus3', 'scrambles/id073_v1_si.jpg'), ('stimulus4', 'scrambles/id086_v1_si.jpg'), ('probeIm', 'images/id088_v1_si.jpg'), ('probeCon', 0), ('load', 1), ('category', 'si'), ('correctResp', 'None'), ('arrowDir', '>'), ('mask1', 'scrambles/id088_v1_si.jpg'), ('mask2', 'scrambles/id055_v1_ff.jpg'), ('mask3', 'scrambles/id122_v1_so.jpg'), ('mask4', 'scrambles/id088_v1_si.jpg')])
127.6163 	EXP 	feedbackText: autoDraw = False
127.6163 	EXP 	fixStartTrial_2: autoDraw = True
133.6685 	EXP 	fixStartTrial_2: autoDraw = False
133.6685 	EXP 	stim1_Practice: image = 'scrambles/id104_v1_si.jpg'
133.6685 	EXP 	stim2_Practice: image = 'images/id073_v1_si.jpg'
133.6685 	EXP 	stim3_Practice: image = 'scrambles/id073_v1_si.jpg'
133.6685 	EXP 	stim4_Practice: image = 'scrambles/id086_v1_si.jpg'
133.6685 	EXP 	probe_Practice: image = 'images/id088_v1_si.jpg'
133.6685 	EXP 	probeIndicator_Practice: text = '>'
133.6685 	EXP 	mask1_prac: image = 'scrambles/id088_v1_si.jpg'
133.6685 	EXP 	mask2_prac: image = 'scrambles/id055_v1_ff.jpg'
133.6685 	EXP 	mask3_prac: image = 'scrambles/id122_v1_so.jpg'
133.6685 	EXP 	mask4_prac: image = 'scrambles/id088_v1_si.jpg'
133.6685 	EXP 	stim1_Practice: autoDraw = True
133.6685 	EXP 	stim2_Practice: autoDraw = True
133.6685 	EXP 	stim3_Practice: autoDraw = True
133.6685 	EXP 	stim4_Practice: autoDraw = True
136.9665 	EXP 	mask1_prac: autoDraw = True
136.9665 	EXP 	mask2_prac: autoDraw = True
136.9665 	EXP 	mask3_prac: autoDraw = True
136.9665 	EXP 	mask4_prac: autoDraw = True
136.9825 	EXP 	stim1_Practice: autoDraw = False
136.9825 	EXP 	stim2_Practice: autoDraw = False
136.9825 	EXP 	stim3_Practice: autoDraw = False
136.9825 	EXP 	stim4_Practice: autoDraw = False
137.1658 	EXP 	fixDelay_Practice: autoDraw = True
137.1819 	EXP 	mask1_prac: autoDraw = False
137.1819 	EXP 	mask2_prac: autoDraw = False
137.1819 	EXP 	mask3_prac: autoDraw = False
137.1819 	EXP 	mask4_prac: autoDraw = False
147.1646 	EXP 	probe_Practice: autoDraw = True
147.1646 	EXP 	probeIndicator_Practice: autoDraw = True
147.1811 	EXP 	fixDelay_Practice: autoDraw = False
148.3641 	EXP 	probe_Practice: autoDraw = False
148.3641 	EXP 	probeIndicator_Practice: autoDraw = False
148.3641 	EXP 	fixProbe_Practice: autoDraw = True
151.3142 	EXP 	stim1_Practice: autoDraw = False
151.3142 	EXP 	stim2_Practice: autoDraw = False
151.3142 	EXP 	stim3_Practice: autoDraw = False
151.3142 	EXP 	stim4_Practice: autoDraw = False
151.3142 	EXP 	fixDelay_Practice: autoDraw = False
151.3142 	EXP 	probe_Practice: autoDraw = False
151.3142 	EXP 	probeIndicator_Practice: autoDraw = False
151.3142 	EXP 	fixProbe_Practice: autoDraw = False
151.3142 	EXP 	mask1_prac: autoDraw = False
151.3142 	EXP 	mask2_prac: autoDraw = False
151.3142 	EXP 	mask3_prac: autoDraw = False
151.3142 	EXP 	mask4_prac: autoDraw = False
151.3142 	EXP 	feedbackText: text = 'Correct'
151.3142 	EXP 	feedbackText: autoDraw = True
152.0990 	EXP 	New trial (rep=0, index=3): OrderedDict([('stimulus1', 'images/id102_v1_si.jpg'), ('stimulus2', 'scrambles/id088_v1_si.jpg'), ('stimulus3', 'scrambles/id082_v1_si.jpg'), ('stimulus4', 'scrambles/id093_v1_si.jpg'), ('probeIm', 'images/id102_v1_si.jpg'), ('probeCon', 1), ('load', 1), ('category', 'si'), ('correctResp', 'right'), ('arrowDir', '>'), ('mask1', 'scrambles/id027_v1_fm.jpg'), ('mask2', 'scrambles/id032_v1_fm.jpg'), ('mask3', 'scrambles/id112_v1_so.jpg'), ('mask4', 'scrambles/id064_v1_ff.jpg')])
152.1137 	EXP 	feedbackText: autoDraw = False
152.1137 	EXP 	fixStartTrial_2: autoDraw = True
158.1611 	EXP 	fixStartTrial_2: autoDraw = False
158.1611 	EXP 	stim1_Practice: image = 'images/id102_v1_si.jpg'
158.1611 	EXP 	stim2_Practice: image = 'scrambles/id088_v1_si.jpg'
158.1611 	EXP 	stim3_Practice: image = 'scrambles/id082_v1_si.jpg'
158.1611 	EXP 	stim4_Practice: image = 'scrambles/id093_v1_si.jpg'
158.1611 	EXP 	probe_Practice: image = 'images/id102_v1_si.jpg'
158.1611 	EXP 	probeIndicator_Practice: text = '>'
158.1611 	EXP 	mask1_prac: image = 'scrambles/id027_v1_fm.jpg'
158.1611 	EXP 	mask2_prac: image = 'scrambles/id032_v1_fm.jpg'
158.1611 	EXP 	mask3_prac: image = 'scrambles/id112_v1_so.jpg'
158.1611 	EXP 	mask4_prac: image = 'scrambles/id064_v1_ff.jpg'
158.1611 	EXP 	stim1_Practice: autoDraw = True
158.1611 	EXP 	stim2_Practice: autoDraw = True
158.1611 	EXP 	stim3_Practice: autoDraw = True
158.1611 	EXP 	stim4_Practice: autoDraw = True
161.4472 	EXP 	mask1_prac: autoDraw = True
161.4472 	EXP 	mask2_prac: autoDraw = True
161.4472 	EXP 	mask3_prac: autoDraw = True
161.4472 	EXP 	mask4_prac: autoDraw = True
161.4633 	EXP 	stim1_Practice: autoDraw = False
161.4633 	EXP 	stim2_Practice: autoDraw = False
161.4633 	EXP 	stim3_Practice: autoDraw = False
161.4633 	EXP 	stim4_Practice: autoDraw = False
161.6461 	EXP 	fixDelay_Practice: autoDraw = True
161.6461 	EXP 	mask1_prac: autoDraw = False
161.6461 	EXP 	mask2_prac: autoDraw = False
161.6461 	EXP 	mask3_prac: autoDraw = False
161.6461 	EXP 	mask4_prac: autoDraw = False
171.6456 	EXP 	fixDelay_Practice: autoDraw = False
171.6456 	EXP 	probe_Practice: autoDraw = True
171.6456 	EXP 	probeIndicator_Practice: autoDraw = True
172.4177 	DATA 	Keypress: right
172.8450 	EXP 	probe_Practice: autoDraw = False
172.8450 	EXP 	probeIndicator_Practice: autoDraw = False
172.8450 	EXP 	fixProbe_Practice: autoDraw = True
175.8116 	EXP 	stim1_Practice: autoDraw = False
175.8116 	EXP 	stim2_Practice: autoDraw = False
175.8116 	EXP 	stim3_Practice: autoDraw = False
175.8116 	EXP 	stim4_Practice: autoDraw = False
175.8116 	EXP 	fixDelay_Practice: autoDraw = False
175.8116 	EXP 	probe_Practice: autoDraw = False
175.8116 	EXP 	probeIndicator_Practice: autoDraw = False
175.8116 	EXP 	fixProbe_Practice: autoDraw = False
175.8116 	EXP 	mask1_prac: autoDraw = False
175.8116 	EXP 	mask2_prac: autoDraw = False
175.8116 	EXP 	mask3_prac: autoDraw = False
175.8116 	EXP 	mask4_prac: autoDraw = False
175.8116 	EXP 	feedbackText: text = 'Correct'
175.8116 	EXP 	feedbackText: autoDraw = True
176.5965 	EXP 	New trial (rep=0, index=4): OrderedDict([('stimulus1', 'images/id086_v1_si.jpg'), ('stimulus2', 'images/id080_v1_si.jpg'), ('stimulus3', 'images/id101_v1_si.jpg'), ('stimulus4', 'images/id097_v1_si.jpg'), ('probeIm', 'images/id074_v1_si.jpg'), ('probeCon', 0), ('load', 4), ('category', 'si'), ('correctResp', 'None'), ('arrowDir', '<'), ('mask1', 'scrambles/id112_v1_so.jpg'), ('mask2', 'scrambles/id122_v1_so.jpg'), ('mask3', 'scrambles/id054_v1_ff.jpg'), ('mask4', 'scrambles/id088_v1_si.jpg')])
176.6114 	EXP 	feedbackText: autoDraw = False
176.6114 	EXP 	fixStartTrial_2: autoDraw = True
182.6669 	EXP 	fixStartTrial_2: autoDraw = False
182.6669 	EXP 	fixStartTrial_2: autoDraw = False
182.6669 	EXP 	stim1_Practice: image = 'images/id086_v1_si.jpg'
182.6669 	EXP 	stim2_Practice: image = 'images/id080_v1_si.jpg'
182.6669 	EXP 	stim3_Practice: image = 'images/id101_v1_si.jpg'
182.6669 	EXP 	stim4_Practice: image = 'images/id097_v1_si.jpg'
182.6669 	EXP 	probe_Practice: image = 'images/id074_v1_si.jpg'
182.6669 	EXP 	probeIndicator_Practice: text = '<'
182.6669 	EXP 	mask1_prac: image = 'scrambles/id112_v1_so.jpg'
182.6669 	EXP 	mask2_prac: image = 'scrambles/id122_v1_so.jpg'
182.6669 	EXP 	mask3_prac: image = 'scrambles/id054_v1_ff.jpg'
182.6669 	EXP 	mask4_prac: image = 'scrambles/id088_v1_si.jpg'
182.6669 	EXP 	stim1_Practice: autoDraw = True
182.6669 	EXP 	stim2_Practice: autoDraw = True
182.6669 	EXP 	stim3_Practice: autoDraw = True
182.6669 	EXP 	stim4_Practice: autoDraw = True
185.9615 	EXP 	mask1_prac: autoDraw = True
185.9615 	EXP 	mask2_prac: autoDraw = True
185.9615 	EXP 	mask3_prac: autoDraw = True
185.9615 	EXP 	mask4_prac: autoDraw = True
185.9775 	EXP 	stim1_Practice: autoDraw = False
185.9775 	EXP 	stim2_Practice: autoDraw = False
185.9775 	EXP 	stim3_Practice: autoDraw = False
185.9775 	EXP 	stim4_Practice: autoDraw = False
186.1603 	EXP 	fixDelay_Practice: autoDraw = True
186.1603 	EXP 	mask1_prac: autoDraw = False
186.1603 	EXP 	mask2_prac: autoDraw = False
186.1603 	EXP 	mask3_prac: autoDraw = False
186.1603 	EXP 	mask4_prac: autoDraw = False
196.1598 	EXP 	fixDelay_Practice: autoDraw = False
196.1598 	EXP 	probe_Practice: autoDraw = True
196.1598 	EXP 	probeIndicator_Practice: autoDraw = True
197.3592 	EXP 	probe_Practice: autoDraw = False
197.3592 	EXP 	probeIndicator_Practice: autoDraw = False
197.3592 	EXP 	fixProbe_Practice: autoDraw = True
200.3256 	EXP 	stim1_Practice: autoDraw = False
200.3256 	EXP 	stim2_Practice: autoDraw = False
200.3256 	EXP 	stim3_Practice: autoDraw = False
200.3256 	EXP 	stim4_Practice: autoDraw = False
200.3256 	EXP 	fixDelay_Practice: autoDraw = False
200.3256 	EXP 	probe_Practice: autoDraw = False
200.3256 	EXP 	probeIndicator_Practice: autoDraw = False
200.3256 	EXP 	fixProbe_Practice: autoDraw = False
200.3256 	EXP 	mask1_prac: autoDraw = False
200.3256 	EXP 	mask2_prac: autoDraw = False
200.3256 	EXP 	mask3_prac: autoDraw = False
200.3256 	EXP 	mask4_prac: autoDraw = False
200.3256 	EXP 	feedbackText: text = 'Correct'
200.3256 	EXP 	feedbackText: autoDraw = True
201.1109 	EXP 	New trial (rep=0, index=5): OrderedDict([('stimulus1', 'images/id039_v1_ff.jpg'), ('stimulus2', 'images/id040_v1_ff.jpg'), ('stimulus3', 'images/id059_v1_ff.jpg'), ('stimulus4', 'images/id044_v1_ff.jpg'), ('probeIm', 'images/id044_v1_ff.jpg'), ('probeCon', 1), ('load', 4), ('category', 'ff'), ('correctResp', 'left'), ('arrowDir', '<'), ('mask1', 'scrambles/id115_v1_so.jpg'), ('mask2', 'scrambles/id082_v1_si.jpg'), ('mask3', 'scrambles/id054_v1_ff.jpg'), ('mask4', 'scrambles/id064_v1_ff.jpg')])
201.1255 	EXP 	feedbackText: autoDraw = False
201.1255 	EXP 	fixStartTrial_2: autoDraw = True
207.1701 	EXP 	fixStartTrial_2: autoDraw = False
207.1701 	EXP 	stim1_Practice: image = 'images/id039_v1_ff.jpg'
207.1701 	EXP 	stim2_Practice: image = 'images/id040_v1_ff.jpg'
207.1701 	EXP 	stim3_Practice: image = 'images/id059_v1_ff.jpg'
207.1701 	EXP 	stim4_Practice: image = 'images/id044_v1_ff.jpg'
207.1701 	EXP 	probe_Practice: image = 'images/id044_v1_ff.jpg'
207.1701 	EXP 	probeIndicator_Practice: text = '<'
207.1701 	EXP 	mask1_prac: image = 'scrambles/id115_v1_so.jpg'
207.1701 	EXP 	mask2_prac: image = 'scrambles/id082_v1_si.jpg'
207.1701 	EXP 	mask3_prac: image = 'scrambles/id054_v1_ff.jpg'
207.1701 	EXP 	mask4_prac: image = 'scrambles/id064_v1_ff.jpg'
207.1701 	EXP 	stim1_Practice: autoDraw = True
207.1701 	EXP 	stim2_Practice: autoDraw = True
207.1701 	EXP 	stim3_Practice: autoDraw = True
207.1701 	EXP 	stim4_Practice: autoDraw = True
210.4592 	EXP 	mask1_prac: autoDraw = True
210.4592 	EXP 	mask2_prac: autoDraw = True
210.4592 	EXP 	mask3_prac: autoDraw = True
210.4592 	EXP 	mask4_prac: autoDraw = True
210.4749 	EXP 	stim1_Practice: autoDraw = False
210.4749 	EXP 	stim2_Practice: autoDraw = False
210.4749 	EXP 	stim3_Practice: autoDraw = False
210.4749 	EXP 	stim4_Practice: autoDraw = False
210.6579 	EXP 	fixDelay_Practice: autoDraw = True
210.6579 	EXP 	mask1_prac: autoDraw = False
210.6579 	EXP 	mask2_prac: autoDraw = False
210.6579 	EXP 	mask3_prac: autoDraw = False
210.6579 	EXP 	mask4_prac: autoDraw = False
220.6571 	EXP 	fixDelay_Practice: autoDraw = False
220.6571 	EXP 	probe_Practice: autoDraw = True
220.6571 	EXP 	probeIndicator_Practice: autoDraw = True
221.8568 	EXP 	probe_Practice: autoDraw = False
221.8568 	EXP 	probeIndicator_Practice: autoDraw = False
221.8568 	EXP 	fixProbe_Practice: autoDraw = True
221.9299 	DATA 	Keypress: left
224.8234 	EXP 	stim1_Practice: autoDraw = False
224.8234 	EXP 	stim2_Practice: autoDraw = False
224.8234 	EXP 	stim3_Practice: autoDraw = False
224.8234 	EXP 	stim4_Practice: autoDraw = False
224.8234 	EXP 	fixDelay_Practice: autoDraw = False
224.8234 	EXP 	probe_Practice: autoDraw = False
224.8234 	EXP 	probeIndicator_Practice: autoDraw = False
224.8234 	EXP 	fixProbe_Practice: autoDraw = False
224.8234 	EXP 	mask1_prac: autoDraw = False
224.8234 	EXP 	mask2_prac: autoDraw = False
224.8234 	EXP 	mask3_prac: autoDraw = False
224.8234 	EXP 	mask4_prac: autoDraw = False
224.8234 	EXP 	feedbackText: text = 'Correct'
224.8234 	EXP 	feedbackText: autoDraw = True
225.6084 	EXP 	New trial (rep=0, index=6): OrderedDict([('stimulus1', 'images/id117_v1_so.jpg'), ('stimulus2', 'images/id138_v1_so.jpg'), ('stimulus3', 'images/id133_v1_so.jpg'), ('stimulus4', 'images/id125_v1_so.jpg'), ('probeIm', 'images/id135_v1_so.jpg'), ('probeCon', 0), ('load', 4), ('category', 'so'), ('correctResp', 'None'), ('arrowDir', '<'), ('mask1', 'scrambles/id068_v1_ff.jpg'), ('mask2', 'scrambles/id122_v1_so.jpg'), ('mask3', 'scrambles/id122_v1_so.jpg'), ('mask4', 'scrambles/id112_v1_so.jpg')])
225.6233 	EXP 	feedbackText: autoDraw = False
225.6233 	EXP 	fixStartTrial_2: autoDraw = True
231.6730 	EXP 	fixStartTrial_2: autoDraw = False
231.6730 	EXP 	stim1_Practice: image = 'images/id117_v1_so.jpg'
231.6730 	EXP 	stim2_Practice: image = 'images/id138_v1_so.jpg'
231.6730 	EXP 	stim3_Practice: image = 'images/id133_v1_so.jpg'
231.6730 	EXP 	stim4_Practice: image = 'images/id125_v1_so.jpg'
231.6730 	EXP 	probe_Practice: image = 'images/id135_v1_so.jpg'
231.6730 	EXP 	probeIndicator_Practice: text = '<'
231.6730 	EXP 	mask1_prac: image = 'scrambles/id068_v1_ff.jpg'
231.6730 	EXP 	mask2_prac: image = 'scrambles/id122_v1_so.jpg'
231.6730 	EXP 	mask3_prac: image = 'scrambles/id122_v1_so.jpg'
231.6730 	EXP 	mask4_prac: image = 'scrambles/id112_v1_so.jpg'
231.6730 	EXP 	stim1_Practice: autoDraw = True
231.6730 	EXP 	stim2_Practice: autoDraw = True
231.6730 	EXP 	stim3_Practice: autoDraw = True
231.6730 	EXP 	stim4_Practice: autoDraw = True
234.9566 	EXP 	mask1_prac: autoDraw = True
234.9566 	EXP 	mask2_prac: autoDraw = True
234.9566 	EXP 	mask3_prac: autoDraw = True
234.9566 	EXP 	mask4_prac: autoDraw = True
234.9726 	EXP 	stim1_Practice: autoDraw = False
234.9726 	EXP 	stim2_Practice: autoDraw = False
234.9726 	EXP 	stim3_Practice: autoDraw = False
234.9726 	EXP 	stim4_Practice: autoDraw = False
235.1557 	EXP 	fixDelay_Practice: autoDraw = True
235.1557 	EXP 	mask1_prac: autoDraw = False
235.1557 	EXP 	mask2_prac: autoDraw = False
235.1557 	EXP 	mask3_prac: autoDraw = False
235.1557 	EXP 	mask4_prac: autoDraw = False
245.1714 	EXP 	fixDelay_Practice: autoDraw = False
245.1714 	EXP 	probe_Practice: autoDraw = True
245.1714 	EXP 	probeIndicator_Practice: autoDraw = True
246.3710 	EXP 	probe_Practice: autoDraw = False
246.3710 	EXP 	probeIndicator_Practice: autoDraw = False
246.3710 	EXP 	fixProbe_Practice: autoDraw = True
249.3208 	EXP 	stim1_Practice: autoDraw = False
249.3208 	EXP 	stim2_Practice: autoDraw = False
249.3208 	EXP 	stim3_Practice: autoDraw = False
249.3208 	EXP 	stim4_Practice: autoDraw = False
249.3208 	EXP 	fixDelay_Practice: autoDraw = False
249.3208 	EXP 	probe_Practice: autoDraw = False
249.3208 	EXP 	probeIndicator_Practice: autoDraw = False
249.3208 	EXP 	fixProbe_Practice: autoDraw = False
249.3208 	EXP 	mask1_prac: autoDraw = False
249.3208 	EXP 	mask2_prac: autoDraw = False
249.3208 	EXP 	mask3_prac: autoDraw = False
249.3208 	EXP 	mask4_prac: autoDraw = False
249.3208 	EXP 	feedbackText: text = 'Correct'
249.3208 	EXP 	feedbackText: autoDraw = True
250.1058 	EXP 	New trial (rep=0, index=7): OrderedDict([('stimulus1', 'scrambles/id115_v1_so.jpg'), ('stimulus2', 'scrambles/id112_v1_so.jpg'), ('stimulus3', 'images/id106_v1_so.jpg'), ('stimulus4', 'scrambles/id117_v1_so.jpg'), ('probeIm', 'images/id106_v1_so.jpg'), ('probeCon', 1), ('load', 1), ('category', 'so'), ('correctResp', 'left'), ('arrowDir', '<'), ('mask1', 'scrambles/id027_v1_fm.jpg'), ('mask2', 'scrambles/id088_v1_si.jpg'), ('mask3', 'scrambles/id027_v1_fm.jpg'), ('mask4', 'scrambles/id010_v1_fm.jpg')])
250.1207 	EXP 	feedbackText: autoDraw = False
250.1207 	EXP 	fixStartTrial_2: autoDraw = True
256.1658 	EXP 	fixStartTrial_2: autoDraw = False
256.1658 	EXP 	stim1_Practice: image = 'scrambles/id115_v1_so.jpg'
256.1658 	EXP 	stim2_Practice: image = 'scrambles/id112_v1_so.jpg'
256.1658 	EXP 	stim3_Practice: image = 'images/id106_v1_so.jpg'
256.1658 	EXP 	stim4_Practice: image = 'scrambles/id117_v1_so.jpg'
256.1658 	EXP 	probe_Practice: image = 'images/id106_v1_so.jpg'
256.1658 	EXP 	probeIndicator_Practice: text = '<'
256.1658 	EXP 	mask1_prac: image = 'scrambles/id027_v1_fm.jpg'
256.1658 	EXP 	mask2_prac: image = 'scrambles/id088_v1_si.jpg'
256.1658 	EXP 	mask3_prac: image = 'scrambles/id027_v1_fm.jpg'
256.1658 	EXP 	mask4_prac: image = 'scrambles/id010_v1_fm.jpg'
256.1658 	EXP 	stim1_Practice: autoDraw = True
256.1658 	EXP 	stim2_Practice: autoDraw = True
256.1658 	EXP 	stim3_Practice: autoDraw = True
256.1658 	EXP 	stim4_Practice: autoDraw = True
259.4544 	EXP 	mask1_prac: autoDraw = True
259.4544 	EXP 	mask2_prac: autoDraw = True
259.4544 	EXP 	mask3_prac: autoDraw = True
259.4544 	EXP 	mask4_prac: autoDraw = True
259.4700 	EXP 	stim1_Practice: autoDraw = False
259.4700 	EXP 	stim2_Practice: autoDraw = False
259.4700 	EXP 	stim3_Practice: autoDraw = False
259.4700 	EXP 	stim4_Practice: autoDraw = False
259.6531 	EXP 	fixDelay_Practice: autoDraw = True
259.6531 	EXP 	mask1_prac: autoDraw = False
259.6531 	EXP 	mask2_prac: autoDraw = False
259.6531 	EXP 	mask3_prac: autoDraw = False
259.6531 	EXP 	mask4_prac: autoDraw = False
269.6524 	EXP 	fixDelay_Practice: autoDraw = False
269.6524 	EXP 	probe_Practice: autoDraw = True
269.6524 	EXP 	probeIndicator_Practice: autoDraw = True
270.8521 	EXP 	probe_Practice: autoDraw = False
270.8521 	EXP 	probeIndicator_Practice: autoDraw = False
270.8521 	EXP 	fixProbe_Practice: autoDraw = True
271.3405 	DATA 	Keypress: left
273.8186 	EXP 	stim1_Practice: autoDraw = False
273.8186 	EXP 	stim2_Practice: autoDraw = False
273.8186 	EXP 	stim3_Practice: autoDraw = False
273.8186 	EXP 	stim4_Practice: autoDraw = False
273.8186 	EXP 	fixDelay_Practice: autoDraw = False
273.8186 	EXP 	probe_Practice: autoDraw = False
273.8186 	EXP 	probeIndicator_Practice: autoDraw = False
273.8186 	EXP 	fixProbe_Practice: autoDraw = False
273.8186 	EXP 	mask1_prac: autoDraw = False
273.8186 	EXP 	mask2_prac: autoDraw = False
273.8186 	EXP 	mask3_prac: autoDraw = False
273.8186 	EXP 	mask4_prac: autoDraw = False
273.8186 	EXP 	feedbackText: text = 'Correct'
273.8186 	EXP 	feedbackText: autoDraw = True
274.7704 	EXP 	feedbackText: autoDraw = False
274.7704 	EXP 	text_7: text = 'Perfomance has to be above 70% to move-on to the real task. Otherwise we can practice a little more. Your performance was 100.0%.'
274.7704 	EXP 	text_7: autoDraw = True
277.4087 	DATA 	Keypress: space
277.6139 	EXP 	Imported runs.csv as conditions, 6 conditions, 2 params
277.6142 	EXP 	Created sequence: sequential, trialTypes=6, nReps=1, seed=None
277.6145 	EXP 	New trial (rep=0, index=0): OrderedDict([('textBefore_run', 'Welcome to main experiment. Everything will be the same as in the practice trials except no feedback will be provided after each trial. One run takes around 7 minutes. Good luck!'), ('trialSelect', 'trials_1.xlsx')])
277.6375 	EXP 	text_7: autoDraw = False
277.6375 	EXP 	text_run: text = 'Welcome to main experiment. Everything will be the same as in the practice trials except no feedback will be provided after each trial. One run takes around 7 minutes. Good luck!'
277.6375 	EXP 	text_run: autoDraw = True
279.6072 	DATA 	Keypress: space
279.7413 	DATA 	Keypress: space
279.8576 	DATA 	Keypress: space
279.9915 	DATA 	Keypress: space
280.1079 	DATA 	Keypress: space
281.3579 	DATA 	Keypress: escape
281.6515 	EXP 	window1: mouseVisible = True
