2.8770 	WARNING 	We strongly recommend you activate the PTB sound engine in PsychoPy prefs as the preferred audio engine. Its timing is vastly superior. Your prefs are currently set to use ['sounddevice', 'PTB', 'pyo', 'pygame'] (in that order).
12.1467 	WARNING 	User requested fullscreen with size [1536  864], but screen is actually [1920, 1080]. Using actual size
19.1433 	EXP 	Created window1 = Window(allowGUI=False, allowStencil=False, args=UNKNOWN, autoLog=True, bitsMode=UNKNOWN, blendMode='avg', bpc=(8, 8, 8), color=array([0., 0., 0.]), colorSpace='rgb', depthBits=8, fullscr=<method-wrapper '__getattribute__' of attributeSetter object at 0x000002352F94CE48>, gamma=None, gammaErrorPolicy='raise', kwargs=UNKNOWN, lms=UNKNOWN, monitor=<psychopy.monitors.calibTools.Monitor object at 0x000002352F8E05F8>, multiSample=False, name='window1', numSamples=2, pos=[0.0, 0.0], screen=0, size=array([1920, 1080]), stencilBits=0, stereo=False, units='height', useFBO=True, useRetina=False, viewOri=0.0, viewPos=None, viewScale=None, waitBlanking=True, winType='pyglet')
19.1439 	EXP 	window1: mouseVisible = True
19.1440 	EXP 	window1: recordFrameIntervals = False
19.3086 	EXP 	window1: recordFrameIntervals = True
19.4922 	EXP 	window1: recordFrameIntervals = False
19.8730 	EXP 	Created Welcome_text = TextStim(__class__=<class 'psychopy.visual.text.TextStim'>, alignHoriz=method-wrapper(...), alignText='center', alignVert=method-wrapper(...), anchorHoriz='center', anchorVert='center', antialias=True, autoLog=True, bold=False, color='white', colorSpace='named', contrast=1.0, depth=0.0, flipHoriz=False, flipVert=False, font='Arial', fontFiles=[], height=0.05, italic=False, languageStyle='LTR', name='Welcome_text', opacity=1.0, ori=0, pos=array([0., 0.]), rgb=array([255., 255., 255.]), text=str(...), units='height', win=Window(...), wrapWidth=1)
19.8854 	EXP 	Created Instruction_text = TextStim(__class__=<class 'psychopy.visual.text.TextStim'>, alignHoriz=method-wrapper(...), alignText='center', alignVert=method-wrapper(...), anchorHoriz='center', anchorVert='center', antialias=True, autoLog=True, bold=False, color='white', colorSpace='named', contrast=1.0, depth=0.0, flipHoriz=False, flipVert=False, font='Arial', fontFiles=[], height=0.05, italic=False, languageStyle='LTR', name='Instruction_text', opacity=1.0, ori=0, pos=array([0., 0.]), rgb=array([255., 255., 255.]), text='default text', units='height', win=Window(...), wrapWidth=1)
19.8907 	EXP 	Created stim1_inst = ImageStim(__class__=<class 'psychopy.visual.image.ImageStim'>, autoLog=True, color=array([1., 1., 1.]), colorSpace='rgb', contrast=1.0, depth=0.0, flipHoriz=False, flipVert=False, image='sin', interpolate=True, mask=None, maskParams=None, name='stim1_inst', opacity=1.0, ori=0.0, pos=array([-0.11,  0.11]), size=array([0.2, 0.2]), texRes=512, units='height', win=Window(...))
19.8949 	EXP 	Created stim2_inst = ImageStim(__class__=<class 'psychopy.visual.image.ImageStim'>, autoLog=True, color=array([1., 1., 1.]), colorSpace='rgb', contrast=1.0, depth=-1.0, flipHoriz=False, flipVert=False, image='sin', interpolate=True, mask=None, maskParams=None, name='stim2_inst', opacity=1.0, ori=0.0, pos=array([0.11, 0.11]), size=array([0.2, 0.2]), texRes=512, units='height', win=Window(...))
19.8993 	EXP 	Created stim3_inst = ImageStim(__class__=<class 'psychopy.visual.image.ImageStim'>, autoLog=True, color=array([1., 1., 1.]), colorSpace='rgb', contrast=1.0, depth=-2.0, flipHoriz=False, flipVert=False, image='sin', interpolate=True, mask=None, maskParams=None, name='stim3_inst', opacity=1.0, ori=0.0, pos=array([ 0.11, -0.11]), size=array([0.2, 0.2]), texRes=128, units='height', win=Window(...))
19.9038 	EXP 	Created stim4_inst = ImageStim(__class__=<class 'psychopy.visual.image.ImageStim'>, autoLog=True, color=array([1., 1., 1.]), colorSpace='rgb', contrast=1.0, depth=-3.0, flipHoriz=False, flipVert=False, image='sin', interpolate=True, mask=None, maskParams=None, name='stim4_inst', opacity=1.0, ori=0.0, pos=array([-0.11, -0.11]), size=array([0.2, 0.2]), texRes=128, units='height', win=Window(...))
19.9296 	EXP 	Created trialExplanation = TextStim(__class__=<class 'psychopy.visual.text.TextStim'>, alignHoriz=method-wrapper(...), alignText='center', alignVert=method-wrapper(...), anchorHoriz='center', anchorVert='center', antialias=True, autoLog=True, bold=False, color='white', colorSpace='named', contrast=1.0, depth=-4.0, flipHoriz=False, flipVert=False, font='Arial', fontFiles=[], height=0.05, italic=False, languageStyle='LTR', name='trialExplanation', opacity=1.0, ori=0, pos=array([0. , 0.3]), rgb=array([255., 255., 255.]), text=str(...), units='height', win=Window(...), wrapWidth=1)
19.9328 	EXP 	Created mask1_inst = ImageStim(__class__=<class 'psychopy.visual.image.ImageStim'>, autoLog=True, color=array([1., 1., 1.]), colorSpace='rgb', contrast=1.0, depth=0.0, flipHoriz=False, flipVert=False, image='sin', interpolate=True, mask=None, maskParams=None, name='mask1_inst', opacity=1.0, ori=0.0, pos=array([-0.11,  0.11]), size=array([0.2, 0.2]), texRes=512, units='height', win=Window(...))
19.9358 	EXP 	Created mask2_inst = ImageStim(__class__=<class 'psychopy.visual.image.ImageStim'>, autoLog=True, color=array([1., 1., 1.]), colorSpace='rgb', contrast=1.0, depth=-1.0, flipHoriz=False, flipVert=False, image='sin', interpolate=True, mask=None, maskParams=None, name='mask2_inst', opacity=1.0, ori=0.0, pos=array([0.11, 0.11]), size=array([0.2, 0.2]), texRes=512, units='height', win=Window(...))
19.9389 	EXP 	Created mask3_inst = ImageStim(__class__=<class 'psychopy.visual.image.ImageStim'>, autoLog=True, color=array([1., 1., 1.]), colorSpace='rgb', contrast=1.0, depth=-2.0, flipHoriz=False, flipVert=False, image='sin', interpolate=True, mask=None, maskParams=None, name='mask3_inst', opacity=1.0, ori=0.0, pos=array([ 0.11, -0.11]), size=array([0.2, 0.2]), texRes=128, units='height', win=Window(...))
19.9420 	EXP 	Created mask4_inst = ImageStim(__class__=<class 'psychopy.visual.image.ImageStim'>, autoLog=True, color=array([1., 1., 1.]), colorSpace='rgb', contrast=1.0, depth=-3.0, flipHoriz=False, flipVert=False, image='sin', interpolate=True, mask=None, maskParams=None, name='mask4_inst', opacity=1.0, ori=0.0, pos=array([-0.11, -0.11]), size=array([0.2, 0.2]), texRes=128, units='height', win=Window(...))
19.9455 	EXP 	Created fixDelay_2 = ShapeStim(__class__=<class 'psychopy.visual.shape.ShapeStim'>, autoDraw=False, autoLog=True, closeShape=True, contrast=1.0, depth=0.0, fillColor=array([1., 0., 0.]), fillColorSpace='rgb', interpolate=True, lineColor=array([1., 0., 0.]), lineColorSpace='rgb', lineWidth=1, name='fixDelay_2', opacity=1.0, ori=array(0.), pos=array([0., 0.]), size=array([0.01, 0.01]), units='height', vertices=ndarray(...), win=Window(...), windingRule=None)
19.9866 	EXP 	Created delayExplanation = TextStim(__class__=<class 'psychopy.visual.text.TextStim'>, alignHoriz=method-wrapper(...), alignText='center', alignVert=method-wrapper(...), anchorHoriz='center', anchorVert='center', antialias=True, autoLog=True, bold=False, color='white', colorSpace='named', contrast=1.0, depth=-1.0, flipHoriz=False, flipVert=False, font='Arial', fontFiles=[], height=0.05, italic=False, languageStyle='LTR', name='delayExplanation', opacity=1.0, ori=0, pos=array([0. , 0.3]), rgb=array([255., 255., 255.]), text=str(...), units='height', win=Window(...), wrapWidth=1)
19.9913 	EXP 	Created probe_inst = ImageStim(__class__=<class 'psychopy.visual.image.ImageStim'>, autoLog=True, color=array([1., 1., 1.]), colorSpace='rgb', contrast=1.0, depth=0.0, flipHoriz=False, flipVert=False, image='sin', interpolate=True, mask=None, maskParams=None, name='probe_inst', opacity=1.0, ori=0.0, pos=array([0., 0.]), size=array([0.2, 0.2]), texRes=512, units='height', win=Window(...))
19.9961 	EXP 	Created fixProbe_inst = ShapeStim(__class__=<class 'psychopy.visual.shape.ShapeStim'>, autoDraw=False, autoLog=True, closeShape=True, contrast=1.0, depth=-1.0, fillColor=array([0., 1., 0.]), fillColorSpace='rgb', interpolate=True, lineColor=array([0., 1., 0.]), lineColorSpace='rgb', lineWidth=1, name='fixProbe_inst', opacity=1.0, ori=array(0.), pos=array([0., 0.]), size=array([0.01, 0.01]), units='height', vertices=ndarray(...), win=Window(...), windingRule=None)
20.0504 	EXP 	Created probeInst = TextStim(__class__=<class 'psychopy.visual.text.TextStim'>, alignHoriz=method-wrapper(...), alignText='center', alignVert=method-wrapper(...), anchorHoriz='center', anchorVert='center', antialias=True, autoLog=True, bold=False, color='white', colorSpace='named', contrast=1.0, depth=-3.0, flipHoriz=False, flipVert=False, font='Arial', fontFiles=[], height=0.05, italic=False, languageStyle='LTR', name='probeInst', opacity=1.0, ori=0, pos=array([0.  , 0.25]), rgb=array([255., 255., 255.]), text=str(...), units='height', win=Window(...), wrapWidth=1)
20.0903 	EXP 	Created rewardInst = TextStim(__class__=<class 'psychopy.visual.text.TextStim'>, alignHoriz=method-wrapper(...), alignText='center', alignVert=method-wrapper(...), anchorHoriz='center', anchorVert='center', antialias=True, autoLog=True, bold=False, color='white', colorSpace='named', contrast=1.0, depth=0.0, flipHoriz=False, flipVert=False, font='Arial', fontFiles=[], height=0.05, italic=False, languageStyle='LTR', name='rewardInst', opacity=1.0, ori=0, pos=array([0., 0.]), rgb=array([255., 255., 255.]), text=str(...), units='height', win=Window(...), wrapWidth=1)
20.1353 	EXP 	Created Button_reminder = TextStim(__class__=<class 'psychopy.visual.text.TextStim'>, alignHoriz=method-wrapper(...), alignText='center', alignVert=method-wrapper(...), anchorHoriz='center', anchorVert='center', antialias=True, autoLog=True, bold=False, color='white', colorSpace='named', contrast=1.0, depth=0.0, flipHoriz=False, flipVert=False, font='Arial', fontFiles=[], height=0.05, italic=False, languageStyle='LTR', name='Button_reminder', opacity=1.0, ori=0, pos=array([0., 0.]), rgb=array([255., 255., 255.]), text=str(...), units='height', win=Window(...), wrapWidth=1)
20.1412 	EXP 	Created fixStartTrial_2 = ShapeStim(__class__=<class 'psychopy.visual.shape.ShapeStim'>, autoDraw=False, autoLog=True, closeShape=True, contrast=1.0, depth=0.0, fillColor=array([1., 1., 1.]), fillColorSpace='rgb', interpolate=True, lineColor=array([1., 1., 1.]), lineColorSpace='rgb', lineWidth=1, name='fixStartTrial_2', opacity=1.0, ori=array(0.), pos=array([0., 0.]), size=array([0.01, 0.01]), units='height', vertices=ndarray(...), win=Window(...), windingRule=None)
20.1467 	EXP 	Created stim1_Practice = ImageStim(__class__=<class 'psychopy.visual.image.ImageStim'>, autoLog=True, color=array([1., 1., 1.]), colorSpace='rgb', contrast=1.0, depth=0.0, flipHoriz=False, flipVert=False, image='sin', interpolate=True, mask=None, maskParams=None, name='stim1_Practice', opacity=1.0, ori=0.0, pos=array([-0.11,  0.11]), size=array([0.2, 0.2]), texRes=512, units='height', win=Window(...))
20.1518 	EXP 	Created stim2_Practice = ImageStim(__class__=<class 'psychopy.visual.image.ImageStim'>, autoLog=True, color=array([1., 1., 1.]), colorSpace='rgb', contrast=1.0, depth=-1.0, flipHoriz=False, flipVert=False, image='sin', interpolate=True, mask=None, maskParams=None, name='stim2_Practice', opacity=1.0, ori=0.0, pos=array([0.11, 0.11]), size=array([0.2, 0.2]), texRes=512, units='height', win=Window(...))
20.1570 	EXP 	Created stim3_Practice = ImageStim(__class__=<class 'psychopy.visual.image.ImageStim'>, autoLog=True, color=array([1., 1., 1.]), colorSpace='rgb', contrast=1.0, depth=-2.0, flipHoriz=False, flipVert=False, image='sin', interpolate=True, mask=None, maskParams=None, name='stim3_Practice', opacity=1.0, ori=0.0, pos=array([ 0.11, -0.11]), size=array([0.2, 0.2]), texRes=128, units='height', win=Window(...))
20.1624 	EXP 	Created stim4_Practice = ImageStim(__class__=<class 'psychopy.visual.image.ImageStim'>, autoLog=True, color=array([1., 1., 1.]), colorSpace='rgb', contrast=1.0, depth=-3.0, flipHoriz=False, flipVert=False, image='sin', interpolate=True, mask=None, maskParams=None, name='stim4_Practice', opacity=1.0, ori=0.0, pos=array([-0.11, -0.11]), size=array([0.2, 0.2]), texRes=128, units='height', win=Window(...))
20.1670 	EXP 	Created fixDelay_Practice = ShapeStim(__class__=<class 'psychopy.visual.shape.ShapeStim'>, autoDraw=False, autoLog=True, closeShape=True, contrast=1.0, depth=-4.0, fillColor=array([1., 0., 0.]), fillColorSpace='rgb', interpolate=True, lineColor=array([1., 0., 0.]), lineColorSpace='rgb', lineWidth=1, name='fixDelay_Practice', opacity=1.0, ori=array(0.), pos=array([0., 0.]), size=array([0.01, 0.01]), units='height', vertices=ndarray(...), win=Window(...), windingRule=None)
20.1713 	EXP 	Created probe_Practice = ImageStim(__class__=<class 'psychopy.visual.image.ImageStim'>, autoLog=True, color=array([1., 1., 1.]), colorSpace='rgb', contrast=1.0, depth=-5.0, flipHoriz=False, flipVert=False, image='sin', interpolate=True, mask=None, maskParams=None, name='probe_Practice', opacity=1.0, ori=0.0, pos=array([0., 0.]), size=array([0.2, 0.2]), texRes=512, units='height', win=Window(...))
20.1749 	EXP 	Created fixProbe_Practice = ShapeStim(__class__=<class 'psychopy.visual.shape.ShapeStim'>, autoDraw=False, autoLog=True, closeShape=True, contrast=1.0, depth=-6.0, fillColor=array([0., 1., 0.]), fillColorSpace='rgb', interpolate=True, lineColor=array([0., 1., 0.]), lineColorSpace='rgb', lineWidth=1, name='fixProbe_Practice', opacity=1.0, ori=array(0.), pos=array([0., 0.]), size=array([0.01, 0.01]), units='height', vertices=ndarray(...), win=Window(...), windingRule=None)
20.1787 	EXP 	Created mask1_prac = ImageStim(__class__=<class 'psychopy.visual.image.ImageStim'>, autoLog=True, color=array([1., 1., 1.]), colorSpace='rgb', contrast=1.0, depth=-8.0, flipHoriz=False, flipVert=False, image='sin', interpolate=True, mask=None, maskParams=None, name='mask1_prac', opacity=1.0, ori=0.0, pos=array([-0.11,  0.11]), size=array([0.2, 0.2]), texRes=512, units='height', win=Window(...))
20.1824 	EXP 	Created mask2_prac = ImageStim(__class__=<class 'psychopy.visual.image.ImageStim'>, autoLog=True, color=array([1., 1., 1.]), colorSpace='rgb', contrast=1.0, depth=-9.0, flipHoriz=False, flipVert=False, image='sin', interpolate=True, mask=None, maskParams=None, name='mask2_prac', opacity=1.0, ori=0.0, pos=array([0.11, 0.11]), size=array([0.2, 0.2]), texRes=512, units='height', win=Window(...))
20.1856 	EXP 	Created mask3_prac = ImageStim(__class__=<class 'psychopy.visual.image.ImageStim'>, autoLog=True, color=array([1., 1., 1.]), colorSpace='rgb', contrast=1.0, depth=-10.0, flipHoriz=False, flipVert=False, image='sin', interpolate=True, mask=None, maskParams=None, name='mask3_prac', opacity=1.0, ori=0.0, pos=array([ 0.11, -0.11]), size=array([0.2, 0.2]), texRes=128, units='height', win=Window(...))
20.1886 	EXP 	Created mask4_prac = ImageStim(__class__=<class 'psychopy.visual.image.ImageStim'>, autoLog=True, color=array([1., 1., 1.]), colorSpace='rgb', contrast=1.0, depth=-11.0, flipHoriz=False, flipVert=False, image='sin', interpolate=True, mask=None, maskParams=None, name='mask4_prac', opacity=1.0, ori=0.0, pos=array([-0.11, -0.11]), size=array([0.2, 0.2]), texRes=128, units='height', win=Window(...))
20.1927 	EXP 	Created feedbackText = TextStim(__class__=<class 'psychopy.visual.text.TextStim'>, alignHoriz=method-wrapper(...), alignText='center', alignVert=method-wrapper(...), anchorHoriz='center', anchorVert='center', antialias=True, autoLog=True, bold=False, color='white', colorSpace='named', contrast=1.0, depth=-1.0, flipHoriz=False, flipVert=False, font='Arial', fontFiles=[], height=0.05, italic=False, languageStyle='LTR', name='feedbackText', opacity=1.0, ori=0, pos=array([0., 0.]), rgb=array([255., 255., 255.]), text='default text', units='height', win=Window(...), wrapWidth=1)
20.1961 	EXP 	Created text_7 = TextStim(__class__=<class 'psychopy.visual.text.TextStim'>, alignHoriz=method-wrapper(...), alignText='center', alignVert=method-wrapper(...), anchorHoriz='center', anchorVert='center', antialias=True, autoLog=True, bold=False, color='white', colorSpace='named', contrast=1.0, depth=-1.0, flipHoriz=False, flipVert=False, font='Arial', fontFiles=[], height=0.05, italic=False, languageStyle='LTR', name='text_7', opacity=1.0, ori=0, pos=array([0., 0.]), rgb=array([255., 255., 255.]), text='default text', units='height', win=Window(...), wrapWidth=1)
20.1994 	EXP 	Created text_run = TextStim(__class__=<class 'psychopy.visual.text.TextStim'>, alignHoriz=method-wrapper(...), alignText='center', alignVert=method-wrapper(...), anchorHoriz='center', anchorVert='center', antialias=True, autoLog=True, bold=False, color='white', colorSpace='named', contrast=1.0, depth=0.0, flipHoriz=False, flipVert=False, font='Arial', fontFiles=[], height=0.05, italic=False, languageStyle='LTR', name='text_run', opacity=1.0, ori=0, pos=array([0., 0.]), rgb=array([255., 255., 255.]), text='default text', units='height', win=Window(...), wrapWidth=1)
20.2014 	EXP 	Created fixStart = ShapeStim(__class__=<class 'psychopy.visual.shape.ShapeStim'>, autoDraw=False, autoLog=True, closeShape=True, contrast=1.0, depth=0.0, fillColor=array([1., 1., 1.]), fillColorSpace='rgb', interpolate=True, lineColor=array([1., 1., 1.]), lineColorSpace='rgb', lineWidth=1, name='fixStart', opacity=1.0, ori=array(0.), pos=array([0., 0.]), size=array([0.01, 0.01]), units='height', vertices=ndarray(...), win=Window(...), windingRule=None)
20.2040 	EXP 	Created stim1 = ImageStim(__class__=<class 'psychopy.visual.image.ImageStim'>, autoLog=True, color=array([1., 1., 1.]), colorSpace='rgb', contrast=1.0, depth=0.0, flipHoriz=False, flipVert=False, image='sin', interpolate=True, mask=None, maskParams=None, name='stim1', opacity=1.0, ori=0.0, pos=array([-0.11,  0.11]), size=array([0.2, 0.2]), texRes=512, units='height', win=Window(...))
20.2063 	EXP 	Created stim2 = ImageStim(__class__=<class 'psychopy.visual.image.ImageStim'>, autoLog=True, color=array([1., 1., 1.]), colorSpace='rgb', contrast=1.0, depth=-1.0, flipHoriz=False, flipVert=False, image='sin', interpolate=True, mask=None, maskParams=None, name='stim2', opacity=1.0, ori=0.0, pos=array([0.11, 0.11]), size=array([0.2, 0.2]), texRes=512, units='height', win=Window(...))
20.2087 	EXP 	Created stim3 = ImageStim(__class__=<class 'psychopy.visual.image.ImageStim'>, autoLog=True, color=array([1., 1., 1.]), colorSpace='rgb', contrast=1.0, depth=-2.0, flipHoriz=False, flipVert=False, image='sin', interpolate=True, mask=None, maskParams=None, name='stim3', opacity=1.0, ori=0.0, pos=array([ 0.11, -0.11]), size=array([0.2, 0.2]), texRes=128, units='height', win=Window(...))
20.2111 	EXP 	Created stim4 = ImageStim(__class__=<class 'psychopy.visual.image.ImageStim'>, autoLog=True, color=array([1., 1., 1.]), colorSpace='rgb', contrast=1.0, depth=-3.0, flipHoriz=False, flipVert=False, image='sin', interpolate=True, mask=None, maskParams=None, name='stim4', opacity=1.0, ori=0.0, pos=array([-0.11, -0.11]), size=array([0.2, 0.2]), texRes=128, units='height', win=Window(...))
20.2128 	EXP 	Created fixDelay = ShapeStim(__class__=<class 'psychopy.visual.shape.ShapeStim'>, autoDraw=False, autoLog=True, closeShape=True, contrast=1.0, depth=-4.0, fillColor=array([1., 0., 0.]), fillColorSpace='rgb', interpolate=True, lineColor=array([1., 0., 0.]), lineColorSpace='rgb', lineWidth=1, name='fixDelay', opacity=1.0, ori=array(0.), pos=array([0., 0.]), size=array([0.01, 0.01]), units='height', vertices=ndarray(...), win=Window(...), windingRule=None)
20.2150 	EXP 	Created probe = ImageStim(__class__=<class 'psychopy.visual.image.ImageStim'>, autoLog=True, color=array([1., 1., 1.]), colorSpace='rgb', contrast=1.0, depth=-5.0, flipHoriz=False, flipVert=False, image='sin', interpolate=True, mask=None, maskParams=None, name='probe', opacity=1.0, ori=0.0, pos=array([0., 0.]), size=array([0.2, 0.2]), texRes=512, units='height', win=Window(...))
20.2167 	EXP 	Created fixProbe = ShapeStim(__class__=<class 'psychopy.visual.shape.ShapeStim'>, autoDraw=False, autoLog=True, closeShape=True, contrast=1.0, depth=-6.0, fillColor=array([0., 1., 0.]), fillColorSpace='rgb', interpolate=True, lineColor=array([0., 1., 0.]), lineColorSpace='rgb', lineWidth=1, name='fixProbe', opacity=1.0, ori=array(0.), pos=array([0., 0.]), size=array([0.01, 0.01]), units='height', vertices=ndarray(...), win=Window(...), windingRule=None)
20.2191 	EXP 	Created mask1_run = ImageStim(__class__=<class 'psychopy.visual.image.ImageStim'>, autoLog=True, color=array([1., 1., 1.]), colorSpace='rgb', contrast=1.0, depth=-9.0, flipHoriz=False, flipVert=False, image='sin', interpolate=True, mask=None, maskParams=None, name='mask1_run', opacity=1.0, ori=0.0, pos=array([-0.11,  0.11]), size=array([0.2, 0.2]), texRes=512, units='height', win=Window(...))
20.2213 	EXP 	Created mask2_prac_2 = ImageStim(__class__=<class 'psychopy.visual.image.ImageStim'>, autoLog=True, color=array([1., 1., 1.]), colorSpace='rgb', contrast=1.0, depth=-10.0, flipHoriz=False, flipVert=False, image='sin', interpolate=True, mask=None, maskParams=None, name='mask2_prac_2', opacity=1.0, ori=0.0, pos=array([0.11, 0.11]), size=array([0.2, 0.2]), texRes=512, units='height', win=Window(...))
20.2236 	EXP 	Created mask3_run = ImageStim(__class__=<class 'psychopy.visual.image.ImageStim'>, autoLog=True, color=array([1., 1., 1.]), colorSpace='rgb', contrast=1.0, depth=-11.0, flipHoriz=False, flipVert=False, image='sin', interpolate=True, mask=None, maskParams=None, name='mask3_run', opacity=1.0, ori=0.0, pos=array([ 0.11, -0.11]), size=array([0.2, 0.2]), texRes=128, units='height', win=Window(...))
20.2260 	EXP 	Created mask4_run = ImageStim(__class__=<class 'psychopy.visual.image.ImageStim'>, autoLog=True, color=array([1., 1., 1.]), colorSpace='rgb', contrast=1.0, depth=-12.0, flipHoriz=False, flipVert=False, image='sin', interpolate=True, mask=None, maskParams=None, name='mask4_run', opacity=1.0, ori=0.0, pos=array([-0.11, -0.11]), size=array([0.2, 0.2]), texRes=128, units='height', win=Window(...))
20.2286 	EXP 	Created fixStartTrial = ShapeStim(__class__=<class 'psychopy.visual.shape.ShapeStim'>, autoDraw=False, autoLog=True, closeShape=True, contrast=1.0, depth=0.0, fillColor=array([1., 1., 1.]), fillColorSpace='rgb', interpolate=True, lineColor=array([1., 1., 1.]), lineColorSpace='rgb', lineWidth=1, name='fixStartTrial', opacity=1.0, ori=array(0.), pos=array([0., 0.]), size=array([0.01, 0.01]), units='height', vertices=ndarray(...), win=Window(...), windingRule=None)
20.2304 	EXP 	Created fixEnd = ShapeStim(__class__=<class 'psychopy.visual.shape.ShapeStim'>, autoDraw=False, autoLog=True, closeShape=True, contrast=1.0, depth=0.0, fillColor=array([1., 1., 1.]), fillColorSpace='rgb', interpolate=True, lineColor=array([1., 1., 1.]), lineColorSpace='rgb', lineWidth=1, name='fixEnd', opacity=1.0, ori=array(0.), pos=array([0., 0.]), size=array([0.01, 0.01]), units='height', vertices=ndarray(...), win=Window(...), windingRule=None)
20.2334 	EXP 	Created feedbackTxtRun = TextStim(__class__=<class 'psychopy.visual.text.TextStim'>, alignHoriz=method-wrapper(...), alignText='center', alignVert=method-wrapper(...), anchorHoriz='center', anchorVert='center', antialias=True, autoLog=True, bold=False, color='white', colorSpace='named', contrast=1.0, depth=-1.0, flipHoriz=False, flipVert=False, font='Arial', fontFiles=[], height=0.05, italic=False, languageStyle='LTR', name='feedbackTxtRun', opacity=1.0, ori=0, pos=array([0., 0.]), rgb=array([255., 255., 255.]), text='default text', units='height', win=Window(...), wrapWidth=1)
20.2406 	EXP 	Created txt_final = TextStim(__class__=<class 'psychopy.visual.text.TextStim'>, alignHoriz=method-wrapper(...), alignText='center', alignVert=method-wrapper(...), anchorHoriz='center', anchorVert='center', antialias=True, autoLog=True, bold=False, color='white', colorSpace='named', contrast=1.0, depth=-1.0, flipHoriz=False, flipVert=False, font='Arial', fontFiles=[], height=0.05, italic=False, languageStyle='LTR', name='txt_final', opacity=1.0, ori=0, pos=array([0., 0.]), rgb=array([255., 255., 255.]), text=str(...), units='height', win=Window(...), wrapWidth=1)
20.2409 	EXP 	Created sequence: random, trialTypes=1, nReps=1, seed=None
20.2412 	EXP 	New trial (rep=0, index=0): None
20.2935 	EXP 	Welcome_text: autoDraw = True
21.5586 	EXP 	Imported instructionTxt.xlsx as conditions, 6 conditions, 1 params
21.5591 	EXP 	Created sequence: sequential, trialTypes=6, nReps=1, seed=None
21.5596 	EXP 	New trial (rep=0, index=0): OrderedDict([('instructions', 'On each trial your task will be to remember images that are presented to you. The images will consist of either faces or scenes and there can be either one to four images on a trial.')])
21.5810 	DATA 	Keypress: b
21.5843 	EXP 	Welcome_text: autoDraw = False
21.5843 	EXP 	Instruction_text: text = 'On each trial your task will be to remember images that are presented to you. The images will consist of either faces or scenes and there can be either one to four images on a trial.'
21.5843 	EXP 	Instruction_text: autoDraw = True
21.7657 	DATA 	Keypress: y
21.7822 	EXP 	New trial (rep=0, index=1): OrderedDict([('instructions', 'At the end of a trial you will have to indicate whether a test image presented after a short delay was part of the items that you remembered. ')])
21.8247 	EXP 	Instruction_text: autoDraw = False
21.8247 	EXP 	Instruction_text: text = 'At the end of a trial you will have to indicate whether a test image presented after a short delay was part of the items that you remembered. '
21.8247 	EXP 	Instruction_text: autoDraw = True
21.9368 	DATA 	Keypress: b
21.9493 	EXP 	New trial (rep=0, index=2): OrderedDict([('instructions', 'If the test image was part of the memory images, then you have to press the left button (index finger)')])
21.9819 	EXP 	Instruction_text: autoDraw = False
21.9819 	EXP 	Instruction_text: text = 'If the test image was part of the memory images, then you have to press the left button (index finger)'
21.9819 	EXP 	Instruction_text: autoDraw = True
22.0485 	DATA 	Keypress: y
22.0646 	EXP 	New trial (rep=0, index=3): OrderedDict([('instructions', 'If the image is NOT part of the memorized images, then press the right button (middle finger).')])
22.1001 	EXP 	Instruction_text: autoDraw = False
22.1001 	EXP 	Instruction_text: text = 'If the image is NOT part of the memorized images, then press the right button (middle finger).'
22.1001 	EXP 	Instruction_text: autoDraw = True
22.1657 	EXP 	New trial (rep=0, index=4): OrderedDict([('instructions', "During the short remembering period, try to actively keep the images in your mind's eye. ")])
22.2021 	DATA 	Keypress: b
22.2057 	EXP 	Instruction_text: autoDraw = False
22.2057 	EXP 	Instruction_text: text = "During the short remembering period, try to actively keep the images in your mind's eye. "
22.2057 	EXP 	Instruction_text: autoDraw = True
22.2650 	EXP 	New trial (rep=0, index=5): OrderedDict([('instructions', 'Now we will see an example of a trial.')])
22.2862 	DATA 	Keypress: y
22.2897 	EXP 	Instruction_text: autoDraw = False
22.2897 	EXP 	Instruction_text: text = 'Now we will see an example of a trial.'
22.2897 	EXP 	Instruction_text: autoDraw = True
22.3480 	DATA 	Keypress: b
22.4301 	EXP 	Imported trials_Int.csv as conditions, 1 conditions, 13 params
22.4309 	EXP 	Created sequence: sequential, trialTypes=1, nReps=1, seed=None
22.4322 	EXP 	New trial (rep=0, index=0): OrderedDict([('stimulus1', 'scrambles/id106_v1_so.jpg'), ('stimulus2', 'images/id113_v1_so.jpg'), ('stimulus3', 'scrambles/id133_v1_so.jpg'), ('stimulus4', 'scrambles/id120_v1_so.jpg'), ('probeIm', 'images/id113_v1_so.jpg'), ('probeCon', 1), ('load', 1), ('category', 'so'), ('correctResp', 'b'), ('mask1', 'scrambles/id128_v1_so.jpg'), ('mask2', 'scrambles/id057_v1_ff.jpg'), ('mask3', 'scrambles/id006_v1_fm.jpg'), ('mask4', 'scrambles/id019_v1_fm.jpg')])
22.6534 	DATA 	Keypress: y
22.6580 	EXP 	Instruction_text: autoDraw = False
22.6580 	EXP 	stim1_inst: image = 'scrambles/id106_v1_so.jpg'
22.6580 	EXP 	stim2_inst: image = 'images/id113_v1_so.jpg'
22.6580 	EXP 	stim3_inst: image = 'scrambles/id133_v1_so.jpg'
22.6580 	EXP 	stim4_inst: image = 'scrambles/id120_v1_so.jpg'
22.6580 	EXP 	stim1_inst: autoDraw = True
22.6580 	EXP 	stim2_inst: autoDraw = True
22.6580 	EXP 	stim3_inst: autoDraw = True
22.6580 	EXP 	stim4_inst: autoDraw = True
22.6580 	EXP 	trialExplanation: autoDraw = True
23.0824 	DATA 	Keypress: b
23.2012 	EXP 	stim1_inst: autoDraw = False
23.2012 	EXP 	stim2_inst: autoDraw = False
23.2012 	EXP 	stim3_inst: autoDraw = False
23.2012 	EXP 	stim4_inst: autoDraw = False
23.2012 	EXP 	trialExplanation: autoDraw = False
23.2012 	EXP 	mask1_inst: image = 'scrambles/id128_v1_so.jpg'
23.2012 	EXP 	mask2_inst: image = 'scrambles/id057_v1_ff.jpg'
23.2012 	EXP 	mask3_inst: image = 'scrambles/id006_v1_fm.jpg'
23.2012 	EXP 	mask4_inst: image = 'scrambles/id019_v1_fm.jpg'
23.2012 	EXP 	mask1_inst: autoDraw = True
23.2012 	EXP 	mask2_inst: autoDraw = True
23.2012 	EXP 	mask3_inst: autoDraw = True
23.2012 	EXP 	mask4_inst: autoDraw = True
23.3294 	EXP 	mask1_inst: autoDraw = False
23.3294 	EXP 	mask2_inst: autoDraw = False
23.3294 	EXP 	mask3_inst: autoDraw = False
23.3294 	EXP 	mask4_inst: autoDraw = False
23.3294 	EXP 	fixDelay_2: autoDraw = True
23.3294 	EXP 	delayExplanation: autoDraw = True
23.8911 	DATA 	Keypress: b
23.9226 	EXP 	fixDelay_2: autoDraw = False
23.9226 	EXP 	delayExplanation: autoDraw = False
23.9226 	EXP 	probe_inst: image = 'images/id113_v1_so.jpg'
23.9226 	EXP 	probe_inst: autoDraw = True
26.3915 	EXP 	fixProbe_inst: autoDraw = True
26.3915 	EXP 	probeInst: autoDraw = True
26.4249 	EXP 	probe_inst: autoDraw = False
26.8406 	DATA 	Keypress: b
26.8438 	EXP 	probe_inst: autoDraw = False
26.8438 	EXP 	fixProbe_inst: autoDraw = False
26.8438 	EXP 	probeInst: autoDraw = False
26.8438 	EXP 	rewardInst: autoDraw = True
29.2900 	EXP 	Created sequence: random, trialTypes=1, nReps=999, seed=None
29.2947 	EXP 	New trial (rep=0, index=0): None
29.2976 	DATA 	Keypress: b
29.3007 	EXP 	rewardInst: autoDraw = False
29.3007 	EXP 	Button_reminder: autoDraw = True
32.1292 	EXP 	Imported trials_Int.csv as conditions, 8 conditions, 13 params
32.1301 	EXP 	Created sequence: random, trialTypes=8, nReps=1, seed=None
32.1315 	EXP 	New trial (rep=0, index=0): OrderedDict([('stimulus1', 'scrambles/id072_v1_si.jpg'), ('stimulus2', 'scrambles/id085_v1_si.jpg'), ('stimulus3', 'scrambles/id089_v1_si.jpg'), ('stimulus4', 'images/id102_v1_si.jpg'), ('probeIm', 'images/id086_v1_si.jpg'), ('probeCon', 0), ('load', 1), ('category', 'si'), ('correctResp', 'y'), ('mask1', 'scrambles/id019_v1_fm.jpg'), ('mask2', 'scrambles/id133_v1_so.jpg'), ('mask3', 'scrambles/id085_v1_si.jpg'), ('mask4', 'scrambles/id011_v1_fm.jpg')])
32.1364 	DATA 	Keypress: b
32.1397 	EXP 	Button_reminder: autoDraw = False
32.1397 	EXP 	fixStartTrial_2: autoDraw = True
38.3282 	EXP 	fixStartTrial_2: autoDraw = False
38.3282 	EXP 	stim1_Practice: image = 'scrambles/id072_v1_si.jpg'
38.3282 	EXP 	stim2_Practice: image = 'scrambles/id085_v1_si.jpg'
38.3282 	EXP 	stim3_Practice: image = 'scrambles/id089_v1_si.jpg'
38.3282 	EXP 	stim4_Practice: image = 'images/id102_v1_si.jpg'
38.3282 	EXP 	probe_Practice: image = 'images/id086_v1_si.jpg'
38.3282 	EXP 	mask1_prac: image = 'scrambles/id019_v1_fm.jpg'
38.3282 	EXP 	mask2_prac: image = 'scrambles/id133_v1_so.jpg'
38.3282 	EXP 	mask3_prac: image = 'scrambles/id085_v1_si.jpg'
38.3282 	EXP 	mask4_prac: image = 'scrambles/id011_v1_fm.jpg'
38.3282 	EXP 	stim1_Practice: autoDraw = True
38.3282 	EXP 	stim2_Practice: autoDraw = True
38.3282 	EXP 	stim3_Practice: autoDraw = True
38.3282 	EXP 	stim4_Practice: autoDraw = True
41.6258 	EXP 	mask1_prac: autoDraw = True
41.6258 	EXP 	mask2_prac: autoDraw = True
41.6258 	EXP 	mask3_prac: autoDraw = True
41.6258 	EXP 	mask4_prac: autoDraw = True
41.6329 	EXP 	stim1_Practice: autoDraw = False
41.6329 	EXP 	stim2_Practice: autoDraw = False
41.6329 	EXP 	stim3_Practice: autoDraw = False
41.6329 	EXP 	stim4_Practice: autoDraw = False
41.7568 	EXP 	fixDelay_Practice: autoDraw = True
41.8393 	EXP 	mask1_prac: autoDraw = False
41.8393 	EXP 	mask2_prac: autoDraw = False
41.8393 	EXP 	mask3_prac: autoDraw = False
41.8393 	EXP 	mask4_prac: autoDraw = False
51.7552 	EXP 	probe_Practice: autoDraw = True
51.7717 	EXP 	fixDelay_Practice: autoDraw = False
52.8933 	DATA 	Keypress: y
52.9551 	EXP 	probe_Practice: autoDraw = False
52.9551 	EXP 	fixProbe_Practice: autoDraw = True
55.8310 	EXP 	stim1_Practice: autoDraw = False
55.8310 	EXP 	stim2_Practice: autoDraw = False
55.8310 	EXP 	stim3_Practice: autoDraw = False
55.8310 	EXP 	stim4_Practice: autoDraw = False
55.8310 	EXP 	fixDelay_Practice: autoDraw = False
55.8310 	EXP 	probe_Practice: autoDraw = False
55.8310 	EXP 	fixProbe_Practice: autoDraw = False
55.8310 	EXP 	mask1_prac: autoDraw = False
55.8310 	EXP 	mask2_prac: autoDraw = False
55.8310 	EXP 	mask3_prac: autoDraw = False
55.8310 	EXP 	mask4_prac: autoDraw = False
55.8310 	EXP 	feedbackText: text = 'Correct'
55.8310 	EXP 	feedbackText: autoDraw = True
56.6069 	EXP 	New trial (rep=0, index=1): OrderedDict([('stimulus1', 'images/id128_v1_so.jpg'), ('stimulus2', 'images/id110_v1_so.jpg'), ('stimulus3', 'images/id129_v1_so.jpg'), ('stimulus4', 'images/id125_v1_so.jpg'), ('probeIm', 'images/id116_v1_so.jpg'), ('probeCon', 0), ('load', 4), ('category', 'so'), ('correctResp', 'y'), ('mask1', 'scrambles/id006_v1_fm.jpg'), ('mask2', 'scrambles/id011_v1_fm.jpg'), ('mask3', 'scrambles/id072_v1_si.jpg'), ('mask4', 'scrambles/id022_v1_fm.jpg')])
56.6214 	EXP 	feedbackText: autoDraw = False
56.6214 	EXP 	fixStartTrial_2: autoDraw = True
62.7239 	EXP 	fixStartTrial_2: autoDraw = False
62.7239 	EXP 	stim1_Practice: image = 'images/id128_v1_so.jpg'
62.7239 	EXP 	stim2_Practice: image = 'images/id110_v1_so.jpg'
62.7239 	EXP 	stim3_Practice: image = 'images/id129_v1_so.jpg'
62.7239 	EXP 	stim4_Practice: image = 'images/id125_v1_so.jpg'
62.7239 	EXP 	probe_Practice: image = 'images/id116_v1_so.jpg'
62.7239 	EXP 	mask1_prac: image = 'scrambles/id006_v1_fm.jpg'
62.7239 	EXP 	mask2_prac: image = 'scrambles/id011_v1_fm.jpg'
62.7239 	EXP 	mask3_prac: image = 'scrambles/id072_v1_si.jpg'
62.7239 	EXP 	mask4_prac: image = 'scrambles/id022_v1_fm.jpg'
62.7239 	EXP 	stim1_Practice: autoDraw = True
62.7239 	EXP 	stim2_Practice: autoDraw = True
62.7239 	EXP 	stim3_Practice: autoDraw = True
62.7239 	EXP 	stim4_Practice: autoDraw = True
66.0216 	EXP 	mask1_prac: autoDraw = True
66.0216 	EXP 	mask2_prac: autoDraw = True
66.0216 	EXP 	mask3_prac: autoDraw = True
66.0216 	EXP 	mask4_prac: autoDraw = True
66.0376 	EXP 	stim1_Practice: autoDraw = False
66.0376 	EXP 	stim2_Practice: autoDraw = False
66.0376 	EXP 	stim3_Practice: autoDraw = False
66.0376 	EXP 	stim4_Practice: autoDraw = False
66.2202 	EXP 	fixDelay_Practice: autoDraw = True
66.2202 	EXP 	mask1_prac: autoDraw = False
66.2202 	EXP 	mask2_prac: autoDraw = False
66.2202 	EXP 	mask3_prac: autoDraw = False
66.2202 	EXP 	mask4_prac: autoDraw = False
76.2195 	EXP 	probe_Practice: autoDraw = True
76.2362 	EXP 	fixDelay_Practice: autoDraw = False
77.2247 	DATA 	Keypress: y
77.4191 	EXP 	probe_Practice: autoDraw = False
77.4191 	EXP 	fixProbe_Practice: autoDraw = True
80.3189 	EXP 	stim1_Practice: autoDraw = False
80.3189 	EXP 	stim2_Practice: autoDraw = False
80.3189 	EXP 	stim3_Practice: autoDraw = False
80.3189 	EXP 	stim4_Practice: autoDraw = False
80.3189 	EXP 	fixDelay_Practice: autoDraw = False
80.3189 	EXP 	probe_Practice: autoDraw = False
80.3189 	EXP 	fixProbe_Practice: autoDraw = False
80.3189 	EXP 	mask1_prac: autoDraw = False
80.3189 	EXP 	mask2_prac: autoDraw = False
80.3189 	EXP 	mask3_prac: autoDraw = False
80.3189 	EXP 	mask4_prac: autoDraw = False
80.3189 	EXP 	feedbackText: text = 'Correct'
80.3189 	EXP 	feedbackText: autoDraw = True
81.1044 	EXP 	New trial (rep=0, index=2): OrderedDict([('stimulus1', 'scrambles/id011_v1_fm.jpg'), ('stimulus2', 'scrambles/id019_v1_fm.jpg'), ('stimulus3', 'images/id011_v1_fm.jpg'), ('stimulus4', 'scrambles/id001_v1_fm.jpg'), ('probeIm', 'images/id011_v1_fm.jpg'), ('probeCon', 1), ('load', 1), ('category', 'fm'), ('correctResp', 'b'), ('mask1', 'scrambles/id106_v1_so.jpg'), ('mask2', 'scrambles/id022_v1_fm.jpg'), ('mask3', 'scrambles/id072_v1_si.jpg'), ('mask4', 'scrambles/id006_v1_fm.jpg')])
81.1189 	EXP 	feedbackText: autoDraw = False
81.1189 	EXP 	fixStartTrial_2: autoDraw = True
87.1659 	EXP 	fixStartTrial_2: autoDraw = False
87.1659 	EXP 	stim1_Practice: image = 'scrambles/id011_v1_fm.jpg'
87.1659 	EXP 	stim2_Practice: image = 'scrambles/id019_v1_fm.jpg'
87.1659 	EXP 	stim3_Practice: image = 'images/id011_v1_fm.jpg'
87.1659 	EXP 	stim4_Practice: image = 'scrambles/id001_v1_fm.jpg'
87.1659 	EXP 	probe_Practice: image = 'images/id011_v1_fm.jpg'
87.1659 	EXP 	mask1_prac: image = 'scrambles/id106_v1_so.jpg'
87.1659 	EXP 	mask2_prac: image = 'scrambles/id022_v1_fm.jpg'
87.1659 	EXP 	mask3_prac: image = 'scrambles/id072_v1_si.jpg'
87.1659 	EXP 	mask4_prac: image = 'scrambles/id006_v1_fm.jpg'
87.1659 	EXP 	stim1_Practice: autoDraw = True
87.1659 	EXP 	stim2_Practice: autoDraw = True
87.1659 	EXP 	stim3_Practice: autoDraw = True
87.1659 	EXP 	stim4_Practice: autoDraw = True
90.4526 	EXP 	mask1_prac: autoDraw = True
90.4526 	EXP 	mask2_prac: autoDraw = True
90.4526 	EXP 	mask3_prac: autoDraw = True
90.4526 	EXP 	mask4_prac: autoDraw = True
90.4682 	EXP 	stim1_Practice: autoDraw = False
90.4682 	EXP 	stim2_Practice: autoDraw = False
90.4682 	EXP 	stim3_Practice: autoDraw = False
90.4682 	EXP 	stim4_Practice: autoDraw = False
90.6515 	EXP 	fixDelay_Practice: autoDraw = True
90.6515 	EXP 	mask1_prac: autoDraw = False
90.6515 	EXP 	mask2_prac: autoDraw = False
90.6515 	EXP 	mask3_prac: autoDraw = False
90.6515 	EXP 	mask4_prac: autoDraw = False
100.6504 	EXP 	probe_Practice: autoDraw = True
100.6671 	EXP 	fixDelay_Practice: autoDraw = False
101.8502 	EXP 	probe_Practice: autoDraw = False
101.8502 	EXP 	fixProbe_Practice: autoDraw = True
102.0568 	DATA 	Keypress: b
104.8165 	EXP 	stim1_Practice: autoDraw = False
104.8165 	EXP 	stim2_Practice: autoDraw = False
104.8165 	EXP 	stim3_Practice: autoDraw = False
104.8165 	EXP 	stim4_Practice: autoDraw = False
104.8165 	EXP 	fixDelay_Practice: autoDraw = False
104.8165 	EXP 	probe_Practice: autoDraw = False
104.8165 	EXP 	fixProbe_Practice: autoDraw = False
104.8165 	EXP 	mask1_prac: autoDraw = False
104.8165 	EXP 	mask2_prac: autoDraw = False
104.8165 	EXP 	mask3_prac: autoDraw = False
104.8165 	EXP 	mask4_prac: autoDraw = False
104.8165 	EXP 	feedbackText: text = 'Correct'
104.8165 	EXP 	feedbackText: autoDraw = True
105.6017 	EXP 	New trial (rep=0, index=3): OrderedDict([('stimulus1', 'images/id105_v1_si.jpg'), ('stimulus2', 'images/id104_v1_si.jpg'), ('stimulus3', 'images/id083_v1_si.jpg'), ('stimulus4', 'images/id080_v1_si.jpg'), ('probeIm', 'images/id093_v1_si.jpg'), ('probeCon', 0), ('load', 4), ('category', 'si'), ('correctResp', 'y'), ('mask1', 'scrambles/id072_v1_si.jpg'), ('mask2', 'scrambles/id133_v1_so.jpg'), ('mask3', 'scrambles/id106_v1_so.jpg'), ('mask4', 'scrambles/id019_v1_fm.jpg')])
105.6164 	EXP 	feedbackText: autoDraw = False
105.6164 	EXP 	fixStartTrial_2: autoDraw = True
111.6675 	EXP 	fixStartTrial_2: autoDraw = False
111.6675 	EXP 	stim1_Practice: image = 'images/id105_v1_si.jpg'
111.6675 	EXP 	stim2_Practice: image = 'images/id104_v1_si.jpg'
111.6675 	EXP 	stim3_Practice: image = 'images/id083_v1_si.jpg'
111.6675 	EXP 	stim4_Practice: image = 'images/id080_v1_si.jpg'
111.6675 	EXP 	probe_Practice: image = 'images/id093_v1_si.jpg'
111.6675 	EXP 	mask1_prac: image = 'scrambles/id072_v1_si.jpg'
111.6675 	EXP 	mask2_prac: image = 'scrambles/id133_v1_so.jpg'
111.6675 	EXP 	mask3_prac: image = 'scrambles/id106_v1_so.jpg'
111.6675 	EXP 	mask4_prac: image = 'scrambles/id019_v1_fm.jpg'
111.6675 	EXP 	stim1_Practice: autoDraw = True
111.6675 	EXP 	stim2_Practice: autoDraw = True
111.6675 	EXP 	stim3_Practice: autoDraw = True
111.6675 	EXP 	stim4_Practice: autoDraw = True
114.9666 	EXP 	mask1_prac: autoDraw = True
114.9666 	EXP 	mask2_prac: autoDraw = True
114.9666 	EXP 	mask3_prac: autoDraw = True
114.9666 	EXP 	mask4_prac: autoDraw = True
114.9825 	EXP 	stim1_Practice: autoDraw = False
114.9825 	EXP 	stim2_Practice: autoDraw = False
114.9825 	EXP 	stim3_Practice: autoDraw = False
114.9825 	EXP 	stim4_Practice: autoDraw = False
115.1656 	EXP 	fixDelay_Practice: autoDraw = True
115.1656 	EXP 	mask1_prac: autoDraw = False
115.1656 	EXP 	mask2_prac: autoDraw = False
115.1656 	EXP 	mask3_prac: autoDraw = False
115.1656 	EXP 	mask4_prac: autoDraw = False
125.1648 	EXP 	fixDelay_Practice: autoDraw = False
125.1648 	EXP 	probe_Practice: autoDraw = True
126.1038 	DATA 	Keypress: y
126.3644 	EXP 	probe_Practice: autoDraw = False
126.3644 	EXP 	fixProbe_Practice: autoDraw = True
129.3307 	EXP 	stim1_Practice: autoDraw = False
129.3307 	EXP 	stim2_Practice: autoDraw = False
129.3307 	EXP 	stim3_Practice: autoDraw = False
129.3307 	EXP 	stim4_Practice: autoDraw = False
129.3307 	EXP 	fixDelay_Practice: autoDraw = False
129.3307 	EXP 	probe_Practice: autoDraw = False
129.3307 	EXP 	fixProbe_Practice: autoDraw = False
129.3307 	EXP 	mask1_prac: autoDraw = False
129.3307 	EXP 	mask2_prac: autoDraw = False
129.3307 	EXP 	mask3_prac: autoDraw = False
129.3307 	EXP 	mask4_prac: autoDraw = False
129.3307 	EXP 	feedbackText: text = 'Correct'
129.3307 	EXP 	feedbackText: autoDraw = True
130.1159 	EXP 	New trial (rep=0, index=4): OrderedDict([('stimulus1', 'images/id031_v1_fm.jpg'), ('stimulus2', 'images/id002_v1_fm.jpg'), ('stimulus3', 'images/id026_v1_fm.jpg'), ('stimulus4', 'images/id022_v1_fm.jpg'), ('probeIm', 'images/id002_v1_fm.jpg'), ('probeCon', 1), ('load', 4), ('category', 'fm'), ('correctResp', 'b'), ('mask1', 'scrambles/id022_v1_fm.jpg'), ('mask2', 'scrambles/id133_v1_so.jpg'), ('mask3', 'scrambles/id106_v1_so.jpg'), ('mask4', 'scrambles/id085_v1_si.jpg')])
130.1308 	EXP 	feedbackText: autoDraw = False
130.1308 	EXP 	fixStartTrial_2: autoDraw = True
136.1710 	EXP 	fixStartTrial_2: autoDraw = False
136.1710 	EXP 	stim1_Practice: image = 'images/id031_v1_fm.jpg'
136.1710 	EXP 	stim2_Practice: image = 'images/id002_v1_fm.jpg'
136.1710 	EXP 	stim3_Practice: image = 'images/id026_v1_fm.jpg'
136.1710 	EXP 	stim4_Practice: image = 'images/id022_v1_fm.jpg'
136.1710 	EXP 	probe_Practice: image = 'images/id002_v1_fm.jpg'
136.1710 	EXP 	mask1_prac: image = 'scrambles/id022_v1_fm.jpg'
136.1710 	EXP 	mask2_prac: image = 'scrambles/id133_v1_so.jpg'
136.1710 	EXP 	mask3_prac: image = 'scrambles/id106_v1_so.jpg'
136.1710 	EXP 	mask4_prac: image = 'scrambles/id085_v1_si.jpg'
136.1710 	EXP 	stim1_Practice: autoDraw = True
136.1710 	EXP 	stim2_Practice: autoDraw = True
136.1710 	EXP 	stim3_Practice: autoDraw = True
136.1710 	EXP 	stim4_Practice: autoDraw = True
139.4641 	EXP 	mask1_prac: autoDraw = True
139.4641 	EXP 	mask2_prac: autoDraw = True
139.4641 	EXP 	mask3_prac: autoDraw = True
139.4641 	EXP 	mask4_prac: autoDraw = True
139.4801 	EXP 	stim1_Practice: autoDraw = False
139.4801 	EXP 	stim2_Practice: autoDraw = False
139.4801 	EXP 	stim3_Practice: autoDraw = False
139.4801 	EXP 	stim4_Practice: autoDraw = False
139.6630 	EXP 	fixDelay_Practice: autoDraw = True
139.6630 	EXP 	mask1_prac: autoDraw = False
139.6630 	EXP 	mask2_prac: autoDraw = False
139.6630 	EXP 	mask3_prac: autoDraw = False
139.6630 	EXP 	mask4_prac: autoDraw = False
149.6624 	EXP 	fixDelay_Practice: autoDraw = False
149.6624 	EXP 	probe_Practice: autoDraw = True
150.8621 	EXP 	probe_Practice: autoDraw = False
150.8621 	EXP 	fixProbe_Practice: autoDraw = True
151.1181 	DATA 	Keypress: b
153.8282 	EXP 	stim1_Practice: autoDraw = False
153.8282 	EXP 	stim2_Practice: autoDraw = False
153.8282 	EXP 	stim3_Practice: autoDraw = False
153.8282 	EXP 	stim4_Practice: autoDraw = False
153.8282 	EXP 	fixDelay_Practice: autoDraw = False
153.8282 	EXP 	probe_Practice: autoDraw = False
153.8282 	EXP 	fixProbe_Practice: autoDraw = False
153.8282 	EXP 	mask1_prac: autoDraw = False
153.8282 	EXP 	mask2_prac: autoDraw = False
153.8282 	EXP 	mask3_prac: autoDraw = False
153.8282 	EXP 	mask4_prac: autoDraw = False
153.8282 	EXP 	feedbackText: text = 'Correct'
153.8282 	EXP 	feedbackText: autoDraw = True
154.6131 	EXP 	New trial (rep=0, index=5): OrderedDict([('stimulus1', 'images/id015_v1_fm.jpg'), ('stimulus2', 'images/id006_v1_fm.jpg'), ('stimulus3', 'images/id001_v1_fm.jpg'), ('stimulus4', 'images/id016_v1_fm.jpg'), ('probeIm', 'images/id008_v1_fm.jpg'), ('probeCon', 0), ('load', 4), ('category', 'fm'), ('correctResp', 'y'), ('mask1', 'scrambles/id011_v1_fm.jpg'), ('mask2', 'scrambles/id006_v1_fm.jpg'), ('mask3', 'scrambles/id072_v1_si.jpg'), ('mask4', 'scrambles/id098_v1_si.jpg')])
154.6281 	EXP 	feedbackText: autoDraw = False
154.6281 	EXP 	fixStartTrial_2: autoDraw = True
160.6741 	EXP 	fixStartTrial_2: autoDraw = False
160.6741 	EXP 	stim1_Practice: image = 'images/id015_v1_fm.jpg'
160.6741 	EXP 	stim2_Practice: image = 'images/id006_v1_fm.jpg'
160.6741 	EXP 	stim3_Practice: image = 'images/id001_v1_fm.jpg'
160.6741 	EXP 	stim4_Practice: image = 'images/id016_v1_fm.jpg'
160.6741 	EXP 	probe_Practice: image = 'images/id008_v1_fm.jpg'
160.6741 	EXP 	mask1_prac: image = 'scrambles/id011_v1_fm.jpg'
160.6741 	EXP 	mask2_prac: image = 'scrambles/id006_v1_fm.jpg'
160.6741 	EXP 	mask3_prac: image = 'scrambles/id072_v1_si.jpg'
160.6741 	EXP 	mask4_prac: image = 'scrambles/id098_v1_si.jpg'
160.6741 	EXP 	stim1_Practice: autoDraw = True
160.6741 	EXP 	stim2_Practice: autoDraw = True
160.6741 	EXP 	stim3_Practice: autoDraw = True
160.6741 	EXP 	stim4_Practice: autoDraw = True
163.9617 	EXP 	mask1_prac: autoDraw = True
163.9617 	EXP 	mask2_prac: autoDraw = True
163.9617 	EXP 	mask3_prac: autoDraw = True
163.9617 	EXP 	mask4_prac: autoDraw = True
163.9777 	EXP 	stim1_Practice: autoDraw = False
163.9777 	EXP 	stim2_Practice: autoDraw = False
163.9777 	EXP 	stim3_Practice: autoDraw = False
163.9777 	EXP 	stim4_Practice: autoDraw = False
164.1606 	EXP 	fixDelay_Practice: autoDraw = True
164.1606 	EXP 	mask1_prac: autoDraw = False
164.1606 	EXP 	mask2_prac: autoDraw = False
164.1606 	EXP 	mask3_prac: autoDraw = False
164.1606 	EXP 	mask4_prac: autoDraw = False
174.1598 	EXP 	fixDelay_Practice: autoDraw = False
174.1598 	EXP 	probe_Practice: autoDraw = True
175.3595 	EXP 	probe_Practice: autoDraw = False
175.3595 	EXP 	fixProbe_Practice: autoDraw = True
175.6151 	DATA 	Keypress: y
178.3260 	EXP 	stim1_Practice: autoDraw = False
178.3260 	EXP 	stim2_Practice: autoDraw = False
178.3260 	EXP 	stim3_Practice: autoDraw = False
178.3260 	EXP 	stim4_Practice: autoDraw = False
178.3260 	EXP 	fixDelay_Practice: autoDraw = False
178.3260 	EXP 	probe_Practice: autoDraw = False
178.3260 	EXP 	fixProbe_Practice: autoDraw = False
178.3260 	EXP 	mask1_prac: autoDraw = False
178.3260 	EXP 	mask2_prac: autoDraw = False
178.3260 	EXP 	mask3_prac: autoDraw = False
178.3260 	EXP 	mask4_prac: autoDraw = False
178.3260 	EXP 	feedbackText: text = 'Correct'
178.3260 	EXP 	feedbackText: autoDraw = True
179.1111 	EXP 	New trial (rep=0, index=6): OrderedDict([('stimulus1', 'images/id044_v1_ff.jpg'), ('stimulus2', 'scrambles/id054_v1_ff.jpg'), ('stimulus3', 'scrambles/id066_v1_ff.jpg'), ('stimulus4', 'scrambles/id056_v1_ff.jpg'), ('probeIm', 'images/id066_v1_ff.jpg'), ('probeCon', 0), ('load', 1), ('category', 'ff'), ('correctResp', 'y'), ('mask1', 'scrambles/id019_v1_fm.jpg'), ('mask2', 'scrambles/id057_v1_ff.jpg'), ('mask3', 'scrambles/id098_v1_si.jpg'), ('mask4', 'scrambles/id054_v1_ff.jpg')])
179.1258 	EXP 	feedbackText: autoDraw = False
179.1258 	EXP 	fixStartTrial_2: autoDraw = True
185.1778 	EXP 	fixStartTrial_2: autoDraw = False
185.1778 	EXP 	stim1_Practice: image = 'images/id044_v1_ff.jpg'
185.1778 	EXP 	stim2_Practice: image = 'scrambles/id054_v1_ff.jpg'
185.1778 	EXP 	stim3_Practice: image = 'scrambles/id066_v1_ff.jpg'
185.1778 	EXP 	stim4_Practice: image = 'scrambles/id056_v1_ff.jpg'
185.1778 	EXP 	probe_Practice: image = 'images/id066_v1_ff.jpg'
185.1778 	EXP 	mask1_prac: image = 'scrambles/id019_v1_fm.jpg'
185.1778 	EXP 	mask2_prac: image = 'scrambles/id057_v1_ff.jpg'
185.1778 	EXP 	mask3_prac: image = 'scrambles/id098_v1_si.jpg'
185.1778 	EXP 	mask4_prac: image = 'scrambles/id054_v1_ff.jpg'
185.1778 	EXP 	stim1_Practice: autoDraw = True
185.1778 	EXP 	stim2_Practice: autoDraw = True
185.1778 	EXP 	stim3_Practice: autoDraw = True
185.1778 	EXP 	stim4_Practice: autoDraw = True
188.4760 	EXP 	mask1_prac: autoDraw = True
188.4760 	EXP 	mask2_prac: autoDraw = True
188.4760 	EXP 	mask3_prac: autoDraw = True
188.4760 	EXP 	mask4_prac: autoDraw = True
188.4920 	EXP 	stim1_Practice: autoDraw = False
188.4920 	EXP 	stim2_Practice: autoDraw = False
188.4920 	EXP 	stim3_Practice: autoDraw = False
188.4920 	EXP 	stim4_Practice: autoDraw = False
188.6750 	EXP 	fixDelay_Practice: autoDraw = True
188.6750 	EXP 	mask1_prac: autoDraw = False
188.6750 	EXP 	mask2_prac: autoDraw = False
188.6750 	EXP 	mask3_prac: autoDraw = False
188.6750 	EXP 	mask4_prac: autoDraw = False
198.6742 	EXP 	probe_Practice: autoDraw = True
198.6909 	EXP 	fixDelay_Practice: autoDraw = False
199.8738 	EXP 	probe_Practice: autoDraw = False
199.8738 	EXP 	fixProbe_Practice: autoDraw = True
199.9963 	DATA 	Keypress: y
202.8234 	EXP 	stim1_Practice: autoDraw = False
202.8234 	EXP 	stim2_Practice: autoDraw = False
202.8234 	EXP 	stim3_Practice: autoDraw = False
202.8234 	EXP 	stim4_Practice: autoDraw = False
202.8234 	EXP 	fixDelay_Practice: autoDraw = False
202.8234 	EXP 	probe_Practice: autoDraw = False
202.8234 	EXP 	fixProbe_Practice: autoDraw = False
202.8234 	EXP 	mask1_prac: autoDraw = False
202.8234 	EXP 	mask2_prac: autoDraw = False
202.8234 	EXP 	mask3_prac: autoDraw = False
202.8234 	EXP 	mask4_prac: autoDraw = False
202.8234 	EXP 	feedbackText: text = 'Correct'
202.8234 	EXP 	feedbackText: autoDraw = True
203.6087 	EXP 	New trial (rep=0, index=7): OrderedDict([('stimulus1', 'images/id085_v1_si.jpg'), ('stimulus2', 'images/id072_v1_si.jpg'), ('stimulus3', 'images/id098_v1_si.jpg'), ('stimulus4', 'images/id079_v1_si.jpg'), ('probeIm', 'images/id079_v1_si.jpg'), ('probeCon', 1), ('load', 4), ('category', 'si'), ('correctResp', 'b'), ('mask1', 'scrambles/id022_v1_fm.jpg'), ('mask2', 'scrambles/id133_v1_so.jpg'), ('mask3', 'scrambles/id098_v1_si.jpg'), ('mask4', 'scrambles/id011_v1_fm.jpg')])
203.6236 	EXP 	feedbackText: autoDraw = False
203.6236 	EXP 	fixStartTrial_2: autoDraw = True
209.6720 	EXP 	fixStartTrial_2: autoDraw = False
209.6720 	EXP 	stim1_Practice: image = 'images/id085_v1_si.jpg'
209.6720 	EXP 	stim2_Practice: image = 'images/id072_v1_si.jpg'
209.6720 	EXP 	stim3_Practice: image = 'images/id098_v1_si.jpg'
209.6720 	EXP 	stim4_Practice: image = 'images/id079_v1_si.jpg'
209.6720 	EXP 	probe_Practice: image = 'images/id079_v1_si.jpg'
209.6720 	EXP 	mask1_prac: image = 'scrambles/id022_v1_fm.jpg'
209.6720 	EXP 	mask2_prac: image = 'scrambles/id133_v1_so.jpg'
209.6720 	EXP 	mask3_prac: image = 'scrambles/id098_v1_si.jpg'
209.6720 	EXP 	mask4_prac: image = 'scrambles/id011_v1_fm.jpg'
209.6720 	EXP 	stim1_Practice: autoDraw = True
209.6720 	EXP 	stim2_Practice: autoDraw = True
209.6720 	EXP 	stim3_Practice: autoDraw = True
209.6720 	EXP 	stim4_Practice: autoDraw = True
212.9568 	EXP 	mask1_prac: autoDraw = True
212.9568 	EXP 	mask2_prac: autoDraw = True
212.9568 	EXP 	mask3_prac: autoDraw = True
212.9568 	EXP 	mask4_prac: autoDraw = True
212.9728 	EXP 	stim1_Practice: autoDraw = False
212.9728 	EXP 	stim2_Practice: autoDraw = False
212.9728 	EXP 	stim3_Practice: autoDraw = False
212.9728 	EXP 	stim4_Practice: autoDraw = False
213.1558 	EXP 	fixDelay_Practice: autoDraw = True
213.1558 	EXP 	mask1_prac: autoDraw = False
213.1558 	EXP 	mask2_prac: autoDraw = False
213.1558 	EXP 	mask3_prac: autoDraw = False
213.1558 	EXP 	mask4_prac: autoDraw = False
223.1549 	EXP 	probe_Practice: autoDraw = True
223.1715 	EXP 	fixDelay_Practice: autoDraw = False
224.3548 	EXP 	probe_Practice: autoDraw = False
224.3548 	EXP 	fixProbe_Practice: autoDraw = True
224.5102 	DATA 	Keypress: y
227.3278 	EXP 	stim1_Practice: autoDraw = False
227.3278 	EXP 	stim2_Practice: autoDraw = False
227.3278 	EXP 	stim3_Practice: autoDraw = False
227.3278 	EXP 	stim4_Practice: autoDraw = False
227.3278 	EXP 	fixDelay_Practice: autoDraw = False
227.3278 	EXP 	probe_Practice: autoDraw = False
227.3278 	EXP 	fixProbe_Practice: autoDraw = False
227.3278 	EXP 	mask1_prac: autoDraw = False
227.3278 	EXP 	mask2_prac: autoDraw = False
227.3278 	EXP 	mask3_prac: autoDraw = False
227.3278 	EXP 	mask4_prac: autoDraw = False
227.3278 	EXP 	feedbackText: text = 'Incorrect'
227.3278 	EXP 	feedbackText: autoDraw = True
228.2849 	EXP 	feedbackText: autoDraw = False
228.2849 	EXP 	text_7: text = 'Perfomance has to be above 70% to move-on to the real task. Otherwise we can practice a little more. Your performance was 87.5%.'
228.2849 	EXP 	text_7: autoDraw = True
230.9819 	DATA 	Keypress: b
231.1999 	EXP 	Imported runs.csv as conditions, 6 conditions, 2 params
231.2004 	EXP 	Created sequence: sequential, trialTypes=6, nReps=1, seed=None
231.2011 	EXP 	New trial (rep=0, index=0): OrderedDict([('textBefore_run', 'Welcome to main experiment. Everything will be the same as in the practice trials except no feedback will be provided after each trial. One run takes around 7 minutes. Good luck!'), ('trialSelect', 'trials_1.csv')])
231.2563 	EXP 	text_7: autoDraw = False
231.2563 	EXP 	text_run: text = 'Welcome to main experiment. Everything will be the same as in the practice trials except no feedback will be provided after each trial. One run takes around 7 minutes. Good luck!'
231.2563 	EXP 	text_run: autoDraw = True
232.4772 	DATA 	Keypress: b
236.5459 	DATA 	Keypress: b
236.6940 	DATA 	Keypress: b
236.8276 	DATA 	Keypress: y
236.9602 	DATA 	Keypress: y
237.0949 	DATA 	Keypress: b
237.4825 	DATA 	Keypress: t
237.4869 	EXP 	text_run: autoDraw = False
237.4869 	EXP 	fixStart: autoDraw = True
241.4953 	EXP 	Imported trials_1.csv as conditions, 16 conditions, 13 params
241.4961 	EXP 	Created sequence: sequential, trialTypes=16, nReps=1, seed=None
241.4976 	EXP 	New trial (rep=0, index=0): OrderedDict([('stimulus1', 'images/id017_v1_fm.jpg'), ('stimulus2', 'images/id022_v1_fm.jpg'), ('stimulus3', 'images/id015_v1_fm.jpg'), ('stimulus4', 'images/id027_v1_fm.jpg'), ('probeIm', 'images/id011_v1_fm.jpg'), ('probeCon', 0), ('load', 4), ('category', 'fm'), ('correctResp', 'y'), ('mask1', 'scrambles/id028_v1_fm.jpg'), ('mask2', 'scrambles/id015_v1_fm.jpg'), ('mask3', 'scrambles/id028_v1_fm.jpg'), ('mask4', 'scrambles/id074_v1_si.jpg')])
241.6909 	EXP 	fixStart: autoDraw = False
241.6909 	EXP 	fixStart: autoDraw = False
241.6909 	EXP 	stim1: image = 'images/id017_v1_fm.jpg'
241.6909 	EXP 	stim2: image = 'images/id022_v1_fm.jpg'
241.6909 	EXP 	stim3: image = 'images/id015_v1_fm.jpg'
241.6909 	EXP 	stim4: image = 'images/id027_v1_fm.jpg'
241.6909 	EXP 	probe: image = 'images/id011_v1_fm.jpg'
241.6909 	EXP 	mask1_run: image = 'scrambles/id028_v1_fm.jpg'
241.6909 	EXP 	mask2_prac_2: image = 'scrambles/id015_v1_fm.jpg'
241.6909 	EXP 	mask3_run: image = 'scrambles/id028_v1_fm.jpg'
241.6909 	EXP 	mask4_run: image = 'scrambles/id074_v1_si.jpg'
241.6909 	EXP 	stim1: autoDraw = True
241.6909 	EXP 	stim2: autoDraw = True
241.6909 	EXP 	stim3: autoDraw = True
241.6909 	EXP 	stim4: autoDraw = True
244.9885 	EXP 	mask1_run: autoDraw = True
244.9885 	EXP 	mask2_prac_2: autoDraw = True
244.9885 	EXP 	mask3_run: autoDraw = True
244.9885 	EXP 	mask4_run: autoDraw = True
244.9937 	EXP 	stim1: autoDraw = False
244.9937 	EXP 	stim2: autoDraw = False
244.9937 	EXP 	stim3: autoDraw = False
244.9937 	EXP 	stim4: autoDraw = False
245.1199 	EXP 	fixDelay: autoDraw = True
245.2026 	EXP 	mask1_run: autoDraw = False
245.2026 	EXP 	mask2_prac_2: autoDraw = False
245.2026 	EXP 	mask3_run: autoDraw = False
245.2026 	EXP 	mask4_run: autoDraw = False
255.1188 	EXP 	probe: autoDraw = True
255.1351 	EXP 	fixDelay: autoDraw = False
256.3182 	EXP 	probe: autoDraw = False
256.3182 	EXP 	fixProbe: autoDraw = True
256.3428 	DATA 	Keypress: y
259.2015 	EXP 	stim1: autoDraw = False
259.2015 	EXP 	stim2: autoDraw = False
259.2015 	EXP 	stim3: autoDraw = False
259.2015 	EXP 	stim4: autoDraw = False
259.2015 	EXP 	fixDelay: autoDraw = False
259.2015 	EXP 	probe: autoDraw = False
259.2015 	EXP 	fixProbe: autoDraw = False
259.2015 	EXP 	mask1_run: autoDraw = False
259.2015 	EXP 	mask2_prac_2: autoDraw = False
259.2015 	EXP 	mask3_run: autoDraw = False
259.2015 	EXP 	mask4_run: autoDraw = False
259.2015 	EXP 	fixStartTrial: autoDraw = True
265.1862 	EXP 	New trial (rep=0, index=1): OrderedDict([('stimulus1', 'images/id010_v1_fm.jpg'), ('stimulus2', 'scrambles/id003_v1_fm.jpg'), ('stimulus3', 'scrambles/id028_v1_fm.jpg'), ('stimulus4', 'scrambles/id027_v1_fm.jpg'), ('probeIm', 'images/id030_v1_fm.jpg'), ('probeCon', 0), ('load', 1), ('category', 'fm'), ('correctResp', 'y'), ('mask1', 'scrambles/id139_v1_so.jpg'), ('mask2', 'scrambles/id078_v1_si.jpg'), ('mask3', 'scrambles/id039_v1_ff.jpg'), ('mask4', 'scrambles/id028_v1_fm.jpg')])
265.2591 	EXP 	fixStartTrial: autoDraw = False
265.2591 	EXP 	stim1: image = 'images/id010_v1_fm.jpg'
265.2591 	EXP 	stim2: image = 'scrambles/id003_v1_fm.jpg'
265.2591 	EXP 	stim3: image = 'scrambles/id028_v1_fm.jpg'
265.2591 	EXP 	stim4: image = 'scrambles/id027_v1_fm.jpg'
265.2591 	EXP 	probe: image = 'images/id030_v1_fm.jpg'
265.2591 	EXP 	mask1_run: image = 'scrambles/id139_v1_so.jpg'
265.2591 	EXP 	mask2_prac_2: image = 'scrambles/id078_v1_si.jpg'
265.2591 	EXP 	mask3_run: image = 'scrambles/id039_v1_ff.jpg'
265.2591 	EXP 	mask4_run: image = 'scrambles/id028_v1_fm.jpg'
265.2591 	EXP 	stim1: autoDraw = True
265.2591 	EXP 	stim2: autoDraw = True
265.2591 	EXP 	stim3: autoDraw = True
265.2591 	EXP 	stim4: autoDraw = True
268.5514 	EXP 	mask1_run: autoDraw = True
268.5514 	EXP 	mask2_prac_2: autoDraw = True
268.5514 	EXP 	mask3_run: autoDraw = True
268.5514 	EXP 	mask4_run: autoDraw = True
268.5674 	EXP 	stim1: autoDraw = False
268.5674 	EXP 	stim2: autoDraw = False
268.5674 	EXP 	stim3: autoDraw = False
268.5674 	EXP 	stim4: autoDraw = False
268.7505 	EXP 	fixDelay: autoDraw = True
268.7505 	EXP 	mask1_run: autoDraw = False
268.7505 	EXP 	mask2_prac_2: autoDraw = False
268.7505 	EXP 	mask3_run: autoDraw = False
268.7505 	EXP 	mask4_run: autoDraw = False
270.3205 	DATA 	Keypress: escape
272.0874 	EXP 	window1: mouseVisible = True
