1.9254 	WARNING 	We strongly recommend you activate the PTB sound engine in PsychoPy prefs as the preferred audio engine. Its timing is vastly superior. Your prefs are currently set to use ['sounddevice', 'PTB', 'pyo', 'pygame'] (in that order).
4.0838 	WARNING 	User requested fullscreen with size [1536  864], but screen is actually [1024, 768]. Using actual size
4.6307 	EXP 	Created window1 = Window(allowGUI=False, allowStencil=False, args=UNKNOWN, autoLog=True, bitsMode=UNKNOWN, blendMode='avg', bpc=(8, 8, 8), color=array([0., 0., 0.]), colorSpace='rgb', depthBits=8, fullscr=<method-wrapper '__getattribute__' of attributeSetter object at 0x7fb6fe608748>, gamma=None, gammaErrorPolicy='raise', kwargs=UNKNOWN, lms=UNKNOWN, monitor=<psychopy.monitors.calibTools.Monitor object at 0x7fb6fbe62c50>, multiSample=False, name='window1', numSamples=2, pos=[0.0, 0.0], screen=0, size=array([1024,  768]), stencilBits=0, stereo=False, units='height', useFBO=True, useRetina=False, viewOri=0.0, viewPos=None, viewScale=None, waitBlanking=True, winType='pyglet')
4.6308 	EXP 	window1: mouseVisible = True
4.6308 	EXP 	window1: recordFrameIntervals = False
4.7970 	EXP 	window1: recordFrameIntervals = True
4.9804 	EXP 	window1: recordFrameIntervals = False
5.0587 	EXP 	Created Welcome_text = TextStim(__class__=<class 'psychopy.visual.text.TextStim'>, alignHoriz=method-wrapper(...), alignText='center', alignVert=method-wrapper(...), anchorHoriz='center', anchorVert='center', antialias=True, autoLog=True, bold=False, color='white', colorSpace='named', contrast=1.0, depth=0.0, flipHoriz=False, flipVert=False, font='Arial', fontFiles=[], height=0.05, italic=False, languageStyle='LTR', name='Welcome_text', opacity=1.0, ori=0, pos=array([0., 0.]), rgb=array([255., 255., 255.]), text=str(...), units='height', win=Window(...), wrapWidth=1)
5.0613 	EXP 	Created Instruction_text = TextStim(__class__=<class 'psychopy.visual.text.TextStim'>, alignHoriz=method-wrapper(...), alignText='center', alignVert=method-wrapper(...), anchorHoriz='center', anchorVert='center', antialias=True, autoLog=True, bold=False, color='white', colorSpace='named', contrast=1.0, depth=0.0, flipHoriz=False, flipVert=False, font='Arial', fontFiles=[], height=0.05, italic=False, languageStyle='LTR', name='Instruction_text', opacity=1.0, ori=0, pos=array([0., 0.]), rgb=array([255., 255., 255.]), text='default text', units='height', win=Window(...), wrapWidth=1)
5.0631 	EXP 	Created stim1_inst = ImageStim(__class__=<class 'psychopy.visual.image.ImageStim'>, autoLog=True, color=array([1., 1., 1.]), colorSpace='rgb', contrast=1.0, depth=0.0, flipHoriz=False, flipVert=False, image='sin', interpolate=True, mask=None, maskParams=None, name='stim1_inst', opacity=1.0, ori=0.0, pos=array([-0.11,  0.11]), size=array([0.2, 0.2]), texRes=512, units='height', win=Window(...))
5.0643 	EXP 	Created stim2_inst = ImageStim(__class__=<class 'psychopy.visual.image.ImageStim'>, autoLog=True, color=array([1., 1., 1.]), colorSpace='rgb', contrast=1.0, depth=-1.0, flipHoriz=False, flipVert=False, image='sin', interpolate=True, mask=None, maskParams=None, name='stim2_inst', opacity=1.0, ori=0.0, pos=array([0.11, 0.11]), size=array([0.2, 0.2]), texRes=512, units='height', win=Window(...))
5.0654 	EXP 	Created stim3_inst = ImageStim(__class__=<class 'psychopy.visual.image.ImageStim'>, autoLog=True, color=array([1., 1., 1.]), colorSpace='rgb', contrast=1.0, depth=-2.0, flipHoriz=False, flipVert=False, image='sin', interpolate=True, mask=None, maskParams=None, name='stim3_inst', opacity=1.0, ori=0.0, pos=array([ 0.11, -0.11]), size=array([0.2, 0.2]), texRes=128, units='height', win=Window(...))
5.0666 	EXP 	Created stim4_inst = ImageStim(__class__=<class 'psychopy.visual.image.ImageStim'>, autoLog=True, color=array([1., 1., 1.]), colorSpace='rgb', contrast=1.0, depth=-3.0, flipHoriz=False, flipVert=False, image='sin', interpolate=True, mask=None, maskParams=None, name='stim4_inst', opacity=1.0, ori=0.0, pos=array([-0.11, -0.11]), size=array([0.2, 0.2]), texRes=128, units='height', win=Window(...))
5.0715 	EXP 	Created trialExplanation = TextStim(__class__=<class 'psychopy.visual.text.TextStim'>, alignHoriz=method-wrapper(...), alignText='center', alignVert=method-wrapper(...), anchorHoriz='center', anchorVert='center', antialias=True, autoLog=True, bold=False, color='white', colorSpace='named', contrast=1.0, depth=-4.0, flipHoriz=False, flipVert=False, font='Arial', fontFiles=[], height=0.05, italic=False, languageStyle='LTR', name='trialExplanation', opacity=1.0, ori=0, pos=array([0. , 0.3]), rgb=array([255., 255., 255.]), text=str(...), units='height', win=Window(...), wrapWidth=1)
5.0728 	EXP 	Created mask1_inst = ImageStim(__class__=<class 'psychopy.visual.image.ImageStim'>, autoLog=True, color=array([1., 1., 1.]), colorSpace='rgb', contrast=1.0, depth=0.0, flipHoriz=False, flipVert=False, image='sin', interpolate=True, mask=None, maskParams=None, name='mask1_inst', opacity=1.0, ori=0.0, pos=array([-0.11,  0.11]), size=array([0.2, 0.2]), texRes=512, units='height', win=Window(...))
5.0740 	EXP 	Created mask2_inst = ImageStim(__class__=<class 'psychopy.visual.image.ImageStim'>, autoLog=True, color=array([1., 1., 1.]), colorSpace='rgb', contrast=1.0, depth=-1.0, flipHoriz=False, flipVert=False, image='sin', interpolate=True, mask=None, maskParams=None, name='mask2_inst', opacity=1.0, ori=0.0, pos=array([0.11, 0.11]), size=array([0.2, 0.2]), texRes=512, units='height', win=Window(...))
5.0751 	EXP 	Created mask3_inst = ImageStim(__class__=<class 'psychopy.visual.image.ImageStim'>, autoLog=True, color=array([1., 1., 1.]), colorSpace='rgb', contrast=1.0, depth=-2.0, flipHoriz=False, flipVert=False, image='sin', interpolate=True, mask=None, maskParams=None, name='mask3_inst', opacity=1.0, ori=0.0, pos=array([ 0.11, -0.11]), size=array([0.2, 0.2]), texRes=128, units='height', win=Window(...))
5.0762 	EXP 	Created mask4_inst = ImageStim(__class__=<class 'psychopy.visual.image.ImageStim'>, autoLog=True, color=array([1., 1., 1.]), colorSpace='rgb', contrast=1.0, depth=-3.0, flipHoriz=False, flipVert=False, image='sin', interpolate=True, mask=None, maskParams=None, name='mask4_inst', opacity=1.0, ori=0.0, pos=array([-0.11, -0.11]), size=array([0.2, 0.2]), texRes=128, units='height', win=Window(...))
5.0775 	EXP 	Created fixDelay_2 = ShapeStim(__class__=<class 'psychopy.visual.shape.ShapeStim'>, autoDraw=False, autoLog=True, closeShape=True, contrast=1.0, depth=0.0, fillColor=array([1., 0., 0.]), fillColorSpace='rgb', interpolate=True, lineColor=array([1., 0., 0.]), lineColorSpace='rgb', lineWidth=1, name='fixDelay_2', opacity=1.0, ori=array(0.), pos=array([0., 0.]), size=array([0.01, 0.01]), units='height', vertices=ndarray(...), win=Window(...), windingRule=None)
5.0857 	EXP 	Created delayExplanation = TextStim(__class__=<class 'psychopy.visual.text.TextStim'>, alignHoriz=method-wrapper(...), alignText='center', alignVert=method-wrapper(...), anchorHoriz='center', anchorVert='center', antialias=True, autoLog=True, bold=False, color='white', colorSpace='named', contrast=1.0, depth=-1.0, flipHoriz=False, flipVert=False, font='Arial', fontFiles=[], height=0.05, italic=False, languageStyle='LTR', name='delayExplanation', opacity=1.0, ori=0, pos=array([0. , 0.3]), rgb=array([255., 255., 255.]), text=str(...), units='height', win=Window(...), wrapWidth=1)
5.0882 	EXP 	Created probe_inst = ImageStim(__class__=<class 'psychopy.visual.image.ImageStim'>, autoLog=True, color=array([1., 1., 1.]), colorSpace='rgb', contrast=1.0, depth=0.0, flipHoriz=False, flipVert=False, image='sin', interpolate=True, mask=None, maskParams=None, name='probe_inst', opacity=1.0, ori=0.0, pos=array([0., 0.]), size=array([0.2, 0.2]), texRes=512, units='height', win=Window(...))
5.0894 	EXP 	Created fixProbe_inst = ShapeStim(__class__=<class 'psychopy.visual.shape.ShapeStim'>, autoDraw=False, autoLog=True, closeShape=True, contrast=1.0, depth=-1.0, fillColor=array([0., 1., 0.]), fillColorSpace='rgb', interpolate=True, lineColor=array([0., 1., 0.]), lineColorSpace='rgb', lineWidth=1, name='fixProbe_inst', opacity=1.0, ori=array(0.), pos=array([0., 0.]), size=array([0.01, 0.01]), units='height', vertices=ndarray(...), win=Window(...), windingRule=None)
5.0976 	EXP 	Created probeInst = TextStim(__class__=<class 'psychopy.visual.text.TextStim'>, alignHoriz=method-wrapper(...), alignText='center', alignVert=method-wrapper(...), anchorHoriz='center', anchorVert='center', antialias=True, autoLog=True, bold=False, color='white', colorSpace='named', contrast=1.0, depth=-3.0, flipHoriz=False, flipVert=False, font='Arial', fontFiles=[], height=0.05, italic=False, languageStyle='LTR', name='probeInst', opacity=1.0, ori=0, pos=array([0.  , 0.25]), rgb=array([255., 255., 255.]), text=str(...), units='height', win=Window(...), wrapWidth=1)
5.1023 	EXP 	Created rewardInst = TextStim(__class__=<class 'psychopy.visual.text.TextStim'>, alignHoriz=method-wrapper(...), alignText='center', alignVert=method-wrapper(...), anchorHoriz='center', anchorVert='center', antialias=True, autoLog=True, bold=False, color='white', colorSpace='named', contrast=1.0, depth=0.0, flipHoriz=False, flipVert=False, font='Arial', fontFiles=[], height=0.05, italic=False, languageStyle='LTR', name='rewardInst', opacity=1.0, ori=0, pos=array([0., 0.]), rgb=array([255., 255., 255.]), text=str(...), units='height', win=Window(...), wrapWidth=1)
5.1089 	EXP 	Created Button_reminder = TextStim(__class__=<class 'psychopy.visual.text.TextStim'>, alignHoriz=method-wrapper(...), alignText='center', alignVert=method-wrapper(...), anchorHoriz='center', anchorVert='center', antialias=True, autoLog=True, bold=False, color='white', colorSpace='named', contrast=1.0, depth=0.0, flipHoriz=False, flipVert=False, font='Arial', fontFiles=[], height=0.05, italic=False, languageStyle='LTR', name='Button_reminder', opacity=1.0, ori=0, pos=array([0., 0.]), rgb=array([255., 255., 255.]), text=str(...), units='height', win=Window(...), wrapWidth=1)
5.1103 	EXP 	Created fixStartTrial_2 = ShapeStim(__class__=<class 'psychopy.visual.shape.ShapeStim'>, autoDraw=False, autoLog=True, closeShape=True, contrast=1.0, depth=0.0, fillColor=array([1., 1., 1.]), fillColorSpace='rgb', interpolate=True, lineColor=array([1., 1., 1.]), lineColorSpace='rgb', lineWidth=1, name='fixStartTrial_2', opacity=1.0, ori=array(0.), pos=array([0., 0.]), size=array([0.01, 0.01]), units='height', vertices=ndarray(...), win=Window(...), windingRule=None)
5.1116 	EXP 	Created stim1_Practice = ImageStim(__class__=<class 'psychopy.visual.image.ImageStim'>, autoLog=True, color=array([1., 1., 1.]), colorSpace='rgb', contrast=1.0, depth=0.0, flipHoriz=False, flipVert=False, image='sin', interpolate=True, mask=None, maskParams=None, name='stim1_Practice', opacity=1.0, ori=0.0, pos=array([-0.11,  0.11]), size=array([0.2, 0.2]), texRes=512, units='height', win=Window(...))
5.1127 	EXP 	Created stim2_Practice = ImageStim(__class__=<class 'psychopy.visual.image.ImageStim'>, autoLog=True, color=array([1., 1., 1.]), colorSpace='rgb', contrast=1.0, depth=-1.0, flipHoriz=False, flipVert=False, image='sin', interpolate=True, mask=None, maskParams=None, name='stim2_Practice', opacity=1.0, ori=0.0, pos=array([0.11, 0.11]), size=array([0.2, 0.2]), texRes=512, units='height', win=Window(...))
5.1138 	EXP 	Created stim3_Practice = ImageStim(__class__=<class 'psychopy.visual.image.ImageStim'>, autoLog=True, color=array([1., 1., 1.]), colorSpace='rgb', contrast=1.0, depth=-2.0, flipHoriz=False, flipVert=False, image='sin', interpolate=True, mask=None, maskParams=None, name='stim3_Practice', opacity=1.0, ori=0.0, pos=array([ 0.11, -0.11]), size=array([0.2, 0.2]), texRes=128, units='height', win=Window(...))
5.1149 	EXP 	Created stim4_Practice = ImageStim(__class__=<class 'psychopy.visual.image.ImageStim'>, autoLog=True, color=array([1., 1., 1.]), colorSpace='rgb', contrast=1.0, depth=-3.0, flipHoriz=False, flipVert=False, image='sin', interpolate=True, mask=None, maskParams=None, name='stim4_Practice', opacity=1.0, ori=0.0, pos=array([-0.11, -0.11]), size=array([0.2, 0.2]), texRes=128, units='height', win=Window(...))
5.1161 	EXP 	Created fixDelay_Practice = ShapeStim(__class__=<class 'psychopy.visual.shape.ShapeStim'>, autoDraw=False, autoLog=True, closeShape=True, contrast=1.0, depth=-4.0, fillColor=array([1., 0., 0.]), fillColorSpace='rgb', interpolate=True, lineColor=array([1., 0., 0.]), lineColorSpace='rgb', lineWidth=1, name='fixDelay_Practice', opacity=1.0, ori=array(0.), pos=array([0., 0.]), size=array([0.01, 0.01]), units='height', vertices=ndarray(...), win=Window(...), windingRule=None)
5.1172 	EXP 	Created probe_Practice = ImageStim(__class__=<class 'psychopy.visual.image.ImageStim'>, autoLog=True, color=array([1., 1., 1.]), colorSpace='rgb', contrast=1.0, depth=-5.0, flipHoriz=False, flipVert=False, image='sin', interpolate=True, mask=None, maskParams=None, name='probe_Practice', opacity=1.0, ori=0.0, pos=array([0., 0.]), size=array([0.2, 0.2]), texRes=512, units='height', win=Window(...))
5.1184 	EXP 	Created fixProbe_Practice = ShapeStim(__class__=<class 'psychopy.visual.shape.ShapeStim'>, autoDraw=False, autoLog=True, closeShape=True, contrast=1.0, depth=-6.0, fillColor=array([0., 1., 0.]), fillColorSpace='rgb', interpolate=True, lineColor=array([0., 1., 0.]), lineColorSpace='rgb', lineWidth=1, name='fixProbe_Practice', opacity=1.0, ori=array(0.), pos=array([0., 0.]), size=array([0.01, 0.01]), units='height', vertices=ndarray(...), win=Window(...), windingRule=None)
5.1196 	EXP 	Created mask1_prac = ImageStim(__class__=<class 'psychopy.visual.image.ImageStim'>, autoLog=True, color=array([1., 1., 1.]), colorSpace='rgb', contrast=1.0, depth=-8.0, flipHoriz=False, flipVert=False, image='sin', interpolate=True, mask=None, maskParams=None, name='mask1_prac', opacity=1.0, ori=0.0, pos=array([-0.11,  0.11]), size=array([0.2, 0.2]), texRes=512, units='height', win=Window(...))
5.1207 	EXP 	Created mask2_prac = ImageStim(__class__=<class 'psychopy.visual.image.ImageStim'>, autoLog=True, color=array([1., 1., 1.]), colorSpace='rgb', contrast=1.0, depth=-9.0, flipHoriz=False, flipVert=False, image='sin', interpolate=True, mask=None, maskParams=None, name='mask2_prac', opacity=1.0, ori=0.0, pos=array([0.11, 0.11]), size=array([0.2, 0.2]), texRes=512, units='height', win=Window(...))
5.1219 	EXP 	Created mask3_prac = ImageStim(__class__=<class 'psychopy.visual.image.ImageStim'>, autoLog=True, color=array([1., 1., 1.]), colorSpace='rgb', contrast=1.0, depth=-10.0, flipHoriz=False, flipVert=False, image='sin', interpolate=True, mask=None, maskParams=None, name='mask3_prac', opacity=1.0, ori=0.0, pos=array([ 0.11, -0.11]), size=array([0.2, 0.2]), texRes=128, units='height', win=Window(...))
5.1230 	EXP 	Created mask4_prac = ImageStim(__class__=<class 'psychopy.visual.image.ImageStim'>, autoLog=True, color=array([1., 1., 1.]), colorSpace='rgb', contrast=1.0, depth=-11.0, flipHoriz=False, flipVert=False, image='sin', interpolate=True, mask=None, maskParams=None, name='mask4_prac', opacity=1.0, ori=0.0, pos=array([-0.11, -0.11]), size=array([0.2, 0.2]), texRes=128, units='height', win=Window(...))
5.1249 	EXP 	Created feedbackText = TextStim(__class__=<class 'psychopy.visual.text.TextStim'>, alignHoriz=method-wrapper(...), alignText='center', alignVert=method-wrapper(...), anchorHoriz='center', anchorVert='center', antialias=True, autoLog=True, bold=False, color='white', colorSpace='named', contrast=1.0, depth=-1.0, flipHoriz=False, flipVert=False, font='Arial', fontFiles=[], height=0.05, italic=False, languageStyle='LTR', name='feedbackText', opacity=1.0, ori=0, pos=array([0., 0.]), rgb=array([255., 255., 255.]), text='default text', units='height', win=Window(...), wrapWidth=1)
5.1267 	EXP 	Created text_7 = TextStim(__class__=<class 'psychopy.visual.text.TextStim'>, alignHoriz=method-wrapper(...), alignText='center', alignVert=method-wrapper(...), anchorHoriz='center', anchorVert='center', antialias=True, autoLog=True, bold=False, color='white', colorSpace='named', contrast=1.0, depth=-1.0, flipHoriz=False, flipVert=False, font='Arial', fontFiles=[], height=0.05, italic=False, languageStyle='LTR', name='text_7', opacity=1.0, ori=0, pos=array([0., 0.]), rgb=array([255., 255., 255.]), text='default text', units='height', win=Window(...), wrapWidth=1)
5.1283 	EXP 	Created text_run = TextStim(__class__=<class 'psychopy.visual.text.TextStim'>, alignHoriz=method-wrapper(...), alignText='center', alignVert=method-wrapper(...), anchorHoriz='center', anchorVert='center', antialias=True, autoLog=True, bold=False, color='white', colorSpace='named', contrast=1.0, depth=0.0, flipHoriz=False, flipVert=False, font='Arial', fontFiles=[], height=0.05, italic=False, languageStyle='LTR', name='text_run', opacity=1.0, ori=0, pos=array([0., 0.]), rgb=array([255., 255., 255.]), text='default text', units='height', win=Window(...), wrapWidth=1)
5.1297 	EXP 	Created fixStart = ShapeStim(__class__=<class 'psychopy.visual.shape.ShapeStim'>, autoDraw=False, autoLog=True, closeShape=True, contrast=1.0, depth=0.0, fillColor=array([1., 1., 1.]), fillColorSpace='rgb', interpolate=True, lineColor=array([1., 1., 1.]), lineColorSpace='rgb', lineWidth=1, name='fixStart', opacity=1.0, ori=array(0.), pos=array([0., 0.]), size=array([0.01, 0.01]), units='height', vertices=ndarray(...), win=Window(...), windingRule=None)
5.1309 	EXP 	Created stim1 = ImageStim(__class__=<class 'psychopy.visual.image.ImageStim'>, autoLog=True, color=array([1., 1., 1.]), colorSpace='rgb', contrast=1.0, depth=0.0, flipHoriz=False, flipVert=False, image='sin', interpolate=True, mask=None, maskParams=None, name='stim1', opacity=1.0, ori=0.0, pos=array([-0.11,  0.11]), size=array([0.2, 0.2]), texRes=512, units='height', win=Window(...))
5.1320 	EXP 	Created stim2 = ImageStim(__class__=<class 'psychopy.visual.image.ImageStim'>, autoLog=True, color=array([1., 1., 1.]), colorSpace='rgb', contrast=1.0, depth=-1.0, flipHoriz=False, flipVert=False, image='sin', interpolate=True, mask=None, maskParams=None, name='stim2', opacity=1.0, ori=0.0, pos=array([0.11, 0.11]), size=array([0.2, 0.2]), texRes=512, units='height', win=Window(...))
5.1331 	EXP 	Created stim3 = ImageStim(__class__=<class 'psychopy.visual.image.ImageStim'>, autoLog=True, color=array([1., 1., 1.]), colorSpace='rgb', contrast=1.0, depth=-2.0, flipHoriz=False, flipVert=False, image='sin', interpolate=True, mask=None, maskParams=None, name='stim3', opacity=1.0, ori=0.0, pos=array([ 0.11, -0.11]), size=array([0.2, 0.2]), texRes=128, units='height', win=Window(...))
5.1342 	EXP 	Created stim4 = ImageStim(__class__=<class 'psychopy.visual.image.ImageStim'>, autoLog=True, color=array([1., 1., 1.]), colorSpace='rgb', contrast=1.0, depth=-3.0, flipHoriz=False, flipVert=False, image='sin', interpolate=True, mask=None, maskParams=None, name='stim4', opacity=1.0, ori=0.0, pos=array([-0.11, -0.11]), size=array([0.2, 0.2]), texRes=128, units='height', win=Window(...))
5.1354 	EXP 	Created fixDelay = ShapeStim(__class__=<class 'psychopy.visual.shape.ShapeStim'>, autoDraw=False, autoLog=True, closeShape=True, contrast=1.0, depth=-4.0, fillColor=array([1., 0., 0.]), fillColorSpace='rgb', interpolate=True, lineColor=array([1., 0., 0.]), lineColorSpace='rgb', lineWidth=1, name='fixDelay', opacity=1.0, ori=array(0.), pos=array([0., 0.]), size=array([0.01, 0.01]), units='height', vertices=ndarray(...), win=Window(...), windingRule=None)
5.1364 	EXP 	Created probe = ImageStim(__class__=<class 'psychopy.visual.image.ImageStim'>, autoLog=True, color=array([1., 1., 1.]), colorSpace='rgb', contrast=1.0, depth=-5.0, flipHoriz=False, flipVert=False, image='sin', interpolate=True, mask=None, maskParams=None, name='probe', opacity=1.0, ori=0.0, pos=array([0., 0.]), size=array([0.2, 0.2]), texRes=512, units='height', win=Window(...))
5.1376 	EXP 	Created fixProbe = ShapeStim(__class__=<class 'psychopy.visual.shape.ShapeStim'>, autoDraw=False, autoLog=True, closeShape=True, contrast=1.0, depth=-6.0, fillColor=array([0., 1., 0.]), fillColorSpace='rgb', interpolate=True, lineColor=array([0., 1., 0.]), lineColorSpace='rgb', lineWidth=1, name='fixProbe', opacity=1.0, ori=array(0.), pos=array([0., 0.]), size=array([0.01, 0.01]), units='height', vertices=ndarray(...), win=Window(...), windingRule=None)
5.1391 	EXP 	Created mask1_run = ImageStim(__class__=<class 'psychopy.visual.image.ImageStim'>, autoLog=True, color=array([1., 1., 1.]), colorSpace='rgb', contrast=1.0, depth=-9.0, flipHoriz=False, flipVert=False, image='sin', interpolate=True, mask=None, maskParams=None, name='mask1_run', opacity=1.0, ori=0.0, pos=array([-0.11,  0.11]), size=array([0.2, 0.2]), texRes=512, units='height', win=Window(...))
5.1402 	EXP 	Created mask2_prac_2 = ImageStim(__class__=<class 'psychopy.visual.image.ImageStim'>, autoLog=True, color=array([1., 1., 1.]), colorSpace='rgb', contrast=1.0, depth=-10.0, flipHoriz=False, flipVert=False, image='sin', interpolate=True, mask=None, maskParams=None, name='mask2_prac_2', opacity=1.0, ori=0.0, pos=array([0.11, 0.11]), size=array([0.2, 0.2]), texRes=512, units='height', win=Window(...))
5.1413 	EXP 	Created mask3_run = ImageStim(__class__=<class 'psychopy.visual.image.ImageStim'>, autoLog=True, color=array([1., 1., 1.]), colorSpace='rgb', contrast=1.0, depth=-11.0, flipHoriz=False, flipVert=False, image='sin', interpolate=True, mask=None, maskParams=None, name='mask3_run', opacity=1.0, ori=0.0, pos=array([ 0.11, -0.11]), size=array([0.2, 0.2]), texRes=128, units='height', win=Window(...))
5.1425 	EXP 	Created mask4_run = ImageStim(__class__=<class 'psychopy.visual.image.ImageStim'>, autoLog=True, color=array([1., 1., 1.]), colorSpace='rgb', contrast=1.0, depth=-12.0, flipHoriz=False, flipVert=False, image='sin', interpolate=True, mask=None, maskParams=None, name='mask4_run', opacity=1.0, ori=0.0, pos=array([-0.11, -0.11]), size=array([0.2, 0.2]), texRes=128, units='height', win=Window(...))
5.1437 	EXP 	Created fixStartTrial = ShapeStim(__class__=<class 'psychopy.visual.shape.ShapeStim'>, autoDraw=False, autoLog=True, closeShape=True, contrast=1.0, depth=0.0, fillColor=array([1., 1., 1.]), fillColorSpace='rgb', interpolate=True, lineColor=array([1., 1., 1.]), lineColorSpace='rgb', lineWidth=1, name='fixStartTrial', opacity=1.0, ori=array(0.), pos=array([0., 0.]), size=array([0.01, 0.01]), units='height', vertices=ndarray(...), win=Window(...), windingRule=None)
5.1449 	EXP 	Created fixEnd = ShapeStim(__class__=<class 'psychopy.visual.shape.ShapeStim'>, autoDraw=False, autoLog=True, closeShape=True, contrast=1.0, depth=0.0, fillColor=array([1., 1., 1.]), fillColorSpace='rgb', interpolate=True, lineColor=array([1., 1., 1.]), lineColorSpace='rgb', lineWidth=1, name='fixEnd', opacity=1.0, ori=array(0.), pos=array([0., 0.]), size=array([0.01, 0.01]), units='height', vertices=ndarray(...), win=Window(...), windingRule=None)
5.1468 	EXP 	Created feedbackTxtRun = TextStim(__class__=<class 'psychopy.visual.text.TextStim'>, alignHoriz=method-wrapper(...), alignText='center', alignVert=method-wrapper(...), anchorHoriz='center', anchorVert='center', antialias=True, autoLog=True, bold=False, color='white', colorSpace='named', contrast=1.0, depth=-1.0, flipHoriz=False, flipVert=False, font='Arial', fontFiles=[], height=0.05, italic=False, languageStyle='LTR', name='feedbackTxtRun', opacity=1.0, ori=0, pos=array([0., 0.]), rgb=array([255., 255., 255.]), text='default text', units='height', win=Window(...), wrapWidth=1)
5.1497 	EXP 	Created txt_final = TextStim(__class__=<class 'psychopy.visual.text.TextStim'>, alignHoriz=method-wrapper(...), alignText='center', alignVert=method-wrapper(...), anchorHoriz='center', anchorVert='center', antialias=True, autoLog=True, bold=False, color='white', colorSpace='named', contrast=1.0, depth=-1.0, flipHoriz=False, flipVert=False, font='Arial', fontFiles=[], height=0.05, italic=False, languageStyle='LTR', name='txt_final', opacity=1.0, ori=0, pos=array([0., 0.]), rgb=array([255., 255., 255.]), text=str(...), units='height', win=Window(...), wrapWidth=1)
5.1500 	EXP 	Created sequence: random, trialTypes=1, nReps=1, seed=None
5.1502 	EXP 	New trial (rep=0, index=0): None
5.1636 	EXP 	Welcome_text: autoDraw = True
5.9905 	DATA 	Keypress: b
6.0154 	EXP 	Imported instructionTxt.csv as conditions, 6 conditions, 1 params
6.0157 	EXP 	Created sequence: sequential, trialTypes=6, nReps=1, seed=None
6.0159 	EXP 	New trial (rep=0, index=0): OrderedDict([('instructions', 'On each trial your task will be to remember images that are presented to you. The images will consist of either faces or scenes and there can be either one to four images on a trial.')])
6.0311 	EXP 	Welcome_text: autoDraw = False
6.0311 	EXP 	Instruction_text: text = 'On each trial your task will be to remember images that are presented to you. The images will consist of either faces or scenes and there can be either one to four images on a trial.'
6.0311 	EXP 	Instruction_text: autoDraw = True
8.5742 	EXP 	New trial (rep=0, index=1): OrderedDict([('instructions', 'At the end of a trial you will have to indicate whether a test image presented after a short delay was part of the items that you remembered. ')])
8.5875 	DATA 	Keypress: y
8.5980 	EXP 	Instruction_text: autoDraw = False
8.5980 	EXP 	Instruction_text: text = 'At the end of a trial you will have to indicate whether a test image presented after a short delay was part of the items that you remembered. '
8.5980 	EXP 	Instruction_text: autoDraw = True
9.0406 	EXP 	New trial (rep=0, index=2): OrderedDict([('instructions', 'If the test image was part of the memory images, then you have to press the left button (index finger)')])
9.0498 	DATA 	Keypress: b
9.0646 	EXP 	Instruction_text: autoDraw = False
9.0646 	EXP 	Instruction_text: text = 'If the test image was part of the memory images, then you have to press the left button (index finger)'
9.0646 	EXP 	Instruction_text: autoDraw = True
10.9074 	DATA 	Keypress: y
10.9243 	EXP 	New trial (rep=0, index=3): OrderedDict([('instructions', 'If the image is NOT part of the memorized images, then press the right button (middle finger).')])
10.9480 	EXP 	Instruction_text: autoDraw = False
10.9480 	EXP 	Instruction_text: text = 'If the image is NOT part of the memorized images, then press the right button (middle finger).'
10.9480 	EXP 	Instruction_text: autoDraw = True
11.3077 	EXP 	New trial (rep=0, index=4): OrderedDict([('instructions', "During the short remembering period, try to actively keep the images in your mind's eye. ")])
11.3173 	DATA 	Keypress: b
11.3313 	EXP 	Instruction_text: autoDraw = False
11.3313 	EXP 	Instruction_text: text = "During the short remembering period, try to actively keep the images in your mind's eye. "
11.3313 	EXP 	Instruction_text: autoDraw = True
11.5906 	DATA 	Keypress: y
11.6074 	EXP 	New trial (rep=0, index=5): OrderedDict([('instructions', 'Now we will see an example of a trial.')])
11.6320 	EXP 	Instruction_text: autoDraw = False
11.6320 	EXP 	Instruction_text: text = 'Now we will see an example of a trial.'
11.6320 	EXP 	Instruction_text: autoDraw = True
11.9108 	EXP 	Imported trials_Int.csv as conditions, 1 conditions, 13 params
11.9110 	EXP 	Created sequence: sequential, trialTypes=1, nReps=1, seed=None
11.9114 	EXP 	New trial (rep=0, index=0): OrderedDict([('stimulus1', 'scrambles/id106_v1_so.jpg'), ('stimulus2', 'images/id113_v1_so.jpg'), ('stimulus3', 'scrambles/id133_v1_so.jpg'), ('stimulus4', 'scrambles/id120_v1_so.jpg'), ('probeIm', 'images/id113_v1_so.jpg'), ('probeCon', 1), ('load', 1), ('category', 'so'), ('correctResp', 'b'), ('mask1', 'scrambles/id128_v1_so.jpg'), ('mask2', 'scrambles/id057_v1_ff.jpg'), ('mask3', 'scrambles/id006_v1_fm.jpg'), ('mask4', 'scrambles/id019_v1_fm.jpg')])
12.0207 	DATA 	Keypress: b
12.0313 	EXP 	Instruction_text: autoDraw = False
12.0313 	EXP 	stim1_inst: image = 'scrambles/id106_v1_so.jpg'
12.0313 	EXP 	stim2_inst: image = 'images/id113_v1_so.jpg'
12.0313 	EXP 	stim3_inst: image = 'scrambles/id133_v1_so.jpg'
12.0313 	EXP 	stim4_inst: image = 'scrambles/id120_v1_so.jpg'
12.0313 	EXP 	stim1_inst: autoDraw = True
12.0313 	EXP 	stim2_inst: autoDraw = True
12.0313 	EXP 	stim3_inst: autoDraw = True
12.0313 	EXP 	stim4_inst: autoDraw = True
12.0313 	EXP 	trialExplanation: autoDraw = True
18.8577 	DATA 	Keypress: b
18.9983 	EXP 	stim1_inst: autoDraw = False
18.9983 	EXP 	stim2_inst: autoDraw = False
18.9983 	EXP 	stim3_inst: autoDraw = False
18.9983 	EXP 	stim4_inst: autoDraw = False
18.9983 	EXP 	trialExplanation: autoDraw = False
18.9983 	EXP 	mask1_inst: image = 'scrambles/id128_v1_so.jpg'
18.9983 	EXP 	mask2_inst: image = 'scrambles/id057_v1_ff.jpg'
18.9983 	EXP 	mask3_inst: image = 'scrambles/id006_v1_fm.jpg'
18.9983 	EXP 	mask4_inst: image = 'scrambles/id019_v1_fm.jpg'
18.9983 	EXP 	mask1_inst: autoDraw = True
18.9983 	EXP 	mask2_inst: autoDraw = True
18.9983 	EXP 	mask3_inst: autoDraw = True
18.9983 	EXP 	mask4_inst: autoDraw = True
19.0990 	EXP 	mask1_inst: autoDraw = False
19.0990 	EXP 	mask2_inst: autoDraw = False
19.0990 	EXP 	mask3_inst: autoDraw = False
19.0990 	EXP 	mask4_inst: autoDraw = False
19.0990 	EXP 	fixDelay_2: autoDraw = True
19.0990 	EXP 	delayExplanation: autoDraw = True
20.3512 	DATA 	Keypress: b
20.3653 	EXP 	fixDelay_2: autoDraw = False
20.3653 	EXP 	delayExplanation: autoDraw = False
20.3653 	EXP 	probe_inst: image = 'images/id113_v1_so.jpg'
20.3653 	EXP 	probe_inst: autoDraw = True
22.8492 	EXP 	fixProbe_inst: autoDraw = True
22.8492 	EXP 	probeInst: autoDraw = True
22.8651 	EXP 	probe_inst: autoDraw = False
23.3246 	DATA 	Keypress: b
23.3485 	EXP 	probe_inst: autoDraw = False
23.3485 	EXP 	fixProbe_inst: autoDraw = False
23.3485 	EXP 	probeInst: autoDraw = False
23.3485 	EXP 	rewardInst: autoDraw = True
23.9743 	DATA 	Keypress: y
24.0405 	EXP 	Created sequence: random, trialTypes=1, nReps=999, seed=None
24.0443 	EXP 	New trial (rep=0, index=0): None
24.0652 	EXP 	rewardInst: autoDraw = False
24.0652 	EXP 	Button_reminder: autoDraw = True
24.4155 	EXP 	Imported trials_Int.csv as conditions, 8 conditions, 13 params
24.4158 	EXP 	Created sequence: random, trialTypes=8, nReps=1, seed=None
24.4161 	EXP 	New trial (rep=0, index=0): OrderedDict([('stimulus1', 'images/id031_v1_fm.jpg'), ('stimulus2', 'images/id002_v1_fm.jpg'), ('stimulus3', 'images/id026_v1_fm.jpg'), ('stimulus4', 'images/id022_v1_fm.jpg'), ('probeIm', 'images/id002_v1_fm.jpg'), ('probeCon', 1), ('load', 4), ('category', 'fm'), ('correctResp', 'b'), ('mask1', 'scrambles/id022_v1_fm.jpg'), ('mask2', 'scrambles/id133_v1_so.jpg'), ('mask3', 'scrambles/id106_v1_so.jpg'), ('mask4', 'scrambles/id085_v1_si.jpg')])
24.4208 	DATA 	Keypress: b
24.4319 	EXP 	Button_reminder: autoDraw = False
24.4319 	EXP 	fixStartTrial_2: autoDraw = True
30.5821 	EXP 	fixStartTrial_2: autoDraw = False
30.5821 	EXP 	stim1_Practice: image = 'images/id031_v1_fm.jpg'
30.5821 	EXP 	stim2_Practice: image = 'images/id002_v1_fm.jpg'
30.5821 	EXP 	stim3_Practice: image = 'images/id026_v1_fm.jpg'
30.5821 	EXP 	stim4_Practice: image = 'images/id022_v1_fm.jpg'
30.5821 	EXP 	probe_Practice: image = 'images/id002_v1_fm.jpg'
30.5821 	EXP 	mask1_prac: image = 'scrambles/id022_v1_fm.jpg'
30.5821 	EXP 	mask2_prac: image = 'scrambles/id133_v1_so.jpg'
30.5821 	EXP 	mask3_prac: image = 'scrambles/id106_v1_so.jpg'
30.5821 	EXP 	mask4_prac: image = 'scrambles/id085_v1_si.jpg'
30.5821 	EXP 	stim1_Practice: autoDraw = True
30.5821 	EXP 	stim2_Practice: autoDraw = True
30.5821 	EXP 	stim3_Practice: autoDraw = True
30.5821 	EXP 	stim4_Practice: autoDraw = True
33.8663 	EXP 	mask1_prac: autoDraw = True
33.8663 	EXP 	mask2_prac: autoDraw = True
33.8663 	EXP 	mask3_prac: autoDraw = True
33.8663 	EXP 	mask4_prac: autoDraw = True
33.8829 	EXP 	stim1_Practice: autoDraw = False
33.8829 	EXP 	stim2_Practice: autoDraw = False
33.8829 	EXP 	stim3_Practice: autoDraw = False
33.8829 	EXP 	stim4_Practice: autoDraw = False
34.0664 	EXP 	fixDelay_Practice: autoDraw = True
34.0664 	EXP 	mask1_prac: autoDraw = False
34.0664 	EXP 	mask2_prac: autoDraw = False
34.0664 	EXP 	mask3_prac: autoDraw = False
34.0664 	EXP 	mask4_prac: autoDraw = False
44.0668 	EXP 	fixDelay_Practice: autoDraw = False
44.0668 	EXP 	probe_Practice: autoDraw = True
45.2669 	EXP 	probe_Practice: autoDraw = False
45.2669 	EXP 	fixProbe_Practice: autoDraw = True
45.9087 	DATA 	Keypress: b
48.1337 	EXP 	stim1_Practice: autoDraw = False
48.1337 	EXP 	stim2_Practice: autoDraw = False
48.1337 	EXP 	stim3_Practice: autoDraw = False
48.1337 	EXP 	stim4_Practice: autoDraw = False
48.1337 	EXP 	fixDelay_Practice: autoDraw = False
48.1337 	EXP 	probe_Practice: autoDraw = False
48.1337 	EXP 	fixProbe_Practice: autoDraw = False
48.1337 	EXP 	mask1_prac: autoDraw = False
48.1337 	EXP 	mask2_prac: autoDraw = False
48.1337 	EXP 	mask3_prac: autoDraw = False
48.1337 	EXP 	mask4_prac: autoDraw = False
48.1337 	EXP 	feedbackText: text = 'Correct'
48.1337 	EXP 	feedbackText: autoDraw = True
48.9179 	EXP 	New trial (rep=0, index=1): OrderedDict([('stimulus1', 'images/id105_v1_si.jpg'), ('stimulus2', 'images/id104_v1_si.jpg'), ('stimulus3', 'images/id083_v1_si.jpg'), ('stimulus4', 'images/id080_v1_si.jpg'), ('probeIm', 'images/id093_v1_si.jpg'), ('probeCon', 0), ('load', 4), ('category', 'si'), ('correctResp', 'y'), ('mask1', 'scrambles/id072_v1_si.jpg'), ('mask2', 'scrambles/id133_v1_so.jpg'), ('mask3', 'scrambles/id106_v1_so.jpg'), ('mask4', 'scrambles/id019_v1_fm.jpg')])
48.9339 	EXP 	feedbackText: autoDraw = False
48.9339 	EXP 	fixStartTrial_2: autoDraw = True
55.1003 	EXP 	fixStartTrial_2: autoDraw = False
55.1003 	EXP 	stim1_Practice: image = 'images/id105_v1_si.jpg'
55.1003 	EXP 	stim2_Practice: image = 'images/id104_v1_si.jpg'
55.1003 	EXP 	stim3_Practice: image = 'images/id083_v1_si.jpg'
55.1003 	EXP 	stim4_Practice: image = 'images/id080_v1_si.jpg'
55.1003 	EXP 	probe_Practice: image = 'images/id093_v1_si.jpg'
55.1003 	EXP 	mask1_prac: image = 'scrambles/id072_v1_si.jpg'
55.1003 	EXP 	mask2_prac: image = 'scrambles/id133_v1_so.jpg'
55.1003 	EXP 	mask3_prac: image = 'scrambles/id106_v1_so.jpg'
55.1003 	EXP 	mask4_prac: image = 'scrambles/id019_v1_fm.jpg'
55.1003 	EXP 	stim1_Practice: autoDraw = True
55.1003 	EXP 	stim2_Practice: autoDraw = True
55.1003 	EXP 	stim3_Practice: autoDraw = True
55.1003 	EXP 	stim4_Practice: autoDraw = True
58.3845 	EXP 	mask1_prac: autoDraw = True
58.3845 	EXP 	mask2_prac: autoDraw = True
58.3845 	EXP 	mask3_prac: autoDraw = True
58.3845 	EXP 	mask4_prac: autoDraw = True
58.4012 	EXP 	stim1_Practice: autoDraw = False
58.4012 	EXP 	stim2_Practice: autoDraw = False
58.4012 	EXP 	stim3_Practice: autoDraw = False
58.4012 	EXP 	stim4_Practice: autoDraw = False
58.5845 	EXP 	fixDelay_Practice: autoDraw = True
58.5845 	EXP 	mask1_prac: autoDraw = False
58.5845 	EXP 	mask2_prac: autoDraw = False
58.5845 	EXP 	mask3_prac: autoDraw = False
58.5845 	EXP 	mask4_prac: autoDraw = False
68.5852 	EXP 	fixDelay_Practice: autoDraw = False
68.5852 	EXP 	probe_Practice: autoDraw = True
69.7854 	EXP 	probe_Practice: autoDraw = False
69.7854 	EXP 	fixProbe_Practice: autoDraw = True
72.6355 	EXP 	stim1_Practice: autoDraw = False
72.6355 	EXP 	stim2_Practice: autoDraw = False
72.6355 	EXP 	stim3_Practice: autoDraw = False
72.6355 	EXP 	stim4_Practice: autoDraw = False
72.6355 	EXP 	fixDelay_Practice: autoDraw = False
72.6355 	EXP 	probe_Practice: autoDraw = False
72.6355 	EXP 	fixProbe_Practice: autoDraw = False
72.6355 	EXP 	mask1_prac: autoDraw = False
72.6355 	EXP 	mask2_prac: autoDraw = False
72.6355 	EXP 	mask3_prac: autoDraw = False
72.6355 	EXP 	mask4_prac: autoDraw = False
72.6355 	EXP 	feedbackText: text = 'Incorrect'
72.6355 	EXP 	feedbackText: autoDraw = True
73.4192 	EXP 	New trial (rep=0, index=2): OrderedDict([('stimulus1', 'images/id044_v1_ff.jpg'), ('stimulus2', 'scrambles/id054_v1_ff.jpg'), ('stimulus3', 'scrambles/id066_v1_ff.jpg'), ('stimulus4', 'scrambles/id056_v1_ff.jpg'), ('probeIm', 'images/id066_v1_ff.jpg'), ('probeCon', 0), ('load', 1), ('category', 'ff'), ('correctResp', 'y'), ('mask1', 'scrambles/id019_v1_fm.jpg'), ('mask2', 'scrambles/id057_v1_ff.jpg'), ('mask3', 'scrambles/id098_v1_si.jpg'), ('mask4', 'scrambles/id054_v1_ff.jpg')])
73.4353 	EXP 	feedbackText: autoDraw = False
73.4353 	EXP 	fixStartTrial_2: autoDraw = True
79.6186 	EXP 	fixStartTrial_2: autoDraw = False
79.6186 	EXP 	stim1_Practice: image = 'images/id044_v1_ff.jpg'
79.6186 	EXP 	stim2_Practice: image = 'scrambles/id054_v1_ff.jpg'
79.6186 	EXP 	stim3_Practice: image = 'scrambles/id066_v1_ff.jpg'
79.6186 	EXP 	stim4_Practice: image = 'scrambles/id056_v1_ff.jpg'
79.6186 	EXP 	probe_Practice: image = 'images/id066_v1_ff.jpg'
79.6186 	EXP 	mask1_prac: image = 'scrambles/id019_v1_fm.jpg'
79.6186 	EXP 	mask2_prac: image = 'scrambles/id057_v1_ff.jpg'
79.6186 	EXP 	mask3_prac: image = 'scrambles/id098_v1_si.jpg'
79.6186 	EXP 	mask4_prac: image = 'scrambles/id054_v1_ff.jpg'
79.6186 	EXP 	stim1_Practice: autoDraw = True
79.6186 	EXP 	stim2_Practice: autoDraw = True
79.6186 	EXP 	stim3_Practice: autoDraw = True
79.6186 	EXP 	stim4_Practice: autoDraw = True
82.9029 	EXP 	mask1_prac: autoDraw = True
82.9029 	EXP 	mask2_prac: autoDraw = True
82.9029 	EXP 	mask3_prac: autoDraw = True
82.9029 	EXP 	mask4_prac: autoDraw = True
82.9196 	EXP 	stim1_Practice: autoDraw = False
82.9196 	EXP 	stim2_Practice: autoDraw = False
82.9196 	EXP 	stim3_Practice: autoDraw = False
82.9196 	EXP 	stim4_Practice: autoDraw = False
83.1029 	EXP 	fixDelay_Practice: autoDraw = True
83.1029 	EXP 	mask1_prac: autoDraw = False
83.1029 	EXP 	mask2_prac: autoDraw = False
83.1029 	EXP 	mask3_prac: autoDraw = False
83.1029 	EXP 	mask4_prac: autoDraw = False
93.1036 	EXP 	fixDelay_Practice: autoDraw = False
93.1036 	EXP 	probe_Practice: autoDraw = True
94.3037 	EXP 	probe_Practice: autoDraw = False
94.3037 	EXP 	fixProbe_Practice: autoDraw = True
94.8123 	DATA 	Keypress: y
97.1372 	EXP 	stim1_Practice: autoDraw = False
97.1372 	EXP 	stim2_Practice: autoDraw = False
97.1372 	EXP 	stim3_Practice: autoDraw = False
97.1372 	EXP 	stim4_Practice: autoDraw = False
97.1372 	EXP 	fixDelay_Practice: autoDraw = False
97.1372 	EXP 	probe_Practice: autoDraw = False
97.1372 	EXP 	fixProbe_Practice: autoDraw = False
97.1372 	EXP 	mask1_prac: autoDraw = False
97.1372 	EXP 	mask2_prac: autoDraw = False
97.1372 	EXP 	mask3_prac: autoDraw = False
97.1372 	EXP 	mask4_prac: autoDraw = False
97.1372 	EXP 	feedbackText: text = 'Correct'
97.1372 	EXP 	feedbackText: autoDraw = True
97.9210 	EXP 	New trial (rep=0, index=3): OrderedDict([('stimulus1', 'scrambles/id011_v1_fm.jpg'), ('stimulus2', 'scrambles/id019_v1_fm.jpg'), ('stimulus3', 'images/id011_v1_fm.jpg'), ('stimulus4', 'scrambles/id001_v1_fm.jpg'), ('probeIm', 'images/id011_v1_fm.jpg'), ('probeCon', 1), ('load', 1), ('category', 'fm'), ('correctResp', 'b'), ('mask1', 'scrambles/id106_v1_so.jpg'), ('mask2', 'scrambles/id022_v1_fm.jpg'), ('mask3', 'scrambles/id072_v1_si.jpg'), ('mask4', 'scrambles/id006_v1_fm.jpg')])
97.9372 	EXP 	feedbackText: autoDraw = False
97.9372 	EXP 	fixStartTrial_2: autoDraw = True
104.0372 	EXP 	fixStartTrial_2: autoDraw = False
104.0372 	EXP 	stim1_Practice: image = 'scrambles/id011_v1_fm.jpg'
104.0372 	EXP 	stim2_Practice: image = 'scrambles/id019_v1_fm.jpg'
104.0372 	EXP 	stim3_Practice: image = 'images/id011_v1_fm.jpg'
104.0372 	EXP 	stim4_Practice: image = 'scrambles/id001_v1_fm.jpg'
104.0372 	EXP 	probe_Practice: image = 'images/id011_v1_fm.jpg'
104.0372 	EXP 	mask1_prac: image = 'scrambles/id106_v1_so.jpg'
104.0372 	EXP 	mask2_prac: image = 'scrambles/id022_v1_fm.jpg'
104.0372 	EXP 	mask3_prac: image = 'scrambles/id072_v1_si.jpg'
104.0372 	EXP 	mask4_prac: image = 'scrambles/id006_v1_fm.jpg'
104.0372 	EXP 	stim1_Practice: autoDraw = True
104.0372 	EXP 	stim2_Practice: autoDraw = True
104.0372 	EXP 	stim3_Practice: autoDraw = True
104.0372 	EXP 	stim4_Practice: autoDraw = True
107.3214 	EXP 	mask1_prac: autoDraw = True
107.3214 	EXP 	mask2_prac: autoDraw = True
107.3214 	EXP 	mask3_prac: autoDraw = True
107.3214 	EXP 	mask4_prac: autoDraw = True
107.3381 	EXP 	stim1_Practice: autoDraw = False
107.3381 	EXP 	stim2_Practice: autoDraw = False
107.3381 	EXP 	stim3_Practice: autoDraw = False
107.3381 	EXP 	stim4_Practice: autoDraw = False
107.5214 	EXP 	fixDelay_Practice: autoDraw = True
107.5214 	EXP 	mask1_prac: autoDraw = False
107.5214 	EXP 	mask2_prac: autoDraw = False
107.5214 	EXP 	mask3_prac: autoDraw = False
107.5214 	EXP 	mask4_prac: autoDraw = False
110.7928 	DATA 	Keypress: escape
110.8859 	EXP 	window1: mouseVisible = True
