3.1605 	WARNING 	We strongly recommend you activate the PTB sound engine in PsychoPy prefs as the preferred audio engine. Its timing is vastly superior. Your prefs are currently set to use ['sounddevice', 'PTB', 'pyo', 'pygame'] (in that order).
7.8211 	WARNING 	User requested fullscreen with size [1536  864], but screen is actually [1920, 1080]. Using actual size
11.4191 	EXP 	Created window1 = Window(allowGUI=False, allowStencil=False, args=UNKNOWN, autoLog=True, bitsMode=UNKNOWN, blendMode='avg', bpc=(8, 8, 8), color=array([0., 0., 0.]), colorSpace='rgb', depthBits=8, fullscr=<method-wrapper '__getattribute__' of attributeSetter object at 0x000002365B14AF28>, gamma=None, gammaErrorPolicy='raise', kwargs=UNKNOWN, lms=UNKNOWN, monitor=<psychopy.monitors.calibTools.Monitor object at 0x000002365B0E06D8>, multiSample=False, name='window1', numSamples=2, pos=[0.0, 0.0], screen=0, size=array([1920, 1080]), stencilBits=0, stereo=False, units='height', useFBO=True, useRetina=False, viewOri=0.0, viewPos=None, viewScale=None, waitBlanking=True, winType='pyglet')
11.4197 	EXP 	window1: mouseVisible = True
11.4198 	EXP 	window1: recordFrameIntervals = False
11.5844 	EXP 	window1: recordFrameIntervals = True
11.7683 	EXP 	window1: recordFrameIntervals = False
12.2906 	EXP 	Created Welcome_text = TextStim(__class__=<class 'psychopy.visual.text.TextStim'>, alignHoriz=method-wrapper(...), alignText='center', alignVert=method-wrapper(...), anchorHoriz='center', anchorVert='center', antialias=True, autoLog=True, bold=False, color='white', colorSpace='named', contrast=1.0, depth=0.0, flipHoriz=False, flipVert=False, font='Arial', fontFiles=[], height=0.05, italic=False, languageStyle='LTR', name='Welcome_text', opacity=1.0, ori=0, pos=array([0., 0.]), rgb=array([255., 255., 255.]), text=str(...), units='height', win=Window(...), wrapWidth=1)
12.3053 	EXP 	Created Instruction_text = TextStim(__class__=<class 'psychopy.visual.text.TextStim'>, alignHoriz=method-wrapper(...), alignText='center', alignVert=method-wrapper(...), anchorHoriz='center', anchorVert='center', antialias=True, autoLog=True, bold=False, color='white', colorSpace='named', contrast=1.0, depth=0.0, flipHoriz=False, flipVert=False, font='Arial', fontFiles=[], height=0.05, italic=False, languageStyle='LTR', name='Instruction_text', opacity=1.0, ori=0, pos=array([0., 0.]), rgb=array([255., 255., 255.]), text='default text', units='height', win=Window(...), wrapWidth=1)
12.3113 	EXP 	Created stim1_inst = ImageStim(__class__=<class 'psychopy.visual.image.ImageStim'>, autoLog=True, color=array([1., 1., 1.]), colorSpace='rgb', contrast=1.0, depth=0.0, flipHoriz=False, flipVert=False, image='sin', interpolate=True, mask=None, maskParams=None, name='stim1_inst', opacity=1.0, ori=0.0, pos=array([-0.11,  0.11]), size=array([0.2, 0.2]), texRes=512, units='height', win=Window(...))
12.3165 	EXP 	Created stim2_inst = ImageStim(__class__=<class 'psychopy.visual.image.ImageStim'>, autoLog=True, color=array([1., 1., 1.]), colorSpace='rgb', contrast=1.0, depth=-1.0, flipHoriz=False, flipVert=False, image='sin', interpolate=True, mask=None, maskParams=None, name='stim2_inst', opacity=1.0, ori=0.0, pos=array([0.11, 0.11]), size=array([0.2, 0.2]), texRes=512, units='height', win=Window(...))
12.3214 	EXP 	Created stim3_inst = ImageStim(__class__=<class 'psychopy.visual.image.ImageStim'>, autoLog=True, color=array([1., 1., 1.]), colorSpace='rgb', contrast=1.0, depth=-2.0, flipHoriz=False, flipVert=False, image='sin', interpolate=True, mask=None, maskParams=None, name='stim3_inst', opacity=1.0, ori=0.0, pos=array([ 0.11, -0.11]), size=array([0.2, 0.2]), texRes=128, units='height', win=Window(...))
12.3264 	EXP 	Created stim4_inst = ImageStim(__class__=<class 'psychopy.visual.image.ImageStim'>, autoLog=True, color=array([1., 1., 1.]), colorSpace='rgb', contrast=1.0, depth=-3.0, flipHoriz=False, flipVert=False, image='sin', interpolate=True, mask=None, maskParams=None, name='stim4_inst', opacity=1.0, ori=0.0, pos=array([-0.11, -0.11]), size=array([0.2, 0.2]), texRes=128, units='height', win=Window(...))
12.3593 	EXP 	Created trialExplanation = TextStim(__class__=<class 'psychopy.visual.text.TextStim'>, alignHoriz=method-wrapper(...), alignText='center', alignVert=method-wrapper(...), anchorHoriz='center', anchorVert='center', antialias=True, autoLog=True, bold=False, color='white', colorSpace='named', contrast=1.0, depth=-4.0, flipHoriz=False, flipVert=False, font='Arial', fontFiles=[], height=0.05, italic=False, languageStyle='LTR', name='trialExplanation', opacity=1.0, ori=0, pos=array([0. , 0.3]), rgb=array([255., 255., 255.]), text=str(...), units='height', win=Window(...), wrapWidth=1)
12.3635 	EXP 	Created mask1_inst = ImageStim(__class__=<class 'psychopy.visual.image.ImageStim'>, autoLog=True, color=array([1., 1., 1.]), colorSpace='rgb', contrast=1.0, depth=0.0, flipHoriz=False, flipVert=False, image='sin', interpolate=True, mask=None, maskParams=None, name='mask1_inst', opacity=1.0, ori=0.0, pos=array([-0.11,  0.11]), size=array([0.2, 0.2]), texRes=512, units='height', win=Window(...))
12.3678 	EXP 	Created mask2_inst = ImageStim(__class__=<class 'psychopy.visual.image.ImageStim'>, autoLog=True, color=array([1., 1., 1.]), colorSpace='rgb', contrast=1.0, depth=-1.0, flipHoriz=False, flipVert=False, image='sin', interpolate=True, mask=None, maskParams=None, name='mask2_inst', opacity=1.0, ori=0.0, pos=array([0.11, 0.11]), size=array([0.2, 0.2]), texRes=512, units='height', win=Window(...))
12.3717 	EXP 	Created mask3_inst = ImageStim(__class__=<class 'psychopy.visual.image.ImageStim'>, autoLog=True, color=array([1., 1., 1.]), colorSpace='rgb', contrast=1.0, depth=-2.0, flipHoriz=False, flipVert=False, image='sin', interpolate=True, mask=None, maskParams=None, name='mask3_inst', opacity=1.0, ori=0.0, pos=array([ 0.11, -0.11]), size=array([0.2, 0.2]), texRes=128, units='height', win=Window(...))
12.3756 	EXP 	Created mask4_inst = ImageStim(__class__=<class 'psychopy.visual.image.ImageStim'>, autoLog=True, color=array([1., 1., 1.]), colorSpace='rgb', contrast=1.0, depth=-3.0, flipHoriz=False, flipVert=False, image='sin', interpolate=True, mask=None, maskParams=None, name='mask4_inst', opacity=1.0, ori=0.0, pos=array([-0.11, -0.11]), size=array([0.2, 0.2]), texRes=128, units='height', win=Window(...))
12.3802 	EXP 	Created fixDelay_2 = ShapeStim(__class__=<class 'psychopy.visual.shape.ShapeStim'>, autoDraw=False, autoLog=True, closeShape=True, contrast=1.0, depth=0.0, fillColor=array([1., 0., 0.]), fillColorSpace='rgb', interpolate=True, lineColor=array([1., 0., 0.]), lineColorSpace='rgb', lineWidth=1, name='fixDelay_2', opacity=1.0, ori=array(0.), pos=array([0., 0.]), size=array([0.01, 0.01]), units='height', vertices=ndarray(...), win=Window(...), windingRule=None)
12.4263 	EXP 	Created delayExplanation = TextStim(__class__=<class 'psychopy.visual.text.TextStim'>, alignHoriz=method-wrapper(...), alignText='center', alignVert=method-wrapper(...), anchorHoriz='center', anchorVert='center', antialias=True, autoLog=True, bold=False, color='white', colorSpace='named', contrast=1.0, depth=-1.0, flipHoriz=False, flipVert=False, font='Arial', fontFiles=[], height=0.05, italic=False, languageStyle='LTR', name='delayExplanation', opacity=1.0, ori=0, pos=array([0. , 0.3]), rgb=array([255., 255., 255.]), text=str(...), units='height', win=Window(...), wrapWidth=1)
12.4298 	EXP 	Created probe_inst = ImageStim(__class__=<class 'psychopy.visual.image.ImageStim'>, autoLog=True, color=array([1., 1., 1.]), colorSpace='rgb', contrast=1.0, depth=0.0, flipHoriz=False, flipVert=False, image='sin', interpolate=True, mask=None, maskParams=None, name='probe_inst', opacity=1.0, ori=0.0, pos=array([0., 0.]), size=array([0.2, 0.2]), texRes=512, units='height', win=Window(...))
12.4331 	EXP 	Created fixProbe_inst = ShapeStim(__class__=<class 'psychopy.visual.shape.ShapeStim'>, autoDraw=False, autoLog=True, closeShape=True, contrast=1.0, depth=-1.0, fillColor=array([0., 1., 0.]), fillColorSpace='rgb', interpolate=True, lineColor=array([0., 1., 0.]), lineColorSpace='rgb', lineWidth=1, name='fixProbe_inst', opacity=1.0, ori=array(0.), pos=array([0., 0.]), size=array([0.01, 0.01]), units='height', vertices=ndarray(...), win=Window(...), windingRule=None)
12.4680 	EXP 	Created probeInst = TextStim(__class__=<class 'psychopy.visual.text.TextStim'>, alignHoriz=method-wrapper(...), alignText='center', alignVert=method-wrapper(...), anchorHoriz='center', anchorVert='center', antialias=True, autoLog=True, bold=False, color='white', colorSpace='named', contrast=1.0, depth=-3.0, flipHoriz=False, flipVert=False, font='Arial', fontFiles=[], height=0.05, italic=False, languageStyle='LTR', name='probeInst', opacity=1.0, ori=0, pos=array([0.  , 0.25]), rgb=array([255., 255., 255.]), text=str(...), units='height', win=Window(...), wrapWidth=1)
12.4901 	EXP 	Created rewardInst = TextStim(__class__=<class 'psychopy.visual.text.TextStim'>, alignHoriz=method-wrapper(...), alignText='center', alignVert=method-wrapper(...), anchorHoriz='center', anchorVert='center', antialias=True, autoLog=True, bold=False, color='white', colorSpace='named', contrast=1.0, depth=0.0, flipHoriz=False, flipVert=False, font='Arial', fontFiles=[], height=0.05, italic=False, languageStyle='LTR', name='rewardInst', opacity=1.0, ori=0, pos=array([0., 0.]), rgb=array([255., 255., 255.]), text=str(...), units='height', win=Window(...), wrapWidth=1)
12.5164 	EXP 	Created Button_reminder = TextStim(__class__=<class 'psychopy.visual.text.TextStim'>, alignHoriz=method-wrapper(...), alignText='center', alignVert=method-wrapper(...), anchorHoriz='center', anchorVert='center', antialias=True, autoLog=True, bold=False, color='white', colorSpace='named', contrast=1.0, depth=0.0, flipHoriz=False, flipVert=False, font='Arial', fontFiles=[], height=0.05, italic=False, languageStyle='LTR', name='Button_reminder', opacity=1.0, ori=0, pos=array([0., 0.]), rgb=array([255., 255., 255.]), text=str(...), units='height', win=Window(...), wrapWidth=1)
12.5198 	EXP 	Created fixStartTrial_2 = ShapeStim(__class__=<class 'psychopy.visual.shape.ShapeStim'>, autoDraw=False, autoLog=True, closeShape=True, contrast=1.0, depth=0.0, fillColor=array([1., 1., 1.]), fillColorSpace='rgb', interpolate=True, lineColor=array([1., 1., 1.]), lineColorSpace='rgb', lineWidth=1, name='fixStartTrial_2', opacity=1.0, ori=array(0.), pos=array([0., 0.]), size=array([0.01, 0.01]), units='height', vertices=ndarray(...), win=Window(...), windingRule=None)
12.5231 	EXP 	Created stim1_Practice = ImageStim(__class__=<class 'psychopy.visual.image.ImageStim'>, autoLog=True, color=array([1., 1., 1.]), colorSpace='rgb', contrast=1.0, depth=0.0, flipHoriz=False, flipVert=False, image='sin', interpolate=True, mask=None, maskParams=None, name='stim1_Practice', opacity=1.0, ori=0.0, pos=array([-0.11,  0.11]), size=array([0.2, 0.2]), texRes=512, units='height', win=Window(...))
12.5263 	EXP 	Created stim2_Practice = ImageStim(__class__=<class 'psychopy.visual.image.ImageStim'>, autoLog=True, color=array([1., 1., 1.]), colorSpace='rgb', contrast=1.0, depth=-1.0, flipHoriz=False, flipVert=False, image='sin', interpolate=True, mask=None, maskParams=None, name='stim2_Practice', opacity=1.0, ori=0.0, pos=array([0.11, 0.11]), size=array([0.2, 0.2]), texRes=512, units='height', win=Window(...))
12.5294 	EXP 	Created stim3_Practice = ImageStim(__class__=<class 'psychopy.visual.image.ImageStim'>, autoLog=True, color=array([1., 1., 1.]), colorSpace='rgb', contrast=1.0, depth=-2.0, flipHoriz=False, flipVert=False, image='sin', interpolate=True, mask=None, maskParams=None, name='stim3_Practice', opacity=1.0, ori=0.0, pos=array([ 0.11, -0.11]), size=array([0.2, 0.2]), texRes=128, units='height', win=Window(...))
12.5327 	EXP 	Created stim4_Practice = ImageStim(__class__=<class 'psychopy.visual.image.ImageStim'>, autoLog=True, color=array([1., 1., 1.]), colorSpace='rgb', contrast=1.0, depth=-3.0, flipHoriz=False, flipVert=False, image='sin', interpolate=True, mask=None, maskParams=None, name='stim4_Practice', opacity=1.0, ori=0.0, pos=array([-0.11, -0.11]), size=array([0.2, 0.2]), texRes=128, units='height', win=Window(...))
12.5358 	EXP 	Created fixDelay_Practice = ShapeStim(__class__=<class 'psychopy.visual.shape.ShapeStim'>, autoDraw=False, autoLog=True, closeShape=True, contrast=1.0, depth=-4.0, fillColor=array([1., 0., 0.]), fillColorSpace='rgb', interpolate=True, lineColor=array([1., 0., 0.]), lineColorSpace='rgb', lineWidth=1, name='fixDelay_Practice', opacity=1.0, ori=array(0.), pos=array([0., 0.]), size=array([0.01, 0.01]), units='height', vertices=ndarray(...), win=Window(...), windingRule=None)
12.5394 	EXP 	Created probe_Practice = ImageStim(__class__=<class 'psychopy.visual.image.ImageStim'>, autoLog=True, color=array([1., 1., 1.]), colorSpace='rgb', contrast=1.0, depth=-5.0, flipHoriz=False, flipVert=False, image='sin', interpolate=True, mask=None, maskParams=None, name='probe_Practice', opacity=1.0, ori=0.0, pos=array([0., 0.]), size=array([0.2, 0.2]), texRes=512, units='height', win=Window(...))
12.5904 	EXP 	Created probeIndicator_Practice = TextStim(__class__=<class 'psychopy.visual.text.TextStim'>, alignHoriz=method-wrapper(...), alignText='center', alignVert=method-wrapper(...), anchorHoriz='center', anchorVert='center', antialias=True, autoLog=True, bold=False, color='white', colorSpace='named', contrast=1.0, depth=-6.0, flipHoriz=False, flipVert=False, font='Arial', fontFiles=[], height=0.1, italic=False, languageStyle='LTR', name='probeIndicator_Practice', opacity=1.0, ori=0, pos=array([0. , 0.2]), rgb=array([255., 255., 255.]), text='default text', units='height', win=Window(...), wrapWidth=1)
12.5948 	EXP 	Created fixProbe_Practice = ShapeStim(__class__=<class 'psychopy.visual.shape.ShapeStim'>, autoDraw=False, autoLog=True, closeShape=True, contrast=1.0, depth=-7.0, fillColor=array([0., 1., 0.]), fillColorSpace='rgb', interpolate=True, lineColor=array([0., 1., 0.]), lineColorSpace='rgb', lineWidth=1, name='fixProbe_Practice', opacity=1.0, ori=array(0.), pos=array([0., 0.]), size=array([0.01, 0.01]), units='height', vertices=ndarray(...), win=Window(...), windingRule=None)
12.5989 	EXP 	Created mask1_prac = ImageStim(__class__=<class 'psychopy.visual.image.ImageStim'>, autoLog=True, color=array([1., 1., 1.]), colorSpace='rgb', contrast=1.0, depth=-9.0, flipHoriz=False, flipVert=False, image='sin', interpolate=True, mask=None, maskParams=None, name='mask1_prac', opacity=1.0, ori=0.0, pos=array([-0.11,  0.11]), size=array([0.2, 0.2]), texRes=512, units='height', win=Window(...))
12.6033 	EXP 	Created mask2_prac = ImageStim(__class__=<class 'psychopy.visual.image.ImageStim'>, autoLog=True, color=array([1., 1., 1.]), colorSpace='rgb', contrast=1.0, depth=-10.0, flipHoriz=False, flipVert=False, image='sin', interpolate=True, mask=None, maskParams=None, name='mask2_prac', opacity=1.0, ori=0.0, pos=array([0.11, 0.11]), size=array([0.2, 0.2]), texRes=512, units='height', win=Window(...))
12.6084 	EXP 	Created mask3_prac = ImageStim(__class__=<class 'psychopy.visual.image.ImageStim'>, autoLog=True, color=array([1., 1., 1.]), colorSpace='rgb', contrast=1.0, depth=-11.0, flipHoriz=False, flipVert=False, image='sin', interpolate=True, mask=None, maskParams=None, name='mask3_prac', opacity=1.0, ori=0.0, pos=array([ 0.11, -0.11]), size=array([0.2, 0.2]), texRes=128, units='height', win=Window(...))
12.6134 	EXP 	Created mask4_prac = ImageStim(__class__=<class 'psychopy.visual.image.ImageStim'>, autoLog=True, color=array([1., 1., 1.]), colorSpace='rgb', contrast=1.0, depth=-12.0, flipHoriz=False, flipVert=False, image='sin', interpolate=True, mask=None, maskParams=None, name='mask4_prac', opacity=1.0, ori=0.0, pos=array([-0.11, -0.11]), size=array([0.2, 0.2]), texRes=128, units='height', win=Window(...))
12.6223 	EXP 	Created feedbackText = TextStim(__class__=<class 'psychopy.visual.text.TextStim'>, alignHoriz=method-wrapper(...), alignText='center', alignVert=method-wrapper(...), anchorHoriz='center', anchorVert='center', antialias=True, autoLog=True, bold=False, color='white', colorSpace='named', contrast=1.0, depth=-1.0, flipHoriz=False, flipVert=False, font='Arial', fontFiles=[], height=0.05, italic=False, languageStyle='LTR', name='feedbackText', opacity=1.0, ori=0, pos=array([0., 0.]), rgb=array([255., 255., 255.]), text='default text', units='height', win=Window(...), wrapWidth=1)
12.6314 	EXP 	Created text_7 = TextStim(__class__=<class 'psychopy.visual.text.TextStim'>, alignHoriz=method-wrapper(...), alignText='center', alignVert=method-wrapper(...), anchorHoriz='center', anchorVert='center', antialias=True, autoLog=True, bold=False, color='white', colorSpace='named', contrast=1.0, depth=-1.0, flipHoriz=False, flipVert=False, font='Arial', fontFiles=[], height=0.05, italic=False, languageStyle='LTR', name='text_7', opacity=1.0, ori=0, pos=array([0., 0.]), rgb=array([255., 255., 255.]), text='default text', units='height', win=Window(...), wrapWidth=1)
12.6399 	EXP 	Created text_run = TextStim(__class__=<class 'psychopy.visual.text.TextStim'>, alignHoriz=method-wrapper(...), alignText='center', alignVert=method-wrapper(...), anchorHoriz='center', anchorVert='center', antialias=True, autoLog=True, bold=False, color='white', colorSpace='named', contrast=1.0, depth=0.0, flipHoriz=False, flipVert=False, font='Arial', fontFiles=[], height=0.05, italic=False, languageStyle='LTR', name='text_run', opacity=1.0, ori=0, pos=array([0., 0.]), rgb=array([255., 255., 255.]), text='default text', units='height', win=Window(...), wrapWidth=1)
12.6453 	EXP 	Created fixStart = ShapeStim(__class__=<class 'psychopy.visual.shape.ShapeStim'>, autoDraw=False, autoLog=True, closeShape=True, contrast=1.0, depth=0.0, fillColor=array([1., 1., 1.]), fillColorSpace='rgb', interpolate=True, lineColor=array([1., 1., 1.]), lineColorSpace='rgb', lineWidth=1, name='fixStart', opacity=1.0, ori=array(0.), pos=array([0., 0.]), size=array([0.01, 0.01]), units='height', vertices=ndarray(...), win=Window(...), windingRule=None)
12.6505 	EXP 	Created stim1 = ImageStim(__class__=<class 'psychopy.visual.image.ImageStim'>, autoLog=True, color=array([1., 1., 1.]), colorSpace='rgb', contrast=1.0, depth=0.0, flipHoriz=False, flipVert=False, image='sin', interpolate=True, mask=None, maskParams=None, name='stim1', opacity=1.0, ori=0.0, pos=array([-0.11,  0.11]), size=array([0.2, 0.2]), texRes=512, units='height', win=Window(...))
12.6565 	EXP 	Created stim2 = ImageStim(__class__=<class 'psychopy.visual.image.ImageStim'>, autoLog=True, color=array([1., 1., 1.]), colorSpace='rgb', contrast=1.0, depth=-1.0, flipHoriz=False, flipVert=False, image='sin', interpolate=True, mask=None, maskParams=None, name='stim2', opacity=1.0, ori=0.0, pos=array([0.11, 0.11]), size=array([0.2, 0.2]), texRes=512, units='height', win=Window(...))
12.6645 	EXP 	Created stim3 = ImageStim(__class__=<class 'psychopy.visual.image.ImageStim'>, autoLog=True, color=array([1., 1., 1.]), colorSpace='rgb', contrast=1.0, depth=-2.0, flipHoriz=False, flipVert=False, image='sin', interpolate=True, mask=None, maskParams=None, name='stim3', opacity=1.0, ori=0.0, pos=array([ 0.11, -0.11]), size=array([0.2, 0.2]), texRes=128, units='height', win=Window(...))
12.6707 	EXP 	Created stim4 = ImageStim(__class__=<class 'psychopy.visual.image.ImageStim'>, autoLog=True, color=array([1., 1., 1.]), colorSpace='rgb', contrast=1.0, depth=-3.0, flipHoriz=False, flipVert=False, image='sin', interpolate=True, mask=None, maskParams=None, name='stim4', opacity=1.0, ori=0.0, pos=array([-0.11, -0.11]), size=array([0.2, 0.2]), texRes=128, units='height', win=Window(...))
12.6766 	EXP 	Created fixDelay = ShapeStim(__class__=<class 'psychopy.visual.shape.ShapeStim'>, autoDraw=False, autoLog=True, closeShape=True, contrast=1.0, depth=-4.0, fillColor=array([1., 0., 0.]), fillColorSpace='rgb', interpolate=True, lineColor=array([1., 0., 0.]), lineColorSpace='rgb', lineWidth=1, name='fixDelay', opacity=1.0, ori=array(0.), pos=array([0., 0.]), size=array([0.01, 0.01]), units='height', vertices=ndarray(...), win=Window(...), windingRule=None)
12.6830 	EXP 	Created probe = ImageStim(__class__=<class 'psychopy.visual.image.ImageStim'>, autoLog=True, color=array([1., 1., 1.]), colorSpace='rgb', contrast=1.0, depth=-5.0, flipHoriz=False, flipVert=False, image='sin', interpolate=True, mask=None, maskParams=None, name='probe', opacity=1.0, ori=0.0, pos=array([0., 0.]), size=array([0.2, 0.2]), texRes=512, units='height', win=Window(...))
12.6883 	EXP 	Created fixProbe = ShapeStim(__class__=<class 'psychopy.visual.shape.ShapeStim'>, autoDraw=False, autoLog=True, closeShape=True, contrast=1.0, depth=-6.0, fillColor=array([0., 1., 0.]), fillColorSpace='rgb', interpolate=True, lineColor=array([0., 1., 0.]), lineColorSpace='rgb', lineWidth=1, name='fixProbe', opacity=1.0, ori=array(0.), pos=array([0., 0.]), size=array([0.01, 0.01]), units='height', vertices=ndarray(...), win=Window(...), windingRule=None)
12.6944 	EXP 	Created mask1_run = ImageStim(__class__=<class 'psychopy.visual.image.ImageStim'>, autoLog=True, color=array([1., 1., 1.]), colorSpace='rgb', contrast=1.0, depth=-9.0, flipHoriz=False, flipVert=False, image='sin', interpolate=True, mask=None, maskParams=None, name='mask1_run', opacity=1.0, ori=0.0, pos=array([-0.11,  0.11]), size=array([0.2, 0.2]), texRes=512, units='height', win=Window(...))
12.7007 	EXP 	Created mask2_prac_2 = ImageStim(__class__=<class 'psychopy.visual.image.ImageStim'>, autoLog=True, color=array([1., 1., 1.]), colorSpace='rgb', contrast=1.0, depth=-10.0, flipHoriz=False, flipVert=False, image='sin', interpolate=True, mask=None, maskParams=None, name='mask2_prac_2', opacity=1.0, ori=0.0, pos=array([0.11, 0.11]), size=array([0.2, 0.2]), texRes=512, units='height', win=Window(...))
12.7070 	EXP 	Created mask3_run = ImageStim(__class__=<class 'psychopy.visual.image.ImageStim'>, autoLog=True, color=array([1., 1., 1.]), colorSpace='rgb', contrast=1.0, depth=-11.0, flipHoriz=False, flipVert=False, image='sin', interpolate=True, mask=None, maskParams=None, name='mask3_run', opacity=1.0, ori=0.0, pos=array([ 0.11, -0.11]), size=array([0.2, 0.2]), texRes=128, units='height', win=Window(...))
12.7133 	EXP 	Created mask4_run = ImageStim(__class__=<class 'psychopy.visual.image.ImageStim'>, autoLog=True, color=array([1., 1., 1.]), colorSpace='rgb', contrast=1.0, depth=-12.0, flipHoriz=False, flipVert=False, image='sin', interpolate=True, mask=None, maskParams=None, name='mask4_run', opacity=1.0, ori=0.0, pos=array([-0.11, -0.11]), size=array([0.2, 0.2]), texRes=128, units='height', win=Window(...))
12.7187 	EXP 	Created fixStartTrial = ShapeStim(__class__=<class 'psychopy.visual.shape.ShapeStim'>, autoDraw=False, autoLog=True, closeShape=True, contrast=1.0, depth=0.0, fillColor=array([1., 1., 1.]), fillColorSpace='rgb', interpolate=True, lineColor=array([1., 1., 1.]), lineColorSpace='rgb', lineWidth=1, name='fixStartTrial', opacity=1.0, ori=array(0.), pos=array([0., 0.]), size=array([0.01, 0.01]), units='height', vertices=ndarray(...), win=Window(...), windingRule=None)
12.7241 	EXP 	Created fixEnd = ShapeStim(__class__=<class 'psychopy.visual.shape.ShapeStim'>, autoDraw=False, autoLog=True, closeShape=True, contrast=1.0, depth=0.0, fillColor=array([1., 1., 1.]), fillColorSpace='rgb', interpolate=True, lineColor=array([1., 1., 1.]), lineColorSpace='rgb', lineWidth=1, name='fixEnd', opacity=1.0, ori=array(0.), pos=array([0., 0.]), size=array([0.01, 0.01]), units='height', vertices=ndarray(...), win=Window(...), windingRule=None)
12.7334 	EXP 	Created feedbackTxtRun = TextStim(__class__=<class 'psychopy.visual.text.TextStim'>, alignHoriz=method-wrapper(...), alignText='center', alignVert=method-wrapper(...), anchorHoriz='center', anchorVert='center', antialias=True, autoLog=True, bold=False, color='white', colorSpace='named', contrast=1.0, depth=-1.0, flipHoriz=False, flipVert=False, font='Arial', fontFiles=[], height=0.05, italic=False, languageStyle='LTR', name='feedbackTxtRun', opacity=1.0, ori=0, pos=array([0., 0.]), rgb=array([255., 255., 255.]), text='default text', units='height', win=Window(...), wrapWidth=1)
12.7541 	EXP 	Created txt_final = TextStim(__class__=<class 'psychopy.visual.text.TextStim'>, alignHoriz=method-wrapper(...), alignText='center', alignVert=method-wrapper(...), anchorHoriz='center', anchorVert='center', antialias=True, autoLog=True, bold=False, color='white', colorSpace='named', contrast=1.0, depth=-1.0, flipHoriz=False, flipVert=False, font='Arial', fontFiles=[], height=0.05, italic=False, languageStyle='LTR', name='txt_final', opacity=1.0, ori=0, pos=array([0., 0.]), rgb=array([255., 255., 255.]), text=str(...), units='height', win=Window(...), wrapWidth=1)
12.7551 	EXP 	Created sequence: random, trialTypes=1, nReps=1, seed=None
12.7561 	EXP 	New trial (rep=0, index=0): None
12.8091 	EXP 	Welcome_text: autoDraw = True
13.1739 	DATA 	Keypress: b
13.2848 	EXP 	Imported instructionTxt.xlsx as conditions, 6 conditions, 1 params
13.2854 	EXP 	Created sequence: sequential, trialTypes=6, nReps=1, seed=None
13.2859 	EXP 	New trial (rep=0, index=0): OrderedDict([('instructions', 'On each trial your task will be to remember images that are presented to you. The images will consist of either faces or scenes and there can be either one to four images on a trial.')])
13.3101 	EXP 	Welcome_text: autoDraw = False
13.3101 	EXP 	Instruction_text: text = 'On each trial your task will be to remember images that are presented to you. The images will consist of either faces or scenes and there can be either one to four images on a trial.'
13.3101 	EXP 	Instruction_text: autoDraw = True
13.3175 	DATA 	Keypress: y
13.3263 	EXP 	New trial (rep=0, index=1): OrderedDict([('instructions', 'At the end of a trial you will have to indicate whether a test image presented after a short delay was part of the items that you remembered. ')])
13.3543 	EXP 	Instruction_text: autoDraw = False
13.3543 	EXP 	Instruction_text: text = 'At the end of a trial you will have to indicate whether a test image presented after a short delay was part of the items that you remembered. '
13.3543 	EXP 	Instruction_text: autoDraw = True
13.4761 	DATA 	Keypress: y
13.4921 	EXP 	New trial (rep=0, index=2): OrderedDict([('instructions', 'If the test image was part of the memory images, then you have to press the left button (index finger)')])
13.5215 	DATA 	Keypress: b
13.5247 	EXP 	Instruction_text: autoDraw = False
13.5247 	EXP 	Instruction_text: text = 'If the test image was part of the memory images, then you have to press the left button (index finger)'
13.5247 	EXP 	Instruction_text: autoDraw = True
14.2080 	EXP 	New trial (rep=0, index=3): OrderedDict([('instructions', 'If the image is NOT part of the memorized images, then press the right button (middle finger).')])
14.2387 	DATA 	Keypress: y
14.2421 	EXP 	Instruction_text: autoDraw = False
14.2421 	EXP 	Instruction_text: text = 'If the image is NOT part of the memorized images, then press the right button (middle finger).'
14.2421 	EXP 	Instruction_text: autoDraw = True
14.4570 	EXP 	New trial (rep=0, index=4): OrderedDict([('instructions', "During the short remembering period, try to actively keep the images in your mind's eye. ")])
14.4908 	DATA 	Keypress: b
14.4940 	EXP 	Instruction_text: autoDraw = False
14.4940 	EXP 	Instruction_text: text = "During the short remembering period, try to actively keep the images in your mind's eye. "
14.4940 	EXP 	Instruction_text: autoDraw = True
14.6903 	EXP 	New trial (rep=0, index=5): OrderedDict([('instructions', 'Now we will see an example of a trial.')])
14.7104 	DATA 	Keypress: y
14.7134 	EXP 	Instruction_text: autoDraw = False
14.7134 	EXP 	Instruction_text: text = 'Now we will see an example of a trial.'
14.7134 	EXP 	Instruction_text: autoDraw = True
15.0071 	EXP 	Imported trials_Int.csv as conditions, 1 conditions, 13 params
15.0078 	EXP 	Created sequence: sequential, trialTypes=1, nReps=1, seed=None
15.0091 	EXP 	New trial (rep=0, index=0): OrderedDict([('stimulus1', 'scrambles/id106_v1_so.jpg'), ('stimulus2', 'images/id113_v1_so.jpg'), ('stimulus3', 'scrambles/id133_v1_so.jpg'), ('stimulus4', 'scrambles/id120_v1_so.jpg'), ('probeIm', 'images/id113_v1_so.jpg'), ('probeCon', 1), ('load', 1), ('category', 'so'), ('correctResp', 'b'), ('mask1', 'scrambles/id128_v1_so.jpg'), ('mask2', 'scrambles/id057_v1_ff.jpg'), ('mask3', 'scrambles/id006_v1_fm.jpg'), ('mask4', 'scrambles/id019_v1_fm.jpg')])
15.1366 	DATA 	Keypress: b
15.1414 	EXP 	Instruction_text: autoDraw = False
15.1414 	EXP 	stim1_inst: image = 'scrambles/id106_v1_so.jpg'
15.1414 	EXP 	stim2_inst: image = 'images/id113_v1_so.jpg'
15.1414 	EXP 	stim3_inst: image = 'scrambles/id133_v1_so.jpg'
15.1414 	EXP 	stim4_inst: image = 'scrambles/id120_v1_so.jpg'
15.1414 	EXP 	stim1_inst: autoDraw = True
15.1414 	EXP 	stim2_inst: autoDraw = True
15.1414 	EXP 	stim3_inst: autoDraw = True
15.1414 	EXP 	stim4_inst: autoDraw = True
15.1414 	EXP 	trialExplanation: autoDraw = True
16.8656 	DATA 	Keypress: b
16.8850 	EXP 	stim1_inst: autoDraw = False
16.8850 	EXP 	stim2_inst: autoDraw = False
16.8850 	EXP 	stim3_inst: autoDraw = False
16.8850 	EXP 	stim4_inst: autoDraw = False
16.8850 	EXP 	trialExplanation: autoDraw = False
16.8850 	EXP 	mask1_inst: image = 'scrambles/id128_v1_so.jpg'
16.8850 	EXP 	mask2_inst: image = 'scrambles/id057_v1_ff.jpg'
16.8850 	EXP 	mask3_inst: image = 'scrambles/id006_v1_fm.jpg'
16.8850 	EXP 	mask4_inst: image = 'scrambles/id019_v1_fm.jpg'
16.8850 	EXP 	mask1_inst: autoDraw = True
16.8850 	EXP 	mask2_inst: autoDraw = True
16.8850 	EXP 	mask3_inst: autoDraw = True
16.8850 	EXP 	mask4_inst: autoDraw = True
17.0567 	EXP 	mask1_inst: autoDraw = False
17.0567 	EXP 	mask2_inst: autoDraw = False
17.0567 	EXP 	mask3_inst: autoDraw = False
17.0567 	EXP 	mask4_inst: autoDraw = False
17.0567 	EXP 	fixDelay_2: autoDraw = True
17.0567 	EXP 	delayExplanation: autoDraw = True
18.5409 	DATA 	Keypress: b
18.5894 	EXP 	fixDelay_2: autoDraw = False
18.5894 	EXP 	delayExplanation: autoDraw = False
18.5894 	EXP 	probe_inst: image = 'images/id113_v1_so.jpg'
18.5894 	EXP 	probe_inst: autoDraw = True
21.0676 	EXP 	fixProbe_inst: autoDraw = True
21.0676 	EXP 	probeInst: autoDraw = True
21.1006 	EXP 	probe_inst: autoDraw = False
21.7742 	DATA 	Keypress: b
21.8014 	EXP 	probe_inst: autoDraw = False
21.8014 	EXP 	fixProbe_inst: autoDraw = False
21.8014 	EXP 	probeInst: autoDraw = False
21.8014 	EXP 	rewardInst: autoDraw = True
23.0617 	EXP 	Created sequence: random, trialTypes=1, nReps=999, seed=None
23.0700 	EXP 	New trial (rep=0, index=0): None
23.0739 	DATA 	Keypress: y
23.0774 	EXP 	rewardInst: autoDraw = False
23.0774 	EXP 	Button_reminder: autoDraw = True
25.2061 	DATA 	Keypress: y
25.3021 	EXP 	Imported trials_Int.csv as conditions, 8 conditions, 13 params
25.3045 	EXP 	Created sequence: random, trialTypes=8, nReps=1, seed=None
25.3061 	EXP 	New trial (rep=0, index=0): OrderedDict([('stimulus1', 'scrambles/id072_v1_si.jpg'), ('stimulus2', 'scrambles/id085_v1_si.jpg'), ('stimulus3', 'scrambles/id089_v1_si.jpg'), ('stimulus4', 'images/id102_v1_si.jpg'), ('probeIm', 'images/id086_v1_si.jpg'), ('probeCon', 0), ('load', 1), ('category', 'si'), ('correctResp', 'y'), ('mask1', 'scrambles/id019_v1_fm.jpg'), ('mask2', 'scrambles/id133_v1_so.jpg'), ('mask3', 'scrambles/id085_v1_si.jpg'), ('mask4', 'scrambles/id011_v1_fm.jpg')])
25.3139 	EXP 	Button_reminder: autoDraw = False
25.3139 	EXP 	fixStartTrial_2: autoDraw = True
33.1063 	EXP 	window1: mouseVisible = True
