1.9316 	WARNING 	We strongly recommend you activate the PTB sound engine in PsychoPy prefs as the preferred audio engine. Its timing is vastly superior. Your prefs are currently set to use ['sounddevice', 'PTB', 'pyo', 'pygame'] (in that order).
1388.0892 	WARNING 	User requested fullscreen with size [1536  864], but screen is actually [1024, 768]. Using actual size
1388.6720 	EXP 	Created window1 = Window(allowGUI=False, allowStencil=False, args=UNKNOWN, autoLog=True, bitsMode=UNKNOWN, blendMode='avg', bpc=(8, 8, 8), color=array([0., 0., 0.]), colorSpace='rgb', depthBits=8, fullscr=<method-wrapper '__getattribute__' of attributeSetter object at 0x7f7ba2d106d8>, gamma=None, gammaErrorPolicy='raise', kwargs=UNKNOWN, lms=UNKNOWN, monitor=<psychopy.monitors.calibTools.Monitor object at 0x7f7ba056abe0>, multiSample=False, name='window1', numSamples=2, pos=[0.0, 0.0], screen=0, size=array([1024,  768]), stencilBits=0, stereo=False, units='height', useFBO=True, useRetina=False, viewOri=0.0, viewPos=None, viewScale=None, waitBlanking=True, winType='pyglet')
1388.6721 	EXP 	window1: mouseVisible = True
1388.6721 	EXP 	window1: recordFrameIntervals = False
1388.8381 	EXP 	window1: recordFrameIntervals = True
1389.0215 	EXP 	window1: recordFrameIntervals = False
1389.1089 	EXP 	Created Welcome_text = TextStim(__class__=<class 'psychopy.visual.text.TextStim'>, alignHoriz=method-wrapper(...), alignText='center', alignVert=method-wrapper(...), anchorHoriz='center', anchorVert='center', antialias=True, autoLog=True, bold=False, color='white', colorSpace='named', contrast=1.0, depth=0.0, flipHoriz=False, flipVert=False, font='Arial', fontFiles=[], height=0.05, italic=False, languageStyle='LTR', name='Welcome_text', opacity=1.0, ori=0, pos=array([0., 0.]), rgb=array([255., 255., 255.]), text=str(...), units='height', win=Window(...), wrapWidth=1)
1389.1116 	EXP 	Created Instruction_text = TextStim(__class__=<class 'psychopy.visual.text.TextStim'>, alignHoriz=method-wrapper(...), alignText='center', alignVert=method-wrapper(...), anchorHoriz='center', anchorVert='center', antialias=True, autoLog=True, bold=False, color='white', colorSpace='named', contrast=1.0, depth=0.0, flipHoriz=False, flipVert=False, font='Arial', fontFiles=[], height=0.05, italic=False, languageStyle='LTR', name='Instruction_text', opacity=1.0, ori=0, pos=array([0., 0.]), rgb=array([255., 255., 255.]), text='default text', units='height', win=Window(...), wrapWidth=1)
1389.1136 	EXP 	Created stim1_inst = ImageStim(__class__=<class 'psychopy.visual.image.ImageStim'>, autoLog=True, color=array([1., 1., 1.]), colorSpace='rgb', contrast=1.0, depth=0.0, flipHoriz=False, flipVert=False, image='sin', interpolate=True, mask=None, maskParams=None, name='stim1_inst', opacity=1.0, ori=0.0, pos=array([-0.11,  0.11]), size=array([0.2, 0.2]), texRes=512, units='height', win=Window(...))
1389.1147 	EXP 	Created stim2_inst = ImageStim(__class__=<class 'psychopy.visual.image.ImageStim'>, autoLog=True, color=array([1., 1., 1.]), colorSpace='rgb', contrast=1.0, depth=-1.0, flipHoriz=False, flipVert=False, image='sin', interpolate=True, mask=None, maskParams=None, name='stim2_inst', opacity=1.0, ori=0.0, pos=array([0.11, 0.11]), size=array([0.2, 0.2]), texRes=512, units='height', win=Window(...))
1389.1159 	EXP 	Created stim3_inst = ImageStim(__class__=<class 'psychopy.visual.image.ImageStim'>, autoLog=True, color=array([1., 1., 1.]), colorSpace='rgb', contrast=1.0, depth=-2.0, flipHoriz=False, flipVert=False, image='sin', interpolate=True, mask=None, maskParams=None, name='stim3_inst', opacity=1.0, ori=0.0, pos=array([ 0.11, -0.11]), size=array([0.2, 0.2]), texRes=128, units='height', win=Window(...))
1389.1170 	EXP 	Created stim4_inst = ImageStim(__class__=<class 'psychopy.visual.image.ImageStim'>, autoLog=True, color=array([1., 1., 1.]), colorSpace='rgb', contrast=1.0, depth=-3.0, flipHoriz=False, flipVert=False, image='sin', interpolate=True, mask=None, maskParams=None, name='stim4_inst', opacity=1.0, ori=0.0, pos=array([-0.11, -0.11]), size=array([0.2, 0.2]), texRes=128, units='height', win=Window(...))
1389.1219 	EXP 	Created trialExplanation = TextStim(__class__=<class 'psychopy.visual.text.TextStim'>, alignHoriz=method-wrapper(...), alignText='center', alignVert=method-wrapper(...), anchorHoriz='center', anchorVert='center', antialias=True, autoLog=True, bold=False, color='white', colorSpace='named', contrast=1.0, depth=-4.0, flipHoriz=False, flipVert=False, font='Arial', fontFiles=[], height=0.05, italic=False, languageStyle='LTR', name='trialExplanation', opacity=1.0, ori=0, pos=array([0. , 0.3]), rgb=array([255., 255., 255.]), text=str(...), units='height', win=Window(...), wrapWidth=1)
1389.1233 	EXP 	Created mask1_inst = ImageStim(__class__=<class 'psychopy.visual.image.ImageStim'>, autoLog=True, color=array([1., 1., 1.]), colorSpace='rgb', contrast=1.0, depth=0.0, flipHoriz=False, flipVert=False, image='sin', interpolate=True, mask=None, maskParams=None, name='mask1_inst', opacity=1.0, ori=0.0, pos=array([-0.11,  0.11]), size=array([0.2, 0.2]), texRes=512, units='height', win=Window(...))
1389.1244 	EXP 	Created mask2_inst = ImageStim(__class__=<class 'psychopy.visual.image.ImageStim'>, autoLog=True, color=array([1., 1., 1.]), colorSpace='rgb', contrast=1.0, depth=-1.0, flipHoriz=False, flipVert=False, image='sin', interpolate=True, mask=None, maskParams=None, name='mask2_inst', opacity=1.0, ori=0.0, pos=array([0.11, 0.11]), size=array([0.2, 0.2]), texRes=512, units='height', win=Window(...))
1389.1255 	EXP 	Created mask3_inst = ImageStim(__class__=<class 'psychopy.visual.image.ImageStim'>, autoLog=True, color=array([1., 1., 1.]), colorSpace='rgb', contrast=1.0, depth=-2.0, flipHoriz=False, flipVert=False, image='sin', interpolate=True, mask=None, maskParams=None, name='mask3_inst', opacity=1.0, ori=0.0, pos=array([ 0.11, -0.11]), size=array([0.2, 0.2]), texRes=128, units='height', win=Window(...))
1389.1267 	EXP 	Created mask4_inst = ImageStim(__class__=<class 'psychopy.visual.image.ImageStim'>, autoLog=True, color=array([1., 1., 1.]), colorSpace='rgb', contrast=1.0, depth=-3.0, flipHoriz=False, flipVert=False, image='sin', interpolate=True, mask=None, maskParams=None, name='mask4_inst', opacity=1.0, ori=0.0, pos=array([-0.11, -0.11]), size=array([0.2, 0.2]), texRes=128, units='height', win=Window(...))
1389.1280 	EXP 	Created fixDelay_2 = ShapeStim(__class__=<class 'psychopy.visual.shape.ShapeStim'>, autoDraw=False, autoLog=True, closeShape=True, contrast=1.0, depth=0.0, fillColor=array([1., 0., 0.]), fillColorSpace='rgb', interpolate=True, lineColor=array([1., 0., 0.]), lineColorSpace='rgb', lineWidth=1, name='fixDelay_2', opacity=1.0, ori=array(0.), pos=array([0., 0.]), size=array([0.01, 0.01]), units='height', vertices=ndarray(...), win=Window(...), windingRule=None)
1389.1362 	EXP 	Created delayExplanation = TextStim(__class__=<class 'psychopy.visual.text.TextStim'>, alignHoriz=method-wrapper(...), alignText='center', alignVert=method-wrapper(...), anchorHoriz='center', anchorVert='center', antialias=True, autoLog=True, bold=False, color='white', colorSpace='named', contrast=1.0, depth=-1.0, flipHoriz=False, flipVert=False, font='Arial', fontFiles=[], height=0.05, italic=False, languageStyle='LTR', name='delayExplanation', opacity=1.0, ori=0, pos=array([0. , 0.3]), rgb=array([255., 255., 255.]), text=str(...), units='height', win=Window(...), wrapWidth=1)
1389.1387 	EXP 	Created probe_inst = ImageStim(__class__=<class 'psychopy.visual.image.ImageStim'>, autoLog=True, color=array([1., 1., 1.]), colorSpace='rgb', contrast=1.0, depth=0.0, flipHoriz=False, flipVert=False, image='sin', interpolate=True, mask=None, maskParams=None, name='probe_inst', opacity=1.0, ori=0.0, pos=array([0., 0.]), size=array([0.2, 0.2]), texRes=512, units='height', win=Window(...))
1389.1400 	EXP 	Created fixProbe_inst = ShapeStim(__class__=<class 'psychopy.visual.shape.ShapeStim'>, autoDraw=False, autoLog=True, closeShape=True, contrast=1.0, depth=-1.0, fillColor=array([0., 1., 0.]), fillColorSpace='rgb', interpolate=True, lineColor=array([0., 1., 0.]), lineColorSpace='rgb', lineWidth=1, name='fixProbe_inst', opacity=1.0, ori=array(0.), pos=array([0., 0.]), size=array([0.01, 0.01]), units='height', vertices=ndarray(...), win=Window(...), windingRule=None)
1389.1482 	EXP 	Created probeInst = TextStim(__class__=<class 'psychopy.visual.text.TextStim'>, alignHoriz=method-wrapper(...), alignText='center', alignVert=method-wrapper(...), anchorHoriz='center', anchorVert='center', antialias=True, autoLog=True, bold=False, color='white', colorSpace='named', contrast=1.0, depth=-3.0, flipHoriz=False, flipVert=False, font='Arial', fontFiles=[], height=0.05, italic=False, languageStyle='LTR', name='probeInst', opacity=1.0, ori=0, pos=array([0.  , 0.25]), rgb=array([255., 255., 255.]), text=str(...), units='height', win=Window(...), wrapWidth=1)
1389.1529 	EXP 	Created rewardInst = TextStim(__class__=<class 'psychopy.visual.text.TextStim'>, alignHoriz=method-wrapper(...), alignText='center', alignVert=method-wrapper(...), anchorHoriz='center', anchorVert='center', antialias=True, autoLog=True, bold=False, color='white', colorSpace='named', contrast=1.0, depth=0.0, flipHoriz=False, flipVert=False, font='Arial', fontFiles=[], height=0.05, italic=False, languageStyle='LTR', name='rewardInst', opacity=1.0, ori=0, pos=array([0., 0.]), rgb=array([255., 255., 255.]), text=str(...), units='height', win=Window(...), wrapWidth=1)
1389.1595 	EXP 	Created Button_reminder = TextStim(__class__=<class 'psychopy.visual.text.TextStim'>, alignHoriz=method-wrapper(...), alignText='center', alignVert=method-wrapper(...), anchorHoriz='center', anchorVert='center', antialias=True, autoLog=True, bold=False, color='white', colorSpace='named', contrast=1.0, depth=0.0, flipHoriz=False, flipVert=False, font='Arial', fontFiles=[], height=0.05, italic=False, languageStyle='LTR', name='Button_reminder', opacity=1.0, ori=0, pos=array([0., 0.]), rgb=array([255., 255., 255.]), text=str(...), units='height', win=Window(...), wrapWidth=1)
1389.1609 	EXP 	Created fixStartTrial_2 = ShapeStim(__class__=<class 'psychopy.visual.shape.ShapeStim'>, autoDraw=False, autoLog=True, closeShape=True, contrast=1.0, depth=0.0, fillColor=array([1., 1., 1.]), fillColorSpace='rgb', interpolate=True, lineColor=array([1., 1., 1.]), lineColorSpace='rgb', lineWidth=1, name='fixStartTrial_2', opacity=1.0, ori=array(0.), pos=array([0., 0.]), size=array([0.01, 0.01]), units='height', vertices=ndarray(...), win=Window(...), windingRule=None)
1389.1622 	EXP 	Created stim1_Practice = ImageStim(__class__=<class 'psychopy.visual.image.ImageStim'>, autoLog=True, color=array([1., 1., 1.]), colorSpace='rgb', contrast=1.0, depth=0.0, flipHoriz=False, flipVert=False, image='sin', interpolate=True, mask=None, maskParams=None, name='stim1_Practice', opacity=1.0, ori=0.0, pos=array([-0.11,  0.11]), size=array([0.2, 0.2]), texRes=512, units='height', win=Window(...))
1389.1633 	EXP 	Created stim2_Practice = ImageStim(__class__=<class 'psychopy.visual.image.ImageStim'>, autoLog=True, color=array([1., 1., 1.]), colorSpace='rgb', contrast=1.0, depth=-1.0, flipHoriz=False, flipVert=False, image='sin', interpolate=True, mask=None, maskParams=None, name='stim2_Practice', opacity=1.0, ori=0.0, pos=array([0.11, 0.11]), size=array([0.2, 0.2]), texRes=512, units='height', win=Window(...))
1389.1644 	EXP 	Created stim3_Practice = ImageStim(__class__=<class 'psychopy.visual.image.ImageStim'>, autoLog=True, color=array([1., 1., 1.]), colorSpace='rgb', contrast=1.0, depth=-2.0, flipHoriz=False, flipVert=False, image='sin', interpolate=True, mask=None, maskParams=None, name='stim3_Practice', opacity=1.0, ori=0.0, pos=array([ 0.11, -0.11]), size=array([0.2, 0.2]), texRes=128, units='height', win=Window(...))
1389.1655 	EXP 	Created stim4_Practice = ImageStim(__class__=<class 'psychopy.visual.image.ImageStim'>, autoLog=True, color=array([1., 1., 1.]), colorSpace='rgb', contrast=1.0, depth=-3.0, flipHoriz=False, flipVert=False, image='sin', interpolate=True, mask=None, maskParams=None, name='stim4_Practice', opacity=1.0, ori=0.0, pos=array([-0.11, -0.11]), size=array([0.2, 0.2]), texRes=128, units='height', win=Window(...))
1389.1667 	EXP 	Created fixDelay_Practice = ShapeStim(__class__=<class 'psychopy.visual.shape.ShapeStim'>, autoDraw=False, autoLog=True, closeShape=True, contrast=1.0, depth=-4.0, fillColor=array([1., 0., 0.]), fillColorSpace='rgb', interpolate=True, lineColor=array([1., 0., 0.]), lineColorSpace='rgb', lineWidth=1, name='fixDelay_Practice', opacity=1.0, ori=array(0.), pos=array([0., 0.]), size=array([0.01, 0.01]), units='height', vertices=ndarray(...), win=Window(...), windingRule=None)
1389.1678 	EXP 	Created probe_Practice = ImageStim(__class__=<class 'psychopy.visual.image.ImageStim'>, autoLog=True, color=array([1., 1., 1.]), colorSpace='rgb', contrast=1.0, depth=-5.0, flipHoriz=False, flipVert=False, image='sin', interpolate=True, mask=None, maskParams=None, name='probe_Practice', opacity=1.0, ori=0.0, pos=array([0., 0.]), size=array([0.2, 0.2]), texRes=512, units='height', win=Window(...))
1389.1689 	EXP 	Created fixProbe_Practice = ShapeStim(__class__=<class 'psychopy.visual.shape.ShapeStim'>, autoDraw=False, autoLog=True, closeShape=True, contrast=1.0, depth=-6.0, fillColor=array([0., 1., 0.]), fillColorSpace='rgb', interpolate=True, lineColor=array([0., 1., 0.]), lineColorSpace='rgb', lineWidth=1, name='fixProbe_Practice', opacity=1.0, ori=array(0.), pos=array([0., 0.]), size=array([0.01, 0.01]), units='height', vertices=ndarray(...), win=Window(...), windingRule=None)
1389.1702 	EXP 	Created mask1_prac = ImageStim(__class__=<class 'psychopy.visual.image.ImageStim'>, autoLog=True, color=array([1., 1., 1.]), colorSpace='rgb', contrast=1.0, depth=-8.0, flipHoriz=False, flipVert=False, image='sin', interpolate=True, mask=None, maskParams=None, name='mask1_prac', opacity=1.0, ori=0.0, pos=array([-0.11,  0.11]), size=array([0.2, 0.2]), texRes=512, units='height', win=Window(...))
1389.1713 	EXP 	Created mask2_prac = ImageStim(__class__=<class 'psychopy.visual.image.ImageStim'>, autoLog=True, color=array([1., 1., 1.]), colorSpace='rgb', contrast=1.0, depth=-9.0, flipHoriz=False, flipVert=False, image='sin', interpolate=True, mask=None, maskParams=None, name='mask2_prac', opacity=1.0, ori=0.0, pos=array([0.11, 0.11]), size=array([0.2, 0.2]), texRes=512, units='height', win=Window(...))
1389.1724 	EXP 	Created mask3_prac = ImageStim(__class__=<class 'psychopy.visual.image.ImageStim'>, autoLog=True, color=array([1., 1., 1.]), colorSpace='rgb', contrast=1.0, depth=-10.0, flipHoriz=False, flipVert=False, image='sin', interpolate=True, mask=None, maskParams=None, name='mask3_prac', opacity=1.0, ori=0.0, pos=array([ 0.11, -0.11]), size=array([0.2, 0.2]), texRes=128, units='height', win=Window(...))
1389.1735 	EXP 	Created mask4_prac = ImageStim(__class__=<class 'psychopy.visual.image.ImageStim'>, autoLog=True, color=array([1., 1., 1.]), colorSpace='rgb', contrast=1.0, depth=-11.0, flipHoriz=False, flipVert=False, image='sin', interpolate=True, mask=None, maskParams=None, name='mask4_prac', opacity=1.0, ori=0.0, pos=array([-0.11, -0.11]), size=array([0.2, 0.2]), texRes=128, units='height', win=Window(...))
1389.1755 	EXP 	Created feedbackText = TextStim(__class__=<class 'psychopy.visual.text.TextStim'>, alignHoriz=method-wrapper(...), alignText='center', alignVert=method-wrapper(...), anchorHoriz='center', anchorVert='center', antialias=True, autoLog=True, bold=False, color='white', colorSpace='named', contrast=1.0, depth=-1.0, flipHoriz=False, flipVert=False, font='Arial', fontFiles=[], height=0.05, italic=False, languageStyle='LTR', name='feedbackText', opacity=1.0, ori=0, pos=array([0., 0.]), rgb=array([255., 255., 255.]), text='default text', units='height', win=Window(...), wrapWidth=1)
1389.1773 	EXP 	Created text_7 = TextStim(__class__=<class 'psychopy.visual.text.TextStim'>, alignHoriz=method-wrapper(...), alignText='center', alignVert=method-wrapper(...), anchorHoriz='center', anchorVert='center', antialias=True, autoLog=True, bold=False, color='white', colorSpace='named', contrast=1.0, depth=-1.0, flipHoriz=False, flipVert=False, font='Arial', fontFiles=[], height=0.05, italic=False, languageStyle='LTR', name='text_7', opacity=1.0, ori=0, pos=array([0., 0.]), rgb=array([255., 255., 255.]), text='default text', units='height', win=Window(...), wrapWidth=1)
1389.1789 	EXP 	Created text_run = TextStim(__class__=<class 'psychopy.visual.text.TextStim'>, alignHoriz=method-wrapper(...), alignText='center', alignVert=method-wrapper(...), anchorHoriz='center', anchorVert='center', antialias=True, autoLog=True, bold=False, color='white', colorSpace='named', contrast=1.0, depth=0.0, flipHoriz=False, flipVert=False, font='Arial', fontFiles=[], height=0.05, italic=False, languageStyle='LTR', name='text_run', opacity=1.0, ori=0, pos=array([0., 0.]), rgb=array([255., 255., 255.]), text='default text', units='height', win=Window(...), wrapWidth=1)
1389.1803 	EXP 	Created fixStart = ShapeStim(__class__=<class 'psychopy.visual.shape.ShapeStim'>, autoDraw=False, autoLog=True, closeShape=True, contrast=1.0, depth=0.0, fillColor=array([1., 1., 1.]), fillColorSpace='rgb', interpolate=True, lineColor=array([1., 1., 1.]), lineColorSpace='rgb', lineWidth=1, name='fixStart', opacity=1.0, ori=array(0.), pos=array([0., 0.]), size=array([0.01, 0.01]), units='height', vertices=ndarray(...), win=Window(...), windingRule=None)
1389.1815 	EXP 	Created stim1 = ImageStim(__class__=<class 'psychopy.visual.image.ImageStim'>, autoLog=True, color=array([1., 1., 1.]), colorSpace='rgb', contrast=1.0, depth=0.0, flipHoriz=False, flipVert=False, image='sin', interpolate=True, mask=None, maskParams=None, name='stim1', opacity=1.0, ori=0.0, pos=array([-0.11,  0.11]), size=array([0.2, 0.2]), texRes=512, units='height', win=Window(...))
1389.1826 	EXP 	Created stim2 = ImageStim(__class__=<class 'psychopy.visual.image.ImageStim'>, autoLog=True, color=array([1., 1., 1.]), colorSpace='rgb', contrast=1.0, depth=-1.0, flipHoriz=False, flipVert=False, image='sin', interpolate=True, mask=None, maskParams=None, name='stim2', opacity=1.0, ori=0.0, pos=array([0.11, 0.11]), size=array([0.2, 0.2]), texRes=512, units='height', win=Window(...))
1389.1837 	EXP 	Created stim3 = ImageStim(__class__=<class 'psychopy.visual.image.ImageStim'>, autoLog=True, color=array([1., 1., 1.]), colorSpace='rgb', contrast=1.0, depth=-2.0, flipHoriz=False, flipVert=False, image='sin', interpolate=True, mask=None, maskParams=None, name='stim3', opacity=1.0, ori=0.0, pos=array([ 0.11, -0.11]), size=array([0.2, 0.2]), texRes=128, units='height', win=Window(...))
1389.1848 	EXP 	Created stim4 = ImageStim(__class__=<class 'psychopy.visual.image.ImageStim'>, autoLog=True, color=array([1., 1., 1.]), colorSpace='rgb', contrast=1.0, depth=-3.0, flipHoriz=False, flipVert=False, image='sin', interpolate=True, mask=None, maskParams=None, name='stim4', opacity=1.0, ori=0.0, pos=array([-0.11, -0.11]), size=array([0.2, 0.2]), texRes=128, units='height', win=Window(...))
1389.1860 	EXP 	Created fixDelay = ShapeStim(__class__=<class 'psychopy.visual.shape.ShapeStim'>, autoDraw=False, autoLog=True, closeShape=True, contrast=1.0, depth=-4.0, fillColor=array([1., 0., 0.]), fillColorSpace='rgb', interpolate=True, lineColor=array([1., 0., 0.]), lineColorSpace='rgb', lineWidth=1, name='fixDelay', opacity=1.0, ori=array(0.), pos=array([0., 0.]), size=array([0.01, 0.01]), units='height', vertices=ndarray(...), win=Window(...), windingRule=None)
1389.1871 	EXP 	Created probe = ImageStim(__class__=<class 'psychopy.visual.image.ImageStim'>, autoLog=True, color=array([1., 1., 1.]), colorSpace='rgb', contrast=1.0, depth=-5.0, flipHoriz=False, flipVert=False, image='sin', interpolate=True, mask=None, maskParams=None, name='probe', opacity=1.0, ori=0.0, pos=array([0., 0.]), size=array([0.2, 0.2]), texRes=512, units='height', win=Window(...))
1389.1882 	EXP 	Created fixProbe = ShapeStim(__class__=<class 'psychopy.visual.shape.ShapeStim'>, autoDraw=False, autoLog=True, closeShape=True, contrast=1.0, depth=-6.0, fillColor=array([0., 1., 0.]), fillColorSpace='rgb', interpolate=True, lineColor=array([0., 1., 0.]), lineColorSpace='rgb', lineWidth=1, name='fixProbe', opacity=1.0, ori=array(0.), pos=array([0., 0.]), size=array([0.01, 0.01]), units='height', vertices=ndarray(...), win=Window(...), windingRule=None)
1389.1898 	EXP 	Created mask1_run = ImageStim(__class__=<class 'psychopy.visual.image.ImageStim'>, autoLog=True, color=array([1., 1., 1.]), colorSpace='rgb', contrast=1.0, depth=-9.0, flipHoriz=False, flipVert=False, image='sin', interpolate=True, mask=None, maskParams=None, name='mask1_run', opacity=1.0, ori=0.0, pos=array([-0.11,  0.11]), size=array([0.2, 0.2]), texRes=512, units='height', win=Window(...))
1389.1909 	EXP 	Created mask2_prac_2 = ImageStim(__class__=<class 'psychopy.visual.image.ImageStim'>, autoLog=True, color=array([1., 1., 1.]), colorSpace='rgb', contrast=1.0, depth=-10.0, flipHoriz=False, flipVert=False, image='sin', interpolate=True, mask=None, maskParams=None, name='mask2_prac_2', opacity=1.0, ori=0.0, pos=array([0.11, 0.11]), size=array([0.2, 0.2]), texRes=512, units='height', win=Window(...))
1389.1920 	EXP 	Created mask3_run = ImageStim(__class__=<class 'psychopy.visual.image.ImageStim'>, autoLog=True, color=array([1., 1., 1.]), colorSpace='rgb', contrast=1.0, depth=-11.0, flipHoriz=False, flipVert=False, image='sin', interpolate=True, mask=None, maskParams=None, name='mask3_run', opacity=1.0, ori=0.0, pos=array([ 0.11, -0.11]), size=array([0.2, 0.2]), texRes=128, units='height', win=Window(...))
1389.1933 	EXP 	Created mask4_run = ImageStim(__class__=<class 'psychopy.visual.image.ImageStim'>, autoLog=True, color=array([1., 1., 1.]), colorSpace='rgb', contrast=1.0, depth=-12.0, flipHoriz=False, flipVert=False, image='sin', interpolate=True, mask=None, maskParams=None, name='mask4_run', opacity=1.0, ori=0.0, pos=array([-0.11, -0.11]), size=array([0.2, 0.2]), texRes=128, units='height', win=Window(...))
1389.1944 	EXP 	Created fixStartTrial = ShapeStim(__class__=<class 'psychopy.visual.shape.ShapeStim'>, autoDraw=False, autoLog=True, closeShape=True, contrast=1.0, depth=0.0, fillColor=array([1., 1., 1.]), fillColorSpace='rgb', interpolate=True, lineColor=array([1., 1., 1.]), lineColorSpace='rgb', lineWidth=1, name='fixStartTrial', opacity=1.0, ori=array(0.), pos=array([0., 0.]), size=array([0.01, 0.01]), units='height', vertices=ndarray(...), win=Window(...), windingRule=None)
1389.1956 	EXP 	Created fixEnd = ShapeStim(__class__=<class 'psychopy.visual.shape.ShapeStim'>, autoDraw=False, autoLog=True, closeShape=True, contrast=1.0, depth=0.0, fillColor=array([1., 1., 1.]), fillColorSpace='rgb', interpolate=True, lineColor=array([1., 1., 1.]), lineColorSpace='rgb', lineWidth=1, name='fixEnd', opacity=1.0, ori=array(0.), pos=array([0., 0.]), size=array([0.01, 0.01]), units='height', vertices=ndarray(...), win=Window(...), windingRule=None)
1389.1975 	EXP 	Created feedbackTxtRun = TextStim(__class__=<class 'psychopy.visual.text.TextStim'>, alignHoriz=method-wrapper(...), alignText='center', alignVert=method-wrapper(...), anchorHoriz='center', anchorVert='center', antialias=True, autoLog=True, bold=False, color='white', colorSpace='named', contrast=1.0, depth=-1.0, flipHoriz=False, flipVert=False, font='Arial', fontFiles=[], height=0.05, italic=False, languageStyle='LTR', name='feedbackTxtRun', opacity=1.0, ori=0, pos=array([0., 0.]), rgb=array([255., 255., 255.]), text='default text', units='height', win=Window(...), wrapWidth=1)
1389.2004 	EXP 	Created txt_final = TextStim(__class__=<class 'psychopy.visual.text.TextStim'>, alignHoriz=method-wrapper(...), alignText='center', alignVert=method-wrapper(...), anchorHoriz='center', anchorVert='center', antialias=True, autoLog=True, bold=False, color='white', colorSpace='named', contrast=1.0, depth=-1.0, flipHoriz=False, flipVert=False, font='Arial', fontFiles=[], height=0.05, italic=False, languageStyle='LTR', name='txt_final', opacity=1.0, ori=0, pos=array([0., 0.]), rgb=array([255., 255., 255.]), text=str(...), units='height', win=Window(...), wrapWidth=1)
1389.2007 	EXP 	Created sequence: random, trialTypes=1, nReps=1, seed=None
1389.2009 	EXP 	New trial (rep=0, index=0): None
1389.2206 	EXP 	Welcome_text: autoDraw = True
1390.6567 	EXP 	Imported instructionTxt.csv as conditions, 6 conditions, 1 params
1390.6569 	EXP 	Created sequence: sequential, trialTypes=6, nReps=1, seed=None
1390.6572 	EXP 	New trial (rep=0, index=0): OrderedDict([('instructions', 'On each trial your task will be to remember images that are presented to you. The images will consist of either faces or scenes and there can be either one to four images on a trial.')])
1390.6692 	DATA 	Keypress: b
1390.6870 	EXP 	Welcome_text: autoDraw = False
1390.6870 	EXP 	Instruction_text: text = 'On each trial your task will be to remember images that are presented to you. The images will consist of either faces or scenes and there can be either one to four images on a trial.'
1390.6870 	EXP 	Instruction_text: autoDraw = True
1390.9469 	EXP 	New trial (rep=0, index=1): OrderedDict([('instructions', 'At the end of a trial you will have to indicate whether a test image presented after a short delay was part of the items that you remembered. ')])
1390.9599 	DATA 	Keypress: b
1390.9703 	EXP 	Instruction_text: autoDraw = False
1390.9703 	EXP 	Instruction_text: text = 'At the end of a trial you will have to indicate whether a test image presented after a short delay was part of the items that you remembered. '
1390.9703 	EXP 	Instruction_text: autoDraw = True
1391.2630 	DATA 	Keypress: b
1391.2800 	EXP 	New trial (rep=0, index=2): OrderedDict([('instructions', 'If the test image was part of the memory images, then you have to press the left button (index finger)')])
1391.3037 	EXP 	Instruction_text: autoDraw = False
1391.3037 	EXP 	Instruction_text: text = 'If the test image was part of the memory images, then you have to press the left button (index finger)'
1391.3037 	EXP 	Instruction_text: autoDraw = True
1391.6798 	EXP 	New trial (rep=0, index=3): OrderedDict([('instructions', 'If the image is NOT part of the memorized images, then press the right button (middle finger).')])
1391.6917 	DATA 	Keypress: b
1391.7035 	EXP 	Instruction_text: autoDraw = False
1391.7035 	EXP 	Instruction_text: text = 'If the image is NOT part of the memorized images, then press the right button (middle finger).'
1391.7035 	EXP 	Instruction_text: autoDraw = True
1392.1469 	EXP 	New trial (rep=0, index=4): OrderedDict([('instructions', "During the short remembering period, try to actively keep the images in your mind's eye. ")])
1392.1563 	DATA 	Keypress: b
1392.1701 	EXP 	Instruction_text: autoDraw = False
1392.1701 	EXP 	Instruction_text: text = "During the short remembering period, try to actively keep the images in your mind's eye. "
1392.1701 	EXP 	Instruction_text: autoDraw = True
1392.5466 	EXP 	New trial (rep=0, index=5): OrderedDict([('instructions', 'Now we will see an example of a trial.')])
1392.5545 	DATA 	Keypress: b
1392.5701 	EXP 	Instruction_text: autoDraw = False
1392.5701 	EXP 	Instruction_text: text = 'Now we will see an example of a trial.'
1392.5701 	EXP 	Instruction_text: autoDraw = True
1392.9543 	EXP 	Imported trials_Int.csv as conditions, 1 conditions, 13 params
1392.9546 	EXP 	Created sequence: sequential, trialTypes=1, nReps=1, seed=None
1392.9550 	EXP 	New trial (rep=0, index=0): OrderedDict([('stimulus1', 'scrambles/id106_v1_so.jpg'), ('stimulus2', 'images/id113_v1_so.jpg'), ('stimulus3', 'scrambles/id133_v1_so.jpg'), ('stimulus4', 'scrambles/id120_v1_so.jpg'), ('probeIm', 'images/id113_v1_so.jpg'), ('probeCon', 1), ('load', 1), ('category', 'so'), ('correctResp', 'b'), ('mask1', 'scrambles/id128_v1_so.jpg'), ('mask2', 'scrambles/id057_v1_ff.jpg'), ('mask3', 'scrambles/id006_v1_fm.jpg'), ('mask4', 'scrambles/id019_v1_fm.jpg')])
1392.9843 	DATA 	Keypress: b
1393.0037 	EXP 	Instruction_text: autoDraw = False
1393.0037 	EXP 	stim1_inst: image = 'scrambles/id106_v1_so.jpg'
1393.0037 	EXP 	stim2_inst: image = 'images/id113_v1_so.jpg'
1393.0037 	EXP 	stim3_inst: image = 'scrambles/id133_v1_so.jpg'
1393.0037 	EXP 	stim4_inst: image = 'scrambles/id120_v1_so.jpg'
1393.0037 	EXP 	stim1_inst: autoDraw = True
1393.0037 	EXP 	stim2_inst: autoDraw = True
1393.0037 	EXP 	stim3_inst: autoDraw = True
1393.0037 	EXP 	stim4_inst: autoDraw = True
1393.0037 	EXP 	trialExplanation: autoDraw = True
6436.8692 	DATA 	Keypress: escape
6436.9914 	EXP 	window1: mouseVisible = True
