1.9329 	WARNING 	We strongly recommend you activate the PTB sound engine in PsychoPy prefs as the preferred audio engine. Its timing is vastly superior. Your prefs are currently set to use ['sounddevice', 'PTB', 'pyo', 'pygame'] (in that order).
4.3617 	WARNING 	User requested fullscreen with size [1536  864], but screen is actually [1024, 768]. Using actual size
4.9035 	EXP 	Created window1 = Window(allowGUI=False, allowStencil=False, args=UNKNOWN, autoLog=True, bitsMode=UNKNOWN, blendMode='avg', bpc=(8, 8, 8), color=array([0., 0., 0.]), colorSpace='rgb', depthBits=8, fullscr=<method-wrapper '__getattribute__' of attributeSetter object at 0x7f5afd342780>, gamma=None, gammaErrorPolicy='raise', kwargs=UNKNOWN, lms=UNKNOWN, monitor=<psychopy.monitors.calibTools.Monitor object at 0x7f5afab5cc88>, multiSample=False, name='window1', numSamples=2, pos=[0.0, 0.0], screen=0, size=array([1024,  768]), stencilBits=0, stereo=False, units='height', useFBO=True, useRetina=False, viewOri=0.0, viewPos=None, viewScale=None, waitBlanking=True, winType='pyglet')
4.9035 	EXP 	window1: mouseVisible = True
4.9036 	EXP 	window1: recordFrameIntervals = False
5.0697 	EXP 	window1: recordFrameIntervals = True
5.2531 	EXP 	window1: recordFrameIntervals = False
5.3352 	EXP 	Created Welcome_text = TextStim(__class__=<class 'psychopy.visual.text.TextStim'>, alignHoriz=method-wrapper(...), alignText='center', alignVert=method-wrapper(...), anchorHoriz='center', anchorVert='center', antialias=True, autoLog=True, bold=False, color='white', colorSpace='named', contrast=1.0, depth=0.0, flipHoriz=False, flipVert=False, font='Arial', fontFiles=[], height=0.05, italic=False, languageStyle='LTR', name='Welcome_text', opacity=1.0, ori=0, pos=array([0., 0.]), rgb=array([255., 255., 255.]), text=str(...), units='height', win=Window(...), wrapWidth=1)
5.3379 	EXP 	Created Instruction_text = TextStim(__class__=<class 'psychopy.visual.text.TextStim'>, alignHoriz=method-wrapper(...), alignText='center', alignVert=method-wrapper(...), anchorHoriz='center', anchorVert='center', antialias=True, autoLog=True, bold=False, color='white', colorSpace='named', contrast=1.0, depth=0.0, flipHoriz=False, flipVert=False, font='Arial', fontFiles=[], height=0.05, italic=False, languageStyle='LTR', name='Instruction_text', opacity=1.0, ori=0, pos=array([0., 0.]), rgb=array([255., 255., 255.]), text='default text', units='height', win=Window(...), wrapWidth=1)
5.3397 	EXP 	Created stim1_inst = ImageStim(__class__=<class 'psychopy.visual.image.ImageStim'>, autoLog=True, color=array([1., 1., 1.]), colorSpace='rgb', contrast=1.0, depth=0.0, flipHoriz=False, flipVert=False, image='sin', interpolate=True, mask=None, maskParams=None, name='stim1_inst', opacity=1.0, ori=0.0, pos=array([-0.11,  0.11]), size=array([0.2, 0.2]), texRes=512, units='height', win=Window(...))
5.3410 	EXP 	Created stim2_inst = ImageStim(__class__=<class 'psychopy.visual.image.ImageStim'>, autoLog=True, color=array([1., 1., 1.]), colorSpace='rgb', contrast=1.0, depth=-1.0, flipHoriz=False, flipVert=False, image='sin', interpolate=True, mask=None, maskParams=None, name='stim2_inst', opacity=1.0, ori=0.0, pos=array([0.11, 0.11]), size=array([0.2, 0.2]), texRes=512, units='height', win=Window(...))
5.3422 	EXP 	Created stim3_inst = ImageStim(__class__=<class 'psychopy.visual.image.ImageStim'>, autoLog=True, color=array([1., 1., 1.]), colorSpace='rgb', contrast=1.0, depth=-2.0, flipHoriz=False, flipVert=False, image='sin', interpolate=True, mask=None, maskParams=None, name='stim3_inst', opacity=1.0, ori=0.0, pos=array([ 0.11, -0.11]), size=array([0.2, 0.2]), texRes=128, units='height', win=Window(...))
5.3434 	EXP 	Created stim4_inst = ImageStim(__class__=<class 'psychopy.visual.image.ImageStim'>, autoLog=True, color=array([1., 1., 1.]), colorSpace='rgb', contrast=1.0, depth=-3.0, flipHoriz=False, flipVert=False, image='sin', interpolate=True, mask=None, maskParams=None, name='stim4_inst', opacity=1.0, ori=0.0, pos=array([-0.11, -0.11]), size=array([0.2, 0.2]), texRes=128, units='height', win=Window(...))
5.3482 	EXP 	Created trialExplanation = TextStim(__class__=<class 'psychopy.visual.text.TextStim'>, alignHoriz=method-wrapper(...), alignText='center', alignVert=method-wrapper(...), anchorHoriz='center', anchorVert='center', antialias=True, autoLog=True, bold=False, color='white', colorSpace='named', contrast=1.0, depth=-4.0, flipHoriz=False, flipVert=False, font='Arial', fontFiles=[], height=0.05, italic=False, languageStyle='LTR', name='trialExplanation', opacity=1.0, ori=0, pos=array([0. , 0.3]), rgb=array([255., 255., 255.]), text=str(...), units='height', win=Window(...), wrapWidth=1)
5.3496 	EXP 	Created mask1_inst = ImageStim(__class__=<class 'psychopy.visual.image.ImageStim'>, autoLog=True, color=array([1., 1., 1.]), colorSpace='rgb', contrast=1.0, depth=0.0, flipHoriz=False, flipVert=False, image='sin', interpolate=True, mask=None, maskParams=None, name='mask1_inst', opacity=1.0, ori=0.0, pos=array([-0.11,  0.11]), size=array([0.2, 0.2]), texRes=512, units='height', win=Window(...))
5.3508 	EXP 	Created mask2_inst = ImageStim(__class__=<class 'psychopy.visual.image.ImageStim'>, autoLog=True, color=array([1., 1., 1.]), colorSpace='rgb', contrast=1.0, depth=-1.0, flipHoriz=False, flipVert=False, image='sin', interpolate=True, mask=None, maskParams=None, name='mask2_inst', opacity=1.0, ori=0.0, pos=array([0.11, 0.11]), size=array([0.2, 0.2]), texRes=512, units='height', win=Window(...))
5.3519 	EXP 	Created mask3_inst = ImageStim(__class__=<class 'psychopy.visual.image.ImageStim'>, autoLog=True, color=array([1., 1., 1.]), colorSpace='rgb', contrast=1.0, depth=-2.0, flipHoriz=False, flipVert=False, image='sin', interpolate=True, mask=None, maskParams=None, name='mask3_inst', opacity=1.0, ori=0.0, pos=array([ 0.11, -0.11]), size=array([0.2, 0.2]), texRes=128, units='height', win=Window(...))
5.3530 	EXP 	Created mask4_inst = ImageStim(__class__=<class 'psychopy.visual.image.ImageStim'>, autoLog=True, color=array([1., 1., 1.]), colorSpace='rgb', contrast=1.0, depth=-3.0, flipHoriz=False, flipVert=False, image='sin', interpolate=True, mask=None, maskParams=None, name='mask4_inst', opacity=1.0, ori=0.0, pos=array([-0.11, -0.11]), size=array([0.2, 0.2]), texRes=128, units='height', win=Window(...))
5.3543 	EXP 	Created fixDelay_2 = ShapeStim(__class__=<class 'psychopy.visual.shape.ShapeStim'>, autoDraw=False, autoLog=True, closeShape=True, contrast=1.0, depth=0.0, fillColor=array([1., 0., 0.]), fillColorSpace='rgb', interpolate=True, lineColor=array([1., 0., 0.]), lineColorSpace='rgb', lineWidth=1, name='fixDelay_2', opacity=1.0, ori=array(0.), pos=array([0., 0.]), size=array([0.01, 0.01]), units='height', vertices=ndarray(...), win=Window(...), windingRule=None)
5.3625 	EXP 	Created delayExplanation = TextStim(__class__=<class 'psychopy.visual.text.TextStim'>, alignHoriz=method-wrapper(...), alignText='center', alignVert=method-wrapper(...), anchorHoriz='center', anchorVert='center', antialias=True, autoLog=True, bold=False, color='white', colorSpace='named', contrast=1.0, depth=-1.0, flipHoriz=False, flipVert=False, font='Arial', fontFiles=[], height=0.05, italic=False, languageStyle='LTR', name='delayExplanation', opacity=1.0, ori=0, pos=array([0. , 0.3]), rgb=array([255., 255., 255.]), text=str(...), units='height', win=Window(...), wrapWidth=1)
5.3649 	EXP 	Created probe_inst = ImageStim(__class__=<class 'psychopy.visual.image.ImageStim'>, autoLog=True, color=array([1., 1., 1.]), colorSpace='rgb', contrast=1.0, depth=0.0, flipHoriz=False, flipVert=False, image='sin', interpolate=True, mask=None, maskParams=None, name='probe_inst', opacity=1.0, ori=0.0, pos=array([0., 0.]), size=array([0.2, 0.2]), texRes=512, units='height', win=Window(...))
5.3662 	EXP 	Created fixProbe_inst = ShapeStim(__class__=<class 'psychopy.visual.shape.ShapeStim'>, autoDraw=False, autoLog=True, closeShape=True, contrast=1.0, depth=-1.0, fillColor=array([0., 1., 0.]), fillColorSpace='rgb', interpolate=True, lineColor=array([0., 1., 0.]), lineColorSpace='rgb', lineWidth=1, name='fixProbe_inst', opacity=1.0, ori=array(0.), pos=array([0., 0.]), size=array([0.01, 0.01]), units='height', vertices=ndarray(...), win=Window(...), windingRule=None)
5.3743 	EXP 	Created probeInst = TextStim(__class__=<class 'psychopy.visual.text.TextStim'>, alignHoriz=method-wrapper(...), alignText='center', alignVert=method-wrapper(...), anchorHoriz='center', anchorVert='center', antialias=True, autoLog=True, bold=False, color='white', colorSpace='named', contrast=1.0, depth=-3.0, flipHoriz=False, flipVert=False, font='Arial', fontFiles=[], height=0.05, italic=False, languageStyle='LTR', name='probeInst', opacity=1.0, ori=0, pos=array([0.  , 0.25]), rgb=array([255., 255., 255.]), text=str(...), units='height', win=Window(...), wrapWidth=1)
5.3790 	EXP 	Created rewardInst = TextStim(__class__=<class 'psychopy.visual.text.TextStim'>, alignHoriz=method-wrapper(...), alignText='center', alignVert=method-wrapper(...), anchorHoriz='center', anchorVert='center', antialias=True, autoLog=True, bold=False, color='white', colorSpace='named', contrast=1.0, depth=0.0, flipHoriz=False, flipVert=False, font='Arial', fontFiles=[], height=0.05, italic=False, languageStyle='LTR', name='rewardInst', opacity=1.0, ori=0, pos=array([0., 0.]), rgb=array([255., 255., 255.]), text=str(...), units='height', win=Window(...), wrapWidth=1)
5.3855 	EXP 	Created Button_reminder = TextStim(__class__=<class 'psychopy.visual.text.TextStim'>, alignHoriz=method-wrapper(...), alignText='center', alignVert=method-wrapper(...), anchorHoriz='center', anchorVert='center', antialias=True, autoLog=True, bold=False, color='white', colorSpace='named', contrast=1.0, depth=0.0, flipHoriz=False, flipVert=False, font='Arial', fontFiles=[], height=0.05, italic=False, languageStyle='LTR', name='Button_reminder', opacity=1.0, ori=0, pos=array([0., 0.]), rgb=array([255., 255., 255.]), text=str(...), units='height', win=Window(...), wrapWidth=1)
5.3869 	EXP 	Created fixStartTrial_2 = ShapeStim(__class__=<class 'psychopy.visual.shape.ShapeStim'>, autoDraw=False, autoLog=True, closeShape=True, contrast=1.0, depth=0.0, fillColor=array([1., 1., 1.]), fillColorSpace='rgb', interpolate=True, lineColor=array([1., 1., 1.]), lineColorSpace='rgb', lineWidth=1, name='fixStartTrial_2', opacity=1.0, ori=array(0.), pos=array([0., 0.]), size=array([0.01, 0.01]), units='height', vertices=ndarray(...), win=Window(...), windingRule=None)
5.3882 	EXP 	Created stim1_Practice = ImageStim(__class__=<class 'psychopy.visual.image.ImageStim'>, autoLog=True, color=array([1., 1., 1.]), colorSpace='rgb', contrast=1.0, depth=0.0, flipHoriz=False, flipVert=False, image='sin', interpolate=True, mask=None, maskParams=None, name='stim1_Practice', opacity=1.0, ori=0.0, pos=array([-0.11,  0.11]), size=array([0.2, 0.2]), texRes=512, units='height', win=Window(...))
5.3893 	EXP 	Created stim2_Practice = ImageStim(__class__=<class 'psychopy.visual.image.ImageStim'>, autoLog=True, color=array([1., 1., 1.]), colorSpace='rgb', contrast=1.0, depth=-1.0, flipHoriz=False, flipVert=False, image='sin', interpolate=True, mask=None, maskParams=None, name='stim2_Practice', opacity=1.0, ori=0.0, pos=array([0.11, 0.11]), size=array([0.2, 0.2]), texRes=512, units='height', win=Window(...))
5.3904 	EXP 	Created stim3_Practice = ImageStim(__class__=<class 'psychopy.visual.image.ImageStim'>, autoLog=True, color=array([1., 1., 1.]), colorSpace='rgb', contrast=1.0, depth=-2.0, flipHoriz=False, flipVert=False, image='sin', interpolate=True, mask=None, maskParams=None, name='stim3_Practice', opacity=1.0, ori=0.0, pos=array([ 0.11, -0.11]), size=array([0.2, 0.2]), texRes=128, units='height', win=Window(...))
5.3916 	EXP 	Created stim4_Practice = ImageStim(__class__=<class 'psychopy.visual.image.ImageStim'>, autoLog=True, color=array([1., 1., 1.]), colorSpace='rgb', contrast=1.0, depth=-3.0, flipHoriz=False, flipVert=False, image='sin', interpolate=True, mask=None, maskParams=None, name='stim4_Practice', opacity=1.0, ori=0.0, pos=array([-0.11, -0.11]), size=array([0.2, 0.2]), texRes=128, units='height', win=Window(...))
5.3927 	EXP 	Created fixDelay_Practice = ShapeStim(__class__=<class 'psychopy.visual.shape.ShapeStim'>, autoDraw=False, autoLog=True, closeShape=True, contrast=1.0, depth=-4.0, fillColor=array([1., 0., 0.]), fillColorSpace='rgb', interpolate=True, lineColor=array([1., 0., 0.]), lineColorSpace='rgb', lineWidth=1, name='fixDelay_Practice', opacity=1.0, ori=array(0.), pos=array([0., 0.]), size=array([0.01, 0.01]), units='height', vertices=ndarray(...), win=Window(...), windingRule=None)
5.3938 	EXP 	Created probe_Practice = ImageStim(__class__=<class 'psychopy.visual.image.ImageStim'>, autoLog=True, color=array([1., 1., 1.]), colorSpace='rgb', contrast=1.0, depth=-5.0, flipHoriz=False, flipVert=False, image='sin', interpolate=True, mask=None, maskParams=None, name='probe_Practice', opacity=1.0, ori=0.0, pos=array([0., 0.]), size=array([0.2, 0.2]), texRes=512, units='height', win=Window(...))
5.3950 	EXP 	Created fixProbe_Practice = ShapeStim(__class__=<class 'psychopy.visual.shape.ShapeStim'>, autoDraw=False, autoLog=True, closeShape=True, contrast=1.0, depth=-6.0, fillColor=array([0., 1., 0.]), fillColorSpace='rgb', interpolate=True, lineColor=array([0., 1., 0.]), lineColorSpace='rgb', lineWidth=1, name='fixProbe_Practice', opacity=1.0, ori=array(0.), pos=array([0., 0.]), size=array([0.01, 0.01]), units='height', vertices=ndarray(...), win=Window(...), windingRule=None)
5.3963 	EXP 	Created mask1_prac = ImageStim(__class__=<class 'psychopy.visual.image.ImageStim'>, autoLog=True, color=array([1., 1., 1.]), colorSpace='rgb', contrast=1.0, depth=-8.0, flipHoriz=False, flipVert=False, image='sin', interpolate=True, mask=None, maskParams=None, name='mask1_prac', opacity=1.0, ori=0.0, pos=array([-0.11,  0.11]), size=array([0.2, 0.2]), texRes=512, units='height', win=Window(...))
5.3974 	EXP 	Created mask2_prac = ImageStim(__class__=<class 'psychopy.visual.image.ImageStim'>, autoLog=True, color=array([1., 1., 1.]), colorSpace='rgb', contrast=1.0, depth=-9.0, flipHoriz=False, flipVert=False, image='sin', interpolate=True, mask=None, maskParams=None, name='mask2_prac', opacity=1.0, ori=0.0, pos=array([0.11, 0.11]), size=array([0.2, 0.2]), texRes=512, units='height', win=Window(...))
5.3985 	EXP 	Created mask3_prac = ImageStim(__class__=<class 'psychopy.visual.image.ImageStim'>, autoLog=True, color=array([1., 1., 1.]), colorSpace='rgb', contrast=1.0, depth=-10.0, flipHoriz=False, flipVert=False, image='sin', interpolate=True, mask=None, maskParams=None, name='mask3_prac', opacity=1.0, ori=0.0, pos=array([ 0.11, -0.11]), size=array([0.2, 0.2]), texRes=128, units='height', win=Window(...))
5.3996 	EXP 	Created mask4_prac = ImageStim(__class__=<class 'psychopy.visual.image.ImageStim'>, autoLog=True, color=array([1., 1., 1.]), colorSpace='rgb', contrast=1.0, depth=-11.0, flipHoriz=False, flipVert=False, image='sin', interpolate=True, mask=None, maskParams=None, name='mask4_prac', opacity=1.0, ori=0.0, pos=array([-0.11, -0.11]), size=array([0.2, 0.2]), texRes=128, units='height', win=Window(...))
5.4015 	EXP 	Created feedbackText = TextStim(__class__=<class 'psychopy.visual.text.TextStim'>, alignHoriz=method-wrapper(...), alignText='center', alignVert=method-wrapper(...), anchorHoriz='center', anchorVert='center', antialias=True, autoLog=True, bold=False, color='white', colorSpace='named', contrast=1.0, depth=-1.0, flipHoriz=False, flipVert=False, font='Arial', fontFiles=[], height=0.05, italic=False, languageStyle='LTR', name='feedbackText', opacity=1.0, ori=0, pos=array([0., 0.]), rgb=array([255., 255., 255.]), text='default text', units='height', win=Window(...), wrapWidth=1)
5.4033 	EXP 	Created text_7 = TextStim(__class__=<class 'psychopy.visual.text.TextStim'>, alignHoriz=method-wrapper(...), alignText='center', alignVert=method-wrapper(...), anchorHoriz='center', anchorVert='center', antialias=True, autoLog=True, bold=False, color='white', colorSpace='named', contrast=1.0, depth=-1.0, flipHoriz=False, flipVert=False, font='Arial', fontFiles=[], height=0.05, italic=False, languageStyle='LTR', name='text_7', opacity=1.0, ori=0, pos=array([0., 0.]), rgb=array([255., 255., 255.]), text='default text', units='height', win=Window(...), wrapWidth=1)
5.4049 	EXP 	Created text_run = TextStim(__class__=<class 'psychopy.visual.text.TextStim'>, alignHoriz=method-wrapper(...), alignText='center', alignVert=method-wrapper(...), anchorHoriz='center', anchorVert='center', antialias=True, autoLog=True, bold=False, color='white', colorSpace='named', contrast=1.0, depth=0.0, flipHoriz=False, flipVert=False, font='Arial', fontFiles=[], height=0.05, italic=False, languageStyle='LTR', name='text_run', opacity=1.0, ori=0, pos=array([0., 0.]), rgb=array([255., 255., 255.]), text='default text', units='height', win=Window(...), wrapWidth=1)
5.4063 	EXP 	Created fixStart = ShapeStim(__class__=<class 'psychopy.visual.shape.ShapeStim'>, autoDraw=False, autoLog=True, closeShape=True, contrast=1.0, depth=0.0, fillColor=array([1., 1., 1.]), fillColorSpace='rgb', interpolate=True, lineColor=array([1., 1., 1.]), lineColorSpace='rgb', lineWidth=1, name='fixStart', opacity=1.0, ori=array(0.), pos=array([0., 0.]), size=array([0.01, 0.01]), units='height', vertices=ndarray(...), win=Window(...), windingRule=None)
5.4075 	EXP 	Created stim1 = ImageStim(__class__=<class 'psychopy.visual.image.ImageStim'>, autoLog=True, color=array([1., 1., 1.]), colorSpace='rgb', contrast=1.0, depth=0.0, flipHoriz=False, flipVert=False, image='sin', interpolate=True, mask=None, maskParams=None, name='stim1', opacity=1.0, ori=0.0, pos=array([-0.11,  0.11]), size=array([0.2, 0.2]), texRes=512, units='height', win=Window(...))
5.4086 	EXP 	Created stim2 = ImageStim(__class__=<class 'psychopy.visual.image.ImageStim'>, autoLog=True, color=array([1., 1., 1.]), colorSpace='rgb', contrast=1.0, depth=-1.0, flipHoriz=False, flipVert=False, image='sin', interpolate=True, mask=None, maskParams=None, name='stim2', opacity=1.0, ori=0.0, pos=array([0.11, 0.11]), size=array([0.2, 0.2]), texRes=512, units='height', win=Window(...))
5.4097 	EXP 	Created stim3 = ImageStim(__class__=<class 'psychopy.visual.image.ImageStim'>, autoLog=True, color=array([1., 1., 1.]), colorSpace='rgb', contrast=1.0, depth=-2.0, flipHoriz=False, flipVert=False, image='sin', interpolate=True, mask=None, maskParams=None, name='stim3', opacity=1.0, ori=0.0, pos=array([ 0.11, -0.11]), size=array([0.2, 0.2]), texRes=128, units='height', win=Window(...))
5.4108 	EXP 	Created stim4 = ImageStim(__class__=<class 'psychopy.visual.image.ImageStim'>, autoLog=True, color=array([1., 1., 1.]), colorSpace='rgb', contrast=1.0, depth=-3.0, flipHoriz=False, flipVert=False, image='sin', interpolate=True, mask=None, maskParams=None, name='stim4', opacity=1.0, ori=0.0, pos=array([-0.11, -0.11]), size=array([0.2, 0.2]), texRes=128, units='height', win=Window(...))
5.4120 	EXP 	Created fixDelay = ShapeStim(__class__=<class 'psychopy.visual.shape.ShapeStim'>, autoDraw=False, autoLog=True, closeShape=True, contrast=1.0, depth=-4.0, fillColor=array([1., 0., 0.]), fillColorSpace='rgb', interpolate=True, lineColor=array([1., 0., 0.]), lineColorSpace='rgb', lineWidth=1, name='fixDelay', opacity=1.0, ori=array(0.), pos=array([0., 0.]), size=array([0.01, 0.01]), units='height', vertices=ndarray(...), win=Window(...), windingRule=None)
5.4131 	EXP 	Created probe = ImageStim(__class__=<class 'psychopy.visual.image.ImageStim'>, autoLog=True, color=array([1., 1., 1.]), colorSpace='rgb', contrast=1.0, depth=-5.0, flipHoriz=False, flipVert=False, image='sin', interpolate=True, mask=None, maskParams=None, name='probe', opacity=1.0, ori=0.0, pos=array([0., 0.]), size=array([0.2, 0.2]), texRes=512, units='height', win=Window(...))
5.4142 	EXP 	Created fixProbe = ShapeStim(__class__=<class 'psychopy.visual.shape.ShapeStim'>, autoDraw=False, autoLog=True, closeShape=True, contrast=1.0, depth=-6.0, fillColor=array([0., 1., 0.]), fillColorSpace='rgb', interpolate=True, lineColor=array([0., 1., 0.]), lineColorSpace='rgb', lineWidth=1, name='fixProbe', opacity=1.0, ori=array(0.), pos=array([0., 0.]), size=array([0.01, 0.01]), units='height', vertices=ndarray(...), win=Window(...), windingRule=None)
5.4157 	EXP 	Created mask1_run = ImageStim(__class__=<class 'psychopy.visual.image.ImageStim'>, autoLog=True, color=array([1., 1., 1.]), colorSpace='rgb', contrast=1.0, depth=-9.0, flipHoriz=False, flipVert=False, image='sin', interpolate=True, mask=None, maskParams=None, name='mask1_run', opacity=1.0, ori=0.0, pos=array([-0.11,  0.11]), size=array([0.2, 0.2]), texRes=512, units='height', win=Window(...))
5.4168 	EXP 	Created mask2_prac_2 = ImageStim(__class__=<class 'psychopy.visual.image.ImageStim'>, autoLog=True, color=array([1., 1., 1.]), colorSpace='rgb', contrast=1.0, depth=-10.0, flipHoriz=False, flipVert=False, image='sin', interpolate=True, mask=None, maskParams=None, name='mask2_prac_2', opacity=1.0, ori=0.0, pos=array([0.11, 0.11]), size=array([0.2, 0.2]), texRes=512, units='height', win=Window(...))
5.4179 	EXP 	Created mask3_run = ImageStim(__class__=<class 'psychopy.visual.image.ImageStim'>, autoLog=True, color=array([1., 1., 1.]), colorSpace='rgb', contrast=1.0, depth=-11.0, flipHoriz=False, flipVert=False, image='sin', interpolate=True, mask=None, maskParams=None, name='mask3_run', opacity=1.0, ori=0.0, pos=array([ 0.11, -0.11]), size=array([0.2, 0.2]), texRes=128, units='height', win=Window(...))
5.4191 	EXP 	Created mask4_run = ImageStim(__class__=<class 'psychopy.visual.image.ImageStim'>, autoLog=True, color=array([1., 1., 1.]), colorSpace='rgb', contrast=1.0, depth=-12.0, flipHoriz=False, flipVert=False, image='sin', interpolate=True, mask=None, maskParams=None, name='mask4_run', opacity=1.0, ori=0.0, pos=array([-0.11, -0.11]), size=array([0.2, 0.2]), texRes=128, units='height', win=Window(...))
5.4203 	EXP 	Created fixStartTrial = ShapeStim(__class__=<class 'psychopy.visual.shape.ShapeStim'>, autoDraw=False, autoLog=True, closeShape=True, contrast=1.0, depth=0.0, fillColor=array([1., 1., 1.]), fillColorSpace='rgb', interpolate=True, lineColor=array([1., 1., 1.]), lineColorSpace='rgb', lineWidth=1, name='fixStartTrial', opacity=1.0, ori=array(0.), pos=array([0., 0.]), size=array([0.01, 0.01]), units='height', vertices=ndarray(...), win=Window(...), windingRule=None)
5.4215 	EXP 	Created fixEnd = ShapeStim(__class__=<class 'psychopy.visual.shape.ShapeStim'>, autoDraw=False, autoLog=True, closeShape=True, contrast=1.0, depth=0.0, fillColor=array([1., 1., 1.]), fillColorSpace='rgb', interpolate=True, lineColor=array([1., 1., 1.]), lineColorSpace='rgb', lineWidth=1, name='fixEnd', opacity=1.0, ori=array(0.), pos=array([0., 0.]), size=array([0.01, 0.01]), units='height', vertices=ndarray(...), win=Window(...), windingRule=None)
5.4234 	EXP 	Created feedbackTxtRun = TextStim(__class__=<class 'psychopy.visual.text.TextStim'>, alignHoriz=method-wrapper(...), alignText='center', alignVert=method-wrapper(...), anchorHoriz='center', anchorVert='center', antialias=True, autoLog=True, bold=False, color='white', colorSpace='named', contrast=1.0, depth=-1.0, flipHoriz=False, flipVert=False, font='Arial', fontFiles=[], height=0.05, italic=False, languageStyle='LTR', name='feedbackTxtRun', opacity=1.0, ori=0, pos=array([0., 0.]), rgb=array([255., 255., 255.]), text='default text', units='height', win=Window(...), wrapWidth=1)
5.4263 	EXP 	Created txt_final = TextStim(__class__=<class 'psychopy.visual.text.TextStim'>, alignHoriz=method-wrapper(...), alignText='center', alignVert=method-wrapper(...), anchorHoriz='center', anchorVert='center', antialias=True, autoLog=True, bold=False, color='white', colorSpace='named', contrast=1.0, depth=-1.0, flipHoriz=False, flipVert=False, font='Arial', fontFiles=[], height=0.05, italic=False, languageStyle='LTR', name='txt_final', opacity=1.0, ori=0, pos=array([0., 0.]), rgb=array([255., 255., 255.]), text=str(...), units='height', win=Window(...), wrapWidth=1)
5.4266 	EXP 	Created sequence: random, trialTypes=1, nReps=0, seed=None
5.4363 	EXP 	Imported runs.csv as conditions, 6 conditions, 2 params
5.4364 	EXP 	Created sequence: sequential, trialTypes=6, nReps=1, seed=None
5.4367 	EXP 	New trial (rep=0, index=0): OrderedDict([('textBefore_run', 'Welcome to main experiment. Everything will be the same as in the practice trials except no feedback will be provided after each trial. One run takes around 7 minutes. Good luck!'), ('trialSelect', 'trials_1.csv')])
5.4528 	EXP 	text_run: text = 'Welcome to main experiment. Everything will be the same as in the practice trials except no feedback will be provided after each trial. One run takes around 7 minutes. Good luck!'
5.4528 	EXP 	text_run: autoDraw = True
504.0870 	DATA 	Keypress: t
504.1027 	EXP 	text_run: autoDraw = False
504.1027 	EXP 	fixStart: autoDraw = True
506.0638 	DATA 	Keypress: t
508.0638 	DATA 	Keypress: t
508.1095 	EXP 	Imported trials_1.csv as conditions, 16 conditions, 13 params
508.1098 	EXP 	Created sequence: sequential, trialTypes=16, nReps=1, seed=None
508.1102 	EXP 	New trial (rep=0, index=0): OrderedDict([('stimulus1', 'images/id017_v1_fm.jpg'), ('stimulus2', 'images/id022_v1_fm.jpg'), ('stimulus3', 'images/id015_v1_fm.jpg'), ('stimulus4', 'images/id027_v1_fm.jpg'), ('probeIm', 'images/id011_v1_fm.jpg'), ('probeCon', 0), ('load', 4), ('category', 'fm'), ('correctResp', 'y'), ('mask1', 'scrambles/id028_v1_fm.jpg'), ('mask2', 'scrambles/id015_v1_fm.jpg'), ('mask3', 'scrambles/id028_v1_fm.jpg'), ('mask4', 'scrambles/id074_v1_si.jpg')])
508.3527 	EXP 	fixStart: autoDraw = False
508.3527 	EXP 	stim1: image = 'images/id017_v1_fm.jpg'
508.3527 	EXP 	stim2: image = 'images/id022_v1_fm.jpg'
508.3527 	EXP 	stim3: image = 'images/id015_v1_fm.jpg'
508.3527 	EXP 	stim4: image = 'images/id027_v1_fm.jpg'
508.3527 	EXP 	probe: image = 'images/id011_v1_fm.jpg'
508.3527 	EXP 	mask1_run: image = 'scrambles/id028_v1_fm.jpg'
508.3527 	EXP 	mask2_prac_2: image = 'scrambles/id015_v1_fm.jpg'
508.3527 	EXP 	mask3_run: image = 'scrambles/id028_v1_fm.jpg'
508.3527 	EXP 	mask4_run: image = 'scrambles/id074_v1_si.jpg'
508.3527 	EXP 	stim1: autoDraw = True
508.3527 	EXP 	stim2: autoDraw = True
508.3527 	EXP 	stim3: autoDraw = True
508.3527 	EXP 	stim4: autoDraw = True
511.6359 	EXP 	mask1_run: autoDraw = True
511.6359 	EXP 	mask2_prac_2: autoDraw = True
511.6359 	EXP 	mask3_run: autoDraw = True
511.6359 	EXP 	mask4_run: autoDraw = True
511.6524 	EXP 	stim1: autoDraw = False
511.6524 	EXP 	stim2: autoDraw = False
511.6524 	EXP 	stim3: autoDraw = False
511.6524 	EXP 	stim4: autoDraw = False
511.8357 	EXP 	fixDelay: autoDraw = True
511.8357 	EXP 	mask1_run: autoDraw = False
511.8357 	EXP 	mask2_prac_2: autoDraw = False
511.8357 	EXP 	mask3_run: autoDraw = False
511.8357 	EXP 	mask4_run: autoDraw = False
521.8351 	EXP 	fixDelay: autoDraw = False
521.8351 	EXP 	probe: autoDraw = True
523.0517 	EXP 	probe: autoDraw = False
523.0517 	EXP 	fixProbe: autoDraw = True
525.8016 	EXP 	stim1: autoDraw = False
525.8016 	EXP 	stim2: autoDraw = False
525.8016 	EXP 	stim3: autoDraw = False
525.8016 	EXP 	stim4: autoDraw = False
525.8016 	EXP 	fixDelay: autoDraw = False
525.8016 	EXP 	probe: autoDraw = False
525.8016 	EXP 	fixProbe: autoDraw = False
525.8016 	EXP 	mask1_run: autoDraw = False
525.8016 	EXP 	mask2_prac_2: autoDraw = False
525.8016 	EXP 	mask3_run: autoDraw = False
525.8016 	EXP 	mask4_run: autoDraw = False
525.8016 	EXP 	fixStartTrial: autoDraw = True
531.7852 	EXP 	New trial (rep=0, index=1): OrderedDict([('stimulus1', 'images/id010_v1_fm.jpg'), ('stimulus2', 'scrambles/id003_v1_fm.jpg'), ('stimulus3', 'scrambles/id028_v1_fm.jpg'), ('stimulus4', 'scrambles/id027_v1_fm.jpg'), ('probeIm', 'images/id030_v1_fm.jpg'), ('probeCon', 0), ('load', 1), ('category', 'fm'), ('correctResp', 'y'), ('mask1', 'scrambles/id139_v1_so.jpg'), ('mask2', 'scrambles/id078_v1_si.jpg'), ('mask3', 'scrambles/id039_v1_ff.jpg'), ('mask4', 'scrambles/id028_v1_fm.jpg')])
532.0011 	EXP 	fixStartTrial: autoDraw = False
532.0011 	EXP 	stim1: image = 'images/id010_v1_fm.jpg'
532.0011 	EXP 	stim2: image = 'scrambles/id003_v1_fm.jpg'
532.0011 	EXP 	stim3: image = 'scrambles/id028_v1_fm.jpg'
532.0011 	EXP 	stim4: image = 'scrambles/id027_v1_fm.jpg'
532.0011 	EXP 	probe: image = 'images/id030_v1_fm.jpg'
532.0011 	EXP 	mask1_run: image = 'scrambles/id139_v1_so.jpg'
532.0011 	EXP 	mask2_prac_2: image = 'scrambles/id078_v1_si.jpg'
532.0011 	EXP 	mask3_run: image = 'scrambles/id039_v1_ff.jpg'
532.0011 	EXP 	mask4_run: image = 'scrambles/id028_v1_fm.jpg'
532.0011 	EXP 	stim1: autoDraw = True
532.0011 	EXP 	stim2: autoDraw = True
532.0011 	EXP 	stim3: autoDraw = True
532.0011 	EXP 	stim4: autoDraw = True
535.2675 	EXP 	mask1_run: autoDraw = True
535.2675 	EXP 	mask2_prac_2: autoDraw = True
535.2675 	EXP 	mask3_run: autoDraw = True
535.2675 	EXP 	mask4_run: autoDraw = True
535.3009 	EXP 	stim1: autoDraw = False
535.3009 	EXP 	stim2: autoDraw = False
535.3009 	EXP 	stim3: autoDraw = False
535.3009 	EXP 	stim4: autoDraw = False
535.4675 	EXP 	fixDelay: autoDraw = True
535.4675 	EXP 	mask1_run: autoDraw = False
535.4675 	EXP 	mask2_prac_2: autoDraw = False
535.4675 	EXP 	mask3_run: autoDraw = False
535.4675 	EXP 	mask4_run: autoDraw = False
545.4667 	EXP 	fixDelay: autoDraw = False
545.4667 	EXP 	probe: autoDraw = True
546.6833 	EXP 	probe: autoDraw = False
546.6833 	EXP 	fixProbe: autoDraw = True
549.5000 	EXP 	stim1: autoDraw = False
549.5000 	EXP 	stim2: autoDraw = False
549.5000 	EXP 	stim3: autoDraw = False
549.5000 	EXP 	stim4: autoDraw = False
549.5000 	EXP 	fixDelay: autoDraw = False
549.5000 	EXP 	probe: autoDraw = False
549.5000 	EXP 	fixProbe: autoDraw = False
549.5000 	EXP 	mask1_run: autoDraw = False
549.5000 	EXP 	mask2_prac_2: autoDraw = False
549.5000 	EXP 	mask3_run: autoDraw = False
549.5000 	EXP 	mask4_run: autoDraw = False
549.5000 	EXP 	fixStartTrial: autoDraw = True
555.4831 	EXP 	New trial (rep=0, index=2): OrderedDict([('stimulus1', 'images/id087_v1_si.jpg'), ('stimulus2', 'images/id086_v1_si.jpg'), ('stimulus3', 'images/id104_v1_si.jpg'), ('stimulus4', 'images/id088_v1_si.jpg'), ('probeIm', 'images/id096_v1_si.jpg'), ('probeCon', 0), ('load', 4), ('category', 'si'), ('correctResp', 'y'), ('mask1', 'scrambles/id108_v1_so.jpg'), ('mask2', 'scrambles/id058_v1_ff.jpg'), ('mask3', 'scrambles/id045_v1_ff.jpg'), ('mask4', 'scrambles/id078_v1_si.jpg')])
555.7160 	EXP 	fixStartTrial: autoDraw = False
555.7160 	EXP 	stim1: image = 'images/id087_v1_si.jpg'
555.7160 	EXP 	stim2: image = 'images/id086_v1_si.jpg'
555.7160 	EXP 	stim3: image = 'images/id104_v1_si.jpg'
555.7160 	EXP 	stim4: image = 'images/id088_v1_si.jpg'
555.7160 	EXP 	probe: image = 'images/id096_v1_si.jpg'
555.7160 	EXP 	mask1_run: image = 'scrambles/id108_v1_so.jpg'
555.7160 	EXP 	mask2_prac_2: image = 'scrambles/id058_v1_ff.jpg'
555.7160 	EXP 	mask3_run: image = 'scrambles/id045_v1_ff.jpg'
555.7160 	EXP 	mask4_run: image = 'scrambles/id078_v1_si.jpg'
555.7160 	EXP 	stim1: autoDraw = True
555.7160 	EXP 	stim2: autoDraw = True
555.7160 	EXP 	stim3: autoDraw = True
555.7160 	EXP 	stim4: autoDraw = True
558.9824 	EXP 	mask1_run: autoDraw = True
558.9824 	EXP 	mask2_prac_2: autoDraw = True
558.9824 	EXP 	mask3_run: autoDraw = True
558.9824 	EXP 	mask4_run: autoDraw = True
559.0157 	EXP 	stim1: autoDraw = False
559.0157 	EXP 	stim2: autoDraw = False
559.0157 	EXP 	stim3: autoDraw = False
559.0157 	EXP 	stim4: autoDraw = False
559.1823 	EXP 	fixDelay: autoDraw = True
559.1823 	EXP 	mask1_run: autoDraw = False
559.1823 	EXP 	mask2_prac_2: autoDraw = False
559.1823 	EXP 	mask3_run: autoDraw = False
559.1823 	EXP 	mask4_run: autoDraw = False
569.1815 	EXP 	fixDelay: autoDraw = False
569.1815 	EXP 	probe: autoDraw = True
569.3198 	DATA 	Keypress: escape
569.4268 	EXP 	window1: mouseVisible = True
